[0.051s] Invoking command in '/home/yuan/rm/code/Ros/my_ros2_control/build/tool_pid': CMAKE_PREFIX_PATH=${CMAKE_PREFIX_PATH}:/opt/ros/humble /usr/bin/cmake --build /home/yuan/rm/code/Ros/my_ros2_control/build/tool_pid -- -j16 -l16
[0.071s] -- Found ament_cmake: 1.3.5 (/opt/ros/humble/share/ament_cmake/cmake)
[0.176s] -- Override CMake install command with custom implementation using symlinks instead of copying resources
[0.182s] -- Found ament_lint_auto: 0.12.8 (/opt/ros/humble/share/ament_lint_auto/cmake)
[0.236s] -- Added test 'cppcheck' to perform static code analysis on C / C++ code
[0.236s] -- Configured cppcheck include dirs: /home/yuan/rm/code/Ros/my_ros2_control/src/tool_pid/include
[0.236s] -- Configured cppcheck exclude dirs and/or files: 
[0.237s] -- Added test 'lint_cmake' to check CMake code style
[0.238s] -- Added test 'uncrustify' to check C / C++ code style
[0.238s] -- Configured uncrustify additional arguments: 
[0.238s] -- Added test 'xmllint' to check XML markup files
[0.239s] -- Configuring done
[0.244s] -- Generating done
[0.245s] -- Build files have been written to: /home/yuan/rm/code/Ros/my_ros2_control/build/tool_pid
[0.276s] [ 50%] [32mBuilding CXX object CMakeFiles/tool_pid.dir/src/pid.cpp.o[0m
[0.295s] [100%] [32m[1mLinking CXX shared library libtool_pid.so[0m
[0.333s] [100%] Built target tool_pid
[0.345s] Invoked command in '/home/yuan/rm/code/Ros/my_ros2_control/build/tool_pid' returned '0': CMAKE_PREFIX_PATH=${CMAKE_PREFIX_PATH}:/opt/ros/humble /usr/bin/cmake --build /home/yuan/rm/code/Ros/my_ros2_control/build/tool_pid -- -j16 -l16
[0.381s] Invoking command in '/home/yuan/rm/code/Ros/my_ros2_control/build/tool_pid': CMAKE_PREFIX_PATH=${CMAKE_PREFIX_PATH}:/opt/ros/humble /usr/bin/cmake --install /home/yuan/rm/code/Ros/my_ros2_control/build/tool_pid
[0.388s] -- Install configuration: ""
[0.388s] -- Execute custom install script
[0.389s] -- Symlinking: /home/yuan/rm/code/Ros/my_ros2_control/install/tool_pid/lib/libtool_pid.so
[0.398s] -- Up-to-date symlink: /home/yuan/rm/code/Ros/my_ros2_control/install/tool_pid/include/tool_pid/tool_pid/pid.hpp
[0.398s] -- Up-to-date symlink: /home/yuan/rm/code/Ros/my_ros2_control/install/tool_pid/share/ament_index/resource_index/package_run_dependencies/tool_pid
[0.398s] -- Up-to-date symlink: /home/yuan/rm/code/Ros/my_ros2_control/install/tool_pid/share/ament_index/resource_index/parent_prefix_path/tool_pid
[0.399s] -- Up-to-date symlink: /home/yuan/rm/code/Ros/my_ros2_control/install/tool_pid/share/tool_pid/environment/ament_prefix_path.sh
[0.399s] -- Up-to-date symlink: /home/yuan/rm/code/Ros/my_ros2_control/install/tool_pid/share/tool_pid/environment/ament_prefix_path.dsv
[0.399s] -- Up-to-date symlink: /home/yuan/rm/code/Ros/my_ros2_control/install/tool_pid/share/tool_pid/environment/path.sh
[0.399s] -- Up-to-date symlink: /home/yuan/rm/code/Ros/my_ros2_control/install/tool_pid/share/tool_pid/environment/path.dsv
[0.399s] -- Up-to-date symlink: /home/yuan/rm/code/Ros/my_ros2_control/install/tool_pid/share/tool_pid/local_setup.bash
[0.399s] -- Up-to-date symlink: /home/yuan/rm/code/Ros/my_ros2_control/install/tool_pid/share/tool_pid/local_setup.sh
[0.399s] -- Up-to-date symlink: /home/yuan/rm/code/Ros/my_ros2_control/install/tool_pid/share/tool_pid/local_setup.zsh
[0.399s] -- Up-to-date symlink: /home/yuan/rm/code/Ros/my_ros2_control/install/tool_pid/share/tool_pid/local_setup.dsv
[0.400s] -- Symlinking: /home/yuan/rm/code/Ros/my_ros2_control/install/tool_pid/share/tool_pid/package.dsv
[0.409s] -- Up-to-date symlink: /home/yuan/rm/code/Ros/my_ros2_control/install/tool_pid/share/ament_index/resource_index/packages/tool_pid
[0.409s] -- Up-to-date symlink: /home/yuan/rm/code/Ros/my_ros2_control/install/tool_pid/share/tool_pid/cmake/tool_pidConfig.cmake
[0.409s] -- Up-to-date symlink: /home/yuan/rm/code/Ros/my_ros2_control/install/tool_pid/share/tool_pid/cmake/tool_pidConfig-version.cmake
[0.409s] -- Up-to-date symlink: /home/yuan/rm/code/Ros/my_ros2_control/install/tool_pid/share/tool_pid/package.xml
[0.412s] Invoked command in '/home/yuan/rm/code/Ros/my_ros2_control/build/tool_pid' returned '0': CMAKE_PREFIX_PATH=${CMAKE_PREFIX_PATH}:/opt/ros/humble /usr/bin/cmake --install /home/yuan/rm/code/Ros/my_ros2_control/build/tool_pid
