[0.000000] (-) TimerEvent: {}
[0.000170] (motor_interface) JobQueued: {'identifier': 'motor_interface', 'dependencies': OrderedDict()}
[0.000215] (motor_interface) JobStarted: {'identifier': 'motor_interface'}
[0.046027] (motor_interface) JobProgress: {'identifier': 'motor_interface', 'progress': 'cmake'}
[0.046599] (motor_interface) Command: {'cmd': ['/usr/bin/cmake', '/home/yuan/rm/code/Ros/my_ros2_control/src/motor_interface', '-DCMAKE_BUILD_TYPE=Debug', '-DCMAKE_EXPORT_COMPILE_COMMANDS=1', '-DAMENT_CMAKE_SYMLINK_INSTALL=1', '-DCMAKE_INSTALL_PREFIX=/home/yuan/rm/code/Ros/my_ros2_control/install/motor_interface'], 'cwd': '/home/yuan/rm/code/Ros/my_ros2_control/build/motor_interface', 'env': OrderedDict([('LESSOPEN', '| /usr/bin/lesspipe %s'), ('LANGUAGE', 'zh_CN:zh'), ('USER', 'yuan'), ('XDG_SEAT', 'seat0'), ('SSH_AGENT_PID', '1212'), ('XDG_SESSION_TYPE', 'x11'), ('GIT_ASKPASS', '/usr/share/code/resources/app/extensions/git/dist/askpass.sh'), ('SHLVL', '1'), ('LD_LIBRARY_PATH', '/home/yuan/rm/code/Ros/my_ros2_control/install/motor_interface/lib:/opt/ros/humble/opt/rviz_ogre_vendor/lib:/opt/ros/humble/lib/x86_64-linux-gnu:/opt/ros/humble/lib'), ('HOME', '/home/yuan'), ('CHROME_DESKTOP', 'code-url-handler.desktop'), ('OLDPWD', '/home/yuan/rm/code/Ros/my_ros2_control'), ('TERM_PROGRAM_VERSION', '1.83.0'), ('DESKTOP_SESSION', 'xfce'), ('GIO_LAUNCHED_DESKTOP_FILE', '/usr/share/applications/code.desktop'), ('ROS_PYTHON_VERSION', '3'), ('XDG_SEAT_PATH', '/org/freedesktop/DisplayManager/Seat0'), ('VSCODE_GIT_ASKPASS_MAIN', '/usr/share/code/resources/app/extensions/git/dist/askpass-main.js'), ('VSCODE_GIT_ASKPASS_NODE', '/usr/share/code/code'), ('DBUS_SESSION_BUS_ADDRESS', 'unix:path=/run/user/1000/bus'), ('COLORTERM', 'truecolor'), ('GIO_LAUNCHED_DESKTOP_FILE_PID', '8671'), ('COLCON_PREFIX_PATH', '/home/yuan/rm/code/Ros/my_ros2_control/install'), ('ROS_DISTRO', 'humble'), ('GTK_IM_MODULE', 'fcitx'), ('LOGNAME', 'yuan'), ('_', '/usr/bin/colcon'), ('ROS_VERSION', '2'), ('XDG_SESSION_CLASS', 'user'), ('TERM', 'xterm-256color'), ('XDG_SESSION_ID', 'c1'), ('ROS_LOCALHOST_ONLY', '0'), ('PATH', '/home/yuan/rm/arm-gnu-toolchain-12.3.rel1-x86_64-arm-none-eabi/bin:/opt/ros/humble/bin:/usr/local/sbin:/usr/local/bin:/usr/sbin:/usr/bin:/sbin:/bin:/usr/games:/usr/local/games:/snap/bin:/home/yuan/.fzf/bin'), ('SESSION_MANAGER', 'local/yuan:@/tmp/.ICE-unix/946,unix/yuan:/tmp/.ICE-unix/946'), ('GDM_LANG', 'zh_CN'), ('XDG_SESSION_PATH', '/org/freedesktop/DisplayManager/Session0'), ('XDG_MENU_PREFIX', 'xfce-'), ('XDG_RUNTIME_DIR', '/run/user/1000'), ('GDK_BACKEND', 'x11'), ('DISPLAY', ':0.0'), ('LANG', 'zh_CN.UTF-8'), ('XDG_CURRENT_DESKTOP', 'XFCE'), ('XMODIFIERS', '@im=fcitx'), ('XDG_SESSION_DESKTOP', 'xfce'), ('XAUTHORITY', '/home/yuan/.Xauthority'), ('LS_COLORS', ''), ('VSCODE_GIT_IPC_HANDLE', '/run/user/1000/vscode-git-be293a297e.sock'), ('TERM_PROGRAM', 'vscode'), ('SSH_AUTH_SOCK', '/tmp/ssh-XXXXXXU0irZW/agent.1211'), ('GSETTINGS_SCHEMA_DIR', '/home/yuan/data'), ('XDG_GREETER_DATA_DIR', '/var/lib/lightdm-data/yuan'), ('AMENT_PREFIX_PATH', '/home/yuan/rm/code/Ros/my_ros2_control/install/motor_interface:/opt/ros/humble'), ('ORIGINAL_XDG_CURRENT_DESKTOP', 'XFCE'), ('SHELL', '/bin/bash'), ('QT_ACCESSIBILITY', '1'), ('GDMSESSION', 'xfce'), ('LESSCLOSE', '/usr/bin/lesspipe %s %s'), ('VSCODE_GIT_ASKPASS_EXTRA_ARGS', '--ms-enable-electron-run-as-node'), ('QT_IM_MODULE', 'fcitx'), ('XDG_VTNR', '7'), ('PWD', '/home/yuan/rm/code/Ros/my_ros2_control/build/motor_interface'), ('XDG_CONFIG_DIRS', '/etc/xdg/xdg-xfce:/etc/xdg:/etc/xdg'), ('CLUTTER_IM_MODULE', 'xim'), ('XDG_DATA_DIRS', '/usr/share/xfce4:/usr/local/share:/usr/share:/var/lib/snapd/desktop:/usr/share'), ('PYTHONPATH', '/opt/ros/humble/lib/python3.10/site-packages:/opt/ros/humble/local/lib/python3.10/dist-packages'), ('COLCON', '1'), ('CMAKE_PREFIX_PATH', '/home/yuan/rm/code/Ros/my_ros2_control/install/motor_interface:/opt/ros/humble')]), 'shell': False}
[0.059549] (motor_interface) StdoutLine: {'line': b'-- Found ament_cmake: 1.3.5 (/opt/ros/humble/share/ament_cmake/cmake)\n'}
[0.099356] (-) TimerEvent: {}
[0.163772] (motor_interface) StdoutLine: {'line': b'-- Override CMake install command with custom implementation using symlinks instead of copying resources\n'}
[0.169380] (motor_interface) StdoutLine: {'line': b'-- Found hardware_interface: 2.31.0 (/opt/ros/humble/share/hardware_interface/cmake)\n'}
[0.192102] (motor_interface) StdoutLine: {'line': b'-- Found rosidl_generator_c: 3.1.5 (/opt/ros/humble/share/rosidl_generator_c/cmake)\n'}
[0.193891] (motor_interface) StdoutLine: {'line': b'-- Found rosidl_adapter: 3.1.5 (/opt/ros/humble/share/rosidl_adapter/cmake)\n'}
[0.198638] (motor_interface) StdoutLine: {'line': b'-- Found rosidl_generator_cpp: 3.1.5 (/opt/ros/humble/share/rosidl_generator_cpp/cmake)\n'}
[0.199427] (-) TimerEvent: {}
[0.207252] (motor_interface) StdoutLine: {'line': b'-- Using all available rosidl_typesupport_c: rosidl_typesupport_fastrtps_c;rosidl_typesupport_introspection_c\n'}
[0.219678] (motor_interface) StdoutLine: {'line': b'-- Using all available rosidl_typesupport_cpp: rosidl_typesupport_fastrtps_cpp;rosidl_typesupport_introspection_cpp\n'}
[0.299544] (-) TimerEvent: {}
[0.399844] (-) TimerEvent: {}
[0.500114] (-) TimerEvent: {}
[0.600383] (-) TimerEvent: {}
[0.691661] (motor_interface) StdoutLine: {'line': b'-- Found rmw_implementation_cmake: 6.1.1 (/opt/ros/humble/share/rmw_implementation_cmake/cmake)\n'}
[0.692619] (motor_interface) StdoutLine: {'line': b'-- Found rmw_fastrtps_cpp: 6.2.4 (/opt/ros/humble/share/rmw_fastrtps_cpp/cmake)\n'}
[0.700467] (-) TimerEvent: {}
[0.800661] (-) TimerEvent: {}
[0.804379] (motor_interface) StdoutLine: {'line': b"-- Using RMW implementation 'rmw_fastrtps_cpp' as default\n"}
[0.900767] (-) TimerEvent: {}
[0.964472] (motor_interface) StdoutLine: {'line': b'-- Found ament_lint_auto: 0.12.8 (/opt/ros/humble/share/ament_lint_auto/cmake)\n'}
[1.000868] (-) TimerEvent: {}
[1.020748] (motor_interface) StdoutLine: {'line': b"-- Found gmock sources under '/opt/ros/humble/src/gmock_vendor': C++ tests using 'Google Mock' will be built\n"}
[1.022366] (motor_interface) StdoutLine: {'line': b'-- Found ament_cmake_gtest: 1.3.5 (/opt/ros/humble/share/ament_cmake_gtest/cmake)\n'}
[1.022901] (motor_interface) StdoutLine: {'line': b"-- Found gtest sources under '/opt/ros/humble/src/gtest_vendor': C++ tests using 'Google Test' will be built\n"}
[1.069721] (motor_interface) StdoutLine: {'line': b"-- Added test 'cppcheck' to perform static code analysis on C / C++ code\n"}
[1.069915] (motor_interface) StdoutLine: {'line': b'-- Configured cppcheck include dirs: /home/yuan/rm/code/Ros/my_ros2_control/src/motor_interface/include\n'}
[1.069988] (motor_interface) StdoutLine: {'line': b'-- Configured cppcheck exclude dirs and/or files: \n'}
[1.070386] (motor_interface) StdoutLine: {'line': b"-- Added test 'lint_cmake' to check CMake code style\n"}
[1.071358] (motor_interface) StdoutLine: {'line': b"-- Added test 'uncrustify' to check C / C++ code style\n"}
[1.071449] (motor_interface) StdoutLine: {'line': b'-- Configured uncrustify additional arguments: \n'}
[1.071614] (motor_interface) StdoutLine: {'line': b"-- Added test 'xmllint' to check XML markup files\n"}
[1.073539] (motor_interface) StdoutLine: {'line': b'-- Configuring done\n'}
[1.100969] (-) TimerEvent: {}
[1.116535] (motor_interface) StdoutLine: {'line': b'-- Generating done\n'}
[1.118947] (motor_interface) StdoutLine: {'line': b'-- Build files have been written to: /home/yuan/rm/code/Ros/my_ros2_control/build/motor_interface\n'}
[1.128326] (motor_interface) CommandEnded: {'returncode': 0}
[1.128951] (motor_interface) JobProgress: {'identifier': 'motor_interface', 'progress': 'build'}
[1.130229] (motor_interface) Command: {'cmd': ['/usr/bin/cmake', '--build', '/home/yuan/rm/code/Ros/my_ros2_control/build/motor_interface', '--', '-j16', '-l16'], 'cwd': '/home/yuan/rm/code/Ros/my_ros2_control/build/motor_interface', 'env': OrderedDict([('LESSOPEN', '| /usr/bin/lesspipe %s'), ('LANGUAGE', 'zh_CN:zh'), ('USER', 'yuan'), ('XDG_SEAT', 'seat0'), ('SSH_AGENT_PID', '1212'), ('XDG_SESSION_TYPE', 'x11'), ('GIT_ASKPASS', '/usr/share/code/resources/app/extensions/git/dist/askpass.sh'), ('SHLVL', '1'), ('LD_LIBRARY_PATH', '/home/yuan/rm/code/Ros/my_ros2_control/install/motor_interface/lib:/opt/ros/humble/opt/rviz_ogre_vendor/lib:/opt/ros/humble/lib/x86_64-linux-gnu:/opt/ros/humble/lib'), ('HOME', '/home/yuan'), ('CHROME_DESKTOP', 'code-url-handler.desktop'), ('OLDPWD', '/home/yuan/rm/code/Ros/my_ros2_control'), ('TERM_PROGRAM_VERSION', '1.83.0'), ('DESKTOP_SESSION', 'xfce'), ('GIO_LAUNCHED_DESKTOP_FILE', '/usr/share/applications/code.desktop'), ('ROS_PYTHON_VERSION', '3'), ('XDG_SEAT_PATH', '/org/freedesktop/DisplayManager/Seat0'), ('VSCODE_GIT_ASKPASS_MAIN', '/usr/share/code/resources/app/extensions/git/dist/askpass-main.js'), ('VSCODE_GIT_ASKPASS_NODE', '/usr/share/code/code'), ('DBUS_SESSION_BUS_ADDRESS', 'unix:path=/run/user/1000/bus'), ('COLORTERM', 'truecolor'), ('GIO_LAUNCHED_DESKTOP_FILE_PID', '8671'), ('COLCON_PREFIX_PATH', '/home/yuan/rm/code/Ros/my_ros2_control/install'), ('ROS_DISTRO', 'humble'), ('GTK_IM_MODULE', 'fcitx'), ('LOGNAME', 'yuan'), ('_', '/usr/bin/colcon'), ('ROS_VERSION', '2'), ('XDG_SESSION_CLASS', 'user'), ('TERM', 'xterm-256color'), ('XDG_SESSION_ID', 'c1'), ('ROS_LOCALHOST_ONLY', '0'), ('PATH', '/home/yuan/rm/arm-gnu-toolchain-12.3.rel1-x86_64-arm-none-eabi/bin:/opt/ros/humble/bin:/usr/local/sbin:/usr/local/bin:/usr/sbin:/usr/bin:/sbin:/bin:/usr/games:/usr/local/games:/snap/bin:/home/yuan/.fzf/bin'), ('SESSION_MANAGER', 'local/yuan:@/tmp/.ICE-unix/946,unix/yuan:/tmp/.ICE-unix/946'), ('GDM_LANG', 'zh_CN'), ('XDG_SESSION_PATH', '/org/freedesktop/DisplayManager/Session0'), ('XDG_MENU_PREFIX', 'xfce-'), ('XDG_RUNTIME_DIR', '/run/user/1000'), ('GDK_BACKEND', 'x11'), ('DISPLAY', ':0.0'), ('LANG', 'zh_CN.UTF-8'), ('XDG_CURRENT_DESKTOP', 'XFCE'), ('XMODIFIERS', '@im=fcitx'), ('XDG_SESSION_DESKTOP', 'xfce'), ('XAUTHORITY', '/home/yuan/.Xauthority'), ('LS_COLORS', ''), ('VSCODE_GIT_IPC_HANDLE', '/run/user/1000/vscode-git-be293a297e.sock'), ('TERM_PROGRAM', 'vscode'), ('SSH_AUTH_SOCK', '/tmp/ssh-XXXXXXU0irZW/agent.1211'), ('GSETTINGS_SCHEMA_DIR', '/home/yuan/data'), ('XDG_GREETER_DATA_DIR', '/var/lib/lightdm-data/yuan'), ('AMENT_PREFIX_PATH', '/home/yuan/rm/code/Ros/my_ros2_control/install/motor_interface:/opt/ros/humble'), ('ORIGINAL_XDG_CURRENT_DESKTOP', 'XFCE'), ('SHELL', '/bin/bash'), ('QT_ACCESSIBILITY', '1'), ('GDMSESSION', 'xfce'), ('LESSCLOSE', '/usr/bin/lesspipe %s %s'), ('VSCODE_GIT_ASKPASS_EXTRA_ARGS', '--ms-enable-electron-run-as-node'), ('QT_IM_MODULE', 'fcitx'), ('XDG_VTNR', '7'), ('PWD', '/home/yuan/rm/code/Ros/my_ros2_control/build/motor_interface'), ('XDG_CONFIG_DIRS', '/etc/xdg/xdg-xfce:/etc/xdg:/etc/xdg'), ('CLUTTER_IM_MODULE', 'xim'), ('XDG_DATA_DIRS', '/usr/share/xfce4:/usr/local/share:/usr/share:/var/lib/snapd/desktop:/usr/share'), ('PYTHONPATH', '/opt/ros/humble/lib/python3.10/site-packages:/opt/ros/humble/local/lib/python3.10/dist-packages'), ('COLCON', '1'), ('CMAKE_PREFIX_PATH', '/home/yuan/rm/code/Ros/my_ros2_control/install/motor_interface:/opt/ros/humble')]), 'shell': False}
[1.169620] (motor_interface) StdoutLine: {'line': b'\x1b[35m\x1b[1mConsolidate compiler generated dependencies of target gmock_main\x1b[0m\n'}
[1.169889] (motor_interface) StdoutLine: {'line': b'\x1b[35m\x1b[1mConsolidate compiler generated dependencies of target motor_interface\x1b[0m\n'}
[1.170140] (motor_interface) StdoutLine: {'line': b'\x1b[35m\x1b[1mConsolidate compiler generated dependencies of target gmock\x1b[0m\n'}
[1.184697] (motor_interface) StdoutLine: {'line': b'[ 11%] \x1b[32mBuilding CXX object gmock/CMakeFiles/gmock_main.dir/src/gmock_main.cc.o\x1b[0m\n'}
[1.186352] (motor_interface) StdoutLine: {'line': b'[ 33%] \x1b[32mBuilding CXX object gmock/CMakeFiles/gmock.dir/opt/ros/humble/src/gtest_vendor/src/gtest-all.cc.o\x1b[0m\n'}
[1.186535] (motor_interface) StdoutLine: {'line': b'[ 33%] \x1b[32mBuilding CXX object gmock/CMakeFiles/gmock.dir/src/gmock-all.cc.o\x1b[0m\n'}
[1.188865] (motor_interface) StdoutLine: {'line': b'[ 44%] \x1b[32mBuilding CXX object CMakeFiles/motor_interface.dir/src/motor.cpp.o\x1b[0m\n'}
[1.201076] (-) TimerEvent: {}
[1.301359] (-) TimerEvent: {}
[1.401672] (-) TimerEvent: {}
[1.501986] (-) TimerEvent: {}
[1.602301] (-) TimerEvent: {}
[1.702614] (-) TimerEvent: {}
[1.802953] (-) TimerEvent: {}
[1.903346] (-) TimerEvent: {}
[2.003669] (-) TimerEvent: {}
[2.103976] (-) TimerEvent: {}
[2.198945] (motor_interface) StdoutLine: {'line': b'[ 55%] \x1b[32m\x1b[1mLinking CXX static library libgmock_main.a\x1b[0m\n'}
[2.204091] (-) TimerEvent: {}
[2.234106] (motor_interface) StdoutLine: {'line': b'[ 55%] Built target gmock_main\n'}
[2.304207] (-) TimerEvent: {}
[2.404491] (-) TimerEvent: {}
[2.504782] (-) TimerEvent: {}
[2.605062] (-) TimerEvent: {}
[2.705333] (-) TimerEvent: {}
[2.805623] (-) TimerEvent: {}
[2.905938] (-) TimerEvent: {}
[3.006248] (-) TimerEvent: {}
[3.106542] (-) TimerEvent: {}
[3.206857] (-) TimerEvent: {}
[3.307178] (-) TimerEvent: {}
[3.407463] (-) TimerEvent: {}
[3.507752] (-) TimerEvent: {}
[3.608043] (-) TimerEvent: {}
[3.708341] (-) TimerEvent: {}
[3.808618] (-) TimerEvent: {}
[3.908907] (-) TimerEvent: {}
[4.009203] (-) TimerEvent: {}
[4.080939] (motor_interface) StdoutLine: {'line': b'[ 66%] \x1b[32m\x1b[1mLinking CXX static library libgmock.a\x1b[0m\n'}
[4.109325] (-) TimerEvent: {}
[4.178232] (motor_interface) StdoutLine: {'line': b'[ 66%] Built target gmock\n'}
[4.188401] (motor_interface) StdoutLine: {'line': b'\x1b[35m\x1b[1mConsolidate compiler generated dependencies of target test_motor\x1b[0m\n'}
[4.205742] (motor_interface) StdoutLine: {'line': b'[ 77%] \x1b[32mBuilding CXX object CMakeFiles/test_motor.dir/test/test_motor.cpp.o\x1b[0m\n'}
[4.209409] (-) TimerEvent: {}
[4.309671] (-) TimerEvent: {}
[4.409958] (-) TimerEvent: {}
[4.510620] (-) TimerEvent: {}
[4.610920] (-) TimerEvent: {}
[4.711272] (-) TimerEvent: {}
[4.811602] (-) TimerEvent: {}
[4.836964] (motor_interface) StdoutLine: {'line': b'[ 88%] \x1b[32m\x1b[1mLinking CXX shared library libmotor_interface.so\x1b[0m\n'}
[4.911729] (-) TimerEvent: {}
[4.970054] (motor_interface) StdoutLine: {'line': b'[ 88%] Built target motor_interface\n'}
[5.011850] (-) TimerEvent: {}
[5.112190] (-) TimerEvent: {}
[5.212505] (-) TimerEvent: {}
[5.312789] (-) TimerEvent: {}
[5.413071] (-) TimerEvent: {}
[5.513384] (-) TimerEvent: {}
[5.535846] (motor_interface) StdoutLine: {'line': b'[100%] \x1b[32m\x1b[1mLinking CXX executable test_motor\x1b[0m\n'}
[5.613507] (-) TimerEvent: {}
[5.713795] (-) TimerEvent: {}
[5.751342] (motor_interface) StdoutLine: {'line': b'[100%] Built target test_motor\n'}
[5.764237] (motor_interface) CommandEnded: {'returncode': 0}
[5.794973] (motor_interface) JobProgress: {'identifier': 'motor_interface', 'progress': 'install'}
[5.803902] (motor_interface) Command: {'cmd': ['/usr/bin/cmake', '--install', '/home/yuan/rm/code/Ros/my_ros2_control/build/motor_interface'], 'cwd': '/home/yuan/rm/code/Ros/my_ros2_control/build/motor_interface', 'env': OrderedDict([('LESSOPEN', '| /usr/bin/lesspipe %s'), ('LANGUAGE', 'zh_CN:zh'), ('USER', 'yuan'), ('XDG_SEAT', 'seat0'), ('SSH_AGENT_PID', '1212'), ('XDG_SESSION_TYPE', 'x11'), ('GIT_ASKPASS', '/usr/share/code/resources/app/extensions/git/dist/askpass.sh'), ('SHLVL', '1'), ('LD_LIBRARY_PATH', '/home/yuan/rm/code/Ros/my_ros2_control/install/motor_interface/lib:/opt/ros/humble/opt/rviz_ogre_vendor/lib:/opt/ros/humble/lib/x86_64-linux-gnu:/opt/ros/humble/lib'), ('HOME', '/home/yuan'), ('CHROME_DESKTOP', 'code-url-handler.desktop'), ('OLDPWD', '/home/yuan/rm/code/Ros/my_ros2_control'), ('TERM_PROGRAM_VERSION', '1.83.0'), ('DESKTOP_SESSION', 'xfce'), ('GIO_LAUNCHED_DESKTOP_FILE', '/usr/share/applications/code.desktop'), ('ROS_PYTHON_VERSION', '3'), ('XDG_SEAT_PATH', '/org/freedesktop/DisplayManager/Seat0'), ('VSCODE_GIT_ASKPASS_MAIN', '/usr/share/code/resources/app/extensions/git/dist/askpass-main.js'), ('VSCODE_GIT_ASKPASS_NODE', '/usr/share/code/code'), ('DBUS_SESSION_BUS_ADDRESS', 'unix:path=/run/user/1000/bus'), ('COLORTERM', 'truecolor'), ('GIO_LAUNCHED_DESKTOP_FILE_PID', '8671'), ('COLCON_PREFIX_PATH', '/home/yuan/rm/code/Ros/my_ros2_control/install'), ('ROS_DISTRO', 'humble'), ('GTK_IM_MODULE', 'fcitx'), ('LOGNAME', 'yuan'), ('_', '/usr/bin/colcon'), ('ROS_VERSION', '2'), ('XDG_SESSION_CLASS', 'user'), ('TERM', 'xterm-256color'), ('XDG_SESSION_ID', 'c1'), ('ROS_LOCALHOST_ONLY', '0'), ('PATH', '/home/yuan/rm/arm-gnu-toolchain-12.3.rel1-x86_64-arm-none-eabi/bin:/opt/ros/humble/bin:/usr/local/sbin:/usr/local/bin:/usr/sbin:/usr/bin:/sbin:/bin:/usr/games:/usr/local/games:/snap/bin:/home/yuan/.fzf/bin'), ('SESSION_MANAGER', 'local/yuan:@/tmp/.ICE-unix/946,unix/yuan:/tmp/.ICE-unix/946'), ('GDM_LANG', 'zh_CN'), ('XDG_SESSION_PATH', '/org/freedesktop/DisplayManager/Session0'), ('XDG_MENU_PREFIX', 'xfce-'), ('XDG_RUNTIME_DIR', '/run/user/1000'), ('GDK_BACKEND', 'x11'), ('DISPLAY', ':0.0'), ('LANG', 'zh_CN.UTF-8'), ('XDG_CURRENT_DESKTOP', 'XFCE'), ('XMODIFIERS', '@im=fcitx'), ('XDG_SESSION_DESKTOP', 'xfce'), ('XAUTHORITY', '/home/yuan/.Xauthority'), ('LS_COLORS', ''), ('VSCODE_GIT_IPC_HANDLE', '/run/user/1000/vscode-git-be293a297e.sock'), ('TERM_PROGRAM', 'vscode'), ('SSH_AUTH_SOCK', '/tmp/ssh-XXXXXXU0irZW/agent.1211'), ('GSETTINGS_SCHEMA_DIR', '/home/yuan/data'), ('XDG_GREETER_DATA_DIR', '/var/lib/lightdm-data/yuan'), ('AMENT_PREFIX_PATH', '/home/yuan/rm/code/Ros/my_ros2_control/install/motor_interface:/opt/ros/humble'), ('ORIGINAL_XDG_CURRENT_DESKTOP', 'XFCE'), ('SHELL', '/bin/bash'), ('QT_ACCESSIBILITY', '1'), ('GDMSESSION', 'xfce'), ('LESSCLOSE', '/usr/bin/lesspipe %s %s'), ('VSCODE_GIT_ASKPASS_EXTRA_ARGS', '--ms-enable-electron-run-as-node'), ('QT_IM_MODULE', 'fcitx'), ('XDG_VTNR', '7'), ('PWD', '/home/yuan/rm/code/Ros/my_ros2_control/build/motor_interface'), ('XDG_CONFIG_DIRS', '/etc/xdg/xdg-xfce:/etc/xdg:/etc/xdg'), ('CLUTTER_IM_MODULE', 'xim'), ('XDG_DATA_DIRS', '/usr/share/xfce4:/usr/local/share:/usr/share:/var/lib/snapd/desktop:/usr/share'), ('PYTHONPATH', '/opt/ros/humble/lib/python3.10/site-packages:/opt/ros/humble/local/lib/python3.10/dist-packages'), ('COLCON', '1'), ('CMAKE_PREFIX_PATH', '/home/yuan/rm/code/Ros/my_ros2_control/install/motor_interface:/opt/ros/humble')]), 'shell': False}
[5.810243] (motor_interface) StdoutLine: {'line': b'-- Install configuration: "Debug"\n'}
[5.810637] (motor_interface) StdoutLine: {'line': b'-- Execute custom install script\n'}
[5.810849] (motor_interface) StdoutLine: {'line': b'-- Up-to-date symlink: /home/yuan/rm/code/Ros/my_ros2_control/install/motor_interface/share/motor_interface//motor_interface.xml\n'}
[5.811062] (motor_interface) StdoutLine: {'line': b'-- Up-to-date symlink: /home/yuan/rm/code/Ros/my_ros2_control/install/motor_interface/lib/libmotor_interface.so\n'}
[5.811346] (motor_interface) StdoutLine: {'line': b'-- Up-to-date symlink: /home/yuan/rm/code/Ros/my_ros2_control/install/motor_interface/include/motor_interface/motor.hpp\n'}
[5.811469] (motor_interface) StdoutLine: {'line': b'-- Up-to-date symlink: /home/yuan/rm/code/Ros/my_ros2_control/install/motor_interface/include/motor_interface/visibility_control.h\n'}
[5.811596] (motor_interface) StdoutLine: {'line': b'-- Up-to-date symlink: /home/yuan/rm/code/Ros/my_ros2_control/install/motor_interface/share/motor_interface/environment/library_path.sh\n'}
[5.811748] (motor_interface) StdoutLine: {'line': b'-- Up-to-date symlink: /home/yuan/rm/code/Ros/my_ros2_control/install/motor_interface/share/motor_interface/environment/library_path.dsv\n'}
[5.811896] (motor_interface) StdoutLine: {'line': b'-- Up-to-date symlink: /home/yuan/rm/code/Ros/my_ros2_control/install/motor_interface/share/ament_index/resource_index/package_run_dependencies/motor_interface\n'}
[5.812049] (motor_interface) StdoutLine: {'line': b'-- Up-to-date symlink: /home/yuan/rm/code/Ros/my_ros2_control/install/motor_interface/share/ament_index/resource_index/parent_prefix_path/motor_interface\n'}
[5.812216] (motor_interface) StdoutLine: {'line': b'-- Up-to-date symlink: /home/yuan/rm/code/Ros/my_ros2_control/install/motor_interface/share/motor_interface/environment/ament_prefix_path.sh\n'}
[5.812341] (motor_interface) StdoutLine: {'line': b'-- Up-to-date symlink: /home/yuan/rm/code/Ros/my_ros2_control/install/motor_interface/share/motor_interface/environment/ament_prefix_path.dsv\n'}
[5.812455] (motor_interface) StdoutLine: {'line': b'-- Up-to-date symlink: /home/yuan/rm/code/Ros/my_ros2_control/install/motor_interface/share/motor_interface/environment/path.sh\n'}
[5.812585] (motor_interface) StdoutLine: {'line': b'-- Up-to-date symlink: /home/yuan/rm/code/Ros/my_ros2_control/install/motor_interface/share/motor_interface/environment/path.dsv\n'}
[5.812722] (motor_interface) StdoutLine: {'line': b'-- Up-to-date symlink: /home/yuan/rm/code/Ros/my_ros2_control/install/motor_interface/share/motor_interface/local_setup.bash\n'}
[5.812867] (motor_interface) StdoutLine: {'line': b'-- Up-to-date symlink: /home/yuan/rm/code/Ros/my_ros2_control/install/motor_interface/share/motor_interface/local_setup.sh\n'}
[5.813093] (motor_interface) StdoutLine: {'line': b'-- Up-to-date symlink: /home/yuan/rm/code/Ros/my_ros2_control/install/motor_interface/share/motor_interface/local_setup.zsh\n'}
[5.813186] (motor_interface) StdoutLine: {'line': b'-- Up-to-date symlink: /home/yuan/rm/code/Ros/my_ros2_control/install/motor_interface/share/motor_interface/local_setup.dsv\n'}
[5.813305] (motor_interface) StdoutLine: {'line': b'-- Symlinking: /home/yuan/rm/code/Ros/my_ros2_control/install/motor_interface/share/motor_interface/package.dsv\n'}
[5.813860] (-) TimerEvent: {}
[5.822117] (motor_interface) StdoutLine: {'line': b'-- Up-to-date symlink: /home/yuan/rm/code/Ros/my_ros2_control/install/motor_interface/share/ament_index/resource_index/packages/motor_interface\n'}
[5.822282] (motor_interface) StdoutLine: {'line': b'-- Up-to-date symlink: /home/yuan/rm/code/Ros/my_ros2_control/install/motor_interface/share/ament_index/resource_index/hardware_interface__pluginlib__plugin/motor_interface\n'}
[5.822447] (motor_interface) StdoutLine: {'line': b'-- Up-to-date symlink: /home/yuan/rm/code/Ros/my_ros2_control/install/motor_interface/share/motor_interface/cmake/ament_cmake_export_include_directories-extras.cmake\n'}
[5.822597] (motor_interface) StdoutLine: {'line': b'-- Up-to-date symlink: /home/yuan/rm/code/Ros/my_ros2_control/install/motor_interface/share/motor_interface/cmake/ament_cmake_export_libraries-extras.cmake\n'}
[5.822731] (motor_interface) StdoutLine: {'line': b'-- Up-to-date symlink: /home/yuan/rm/code/Ros/my_ros2_control/install/motor_interface/share/motor_interface/cmake/ament_cmake_export_dependencies-extras.cmake\n'}
[5.822864] (motor_interface) StdoutLine: {'line': b'-- Up-to-date symlink: /home/yuan/rm/code/Ros/my_ros2_control/install/motor_interface/share/motor_interface/cmake/motor_interfaceConfig.cmake\n'}
[5.822963] (motor_interface) StdoutLine: {'line': b'-- Up-to-date symlink: /home/yuan/rm/code/Ros/my_ros2_control/install/motor_interface/share/motor_interface/cmake/motor_interfaceConfig-version.cmake\n'}
[5.823085] (motor_interface) StdoutLine: {'line': b'-- Up-to-date symlink: /home/yuan/rm/code/Ros/my_ros2_control/install/motor_interface/share/motor_interface/package.xml\n'}
[5.824959] (motor_interface) CommandEnded: {'returncode': 0}
[5.913965] (-) TimerEvent: {}
[5.961560] (motor_interface) JobEnded: {'identifier': 'motor_interface', 'rc': 0}
[5.962195] (-) EventReactorShutdown: {}
