[0.715s] DEBUG:colcon:Command line arguments: ['/usr/bin/colcon', 'build', '--symlink-install', '--cmake-args', '-DCMAKE_BUILD_TYPE=Debug', '-DCMAKE_EXPORT_COMPILE_COMMANDS=1']
[0.715s] DEBUG:colcon:Parsed command line arguments: Namespace(log_base=None, log_level=None, verb_name='build', build_base='build', install_base='install', merge_install=False, symlink_install=True, test_result_base=None, continue_on_error=False, executor='parallel', parallel_workers=16, event_handlers=None, ignore_user_meta=False, metas=['./colcon.meta'], base_paths=['.'], packages_ignore=None, packages_ignore_regex=None, paths=None, packages_up_to=None, packages_up_to_regex=None, packages_above=None, packages_above_and_dependencies=None, packages_above_depth=None, packages_select_by_dep=None, packages_skip_by_dep=None, packages_skip_up_to=None, packages_select_build_failed=False, packages_skip_build_finished=False, packages_select_test_failures=False, packages_skip_test_passed=False, packages_select=None, packages_skip=None, packages_select_regex=None, packages_skip_regex=None, packages_start=None, packages_end=None, allow_overriding=[], cmake_args=['-DCMAKE_BUILD_TYPE=Debug', '-DCMAKE_EXPORT_COMPILE_COMMANDS=1'], cmake_target=None, cmake_target_skip_unavailable=False, cmake_clean_cache=False, cmake_clean_first=False, cmake_force_configure=False, ament_cmake_args=None, catkin_cmake_args=None, catkin_skip_building_tests=False, verb_parser=<colcon_defaults.argument_parser.defaults.DefaultArgumentsDecorator object at 0x7fc62c3fb850>, verb_extension=<colcon_core.verb.build.BuildVerb object at 0x7fc62c3f8ac0>, main=<bound method BuildVerb.main of <colcon_core.verb.build.BuildVerb object at 0x7fc62c3f8ac0>>)
[0.750s] Level 1:colcon.colcon_core.package_discovery:discover_packages(colcon_meta) check parameters
[0.751s] Level 1:colcon.colcon_core.package_discovery:discover_packages(recursive) check parameters
[0.751s] Level 1:colcon.colcon_core.package_discovery:discover_packages(ignore) check parameters
[0.751s] Level 1:colcon.colcon_core.package_discovery:discover_packages(path) check parameters
[0.751s] Level 1:colcon.colcon_core.package_discovery:discover_packages(colcon_meta) discover
[0.751s] Level 1:colcon.colcon_core.package_discovery:discover_packages(recursive) discover
[0.751s] INFO:colcon.colcon_core.package_discovery:Crawling recursively for packages in '/home/yuan/rm/code/Ros/my_ros2_control'
[0.751s] Level 1:colcon.colcon_core.package_identification:_identify(.) by extensions ['ignore', 'ignore_ament_install']
[0.751s] Level 1:colcon.colcon_core.package_identification:_identify(.) by extension 'ignore'
[0.751s] Level 1:colcon.colcon_core.package_identification:_identify(.) by extension 'ignore_ament_install'
[0.751s] Level 1:colcon.colcon_core.package_identification:_identify(.) by extensions ['colcon_pkg']
[0.751s] Level 1:colcon.colcon_core.package_identification:_identify(.) by extension 'colcon_pkg'
[0.751s] Level 1:colcon.colcon_core.package_identification:_identify(.) by extensions ['colcon_meta']
[0.751s] Level 1:colcon.colcon_core.package_identification:_identify(.) by extension 'colcon_meta'
[0.751s] Level 1:colcon.colcon_core.package_identification:_identify(.) by extensions ['ros']
[0.751s] Level 1:colcon.colcon_core.package_identification:_identify(.) by extension 'ros'
[0.760s] Level 1:colcon.colcon_core.package_identification:_identify(.) by extensions ['cmake', 'python']
[0.760s] Level 1:colcon.colcon_core.package_identification:_identify(.) by extension 'cmake'
[0.760s] Level 1:colcon.colcon_core.package_identification:_identify(.) by extension 'python'
[0.760s] Level 1:colcon.colcon_core.package_identification:_identify(.) by extensions ['python_setup_py']
[0.760s] Level 1:colcon.colcon_core.package_identification:_identify(.) by extension 'python_setup_py'
[0.760s] Level 1:colcon.colcon_core.package_identification:_identify(build) by extensions ['ignore', 'ignore_ament_install']
[0.760s] Level 1:colcon.colcon_core.package_identification:_identify(build) by extension 'ignore'
[0.760s] Level 1:colcon.colcon_core.package_identification:_identify(build) ignored
[0.760s] Level 1:colcon.colcon_core.package_identification:_identify(install) by extensions ['ignore', 'ignore_ament_install']
[0.760s] Level 1:colcon.colcon_core.package_identification:_identify(install) by extension 'ignore'
[0.760s] Level 1:colcon.colcon_core.package_identification:_identify(install) ignored
[0.760s] Level 1:colcon.colcon_core.package_identification:_identify(log) by extensions ['ignore', 'ignore_ament_install']
[0.760s] Level 1:colcon.colcon_core.package_identification:_identify(log) by extension 'ignore'
[0.760s] Level 1:colcon.colcon_core.package_identification:_identify(log) ignored
[0.761s] Level 1:colcon.colcon_core.package_identification:_identify(src) by extensions ['ignore', 'ignore_ament_install']
[0.761s] Level 1:colcon.colcon_core.package_identification:_identify(src) by extension 'ignore'
[0.761s] Level 1:colcon.colcon_core.package_identification:_identify(src) by extension 'ignore_ament_install'
[0.761s] Level 1:colcon.colcon_core.package_identification:_identify(src) by extensions ['colcon_pkg']
[0.761s] Level 1:colcon.colcon_core.package_identification:_identify(src) by extension 'colcon_pkg'
[0.761s] Level 1:colcon.colcon_core.package_identification:_identify(src) by extensions ['colcon_meta']
[0.761s] Level 1:colcon.colcon_core.package_identification:_identify(src) by extension 'colcon_meta'
[0.761s] Level 1:colcon.colcon_core.package_identification:_identify(src) by extensions ['ros']
[0.761s] Level 1:colcon.colcon_core.package_identification:_identify(src) by extension 'ros'
[0.761s] Level 1:colcon.colcon_core.package_identification:_identify(src) by extensions ['cmake', 'python']
[0.761s] Level 1:colcon.colcon_core.package_identification:_identify(src) by extension 'cmake'
[0.761s] Level 1:colcon.colcon_core.package_identification:_identify(src) by extension 'python'
[0.761s] Level 1:colcon.colcon_core.package_identification:_identify(src) by extensions ['python_setup_py']
[0.761s] Level 1:colcon.colcon_core.package_identification:_identify(src) by extension 'python_setup_py'
[0.761s] Level 1:colcon.colcon_core.package_identification:_identify(src/gimbal_controller) by extensions ['ignore', 'ignore_ament_install']
[0.761s] Level 1:colcon.colcon_core.package_identification:_identify(src/gimbal_controller) by extension 'ignore'
[0.761s] Level 1:colcon.colcon_core.package_identification:_identify(src/gimbal_controller) by extension 'ignore_ament_install'
[0.761s] Level 1:colcon.colcon_core.package_identification:_identify(src/gimbal_controller) by extensions ['colcon_pkg']
[0.761s] Level 1:colcon.colcon_core.package_identification:_identify(src/gimbal_controller) by extension 'colcon_pkg'
[0.761s] Level 1:colcon.colcon_core.package_identification:_identify(src/gimbal_controller) by extensions ['colcon_meta']
[0.761s] Level 1:colcon.colcon_core.package_identification:_identify(src/gimbal_controller) by extension 'colcon_meta'
[0.761s] Level 1:colcon.colcon_core.package_identification:_identify(src/gimbal_controller) by extensions ['ros']
[0.761s] Level 1:colcon.colcon_core.package_identification:_identify(src/gimbal_controller) by extension 'ros'
[0.764s] DEBUG:colcon.colcon_core.package_identification:Package 'src/gimbal_controller' with type 'ros.ament_cmake' and name 'gimbal_controller'
[0.764s] Level 1:colcon.colcon_core.package_identification:_identify(src/motor_interface) by extensions ['ignore', 'ignore_ament_install']
[0.764s] Level 1:colcon.colcon_core.package_identification:_identify(src/motor_interface) by extension 'ignore'
[0.764s] Level 1:colcon.colcon_core.package_identification:_identify(src/motor_interface) by extension 'ignore_ament_install'
[0.764s] Level 1:colcon.colcon_core.package_identification:_identify(src/motor_interface) by extensions ['colcon_pkg']
[0.764s] Level 1:colcon.colcon_core.package_identification:_identify(src/motor_interface) by extension 'colcon_pkg'
[0.764s] Level 1:colcon.colcon_core.package_identification:_identify(src/motor_interface) by extensions ['colcon_meta']
[0.764s] Level 1:colcon.colcon_core.package_identification:_identify(src/motor_interface) by extension 'colcon_meta'
[0.764s] Level 1:colcon.colcon_core.package_identification:_identify(src/motor_interface) by extensions ['ros']
[0.764s] Level 1:colcon.colcon_core.package_identification:_identify(src/motor_interface) by extension 'ros'
[0.765s] DEBUG:colcon.colcon_core.package_identification:Package 'src/motor_interface' with type 'ros.ament_cmake' and name 'motor_interface'
[0.765s] Level 1:colcon.colcon_core.package_discovery:discover_packages(recursive) using defaults
[0.765s] Level 1:colcon.colcon_core.package_discovery:discover_packages(ignore) discover
[0.765s] Level 1:colcon.colcon_core.package_discovery:discover_packages(ignore) using defaults
[0.765s] Level 1:colcon.colcon_core.package_discovery:discover_packages(path) discover
[0.765s] Level 1:colcon.colcon_core.package_discovery:discover_packages(path) using defaults
[0.832s] Level 1:colcon.colcon_core.package_discovery:discover_packages(prefix_path) check parameters
[0.832s] Level 1:colcon.colcon_core.package_discovery:discover_packages(prefix_path) discover
[0.853s] DEBUG:colcon.colcon_installed_package_information.package_discovery:Found 2 installed packages in /home/yuan/rm/code/Ros/my_ros2_control/install
[0.865s] DEBUG:colcon.colcon_installed_package_information.package_discovery:Found 334 installed packages in /opt/ros/humble
[0.866s] Level 1:colcon.colcon_core.package_discovery:discover_packages(prefix_path) using defaults
[0.937s] Level 5:colcon.colcon_core.verb:set package 'gimbal_controller' build argument 'cmake_args' from command line to '['-DCMAKE_BUILD_TYPE=Debug', '-DCMAKE_EXPORT_COMPILE_COMMANDS=1']'
[0.937s] Level 5:colcon.colcon_core.verb:set package 'gimbal_controller' build argument 'cmake_target' from command line to 'None'
[0.937s] Level 5:colcon.colcon_core.verb:set package 'gimbal_controller' build argument 'cmake_target_skip_unavailable' from command line to 'False'
[0.937s] Level 5:colcon.colcon_core.verb:set package 'gimbal_controller' build argument 'cmake_clean_cache' from command line to 'False'
[0.937s] Level 5:colcon.colcon_core.verb:set package 'gimbal_controller' build argument 'cmake_clean_first' from command line to 'False'
[0.937s] Level 5:colcon.colcon_core.verb:set package 'gimbal_controller' build argument 'cmake_force_configure' from command line to 'False'
[0.937s] Level 5:colcon.colcon_core.verb:set package 'gimbal_controller' build argument 'ament_cmake_args' from command line to 'None'
[0.937s] Level 5:colcon.colcon_core.verb:set package 'gimbal_controller' build argument 'catkin_cmake_args' from command line to 'None'
[0.937s] Level 5:colcon.colcon_core.verb:set package 'gimbal_controller' build argument 'catkin_skip_building_tests' from command line to 'False'
[0.937s] DEBUG:colcon.colcon_core.verb:Building package 'gimbal_controller' with the following arguments: {'ament_cmake_args': None, 'build_base': '/home/yuan/rm/code/Ros/my_ros2_control/build/gimbal_controller', 'catkin_cmake_args': None, 'catkin_skip_building_tests': False, 'cmake_args': ['-DCMAKE_BUILD_TYPE=Debug', '-DCMAKE_EXPORT_COMPILE_COMMANDS=1'], 'cmake_clean_cache': False, 'cmake_clean_first': False, 'cmake_force_configure': False, 'cmake_target': None, 'cmake_target_skip_unavailable': False, 'install_base': '/home/yuan/rm/code/Ros/my_ros2_control/install/gimbal_controller', 'merge_install': False, 'path': '/home/yuan/rm/code/Ros/my_ros2_control/src/gimbal_controller', 'symlink_install': True, 'test_result_base': None}
[0.947s] Level 5:colcon.colcon_core.verb:set package 'motor_interface' build argument 'cmake_args' from command line to '['-DCMAKE_BUILD_TYPE=Debug', '-DCMAKE_EXPORT_COMPILE_COMMANDS=1']'
[0.947s] Level 5:colcon.colcon_core.verb:set package 'motor_interface' build argument 'cmake_target' from command line to 'None'
[0.948s] Level 5:colcon.colcon_core.verb:set package 'motor_interface' build argument 'cmake_target_skip_unavailable' from command line to 'False'
[0.948s] Level 5:colcon.colcon_core.verb:set package 'motor_interface' build argument 'cmake_clean_cache' from command line to 'False'
[0.948s] Level 5:colcon.colcon_core.verb:set package 'motor_interface' build argument 'cmake_clean_first' from command line to 'False'
[0.948s] Level 5:colcon.colcon_core.verb:set package 'motor_interface' build argument 'cmake_force_configure' from command line to 'False'
[0.948s] Level 5:colcon.colcon_core.verb:set package 'motor_interface' build argument 'ament_cmake_args' from command line to 'None'
[0.948s] Level 5:colcon.colcon_core.verb:set package 'motor_interface' build argument 'catkin_cmake_args' from command line to 'None'
[0.948s] Level 5:colcon.colcon_core.verb:set package 'motor_interface' build argument 'catkin_skip_building_tests' from command line to 'False'
[0.948s] DEBUG:colcon.colcon_core.verb:Building package 'motor_interface' with the following arguments: {'ament_cmake_args': None, 'build_base': '/home/yuan/rm/code/Ros/my_ros2_control/build/motor_interface', 'catkin_cmake_args': None, 'catkin_skip_building_tests': False, 'cmake_args': ['-DCMAKE_BUILD_TYPE=Debug', '-DCMAKE_EXPORT_COMPILE_COMMANDS=1'], 'cmake_clean_cache': False, 'cmake_clean_first': False, 'cmake_force_configure': False, 'cmake_target': None, 'cmake_target_skip_unavailable': False, 'install_base': '/home/yuan/rm/code/Ros/my_ros2_control/install/motor_interface', 'merge_install': False, 'path': '/home/yuan/rm/code/Ros/my_ros2_control/src/motor_interface', 'symlink_install': True, 'test_result_base': None}
[0.958s] INFO:colcon.colcon_core.executor:Executing jobs using 'parallel' executor
[0.968s] DEBUG:colcon.colcon_parallel_executor.executor.parallel:run_until_complete
[0.969s] INFO:colcon.colcon_ros.task.ament_cmake.build:Building ROS package in '/home/yuan/rm/code/Ros/my_ros2_control/src/gimbal_controller' with build type 'ament_cmake'
[0.969s] INFO:colcon.colcon_cmake.task.cmake.build:Building CMake package in '/home/yuan/rm/code/Ros/my_ros2_control/src/gimbal_controller'
[0.980s] INFO:colcon.colcon_core.plugin_system:Skipping extension 'colcon_core.shell.bat': Not used on non-Windows systems
[0.980s] INFO:colcon.colcon_core.shell:Skip shell extension 'powershell' for command environment: Not usable outside of PowerShell
[0.980s] DEBUG:colcon.colcon_core.shell:Skip shell extension 'dsv' for command environment
[1.015s] INFO:colcon.colcon_ros.task.ament_cmake.build:Building ROS package in '/home/yuan/rm/code/Ros/my_ros2_control/src/motor_interface' with build type 'ament_cmake'
[1.015s] INFO:colcon.colcon_cmake.task.cmake.build:Building CMake package in '/home/yuan/rm/code/Ros/my_ros2_control/src/motor_interface'
[1.026s] INFO:colcon.colcon_core.shell:Skip shell extension 'powershell' for command environment: Not usable outside of PowerShell
[1.026s] DEBUG:colcon.colcon_core.shell:Skip shell extension 'dsv' for command environment
[1.064s] DEBUG:colcon.colcon_core.event_handler.log_command:Invoking command in '/home/yuan/rm/code/Ros/my_ros2_control/build/gimbal_controller': CMAKE_PREFIX_PATH=${CMAKE_PREFIX_PATH}:/opt/ros/humble /usr/bin/cmake --build /home/yuan/rm/code/Ros/my_ros2_control/build/gimbal_controller -- -j16 -l16
[1.067s] DEBUG:colcon.colcon_core.event_handler.log_command:Invoking command in '/home/yuan/rm/code/Ros/my_ros2_control/build/motor_interface': CMAKE_PREFIX_PATH=${CMAKE_PREFIX_PATH}:/opt/ros/humble /usr/bin/cmake --build /home/yuan/rm/code/Ros/my_ros2_control/build/motor_interface -- -j16 -l16
[1.154s] DEBUG:colcon.colcon_core.event_handler.log_command:Invoked command in '/home/yuan/rm/code/Ros/my_ros2_control/build/motor_interface' returned '0': CMAKE_PREFIX_PATH=${CMAKE_PREFIX_PATH}:/opt/ros/humble /usr/bin/cmake --build /home/yuan/rm/code/Ros/my_ros2_control/build/motor_interface -- -j16 -l16
[1.200s] DEBUG:colcon.colcon_core.event_handler.log_command:Invoking command in '/home/yuan/rm/code/Ros/my_ros2_control/build/motor_interface': CMAKE_PREFIX_PATH=${CMAKE_PREFIX_PATH}:/opt/ros/humble /usr/bin/cmake --install /home/yuan/rm/code/Ros/my_ros2_control/build/motor_interface
[1.223s] Level 1:colcon.colcon_core.environment:create_environment_scripts_only(motor_interface)
[1.223s] DEBUG:colcon.colcon_core.event_handler.log_command:Invoked command in '/home/yuan/rm/code/Ros/my_ros2_control/build/motor_interface' returned '0': CMAKE_PREFIX_PATH=${CMAKE_PREFIX_PATH}:/opt/ros/humble /usr/bin/cmake --install /home/yuan/rm/code/Ros/my_ros2_control/build/motor_interface
[1.236s] Level 1:colcon.colcon_core.environment:checking '/home/yuan/rm/code/Ros/my_ros2_control/install/motor_interface' for CMake module files
[1.237s] Level 1:colcon.colcon_core.environment:checking '/home/yuan/rm/code/Ros/my_ros2_control/install/motor_interface' for CMake config files
[1.238s] Level 1:colcon.colcon_core.shell:create_environment_hook('motor_interface', 'cmake_prefix_path')
[1.250s] INFO:colcon.colcon_core.shell:Creating environment hook '/home/yuan/rm/code/Ros/my_ros2_control/install/motor_interface/share/motor_interface/hook/cmake_prefix_path.ps1'
[1.250s] INFO:colcon.colcon_core.shell:Creating environment descriptor '/home/yuan/rm/code/Ros/my_ros2_control/install/motor_interface/share/motor_interface/hook/cmake_prefix_path.dsv'
[1.251s] INFO:colcon.colcon_core.shell:Creating environment hook '/home/yuan/rm/code/Ros/my_ros2_control/install/motor_interface/share/motor_interface/hook/cmake_prefix_path.sh'
[1.252s] Level 1:colcon.colcon_core.environment:checking '/home/yuan/rm/code/Ros/my_ros2_control/install/motor_interface/lib'
[1.252s] Level 1:colcon.colcon_core.shell:create_environment_hook('motor_interface', 'ld_library_path_lib')
[1.263s] INFO:colcon.colcon_core.shell:Creating environment hook '/home/yuan/rm/code/Ros/my_ros2_control/install/motor_interface/share/motor_interface/hook/ld_library_path_lib.ps1'
[1.264s] INFO:colcon.colcon_core.shell:Creating environment descriptor '/home/yuan/rm/code/Ros/my_ros2_control/install/motor_interface/share/motor_interface/hook/ld_library_path_lib.dsv'
[1.264s] INFO:colcon.colcon_core.shell:Creating environment hook '/home/yuan/rm/code/Ros/my_ros2_control/install/motor_interface/share/motor_interface/hook/ld_library_path_lib.sh'
[1.265s] Level 1:colcon.colcon_core.environment:checking '/home/yuan/rm/code/Ros/my_ros2_control/install/motor_interface/bin'
[1.265s] Level 1:colcon.colcon_core.environment:checking '/home/yuan/rm/code/Ros/my_ros2_control/install/motor_interface/lib/pkgconfig/motor_interface.pc'
[1.265s] Level 1:colcon.colcon_core.environment:checking '/home/yuan/rm/code/Ros/my_ros2_control/install/motor_interface/lib/python3.10/site-packages'
[1.265s] Level 1:colcon.colcon_core.environment:checking '/home/yuan/rm/code/Ros/my_ros2_control/install/motor_interface/bin'
[1.277s] INFO:colcon.colcon_core.shell:Creating package script '/home/yuan/rm/code/Ros/my_ros2_control/install/motor_interface/share/motor_interface/package.ps1'
[1.277s] INFO:colcon.colcon_core.shell:Creating package descriptor '/home/yuan/rm/code/Ros/my_ros2_control/install/motor_interface/share/motor_interface/package.dsv'
[1.278s] INFO:colcon.colcon_core.shell:Creating package script '/home/yuan/rm/code/Ros/my_ros2_control/install/motor_interface/share/motor_interface/package.sh'
[1.279s] INFO:colcon.colcon_core.shell:Creating package script '/home/yuan/rm/code/Ros/my_ros2_control/install/motor_interface/share/motor_interface/package.bash'
[1.279s] INFO:colcon.colcon_core.shell:Creating package script '/home/yuan/rm/code/Ros/my_ros2_control/install/motor_interface/share/motor_interface/package.zsh'
[1.280s] Level 1:colcon.colcon_core.environment:create_file_with_runtime_dependencies(/home/yuan/rm/code/Ros/my_ros2_control/install/motor_interface/share/colcon-core/packages/motor_interface)
[1.343s] Level 1:colcon.colcon_core.environment:create_environment_scripts_only(motor_interface)
[1.355s] Level 1:colcon.colcon_core.environment:checking '/home/yuan/rm/code/Ros/my_ros2_control/install/motor_interface' for CMake module files
[1.355s] Level 1:colcon.colcon_core.environment:checking '/home/yuan/rm/code/Ros/my_ros2_control/install/motor_interface' for CMake config files
[1.356s] Level 1:colcon.colcon_core.shell:create_environment_hook('motor_interface', 'cmake_prefix_path')
[1.368s] INFO:colcon.colcon_core.shell:Creating environment hook '/home/yuan/rm/code/Ros/my_ros2_control/install/motor_interface/share/motor_interface/hook/cmake_prefix_path.ps1'
[1.368s] INFO:colcon.colcon_core.shell:Creating environment descriptor '/home/yuan/rm/code/Ros/my_ros2_control/install/motor_interface/share/motor_interface/hook/cmake_prefix_path.dsv'
[1.368s] INFO:colcon.colcon_core.shell:Creating environment hook '/home/yuan/rm/code/Ros/my_ros2_control/install/motor_interface/share/motor_interface/hook/cmake_prefix_path.sh'
[1.369s] Level 1:colcon.colcon_core.environment:checking '/home/yuan/rm/code/Ros/my_ros2_control/install/motor_interface/lib'
[1.369s] Level 1:colcon.colcon_core.shell:create_environment_hook('motor_interface', 'ld_library_path_lib')
[1.382s] INFO:colcon.colcon_core.shell:Creating environment hook '/home/yuan/rm/code/Ros/my_ros2_control/install/motor_interface/share/motor_interface/hook/ld_library_path_lib.ps1'
[1.382s] INFO:colcon.colcon_core.shell:Creating environment descriptor '/home/yuan/rm/code/Ros/my_ros2_control/install/motor_interface/share/motor_interface/hook/ld_library_path_lib.dsv'
[1.383s] INFO:colcon.colcon_core.shell:Creating environment hook '/home/yuan/rm/code/Ros/my_ros2_control/install/motor_interface/share/motor_interface/hook/ld_library_path_lib.sh'
[1.383s] Level 1:colcon.colcon_core.environment:checking '/home/yuan/rm/code/Ros/my_ros2_control/install/motor_interface/bin'
[1.383s] Level 1:colcon.colcon_core.environment:checking '/home/yuan/rm/code/Ros/my_ros2_control/install/motor_interface/lib/pkgconfig/motor_interface.pc'
[1.383s] Level 1:colcon.colcon_core.environment:checking '/home/yuan/rm/code/Ros/my_ros2_control/install/motor_interface/lib/python3.10/site-packages'
[1.384s] Level 1:colcon.colcon_core.environment:checking '/home/yuan/rm/code/Ros/my_ros2_control/install/motor_interface/bin'
[1.396s] INFO:colcon.colcon_core.shell:Creating package script '/home/yuan/rm/code/Ros/my_ros2_control/install/motor_interface/share/motor_interface/package.ps1'
[1.396s] INFO:colcon.colcon_core.shell:Creating package descriptor '/home/yuan/rm/code/Ros/my_ros2_control/install/motor_interface/share/motor_interface/package.dsv'
[1.397s] INFO:colcon.colcon_core.shell:Creating package script '/home/yuan/rm/code/Ros/my_ros2_control/install/motor_interface/share/motor_interface/package.sh'
[1.397s] INFO:colcon.colcon_core.shell:Creating package script '/home/yuan/rm/code/Ros/my_ros2_control/install/motor_interface/share/motor_interface/package.bash'
[1.397s] INFO:colcon.colcon_core.shell:Creating package script '/home/yuan/rm/code/Ros/my_ros2_control/install/motor_interface/share/motor_interface/package.zsh'
[1.398s] Level 1:colcon.colcon_core.environment:create_file_with_runtime_dependencies(/home/yuan/rm/code/Ros/my_ros2_control/install/motor_interface/share/colcon-core/packages/motor_interface)
[2.274s] DEBUG:colcon.colcon_core.event_handler.log_command:Invoked command in '/home/yuan/rm/code/Ros/my_ros2_control/build/gimbal_controller' returned '0': CMAKE_PREFIX_PATH=${CMAKE_PREFIX_PATH}:/opt/ros/humble /usr/bin/cmake --build /home/yuan/rm/code/Ros/my_ros2_control/build/gimbal_controller -- -j16 -l16
[2.302s] DEBUG:colcon.colcon_core.event_handler.log_command:Invoking command in '/home/yuan/rm/code/Ros/my_ros2_control/build/gimbal_controller': CMAKE_PREFIX_PATH=${CMAKE_PREFIX_PATH}:/opt/ros/humble /usr/bin/cmake --install /home/yuan/rm/code/Ros/my_ros2_control/build/gimbal_controller
[2.324s] Level 1:colcon.colcon_core.environment:create_environment_scripts_only(gimbal_controller)
[2.325s] DEBUG:colcon.colcon_core.event_handler.log_command:Invoked command in '/home/yuan/rm/code/Ros/my_ros2_control/build/gimbal_controller' returned '0': CMAKE_PREFIX_PATH=${CMAKE_PREFIX_PATH}:/opt/ros/humble /usr/bin/cmake --install /home/yuan/rm/code/Ros/my_ros2_control/build/gimbal_controller
[2.336s] Level 1:colcon.colcon_core.environment:checking '/home/yuan/rm/code/Ros/my_ros2_control/install/gimbal_controller' for CMake module files
[2.337s] Level 1:colcon.colcon_core.environment:checking '/home/yuan/rm/code/Ros/my_ros2_control/install/gimbal_controller' for CMake config files
[2.337s] Level 1:colcon.colcon_core.shell:create_environment_hook('gimbal_controller', 'cmake_prefix_path')
[2.347s] INFO:colcon.colcon_core.shell:Creating environment hook '/home/yuan/rm/code/Ros/my_ros2_control/install/gimbal_controller/share/gimbal_controller/hook/cmake_prefix_path.ps1'
[2.348s] INFO:colcon.colcon_core.shell:Creating environment descriptor '/home/yuan/rm/code/Ros/my_ros2_control/install/gimbal_controller/share/gimbal_controller/hook/cmake_prefix_path.dsv'
[2.348s] INFO:colcon.colcon_core.shell:Creating environment hook '/home/yuan/rm/code/Ros/my_ros2_control/install/gimbal_controller/share/gimbal_controller/hook/cmake_prefix_path.sh'
[2.349s] Level 1:colcon.colcon_core.environment:checking '/home/yuan/rm/code/Ros/my_ros2_control/install/gimbal_controller/lib'
[2.349s] Level 1:colcon.colcon_core.shell:create_environment_hook('gimbal_controller', 'ld_library_path_lib')
[2.359s] INFO:colcon.colcon_core.shell:Creating environment hook '/home/yuan/rm/code/Ros/my_ros2_control/install/gimbal_controller/share/gimbal_controller/hook/ld_library_path_lib.ps1'
[2.360s] INFO:colcon.colcon_core.shell:Creating environment descriptor '/home/yuan/rm/code/Ros/my_ros2_control/install/gimbal_controller/share/gimbal_controller/hook/ld_library_path_lib.dsv'
[2.360s] INFO:colcon.colcon_core.shell:Creating environment hook '/home/yuan/rm/code/Ros/my_ros2_control/install/gimbal_controller/share/gimbal_controller/hook/ld_library_path_lib.sh'
[2.360s] Level 1:colcon.colcon_core.environment:checking '/home/yuan/rm/code/Ros/my_ros2_control/install/gimbal_controller/bin'
[2.360s] Level 1:colcon.colcon_core.environment:checking '/home/yuan/rm/code/Ros/my_ros2_control/install/gimbal_controller/lib/pkgconfig/gimbal_controller.pc'
[2.361s] Level 1:colcon.colcon_core.environment:checking '/home/yuan/rm/code/Ros/my_ros2_control/install/gimbal_controller/lib/python3.10/site-packages'
[2.361s] Level 1:colcon.colcon_core.environment:checking '/home/yuan/rm/code/Ros/my_ros2_control/install/gimbal_controller/bin'
[2.372s] INFO:colcon.colcon_core.shell:Creating package script '/home/yuan/rm/code/Ros/my_ros2_control/install/gimbal_controller/share/gimbal_controller/package.ps1'
[2.373s] INFO:colcon.colcon_core.shell:Creating package descriptor '/home/yuan/rm/code/Ros/my_ros2_control/install/gimbal_controller/share/gimbal_controller/package.dsv'
[2.373s] INFO:colcon.colcon_core.shell:Creating package script '/home/yuan/rm/code/Ros/my_ros2_control/install/gimbal_controller/share/gimbal_controller/package.sh'
[2.373s] INFO:colcon.colcon_core.shell:Creating package script '/home/yuan/rm/code/Ros/my_ros2_control/install/gimbal_controller/share/gimbal_controller/package.bash'
[2.373s] INFO:colcon.colcon_core.shell:Creating package script '/home/yuan/rm/code/Ros/my_ros2_control/install/gimbal_controller/share/gimbal_controller/package.zsh'
[2.374s] Level 1:colcon.colcon_core.environment:create_file_with_runtime_dependencies(/home/yuan/rm/code/Ros/my_ros2_control/install/gimbal_controller/share/colcon-core/packages/gimbal_controller)
[2.411s] Level 1:colcon.colcon_core.environment:create_environment_scripts_only(gimbal_controller)
[2.422s] Level 1:colcon.colcon_core.environment:checking '/home/yuan/rm/code/Ros/my_ros2_control/install/gimbal_controller' for CMake module files
[2.422s] Level 1:colcon.colcon_core.environment:checking '/home/yuan/rm/code/Ros/my_ros2_control/install/gimbal_controller' for CMake config files
[2.422s] Level 1:colcon.colcon_core.shell:create_environment_hook('gimbal_controller', 'cmake_prefix_path')
[2.433s] INFO:colcon.colcon_core.shell:Creating environment hook '/home/yuan/rm/code/Ros/my_ros2_control/install/gimbal_controller/share/gimbal_controller/hook/cmake_prefix_path.ps1'
[2.433s] INFO:colcon.colcon_core.shell:Creating environment descriptor '/home/yuan/rm/code/Ros/my_ros2_control/install/gimbal_controller/share/gimbal_controller/hook/cmake_prefix_path.dsv'
[2.434s] INFO:colcon.colcon_core.shell:Creating environment hook '/home/yuan/rm/code/Ros/my_ros2_control/install/gimbal_controller/share/gimbal_controller/hook/cmake_prefix_path.sh'
[2.434s] Level 1:colcon.colcon_core.environment:checking '/home/yuan/rm/code/Ros/my_ros2_control/install/gimbal_controller/lib'
[2.434s] Level 1:colcon.colcon_core.shell:create_environment_hook('gimbal_controller', 'ld_library_path_lib')
[2.445s] INFO:colcon.colcon_core.shell:Creating environment hook '/home/yuan/rm/code/Ros/my_ros2_control/install/gimbal_controller/share/gimbal_controller/hook/ld_library_path_lib.ps1'
[2.445s] INFO:colcon.colcon_core.shell:Creating environment descriptor '/home/yuan/rm/code/Ros/my_ros2_control/install/gimbal_controller/share/gimbal_controller/hook/ld_library_path_lib.dsv'
[2.446s] INFO:colcon.colcon_core.shell:Creating environment hook '/home/yuan/rm/code/Ros/my_ros2_control/install/gimbal_controller/share/gimbal_controller/hook/ld_library_path_lib.sh'
[2.446s] Level 1:colcon.colcon_core.environment:checking '/home/yuan/rm/code/Ros/my_ros2_control/install/gimbal_controller/bin'
[2.446s] Level 1:colcon.colcon_core.environment:checking '/home/yuan/rm/code/Ros/my_ros2_control/install/gimbal_controller/lib/pkgconfig/gimbal_controller.pc'
[2.446s] Level 1:colcon.colcon_core.environment:checking '/home/yuan/rm/code/Ros/my_ros2_control/install/gimbal_controller/lib/python3.10/site-packages'
[2.446s] Level 1:colcon.colcon_core.environment:checking '/home/yuan/rm/code/Ros/my_ros2_control/install/gimbal_controller/bin'
[2.457s] INFO:colcon.colcon_core.shell:Creating package script '/home/yuan/rm/code/Ros/my_ros2_control/install/gimbal_controller/share/gimbal_controller/package.ps1'
[2.457s] INFO:colcon.colcon_core.shell:Creating package descriptor '/home/yuan/rm/code/Ros/my_ros2_control/install/gimbal_controller/share/gimbal_controller/package.dsv'
[2.458s] INFO:colcon.colcon_core.shell:Creating package script '/home/yuan/rm/code/Ros/my_ros2_control/install/gimbal_controller/share/gimbal_controller/package.sh'
[2.458s] INFO:colcon.colcon_core.shell:Creating package script '/home/yuan/rm/code/Ros/my_ros2_control/install/gimbal_controller/share/gimbal_controller/package.bash'
[2.458s] INFO:colcon.colcon_core.shell:Creating package script '/home/yuan/rm/code/Ros/my_ros2_control/install/gimbal_controller/share/gimbal_controller/package.zsh'
[2.459s] Level 1:colcon.colcon_core.environment:create_file_with_runtime_dependencies(/home/yuan/rm/code/Ros/my_ros2_control/install/gimbal_controller/share/colcon-core/packages/gimbal_controller)
[2.459s] DEBUG:colcon.colcon_parallel_executor.executor.parallel:closing loop
[2.459s] DEBUG:colcon.colcon_parallel_executor.executor.parallel:loop closed
[2.459s] DEBUG:colcon.colcon_parallel_executor.executor.parallel:run_until_complete finished with '0'
[2.459s] DEBUG:colcon.colcon_core.event_reactor:joining thread
[2.474s] INFO:colcon.colcon_core.plugin_system:Skipping extension 'colcon_notification.desktop_notification.terminal_notifier': Not used on non-Darwin systems
[2.474s] INFO:colcon.colcon_core.plugin_system:Skipping extension 'colcon_notification.desktop_notification.win32': Not used on non-Windows systems
[2.474s] INFO:colcon.colcon_notification.desktop_notification:Sending desktop notification using 'notify2'
[2.478s] DEBUG:colcon.colcon_core.event_reactor:joined thread
[2.490s] INFO:colcon.colcon_core.shell:Creating prefix script '/home/yuan/rm/code/Ros/my_ros2_control/install/local_setup.ps1'
[2.491s] INFO:colcon.colcon_core.shell:Creating prefix util module '/home/yuan/rm/code/Ros/my_ros2_control/install/_local_setup_util_ps1.py'
[2.492s] INFO:colcon.colcon_core.shell:Creating prefix chain script '/home/yuan/rm/code/Ros/my_ros2_control/install/setup.ps1'
[2.504s] INFO:colcon.colcon_core.shell:Creating prefix script '/home/yuan/rm/code/Ros/my_ros2_control/install/local_setup.sh'
[2.504s] INFO:colcon.colcon_core.shell:Creating prefix util module '/home/yuan/rm/code/Ros/my_ros2_control/install/_local_setup_util_sh.py'
[2.505s] INFO:colcon.colcon_core.shell:Creating prefix chain script '/home/yuan/rm/code/Ros/my_ros2_control/install/setup.sh'
[2.517s] INFO:colcon.colcon_core.shell:Creating prefix script '/home/yuan/rm/code/Ros/my_ros2_control/install/local_setup.bash'
[2.517s] INFO:colcon.colcon_core.shell:Creating prefix chain script '/home/yuan/rm/code/Ros/my_ros2_control/install/setup.bash'
[2.528s] INFO:colcon.colcon_core.shell:Creating prefix script '/home/yuan/rm/code/Ros/my_ros2_control/install/local_setup.zsh'
[2.529s] INFO:colcon.colcon_core.shell:Creating prefix chain script '/home/yuan/rm/code/Ros/my_ros2_control/install/setup.zsh'
