[0.000000] (-) TimerEvent: {}
[0.000436] (motor_interface) JobQueued: {'identifier': 'motor_interface', 'dependencies': OrderedDict()}
[0.001153] (motor_interface) JobStarted: {'identifier': 'motor_interface'}
[0.056077] (motor_interface) JobProgress: {'identifier': 'motor_interface', 'progress': 'cmake'}
[0.056683] (motor_interface) JobProgress: {'identifier': 'motor_interface', 'progress': 'build'}
[0.057240] (motor_interface) Command: {'cmd': ['/usr/bin/cmake', '--build', '/home/yuan/rm/code/Ros/my_ros2_control/build/motor_interface', '--', '-j16', '-l16'], 'cwd': '/home/yuan/rm/code/Ros/my_ros2_control/build/motor_interface', 'env': OrderedDict([('LESSOPEN', '| /usr/bin/lesspipe %s'), ('LANGUAGE', 'zh_CN:zh'), ('USER', 'yuan'), ('XDG_SEAT', 'seat0'), ('SSH_AGENT_PID', '1226'), ('XDG_SESSION_TYPE', 'x11'), ('GIT_ASKPASS', '/usr/share/code/resources/app/extensions/git/dist/askpass.sh'), ('SHLVL', '1'), ('LD_LIBRARY_PATH', '/home/yuan/rm/code/Ros/my_ros2_control/install/motor_interface/lib:/opt/ros/humble/opt/rviz_ogre_vendor/lib:/opt/ros/humble/lib/x86_64-linux-gnu:/opt/ros/humble/lib'), ('HOME', '/home/yuan'), ('CHROME_DESKTOP', 'code-url-handler.desktop'), ('OLDPWD', '/home/yuan/rm/code/Ros/my_ros2_control'), ('TERM_PROGRAM_VERSION', '1.83.1'), ('DESKTOP_SESSION', 'xfce'), ('GIO_LAUNCHED_DESKTOP_FILE', '/usr/share/applications/code.desktop'), ('ROS_PYTHON_VERSION', '3'), ('XDG_SEAT_PATH', '/org/freedesktop/DisplayManager/Seat0'), ('VSCODE_GIT_ASKPASS_MAIN', '/usr/share/code/resources/app/extensions/git/dist/askpass-main.js'), ('VSCODE_GIT_ASKPASS_NODE', '/usr/share/code/code'), ('DBUS_SESSION_BUS_ADDRESS', 'unix:path=/run/user/1000/bus'), ('COLORTERM', 'truecolor'), ('GIO_LAUNCHED_DESKTOP_FILE_PID', '16962'), ('COLCON_PREFIX_PATH', '/home/yuan/rm/code/Ros/my_ros2_control/install'), ('ROS_DISTRO', 'humble'), ('GTK_IM_MODULE', 'fcitx'), ('LOGNAME', 'yuan'), ('_', '/usr/bin/colcon'), ('ROS_VERSION', '2'), ('XDG_SESSION_CLASS', 'user'), ('TERM', 'xterm-256color'), ('XDG_SESSION_ID', 'c1'), ('ROS_LOCALHOST_ONLY', '0'), ('PATH', '/home/yuan/rm/arm-gnu-toolchain-12.3.rel1-x86_64-arm-none-eabi/bin:/opt/ros/humble/bin:/usr/local/sbin:/usr/local/bin:/usr/sbin:/usr/bin:/sbin:/bin:/usr/games:/usr/local/games:/snap/bin:/home/yuan/.fzf/bin'), ('SESSION_MANAGER', 'local/yuan:@/tmp/.ICE-unix/1055,unix/yuan:/tmp/.ICE-unix/1055'), ('GDM_LANG', 'zh_CN'), ('XDG_SESSION_PATH', '/org/freedesktop/DisplayManager/Session0'), ('XDG_MENU_PREFIX', 'xfce-'), ('XDG_RUNTIME_DIR', '/run/user/1000'), ('GDK_BACKEND', 'x11'), ('DISPLAY', ':0.0'), ('LANG', 'zh_CN.UTF-8'), ('XDG_CURRENT_DESKTOP', 'XFCE'), ('XMODIFIERS', '@im=fcitx'), ('XDG_SESSION_DESKTOP', 'xfce'), ('XAUTHORITY', '/home/yuan/.Xauthority'), ('LS_COLORS', ''), ('VSCODE_GIT_IPC_HANDLE', '/run/user/1000/vscode-git-be293a297e.sock'), ('TERM_PROGRAM', 'vscode'), ('SSH_AUTH_SOCK', '/tmp/ssh-XXXXXXGZxlgD/agent.1225'), ('GSETTINGS_SCHEMA_DIR', '/home/yuan/data'), ('XDG_GREETER_DATA_DIR', '/var/lib/lightdm-data/yuan'), ('AMENT_PREFIX_PATH', '/home/yuan/rm/code/Ros/my_ros2_control/install/motor_interface:/opt/ros/humble'), ('ORIGINAL_XDG_CURRENT_DESKTOP', 'XFCE'), ('SHELL', '/bin/bash'), ('QT_ACCESSIBILITY', '1'), ('GDMSESSION', 'xfce'), ('LESSCLOSE', '/usr/bin/lesspipe %s %s'), ('VSCODE_GIT_ASKPASS_EXTRA_ARGS', '--ms-enable-electron-run-as-node'), ('QT_IM_MODULE', 'fcitx'), ('XDG_VTNR', '7'), ('PWD', '/home/yuan/rm/code/Ros/my_ros2_control/build/motor_interface'), ('XDG_CONFIG_DIRS', '/etc/xdg/xdg-xfce:/etc/xdg:/etc/xdg'), ('CLUTTER_IM_MODULE', 'xim'), ('XDG_DATA_DIRS', '/usr/share/xfce4:/usr/local/share:/usr/share:/var/lib/snapd/desktop:/usr/share'), ('PYTHONPATH', '/opt/ros/humble/lib/python3.10/site-packages:/opt/ros/humble/local/lib/python3.10/dist-packages'), ('COLCON', '1'), ('CMAKE_PREFIX_PATH', '/home/yuan/rm/code/Ros/my_ros2_control/install/motor_interface:/opt/ros/humble')]), 'shell': False}
[0.087120] (motor_interface) StdoutLine: {'line': b'-- Found ament_cmake: 1.3.5 (/opt/ros/humble/share/ament_cmake/cmake)\n'}
[0.099329] (-) TimerEvent: {}
[0.199796] (-) TimerEvent: {}
[0.229140] (motor_interface) StdoutLine: {'line': b'-- Override CMake install command with custom implementation using symlinks instead of copying resources\n'}
[0.235796] (motor_interface) StdoutLine: {'line': b'-- Found hardware_interface: 2.31.0 (/opt/ros/humble/share/hardware_interface/cmake)\n'}
[0.262739] (motor_interface) StdoutLine: {'line': b'-- Found rosidl_generator_c: 3.1.5 (/opt/ros/humble/share/rosidl_generator_c/cmake)\n'}
[0.264716] (motor_interface) StdoutLine: {'line': b'-- Found rosidl_adapter: 3.1.5 (/opt/ros/humble/share/rosidl_adapter/cmake)\n'}
[0.270492] (motor_interface) StdoutLine: {'line': b'-- Found rosidl_generator_cpp: 3.1.5 (/opt/ros/humble/share/rosidl_generator_cpp/cmake)\n'}
[0.280266] (motor_interface) StdoutLine: {'line': b'-- Using all available rosidl_typesupport_c: rosidl_typesupport_fastrtps_c;rosidl_typesupport_introspection_c\n'}
[0.295545] (motor_interface) StdoutLine: {'line': b'-- Using all available rosidl_typesupport_cpp: rosidl_typesupport_fastrtps_cpp;rosidl_typesupport_introspection_cpp\n'}
[0.300016] (-) TimerEvent: {}
[0.400579] (-) TimerEvent: {}
[0.500995] (-) TimerEvent: {}
[0.601362] (-) TimerEvent: {}
[0.701879] (-) TimerEvent: {}
[0.802393] (-) TimerEvent: {}
[0.870827] (motor_interface) StdoutLine: {'line': b'-- Found rmw_implementation_cmake: 6.1.1 (/opt/ros/humble/share/rmw_implementation_cmake/cmake)\n'}
[0.871877] (motor_interface) StdoutLine: {'line': b'-- Found rmw_fastrtps_cpp: 6.2.4 (/opt/ros/humble/share/rmw_fastrtps_cpp/cmake)\n'}
[0.902541] (-) TimerEvent: {}
[1.003054] (-) TimerEvent: {}
[1.010215] (motor_interface) StdoutLine: {'line': b"-- Using RMW implementation 'rmw_fastrtps_cpp' as default\n"}
[1.103212] (-) TimerEvent: {}
[1.148006] (motor_interface) StdoutLine: {'line': b'-- /home/yuan/rm/code/Ros/my_ros2_control/src/motor_interface/include/motor_interface/can_instance.hpp/home/yuan/rm/code/Ros/my_ros2_control/src/motor_interface/include/motor_interface/motor.hpp/home/yuan/rm/code/Ros/my_ros2_control/src/motor_interface/include/motor_interface/motor_instance.hpp\n'}
[1.199538] (motor_interface) StdoutLine: {'line': b'-- Found ament_lint_auto: 0.12.8 (/opt/ros/humble/share/ament_lint_auto/cmake)\n'}
[1.203348] (-) TimerEvent: {}
[1.270229] (motor_interface) StdoutLine: {'line': b"-- Found gmock sources under '/opt/ros/humble/src/gmock_vendor': C++ tests using 'Google Mock' will be built\n"}
[1.273608] (motor_interface) StdoutLine: {'line': b'-- Found ament_cmake_gtest: 1.3.5 (/opt/ros/humble/share/ament_cmake_gtest/cmake)\n'}
[1.274433] (motor_interface) StdoutLine: {'line': b"-- Found gtest sources under '/opt/ros/humble/src/gtest_vendor': C++ tests using 'Google Test' will be built\n"}
[1.303488] (-) TimerEvent: {}
[1.335896] (motor_interface) StdoutLine: {'line': b"-- Added test 'cppcheck' to perform static code analysis on C / C++ code\n"}
[1.336390] (motor_interface) StdoutLine: {'line': b'-- Configured cppcheck include dirs: /home/yuan/rm/code/Ros/my_ros2_control/src/motor_interface/include/motor_interface;/home/yuan/rm/code/Ros/my_ros2_control/src/motor_interface/include\n'}
[1.336680] (motor_interface) StdoutLine: {'line': b'-- Configured cppcheck exclude dirs and/or files: \n'}
[1.336859] (motor_interface) StdoutLine: {'line': b"-- Added test 'flake8' to check Python code syntax and style conventions\n"}
[1.337141] (motor_interface) StdoutLine: {'line': b"-- Added test 'lint_cmake' to check CMake code style\n"}
[1.337509] (motor_interface) StdoutLine: {'line': b"-- Added test 'pep257' to check Python code against some of the docstring style conventions in PEP 257\n"}
[1.339017] (motor_interface) StdoutLine: {'line': b"-- Added test 'uncrustify' to check C / C++ code style\n"}
[1.339134] (motor_interface) StdoutLine: {'line': b'-- Configured uncrustify additional arguments: \n'}
[1.339437] (motor_interface) StdoutLine: {'line': b"-- Added test 'xmllint' to check XML markup files\n"}
[1.341933] (motor_interface) StdoutLine: {'line': b'-- Configuring done\n'}
[1.393793] (motor_interface) StdoutLine: {'line': b'-- Generating done\n'}
[1.396545] (motor_interface) StdoutLine: {'line': b'-- Build files have been written to: /home/yuan/rm/code/Ros/my_ros2_control/build/motor_interface\n'}
[1.403617] (-) TimerEvent: {}
[1.439606] (motor_interface) StdoutLine: {'line': b'\x1b[35m\x1b[1mConsolidate compiler generated dependencies of target gmock_main\x1b[0m\n'}
[1.439864] (motor_interface) StdoutLine: {'line': b'\x1b[35m\x1b[1mConsolidate compiler generated dependencies of target gmock\x1b[0m\n'}
[1.440061] (motor_interface) StdoutLine: {'line': b'\x1b[35m\x1b[1mConsolidate compiler generated dependencies of target motor_interface\x1b[0m\n'}
[1.460707] (motor_interface) StdoutLine: {'line': b'[ 27%] Built target gmock\n'}
[1.461028] (motor_interface) StdoutLine: {'line': b'[ 45%] Built target gmock_main\n'}
[1.464007] (motor_interface) StdoutLine: {'line': b'[ 54%] \x1b[32mBuilding CXX object CMakeFiles/motor_interface.dir/src/can_instance.cpp.o\x1b[0m\n'}
[1.465385] (motor_interface) StdoutLine: {'line': b'[ 63%] \x1b[32mBuilding CXX object CMakeFiles/motor_interface.dir/src/motor.cpp.o\x1b[0m\n'}
[1.467429] (motor_interface) StdoutLine: {'line': b'[ 72%] \x1b[32mBuilding CXX object CMakeFiles/motor_interface.dir/src/motor_instance.cpp.o\x1b[0m\n'}
[1.475645] (motor_interface) StdoutLine: {'line': b'\x1b[35m\x1b[1mConsolidate compiler generated dependencies of target test_motor\x1b[0m\n'}
[1.497511] (motor_interface) StdoutLine: {'line': b'[ 90%] Built target test_motor\n'}
[1.503760] (-) TimerEvent: {}
[1.604212] (-) TimerEvent: {}
[1.704674] (-) TimerEvent: {}
[1.705158] (motor_interface) StderrLine: {'line': b'In file included from \x1b[01m\x1b[K/home/yuan/rm/code/Ros/my_ros2_control/src/motor_interface/include/motor_interface/can_instance.hpp:12\x1b[m\x1b[K,\n'}
[1.705626] (motor_interface) StderrLine: {'line': b'                 from \x1b[01m\x1b[K/home/yuan/rm/code/Ros/my_ros2_control/src/motor_interface/src/can_instance.cpp:1\x1b[m\x1b[K:\n'}
[1.705749] (motor_interface) StderrLine: {'line': b'\x1b[01m\x1b[K/home/yuan/rm/code/Ros/my_ros2_control/src/motor_interface/include/motor_interface/motor_instance.hpp:6:1:\x1b[m\x1b[K \x1b[01;35m\x1b[Kwarning: \x1b[m\x1b[K\xe2\x80\x98\x1b[01m\x1b[Ktypedef\x1b[m\x1b[K\xe2\x80\x99 was ignored in this declaration\n'}
[1.705846] (motor_interface) StderrLine: {'line': b'    6 | \x1b[01;35m\x1b[Ktypedef\x1b[m\x1b[K enum Motor_Type\n'}
[1.705919] (motor_interface) StderrLine: {'line': b'      | \x1b[01;35m\x1b[K^~~~~~~\x1b[m\x1b[K\n'}
[1.705981] (motor_interface) StderrLine: {'line': b'\x1b[01m\x1b[K/home/yuan/rm/code/Ros/my_ros2_control/src/motor_interface/include/motor_interface/motor_instance.hpp:11:1:\x1b[m\x1b[K \x1b[01;35m\x1b[Kwarning: \x1b[m\x1b[K\xe2\x80\x98\x1b[01m\x1b[Ktypedef\x1b[m\x1b[K\xe2\x80\x99 was ignored in this declaration\n'}
[1.706046] (motor_interface) StderrLine: {'line': b'   11 | \x1b[01;35m\x1b[Ktypedef\x1b[m\x1b[K struct Motor_Data_Real\n'}
[1.706101] (motor_interface) StderrLine: {'line': b'      | \x1b[01;35m\x1b[K^~~~~~~\x1b[m\x1b[K\n'}
[1.706155] (motor_interface) StderrLine: {'line': b'\x1b[01m\x1b[K/home/yuan/rm/code/Ros/my_ros2_control/src/motor_interface/include/motor_interface/motor_instance.hpp:20:1:\x1b[m\x1b[K \x1b[01;35m\x1b[Kwarning: \x1b[m\x1b[K\xe2\x80\x98\x1b[01m\x1b[Ktypedef\x1b[m\x1b[K\xe2\x80\x99 was ignored in this declaration\n'}
[1.706220] (motor_interface) StderrLine: {'line': b'   20 | \x1b[01;35m\x1b[Ktypedef\x1b[m\x1b[K struct Motor_Data_Relate\n'}
[1.706275] (motor_interface) StderrLine: {'line': b'      | \x1b[01;35m\x1b[K^~~~~~~\x1b[m\x1b[K\n'}
[1.706327] (motor_interface) StderrLine: {'line': b'\x1b[01m\x1b[K/home/yuan/rm/code/Ros/my_ros2_control/src/motor_interface/include/motor_interface/motor_instance.hpp:27:1:\x1b[m\x1b[K \x1b[01;35m\x1b[Kwarning: \x1b[m\x1b[K\xe2\x80\x98\x1b[01m\x1b[Ktypedef\x1b[m\x1b[K\xe2\x80\x99 was ignored in this declaration\n'}
[1.706382] (motor_interface) StderrLine: {'line': b'   27 | \x1b[01;35m\x1b[Ktypedef\x1b[m\x1b[K struct Motor_Data_Set\n'}
[1.706438] (motor_interface) StderrLine: {'line': b'      | \x1b[01;35m\x1b[K^~~~~~~\x1b[m\x1b[K\n'}
[1.707185] (motor_interface) StderrLine: {'line': b'\x1b[01m\x1b[K/home/yuan/rm/code/Ros/my_ros2_control/src/motor_interface/src/can_instance.cpp:\x1b[m\x1b[K In constructor \xe2\x80\x98\x1b[01m\x1b[KCan_Instance::Can_Instance(std::string, const char*, uint16_t)\x1b[m\x1b[K\xe2\x80\x99:\n'}
[1.707313] (motor_interface) StderrLine: {'line': b'\x1b[01m\x1b[K/home/yuan/rm/code/Ros/my_ros2_control/src/motor_interface/src/can_instance.cpp:15:21:\x1b[m\x1b[K \x1b[01;35m\x1b[Kwarning: \x1b[m\x1b[Kmissing initializer for member \xe2\x80\x98\x1b[01m\x1b[Ksockaddr_in::sin_port\x1b[m\x1b[K\xe2\x80\x99 [\x1b[01;35m\x1b[K\x1b]8;;https://gcc.gnu.org/onlinedocs/gcc/Warning-Options.html#index-Wmissing-field-initializers\x07-Wmissing-field-initializers\x1b]8;;\x07\x1b[m\x1b[K]\n'}
[1.707402] (motor_interface) StderrLine: {'line': b'   15 |     serverAddr_ = {0\x1b[01;35m\x1b[K}\x1b[m\x1b[K;\n'}
[1.707483] (motor_interface) StderrLine: {'line': b'      |                     \x1b[01;35m\x1b[K^\x1b[m\x1b[K\n'}
[1.707562] (motor_interface) StderrLine: {'line': b'\x1b[01m\x1b[K/home/yuan/rm/code/Ros/my_ros2_control/src/motor_interface/src/can_instance.cpp:15:21:\x1b[m\x1b[K \x1b[01;35m\x1b[Kwarning: \x1b[m\x1b[Kmissing initializer for member \xe2\x80\x98\x1b[01m\x1b[Ksockaddr_in::sin_addr\x1b[m\x1b[K\xe2\x80\x99 [\x1b[01;35m\x1b[K\x1b]8;;https://gcc.gnu.org/onlinedocs/gcc/Warning-Options.html#index-Wmissing-field-initializers\x07-Wmissing-field-initializers\x1b]8;;\x07\x1b[m\x1b[K]\n'}
[1.707657] (motor_interface) StderrLine: {'line': b'\x1b[01m\x1b[K/home/yuan/rm/code/Ros/my_ros2_control/src/motor_interface/src/can_instance.cpp:15:21:\x1b[m\x1b[K \x1b[01;35m\x1b[Kwarning: \x1b[m\x1b[Kmissing initializer for member \xe2\x80\x98\x1b[01m\x1b[Ksockaddr_in::sin_zero\x1b[m\x1b[K\xe2\x80\x99 [\x1b[01;35m\x1b[K\x1b]8;;https://gcc.gnu.org/onlinedocs/gcc/Warning-Options.html#index-Wmissing-field-initializers\x07-Wmissing-field-initializers\x1b]8;;\x07\x1b[m\x1b[K]\n'}
[1.708242] (motor_interface) StderrLine: {'line': b'\x1b[01m\x1b[K/home/yuan/rm/code/Ros/my_ros2_control/src/motor_interface/src/can_instance.cpp:\x1b[m\x1b[K In member function \xe2\x80\x98\x1b[01m\x1b[Kvoid Can_Instance::Write()\x1b[m\x1b[K\xe2\x80\x99:\n'}
[1.708355] (motor_interface) StderrLine: {'line': b"\x1b[01m\x1b[K/home/yuan/rm/code/Ros/my_ros2_control/src/motor_interface/src/can_instance.cpp:109:33:\x1b[m\x1b[K \x1b[01;35m\x1b[Kwarning: \x1b[m\x1b[Koverflow in conversion from \xe2\x80\x98\x1b[01m\x1b[Kint\x1b[m\x1b[K\xe2\x80\x99 to \xe2\x80\x98\x1b[01m\x1b[Kchar\x1b[m\x1b[K\xe2\x80\x99 changes value from \xe2\x80\x98\x1b[01m\x1b[K255\x1b[m\x1b[K\xe2\x80\x99 to \xe2\x80\x98\x1b[01m\x1b[K'\\37777777777'\x1b[m\x1b[K\xe2\x80\x99 [\x1b[01;35m\x1b[K\x1b]8;;https://gcc.gnu.org/onlinedocs/gcc/Warning-Options.html#index-Woverflow\x07-Woverflow\x1b]8;;\x07\x1b[m\x1b[K]\n"}
[1.708441] (motor_interface) StderrLine: {'line': b'  109 |         write_buf_[4] = \x1b[01;35m\x1b[K(0x1ff) & 0xff\x1b[m\x1b[K;\n'}
[1.708515] (motor_interface) StderrLine: {'line': b'      |                         \x1b[01;35m\x1b[K~~~~~~~~^~~~~~\x1b[m\x1b[K\n'}
[1.710806] (motor_interface) StderrLine: {'line': b'In file included from \x1b[01m\x1b[K/home/yuan/rm/code/Ros/my_ros2_control/src/motor_interface/src/motor_instance.cpp:1\x1b[m\x1b[K:\n'}
[1.711017] (motor_interface) StderrLine: {'line': b'\x1b[01m\x1b[K/home/yuan/rm/code/Ros/my_ros2_control/src/motor_interface/include/motor_interface/motor_instance.hpp:6:1:\x1b[m\x1b[K \x1b[01;35m\x1b[Kwarning: \x1b[m\x1b[K\xe2\x80\x98\x1b[01m\x1b[Ktypedef\x1b[m\x1b[K\xe2\x80\x99 was ignored in this declaration\n'}
[1.711109] (motor_interface) StderrLine: {'line': b'    6 | \x1b[01;35m\x1b[Ktypedef\x1b[m\x1b[K enum Motor_Type\n'}
[1.711205] (motor_interface) StderrLine: {'line': b'      | \x1b[01;35m\x1b[K^~~~~~~\x1b[m\x1b[K\n'}
[1.711325] (motor_interface) StderrLine: {'line': b'\x1b[01m\x1b[K/home/yuan/rm/code/Ros/my_ros2_control/src/motor_interface/include/motor_interface/motor_instance.hpp:11:1:\x1b[m\x1b[K \x1b[01;35m\x1b[Kwarning: \x1b[m\x1b[K\xe2\x80\x98\x1b[01m\x1b[Ktypedef\x1b[m\x1b[K\xe2\x80\x99 was ignored in this declaration\n'}
[1.711444] (motor_interface) StderrLine: {'line': b'   11 | \x1b[01;35m\x1b[Ktypedef\x1b[m\x1b[K struct Motor_Data_Real\n'}
[1.711524] (motor_interface) StderrLine: {'line': b'      | \x1b[01;35m\x1b[K^~~~~~~\x1b[m\x1b[K\n'}
[1.711592] (motor_interface) StderrLine: {'line': b'\x1b[01m\x1b[K/home/yuan/rm/code/Ros/my_ros2_control/src/motor_interface/include/motor_interface/motor_instance.hpp:20:1:\x1b[m\x1b[K \x1b[01;35m\x1b[Kwarning: \x1b[m\x1b[K\xe2\x80\x98\x1b[01m\x1b[Ktypedef\x1b[m\x1b[K\xe2\x80\x99 was ignored in this declaration\n'}
[1.711666] (motor_interface) StderrLine: {'line': b'   20 | \x1b[01;35m\x1b[Ktypedef\x1b[m\x1b[K struct Motor_Data_Relate\n'}
[1.711733] (motor_interface) StderrLine: {'line': b'      | \x1b[01;35m\x1b[K^~~~~~~\x1b[m\x1b[K\n'}
[1.711799] (motor_interface) StderrLine: {'line': b'\x1b[01m\x1b[K/home/yuan/rm/code/Ros/my_ros2_control/src/motor_interface/include/motor_interface/motor_instance.hpp:27:1:\x1b[m\x1b[K \x1b[01;35m\x1b[Kwarning: \x1b[m\x1b[K\xe2\x80\x98\x1b[01m\x1b[Ktypedef\x1b[m\x1b[K\xe2\x80\x99 was ignored in this declaration\n'}
[1.711857] (motor_interface) StderrLine: {'line': b'   27 | \x1b[01;35m\x1b[Ktypedef\x1b[m\x1b[K struct Motor_Data_Set\n'}
[1.711931] (motor_interface) StderrLine: {'line': b'      | \x1b[01;35m\x1b[K^~~~~~~\x1b[m\x1b[K\n'}
[1.712301] (motor_interface) StderrLine: {'line': b'\x1b[01m\x1b[K/home/yuan/rm/code/Ros/my_ros2_control/src/motor_interface/src/motor_instance.cpp:\x1b[m\x1b[K In member function \xe2\x80\x98\x1b[01m\x1b[Kvoid Motor_Instance::Send_Data(uint8_t*)\x1b[m\x1b[K\xe2\x80\x99:\n'}
[1.712373] (motor_interface) StderrLine: {'line': b'\x1b[01m\x1b[K/home/yuan/rm/code/Ros/my_ros2_control/src/motor_interface/src/motor_instance.cpp:45:22:\x1b[m\x1b[K \x1b[01;35m\x1b[Kwarning: \x1b[m\x1b[Kcomparison of constant \xe2\x80\x98\x1b[01m\x1b[K516\x1b[m\x1b[K\xe2\x80\x99 with boolean expression is always true [\x1b[01;35m\x1b[K\x1b]8;;https://gcc.gnu.org/onlinedocs/gcc/Warning-Options.html#index-Wbool-compare\x07-Wbool-compare\x1b]8;;\x07\x1b[m\x1b[K]\n'}
[1.712477] (motor_interface) StderrLine: {'line': b'   45 |     if (\x1b[01;35m\x1b[K0x201 <= id_ <= 0x204\x1b[m\x1b[K)\n'}
[1.712537] (motor_interface) StderrLine: {'line': b'      |         \x1b[01;35m\x1b[K~~~~~~~~~~~~~^~~~~~~~\x1b[m\x1b[K\n'}
[1.712592] (motor_interface) StderrLine: {'line': b'\x1b[01m\x1b[K/home/yuan/rm/code/Ros/my_ros2_control/src/motor_interface/src/motor_instance.cpp:45:15:\x1b[m\x1b[K \x1b[01;35m\x1b[Kwarning: \x1b[m\x1b[Kcomparisons like \xe2\x80\x98\x1b[01m\x1b[KX<=Y<=Z\x1b[m\x1b[K\xe2\x80\x99 do not have their mathematical meaning [\x1b[01;35m\x1b[K\x1b]8;;https://gcc.gnu.org/onlinedocs/gcc/Warning-Options.html#index-Wparentheses\x07-Wparentheses\x1b]8;;\x07\x1b[m\x1b[K]\n'}
[1.712648] (motor_interface) StderrLine: {'line': b'   45 |     if (\x1b[01;35m\x1b[K0x201 <= id_\x1b[m\x1b[K <= 0x204)\n'}
[1.712700] (motor_interface) StderrLine: {'line': b'      |         \x1b[01;35m\x1b[K~~~~~~^~~~~~\x1b[m\x1b[K\n'}
[1.712763] (motor_interface) StderrLine: {'line': b'\x1b[01m\x1b[K/home/yuan/rm/code/Ros/my_ros2_control/src/motor_interface/src/motor_instance.cpp:50:27:\x1b[m\x1b[K \x1b[01;35m\x1b[Kwarning: \x1b[m\x1b[Kcomparison of constant \xe2\x80\x98\x1b[01m\x1b[K520\x1b[m\x1b[K\xe2\x80\x99 with boolean expression is always true [\x1b[01;35m\x1b[K\x1b]8;;https://gcc.gnu.org/onlinedocs/gcc/Warning-Options.html#index-Wbool-compare\x07-Wbool-compare\x1b]8;;\x07\x1b[m\x1b[K]\n'}
[1.712851] (motor_interface) StderrLine: {'line': b'   50 |     else if (\x1b[01;35m\x1b[K0x205 <= id_ <= 0x208\x1b[m\x1b[K)\n'}
[1.712940] (motor_interface) StderrLine: {'line': b'      |              \x1b[01;35m\x1b[K~~~~~~~~~~~~~^~~~~~~~\x1b[m\x1b[K\n'}
[1.713021] (motor_interface) StderrLine: {'line': b'\x1b[01m\x1b[K/home/yuan/rm/code/Ros/my_ros2_control/src/motor_interface/src/motor_instance.cpp:50:20:\x1b[m\x1b[K \x1b[01;35m\x1b[Kwarning: \x1b[m\x1b[Kcomparisons like \xe2\x80\x98\x1b[01m\x1b[KX<=Y<=Z\x1b[m\x1b[K\xe2\x80\x99 do not have their mathematical meaning [\x1b[01;35m\x1b[K\x1b]8;;https://gcc.gnu.org/onlinedocs/gcc/Warning-Options.html#index-Wparentheses\x07-Wparentheses\x1b]8;;\x07\x1b[m\x1b[K]\n'}
[1.713117] (motor_interface) StderrLine: {'line': b'   50 |     else if (\x1b[01;35m\x1b[K0x205 <= id_\x1b[m\x1b[K <= 0x208)\n'}
[1.713202] (motor_interface) StderrLine: {'line': b'      |              \x1b[01;35m\x1b[K~~~~~~^~~~~~\x1b[m\x1b[K\n'}
[1.804846] (-) TimerEvent: {}
[1.905281] (-) TimerEvent: {}
[2.005677] (-) TimerEvent: {}
[2.106160] (-) TimerEvent: {}
[2.206636] (-) TimerEvent: {}
[2.307018] (-) TimerEvent: {}
[2.407481] (-) TimerEvent: {}
[2.507857] (-) TimerEvent: {}
[2.608313] (-) TimerEvent: {}
[2.708647] (-) TimerEvent: {}
[2.808898] (-) TimerEvent: {}
[2.909251] (-) TimerEvent: {}
[3.009529] (-) TimerEvent: {}
[3.109819] (-) TimerEvent: {}
[3.210274] (-) TimerEvent: {}
[3.310893] (-) TimerEvent: {}
[3.411245] (-) TimerEvent: {}
[3.511561] (-) TimerEvent: {}
[3.611909] (-) TimerEvent: {}
[3.712247] (-) TimerEvent: {}
[3.812573] (-) TimerEvent: {}
[3.912897] (-) TimerEvent: {}
[4.013212] (-) TimerEvent: {}
[4.113517] (-) TimerEvent: {}
[4.213825] (-) TimerEvent: {}
[4.314134] (-) TimerEvent: {}
[4.414633] (-) TimerEvent: {}
[4.486891] (motor_interface) StderrLine: {'line': b'In file included from \x1b[01m\x1b[K/opt/ros/humble/include/rclcpp/rclcpp/logging.hpp:24\x1b[m\x1b[K,\n'}
[4.523977] (-) TimerEvent: {}
[4.524115] (motor_interface) StderrLine: {'line': b'                 from \x1b[01m\x1b[K/opt/ros/humble/include/rclcpp/rclcpp/client.hpp:40\x1b[m\x1b[K,\n'}
[4.524213] (motor_interface) StderrLine: {'line': b'                 from \x1b[01m\x1b[K/opt/ros/humble/include/rclcpp/rclcpp/callback_group.hpp:24\x1b[m\x1b[K,\n'}
[4.524277] (motor_interface) StderrLine: {'line': b'                 from \x1b[01m\x1b[K/opt/ros/humble/include/rclcpp/rclcpp/any_executable.hpp:20\x1b[m\x1b[K,\n'}
[4.524335] (motor_interface) StderrLine: {'line': b'                 from \x1b[01m\x1b[K/opt/ros/humble/include/rclcpp/rclcpp/memory_strategy.hpp:25\x1b[m\x1b[K,\n'}
[4.524390] (motor_interface) StderrLine: {'line': b'                 from \x1b[01m\x1b[K/opt/ros/humble/include/rclcpp/rclcpp/memory_strategies.hpp:18\x1b[m\x1b[K,\n'}
[4.524445] (motor_interface) StderrLine: {'line': b'                 from \x1b[01m\x1b[K/opt/ros/humble/include/rclcpp/rclcpp/executor_options.hpp:20\x1b[m\x1b[K,\n'}
[4.524523] (motor_interface) StderrLine: {'line': b'                 from \x1b[01m\x1b[K/opt/ros/humble/include/rclcpp/rclcpp/executor.hpp:37\x1b[m\x1b[K,\n'}
[4.524586] (motor_interface) StderrLine: {'line': b'                 from \x1b[01m\x1b[K/opt/ros/humble/include/rclcpp/rclcpp/executors/multi_threaded_executor.hpp:25\x1b[m\x1b[K,\n'}
[4.524642] (motor_interface) StderrLine: {'line': b'                 from \x1b[01m\x1b[K/opt/ros/humble/include/rclcpp/rclcpp/executors.hpp:21\x1b[m\x1b[K,\n'}
[4.524715] (motor_interface) StderrLine: {'line': b'                 from \x1b[01m\x1b[K/opt/ros/humble/include/rclcpp/rclcpp/rclcpp.hpp:155\x1b[m\x1b[K,\n'}
[4.524776] (motor_interface) StderrLine: {'line': b'                 from \x1b[01m\x1b[K/home/yuan/rm/code/Ros/my_ros2_control/src/motor_interface/src/motor.cpp:20\x1b[m\x1b[K:\n'}
[4.524843] (motor_interface) StderrLine: {'line': b'\x1b[01m\x1b[K/home/yuan/rm/code/Ros/my_ros2_control/src/motor_interface/src/motor.cpp:\x1b[m\x1b[K In member function \xe2\x80\x98\x1b[01m\x1b[Kvirtual hardware_interface::CallbackReturn motor_interface::Motor::on_init(const hardware_interface::HardwareInfo&)\x1b[m\x1b[K\xe2\x80\x99:\n'}
[4.524909] (motor_interface) StderrLine: {'line': b'\x1b[01m\x1b[K/home/yuan/rm/code/Ros/my_ros2_control/src/motor_interface/src/motor.cpp:42:58:\x1b[m\x1b[K \x1b[01;35m\x1b[Kwarning: \x1b[m\x1b[Kformat \xe2\x80\x98\x1b[01m\x1b[K%d\x1b[m\x1b[K\xe2\x80\x99 expects argument of type \xe2\x80\x98\x1b[01m\x1b[Kint\x1b[m\x1b[K\xe2\x80\x99, but argument 5 has type \xe2\x80\x98\x1b[01m\x1b[Kstd::vector<hardware_interface::InterfaceInfo>::size_type\x1b[m\x1b[K\xe2\x80\x99 {aka \xe2\x80\x98\x1b[01m\x1b[Klong unsigned int\x1b[m\x1b[K\xe2\x80\x99} [\x1b[01;35m\x1b[K\x1b]8;;https://gcc.gnu.org/onlinedocs/gcc/Warning-Options.html#index-Wformat=\x07-Wformat=\x1b]8;;\x07\x1b[m\x1b[K]\n'}
[4.524977] (motor_interface) StderrLine: {'line': b'   42 |       RCLCPP_INFO(rclcpp::get_logger("motor_interface"), \x1b[01;35m\x1b[K"joint.command_interfaces.size=%d \\n"\x1b[m\x1b[K, \x1b[32m\x1b[Kjoint.command_interfaces.size()\x1b[m\x1b[K);\n'}
[4.525032] (motor_interface) StderrLine: {'line': b'      |                                                          \x1b[01;35m\x1b[K^~~~~~~~~~~~~~~~~~~~~~~~~~~~~~~~~~~~~\x1b[m\x1b[K  \x1b[32m\x1b[K~~~~~~~~~~~~~~~~~~~~~~~~~~~~~~~\x1b[m\x1b[K\n'}
[4.525084] (motor_interface) StderrLine: {'line': b'      |                                                                                                                              \x1b[32m\x1b[K|\x1b[m\x1b[K\n'}
[4.525136] (motor_interface) StderrLine: {'line': b'      |                                                                                                                              \x1b[32m\x1b[Kstd::vector<hardware_interface::InterfaceInfo>::size_type {aka long unsigned int}\x1b[m\x1b[K\n'}
[4.525193] (motor_interface) StderrLine: {'line': b'\x1b[01m\x1b[K/home/yuan/rm/code/Ros/my_ros2_control/src/motor_interface/src/motor.cpp:42:90:\x1b[m\x1b[K \x1b[01;36m\x1b[Knote: \x1b[m\x1b[Kformat string is defined here\n'}
[4.525247] (motor_interface) StderrLine: {'line': b'   42 |       RCLCPP_INFO(rclcpp::get_logger("motor_interface"), "joint.command_interfaces.size=\x1b[01;36m\x1b[K%d\x1b[m\x1b[K \\n", joint.command_interfaces.size());\n'}
[4.525299] (motor_interface) StderrLine: {'line': b'      |                                                                                         \x1b[01;36m\x1b[K~^\x1b[m\x1b[K\n'}
[4.525350] (motor_interface) StderrLine: {'line': b'      |                                                                                          \x1b[01;36m\x1b[K|\x1b[m\x1b[K\n'}
[4.525401] (motor_interface) StderrLine: {'line': b'      |                                                                                          \x1b[01;36m\x1b[Kint\x1b[m\x1b[K\n'}
[4.525452] (motor_interface) StderrLine: {'line': b'      |                                                                                         \x1b[32m\x1b[K%ld\x1b[m\x1b[K\n'}
[4.525504] (motor_interface) StderrLine: {'line': b'In file included from \x1b[01m\x1b[K/opt/ros/humble/include/rclcpp/rclcpp/logging.hpp:24\x1b[m\x1b[K,\n'}
[4.525555] (motor_interface) StderrLine: {'line': b'                 from \x1b[01m\x1b[K/opt/ros/humble/include/rclcpp/rclcpp/client.hpp:40\x1b[m\x1b[K,\n'}
[4.525605] (motor_interface) StderrLine: {'line': b'                 from \x1b[01m\x1b[K/opt/ros/humble/include/rclcpp/rclcpp/callback_group.hpp:24\x1b[m\x1b[K,\n'}
[4.525655] (motor_interface) StderrLine: {'line': b'                 from \x1b[01m\x1b[K/opt/ros/humble/include/rclcpp/rclcpp/any_executable.hpp:20\x1b[m\x1b[K,\n'}
[4.525705] (motor_interface) StderrLine: {'line': b'                 from \x1b[01m\x1b[K/opt/ros/humble/include/rclcpp/rclcpp/memory_strategy.hpp:25\x1b[m\x1b[K,\n'}
[4.525754] (motor_interface) StderrLine: {'line': b'                 from \x1b[01m\x1b[K/opt/ros/humble/include/rclcpp/rclcpp/memory_strategies.hpp:18\x1b[m\x1b[K,\n'}
[4.525804] (motor_interface) StderrLine: {'line': b'                 from \x1b[01m\x1b[K/opt/ros/humble/include/rclcpp/rclcpp/executor_options.hpp:20\x1b[m\x1b[K,\n'}
[4.525855] (motor_interface) StderrLine: {'line': b'                 from \x1b[01m\x1b[K/opt/ros/humble/include/rclcpp/rclcpp/executor.hpp:37\x1b[m\x1b[K,\n'}
[4.525944] (motor_interface) StderrLine: {'line': b'                 from \x1b[01m\x1b[K/opt/ros/humble/include/rclcpp/rclcpp/executors/multi_threaded_executor.hpp:25\x1b[m\x1b[K,\n'}
[4.526033] (motor_interface) StderrLine: {'line': b'                 from \x1b[01m\x1b[K/opt/ros/humble/include/rclcpp/rclcpp/executors.hpp:21\x1b[m\x1b[K,\n'}
[4.526098] (motor_interface) StderrLine: {'line': b'                 from \x1b[01m\x1b[K/opt/ros/humble/include/rclcpp/rclcpp/rclcpp.hpp:155\x1b[m\x1b[K,\n'}
[4.526172] (motor_interface) StderrLine: {'line': b'                 from \x1b[01m\x1b[K/home/yuan/rm/code/Ros/my_ros2_control/src/motor_interface/src/motor.cpp:20\x1b[m\x1b[K:\n'}
[4.526227] (motor_interface) StderrLine: {'line': b'\x1b[01m\x1b[K/home/yuan/rm/code/Ros/my_ros2_control/src/motor_interface/src/motor.cpp:45:58:\x1b[m\x1b[K \x1b[01;35m\x1b[Kwarning: \x1b[m\x1b[Kformat \xe2\x80\x98\x1b[01m\x1b[K%d\x1b[m\x1b[K\xe2\x80\x99 expects argument of type \xe2\x80\x98\x1b[01m\x1b[Kint\x1b[m\x1b[K\xe2\x80\x99, but argument 5 has type \xe2\x80\x98\x1b[01m\x1b[Kstd::vector<hardware_interface::InterfaceInfo>::size_type\x1b[m\x1b[K\xe2\x80\x99 {aka \xe2\x80\x98\x1b[01m\x1b[Klong unsigned int\x1b[m\x1b[K\xe2\x80\x99} [\x1b[01;35m\x1b[K\x1b]8;;https://gcc.gnu.org/onlinedocs/gcc/Warning-Options.html#index-Wformat=\x07-Wformat=\x1b]8;;\x07\x1b[m\x1b[K]\n'}
[4.526282] (motor_interface) StderrLine: {'line': b'   45 |       RCLCPP_INFO(rclcpp::get_logger("motor_interface"), \x1b[01;35m\x1b[K"joint.state_interfaces.size=%d \\n"\x1b[m\x1b[K, \x1b[32m\x1b[Kjoint.state_interfaces.size()\x1b[m\x1b[K);\n'}
[4.526343] (motor_interface) StderrLine: {'line': b'      |                                                          \x1b[01;35m\x1b[K^~~~~~~~~~~~~~~~~~~~~~~~~~~~~~~~~~~\x1b[m\x1b[K  \x1b[32m\x1b[K~~~~~~~~~~~~~~~~~~~~~~~~~~~~~\x1b[m\x1b[K\n'}
[4.526397] (motor_interface) StderrLine: {'line': b'      |                                                                                                                          \x1b[32m\x1b[K|\x1b[m\x1b[K\n'}
[4.526449] (motor_interface) StderrLine: {'line': b'      |                                                                                                                          \x1b[32m\x1b[Kstd::vector<hardware_interface::InterfaceInfo>::size_type {aka long unsigned int}\x1b[m\x1b[K\n'}
[4.526504] (motor_interface) StderrLine: {'line': b'\x1b[01m\x1b[K/home/yuan/rm/code/Ros/my_ros2_control/src/motor_interface/src/motor.cpp:45:88:\x1b[m\x1b[K \x1b[01;36m\x1b[Knote: \x1b[m\x1b[Kformat string is defined here\n'}
[4.526556] (motor_interface) StderrLine: {'line': b'   45 |       RCLCPP_INFO(rclcpp::get_logger("motor_interface"), "joint.state_interfaces.size=\x1b[01;36m\x1b[K%d\x1b[m\x1b[K \\n", joint.state_interfaces.size());\n'}
[4.526607] (motor_interface) StderrLine: {'line': b'      |                                                                                       \x1b[01;36m\x1b[K~^\x1b[m\x1b[K\n'}
[4.526658] (motor_interface) StderrLine: {'line': b'      |                                                                                        \x1b[01;36m\x1b[K|\x1b[m\x1b[K\n'}
[4.526708] (motor_interface) StderrLine: {'line': b'      |                                                                                        \x1b[01;36m\x1b[Kint\x1b[m\x1b[K\n'}
[4.526756] (motor_interface) StderrLine: {'line': b'      |                                                                                       \x1b[32m\x1b[K%ld\x1b[m\x1b[K\n'}
[4.526805] (motor_interface) StderrLine: {'line': b'\x1b[01m\x1b[K/home/yuan/rm/code/Ros/my_ros2_control/src/motor_interface/src/motor.cpp:\x1b[m\x1b[K In member function \xe2\x80\x98\x1b[01m\x1b[Kvirtual std::vector<hardware_interface::StateInterface> motor_interface::Motor::export_state_interfaces()\x1b[m\x1b[K\xe2\x80\x99:\n'}
[4.526862] (motor_interface) StderrLine: {'line': b'\x1b[01m\x1b[K/home/yuan/rm/code/Ros/my_ros2_control/src/motor_interface/src/motor.cpp:66:70:\x1b[m\x1b[K \x1b[01;31m\x1b[Kerror: \x1b[m\x1b[K\xe2\x80\x98\x1b[01m\x1b[Khw_states_\x1b[m\x1b[K\xe2\x80\x99 was not declared in this scope\n'}
[4.526913] (motor_interface) StderrLine: {'line': b'   66 |           info_.joints[i].name, hardware_interface::HW_IF_POSITION, &\x1b[01;31m\x1b[Khw_states_\x1b[m\x1b[K[i]));\n'}
[4.526962] (motor_interface) StderrLine: {'line': b'      |                                                                      \x1b[01;31m\x1b[K^~~~~~~~~~\x1b[m\x1b[K\n'}
[4.527012] (motor_interface) StderrLine: {'line': b'\x1b[01m\x1b[K/home/yuan/rm/code/Ros/my_ros2_control/src/motor_interface/src/motor.cpp:\x1b[m\x1b[K In member function \xe2\x80\x98\x1b[01m\x1b[Kvirtual std::vector<hardware_interface::CommandInterface> motor_interface::Motor::export_command_interfaces()\x1b[m\x1b[K\xe2\x80\x99:\n'}
[4.527068] (motor_interface) StderrLine: {'line': b'\x1b[01m\x1b[K/home/yuan/rm/code/Ros/my_ros2_control/src/motor_interface/src/motor.cpp:79:70:\x1b[m\x1b[K \x1b[01;31m\x1b[Kerror: \x1b[m\x1b[K\xe2\x80\x98\x1b[01m\x1b[Khw_commands_\x1b[m\x1b[K\xe2\x80\x99 was not declared in this scope\n'}
[4.527118] (motor_interface) StderrLine: {'line': b'   79 |           info_.joints[i].name, hardware_interface::HW_IF_POSITION, &\x1b[01;31m\x1b[Khw_commands_\x1b[m\x1b[K[i]));\n'}
[4.527168] (motor_interface) StderrLine: {'line': b'      |                                                                      \x1b[01;31m\x1b[K^~~~~~~~~~~~\x1b[m\x1b[K\n'}
[4.624225] (-) TimerEvent: {}
[4.724949] (-) TimerEvent: {}
[4.825382] (-) TimerEvent: {}
[4.925820] (-) TimerEvent: {}
[5.026178] (-) TimerEvent: {}
[5.126603] (-) TimerEvent: {}
[5.226916] (-) TimerEvent: {}
[5.327221] (-) TimerEvent: {}
[5.427530] (-) TimerEvent: {}
[5.527834] (-) TimerEvent: {}
[5.628171] (-) TimerEvent: {}
[5.646892] (motor_interface) StderrLine: {'line': b'gmake[2]: *** [CMakeFiles/motor_interface.dir/build.make:90\xef\xbc\x9aCMakeFiles/motor_interface.dir/src/motor.cpp.o] \xe9\x94\x99\xe8\xaf\xaf 1\n'}
[5.647275] (motor_interface) StderrLine: {'line': b'gmake[1]: *** [CMakeFiles/Makefile2:176\xef\xbc\x9aCMakeFiles/motor_interface.dir/all] \xe9\x94\x99\xe8\xaf\xaf 2\n'}
[5.647610] (motor_interface) StderrLine: {'line': b'gmake: *** [Makefile:146\xef\xbc\x9aall] \xe9\x94\x99\xe8\xaf\xaf 2\n'}
[5.651131] (motor_interface) CommandEnded: {'returncode': 2}
[5.728962] (-) TimerEvent: {}
[5.760869] (motor_interface) JobEnded: {'identifier': 'motor_interface', 'rc': 2}
[5.771376] (-) EventReactorShutdown: {}
