[0.000000] (-) TimerEvent: {}
[0.000135] (gimbal_controller) JobQueued: {'identifier': 'gimbal_controller', 'dependencies': OrderedDict()}
[0.000180] (motor_interface) JobQueued: {'identifier': 'motor_interface', 'dependencies': OrderedDict()}
[0.000205] (gimbal_controller) JobStarted: {'identifier': 'gimbal_controller'}
[0.045385] (motor_interface) JobStarted: {'identifier': 'motor_interface'}
[0.089831] (gimbal_controller) JobProgress: {'identifier': 'gimbal_controller', 'progress': 'cmake'}
[0.090421] (gimbal_controller) JobProgress: {'identifier': 'gimbal_controller', 'progress': 'build'}
[0.091096] (gimbal_controller) Command: {'cmd': ['/usr/bin/cmake', '--build', '/home/yuan/rm/code/Ros/my_ros2_control/build/gimbal_controller', '--', '-j16', '-l16'], 'cwd': '/home/yuan/rm/code/Ros/my_ros2_control/build/gimbal_controller', 'env': OrderedDict([('RAW_TERMINAL_COLOR_LIGHT_CYAN', '\x1b[1;36m'), ('LESSOPEN', '| /usr/bin/lesspipe %s'), ('LANGUAGE', 'zh_CN:zh'), ('USER', 'yuan'), ('XDG_SEAT', 'seat0'), ('TERMINAL_COLOR_USER_INPUT_DECISION', '\\e[0;35m'), ('SSH_AGENT_PID', '1225'), ('XDG_SESSION_TYPE', 'x11'), ('GIT_ASKPASS', '/usr/share/code/resources/app/extensions/git/dist/askpass.sh'), ('STM32CubeMX_PATH', '/home/yuan/app/stm32cubemx/software'), ('TERMINAL_COLOR_GREEN', '\\e[0;32m'), ('RAW_TERMINAL_COLOR_WHITE', '\x1b[1;37m'), ('RAW_TERMINAL_COLOR_GRAY', '\x1b[1;30m'), ('SHLVL', '1'), ('LD_LIBRARY_PATH', '/home/yuan/rm/code/Ros/my_ros2_control/install/motor_interface/lib:/home/yuan/rm/code/Ros/my_ros2_control/install/gimbal_controller/lib:/opt/ros/humble/opt/rviz_ogre_vendor/lib:/opt/ros/humble/lib/x86_64-linux-gnu:/opt/ros/humble/lib'), ('HOME', '/home/yuan'), ('CHROME_DESKTOP', 'code-url-handler.desktop'), ('ROS_WS_CACHE_SOURCED_TIME', '0'), ('OLDPWD', '/home/yuan/rm/code/Ros/my_ros2_control'), ('TERM_PROGRAM_VERSION', '1.83.1'), ('DESKTOP_SESSION', 'xfce'), ('TERMINAL_COLOR_LIGHT_GREEN', '\\e[1;32m'), ('RAW_TERMINAL_COLOR_BLACK', '\x1b[0;30m'), ('RAW_TERMINAL_COLOR_LIGHT_GRAY', '\x1b[0;37m'), ('GIO_LAUNCHED_DESKTOP_FILE', '/usr/share/applications/code.desktop'), ('ROS_PYTHON_VERSION', '3'), ('XDG_SEAT_PATH', '/org/freedesktop/DisplayManager/Seat0'), ('TERMINAL_COLOR_BLUE', '\\e[0;34m'), ('VSCODE_GIT_ASKPASS_MAIN', '/usr/share/code/resources/app/extensions/git/dist/askpass-main.js'), ('TERMINAL_COLOR_RED', '\\e[0;31m'), ('VSCODE_GIT_ASKPASS_NODE', '/usr/share/code/code'), ('DBUS_SESSION_BUS_ADDRESS', 'unix:path=/run/user/1000/bus'), ('COLORTERM', 'truecolor'), ('TERMINAL_COLOR_LIGHT_BLUE', '\\e[1;34m'), ('TERMINAL_COLOR_CYAN', '\\e[0;36m'), ('RAW_TERMINAL_COLOR_BROWN', '\x1b[0;33m'), ('GIO_LAUNCHED_DESKTOP_FILE_PID', '2914'), ('TERMINAL_COLOR_LIGHT_RED', '\\e[1;31m'), ('RAW_TERMINAL_COLOR_PURPLE', '\x1b[0;35m'), ('COLCON_PREFIX_PATH', '/home/yuan/rm/code/Ros/my_ros2_control/install'), ('ROS_DISTRO', 'humble'), ('TERMINAL_COLOR_NC', '\\e[0m'), ('GTK_IM_MODULE', 'fcitx'), ('TERMINAL_COLOR_LIGHT_CYAN', '\\e[1;36m'), ('LOGNAME', 'yuan'), ('_', '/usr/bin/colcon'), ('ROS_VERSION', '2'), ('XDG_SESSION_CLASS', 'user'), ('RAW_TERMINAL_COLOR_LIGHT_PURPLE', '\x1b[1;35m'), ('RAW_TERMINAL_COLOR_YELLOW', '\x1b[1;33m'), ('TERMINAL_COLOR_USER_CONFIRMATION', '\\e[0;34m'), ('TERM', 'xterm-256color'), ('XDG_SESSION_ID', 'c1'), ('ROS_LOCALHOST_ONLY', '0'), ('TERMINAL_COLOR_WHITE', '\\e[1;37m'), ('TERMINAL_COLOR_GRAY', '\\e[1;30m'), ('PATH', '/home/yuan/rm/arm-gnu-toolchain-12.3.rel1-x86_64-arm-none-eabi/bin:/opt/ros/humble/bin:/usr/local/sbin:/usr/local/bin:/usr/sbin:/usr/bin:/sbin:/bin:/usr/games:/usr/local/games:/snap/bin:/home/yuan/.dotnet/tools:/home/yuan/.fzf/bin'), ('SESSION_MANAGER', 'local/yuan:@/tmp/.ICE-unix/1053,unix/yuan:/tmp/.ICE-unix/1053'), ('GDM_LANG', 'zh_CN'), ('XDG_SESSION_PATH', '/org/freedesktop/DisplayManager/Session0'), ('XDG_MENU_PREFIX', 'xfce-'), ('XDG_RUNTIME_DIR', '/run/user/1000'), ('GDK_BACKEND', 'x11'), ('RTW_COLOR_NOTIFY_USER', '\\e[1;33m'), ('TERMINAL_COLOR_LIGHT_GRAY', '\\e[0;37m'), ('TERMINAL_COLOR_BLACK', '\\e[0;30m'), ('DISPLAY', ':0.0'), ('LANG', 'zh_CN.UTF-8'), ('XDG_CURRENT_DESKTOP', 'XFCE'), ('DOTNET_BUNDLE_EXTRACT_BASE_DIR', '/home/yuan/.cache/dotnet_bundle_extract'), ('XMODIFIERS', '@im=fcitx'), ('XDG_SESSION_DESKTOP', 'xfce'), ('XAUTHORITY', '/home/yuan/.Xauthority'), ('LS_COLORS', ''), ('VSCODE_GIT_IPC_HANDLE', '/run/user/1000/vscode-git-be293a297e.sock'), ('TERM_PROGRAM', 'vscode'), ('SSH_AUTH_SOCK', '/tmp/ssh-XXXXXXEQuJH2/agent.1224'), ('GSETTINGS_SCHEMA_DIR', '/home/yuan/data'), ('XDG_GREETER_DATA_DIR', '/var/lib/lightdm-data/yuan'), ('AMENT_PREFIX_PATH', '/home/yuan/rm/code/Ros/my_ros2_control/install/motor_interface:/home/yuan/rm/code/Ros/my_ros2_control/install/gimbal_controller:/opt/ros/humble'), ('ORIGINAL_XDG_CURRENT_DESKTOP', 'XFCE'), ('SHELL', '/bin/bash'), ('TERMINAL_COLOR_BROWN', '\\e[0;33m'), ('QT_ACCESSIBILITY', '1'), ('RAW_TERMINAL_COLOR_GREEN', '\x1b[0;32m'), ('GDMSESSION', 'xfce'), ('LESSCLOSE', '/usr/bin/lesspipe %s %s'), ('TERMINAL_COLOR_PURPLE', '\\e[0;35m'), ('RAW_TERMINAL_COLOR_LIGHT_GREEN', '\x1b[1;32m'), ('TERMINAL_COLOR_USER_NOTICE', '\\e[1;33m'), ('VSCODE_GIT_ASKPASS_EXTRA_ARGS', '--ms-enable-electron-run-as-node'), ('QT_IM_MODULE', 'fcitx'), ('XDG_VTNR', '7'), ('TERMINAL_COLOR_LIGHT_PURPLE', '\\e[1;35m'), ('TERMINAL_COLOR_YELLOW', '\\e[1;33m'), ('PWD', '/home/yuan/rm/code/Ros/my_ros2_control/build/gimbal_controller'), ('RAW_TERMINAL_COLOR_BLUE', '\x1b[0;34m'), ('XDG_CONFIG_DIRS', '/etc/xdg/xdg-xfce:/etc/xdg:/etc/xdg'), ('RAW_TERMINAL_COLOR_RED', '\x1b[0;31m'), ('CLUTTER_IM_MODULE', 'xim'), ('XDG_DATA_DIRS', '/usr/share/xfce4:/usr/local/share:/usr/share:/var/lib/snapd/desktop:/usr/share'), ('PYTHONPATH', '/opt/ros/humble/lib/python3.10/site-packages:/opt/ros/humble/local/lib/python3.10/dist-packages'), ('RAW_TERMINAL_COLOR_CYAN', '\x1b[0;36m'), ('RAW_TERMINAL_COLOR_LIGHT_BLUE', '\x1b[1;34m'), ('RTW_COLOR_ERROR', '\\e[0;31m'), ('COLCON', '1'), ('RAW_TERMINAL_COLOR_LIGHT_RED', '\x1b[1;31m'), ('CMAKE_PREFIX_PATH', '/home/yuan/rm/code/Ros/my_ros2_control/install/test:/home/yuan/rm/code/Ros/my_ros2_control/install/motor_interface:/home/yuan/rm/code/Ros/my_ros2_control/install/gimbal_controller:/opt/ros/humble'), ('RAW_TERMINAL_COLOR_NC', '\x1b[0m')]), 'shell': False}
[0.094003] (motor_interface) JobProgress: {'identifier': 'motor_interface', 'progress': 'cmake'}
[0.094453] (motor_interface) JobProgress: {'identifier': 'motor_interface', 'progress': 'build'}
[0.094633] (motor_interface) Command: {'cmd': ['/usr/bin/cmake', '--build', '/home/yuan/rm/code/Ros/my_ros2_control/build/motor_interface', '--', '-j16', '-l16'], 'cwd': '/home/yuan/rm/code/Ros/my_ros2_control/build/motor_interface', 'env': OrderedDict([('RAW_TERMINAL_COLOR_LIGHT_CYAN', '\x1b[1;36m'), ('LESSOPEN', '| /usr/bin/lesspipe %s'), ('LANGUAGE', 'zh_CN:zh'), ('USER', 'yuan'), ('XDG_SEAT', 'seat0'), ('TERMINAL_COLOR_USER_INPUT_DECISION', '\\e[0;35m'), ('SSH_AGENT_PID', '1225'), ('XDG_SESSION_TYPE', 'x11'), ('GIT_ASKPASS', '/usr/share/code/resources/app/extensions/git/dist/askpass.sh'), ('STM32CubeMX_PATH', '/home/yuan/app/stm32cubemx/software'), ('TERMINAL_COLOR_GREEN', '\\e[0;32m'), ('RAW_TERMINAL_COLOR_WHITE', '\x1b[1;37m'), ('RAW_TERMINAL_COLOR_GRAY', '\x1b[1;30m'), ('SHLVL', '1'), ('LD_LIBRARY_PATH', '/home/yuan/rm/code/Ros/my_ros2_control/install/motor_interface/lib:/home/yuan/rm/code/Ros/my_ros2_control/install/gimbal_controller/lib:/opt/ros/humble/opt/rviz_ogre_vendor/lib:/opt/ros/humble/lib/x86_64-linux-gnu:/opt/ros/humble/lib'), ('HOME', '/home/yuan'), ('CHROME_DESKTOP', 'code-url-handler.desktop'), ('ROS_WS_CACHE_SOURCED_TIME', '0'), ('OLDPWD', '/home/yuan/rm/code/Ros/my_ros2_control'), ('TERM_PROGRAM_VERSION', '1.83.1'), ('DESKTOP_SESSION', 'xfce'), ('TERMINAL_COLOR_LIGHT_GREEN', '\\e[1;32m'), ('RAW_TERMINAL_COLOR_BLACK', '\x1b[0;30m'), ('RAW_TERMINAL_COLOR_LIGHT_GRAY', '\x1b[0;37m'), ('GIO_LAUNCHED_DESKTOP_FILE', '/usr/share/applications/code.desktop'), ('ROS_PYTHON_VERSION', '3'), ('XDG_SEAT_PATH', '/org/freedesktop/DisplayManager/Seat0'), ('TERMINAL_COLOR_BLUE', '\\e[0;34m'), ('VSCODE_GIT_ASKPASS_MAIN', '/usr/share/code/resources/app/extensions/git/dist/askpass-main.js'), ('TERMINAL_COLOR_RED', '\\e[0;31m'), ('VSCODE_GIT_ASKPASS_NODE', '/usr/share/code/code'), ('DBUS_SESSION_BUS_ADDRESS', 'unix:path=/run/user/1000/bus'), ('COLORTERM', 'truecolor'), ('TERMINAL_COLOR_LIGHT_BLUE', '\\e[1;34m'), ('TERMINAL_COLOR_CYAN', '\\e[0;36m'), ('RAW_TERMINAL_COLOR_BROWN', '\x1b[0;33m'), ('GIO_LAUNCHED_DESKTOP_FILE_PID', '2914'), ('TERMINAL_COLOR_LIGHT_RED', '\\e[1;31m'), ('RAW_TERMINAL_COLOR_PURPLE', '\x1b[0;35m'), ('COLCON_PREFIX_PATH', '/home/yuan/rm/code/Ros/my_ros2_control/install'), ('ROS_DISTRO', 'humble'), ('TERMINAL_COLOR_NC', '\\e[0m'), ('GTK_IM_MODULE', 'fcitx'), ('TERMINAL_COLOR_LIGHT_CYAN', '\\e[1;36m'), ('LOGNAME', 'yuan'), ('_', '/usr/bin/colcon'), ('ROS_VERSION', '2'), ('XDG_SESSION_CLASS', 'user'), ('RAW_TERMINAL_COLOR_LIGHT_PURPLE', '\x1b[1;35m'), ('RAW_TERMINAL_COLOR_YELLOW', '\x1b[1;33m'), ('TERMINAL_COLOR_USER_CONFIRMATION', '\\e[0;34m'), ('TERM', 'xterm-256color'), ('XDG_SESSION_ID', 'c1'), ('ROS_LOCALHOST_ONLY', '0'), ('TERMINAL_COLOR_WHITE', '\\e[1;37m'), ('TERMINAL_COLOR_GRAY', '\\e[1;30m'), ('PATH', '/home/yuan/rm/arm-gnu-toolchain-12.3.rel1-x86_64-arm-none-eabi/bin:/opt/ros/humble/bin:/usr/local/sbin:/usr/local/bin:/usr/sbin:/usr/bin:/sbin:/bin:/usr/games:/usr/local/games:/snap/bin:/home/yuan/.dotnet/tools:/home/yuan/.fzf/bin'), ('SESSION_MANAGER', 'local/yuan:@/tmp/.ICE-unix/1053,unix/yuan:/tmp/.ICE-unix/1053'), ('GDM_LANG', 'zh_CN'), ('XDG_SESSION_PATH', '/org/freedesktop/DisplayManager/Session0'), ('XDG_MENU_PREFIX', 'xfce-'), ('XDG_RUNTIME_DIR', '/run/user/1000'), ('GDK_BACKEND', 'x11'), ('RTW_COLOR_NOTIFY_USER', '\\e[1;33m'), ('TERMINAL_COLOR_LIGHT_GRAY', '\\e[0;37m'), ('TERMINAL_COLOR_BLACK', '\\e[0;30m'), ('DISPLAY', ':0.0'), ('LANG', 'zh_CN.UTF-8'), ('XDG_CURRENT_DESKTOP', 'XFCE'), ('DOTNET_BUNDLE_EXTRACT_BASE_DIR', '/home/yuan/.cache/dotnet_bundle_extract'), ('XMODIFIERS', '@im=fcitx'), ('XDG_SESSION_DESKTOP', 'xfce'), ('XAUTHORITY', '/home/yuan/.Xauthority'), ('LS_COLORS', ''), ('VSCODE_GIT_IPC_HANDLE', '/run/user/1000/vscode-git-be293a297e.sock'), ('TERM_PROGRAM', 'vscode'), ('SSH_AUTH_SOCK', '/tmp/ssh-XXXXXXEQuJH2/agent.1224'), ('GSETTINGS_SCHEMA_DIR', '/home/yuan/data'), ('XDG_GREETER_DATA_DIR', '/var/lib/lightdm-data/yuan'), ('AMENT_PREFIX_PATH', '/home/yuan/rm/code/Ros/my_ros2_control/install/motor_interface:/home/yuan/rm/code/Ros/my_ros2_control/install/gimbal_controller:/opt/ros/humble'), ('ORIGINAL_XDG_CURRENT_DESKTOP', 'XFCE'), ('SHELL', '/bin/bash'), ('TERMINAL_COLOR_BROWN', '\\e[0;33m'), ('QT_ACCESSIBILITY', '1'), ('RAW_TERMINAL_COLOR_GREEN', '\x1b[0;32m'), ('GDMSESSION', 'xfce'), ('LESSCLOSE', '/usr/bin/lesspipe %s %s'), ('TERMINAL_COLOR_PURPLE', '\\e[0;35m'), ('RAW_TERMINAL_COLOR_LIGHT_GREEN', '\x1b[1;32m'), ('TERMINAL_COLOR_USER_NOTICE', '\\e[1;33m'), ('VSCODE_GIT_ASKPASS_EXTRA_ARGS', '--ms-enable-electron-run-as-node'), ('QT_IM_MODULE', 'fcitx'), ('XDG_VTNR', '7'), ('TERMINAL_COLOR_LIGHT_PURPLE', '\\e[1;35m'), ('TERMINAL_COLOR_YELLOW', '\\e[1;33m'), ('PWD', '/home/yuan/rm/code/Ros/my_ros2_control/build/motor_interface'), ('RAW_TERMINAL_COLOR_BLUE', '\x1b[0;34m'), ('XDG_CONFIG_DIRS', '/etc/xdg/xdg-xfce:/etc/xdg:/etc/xdg'), ('RAW_TERMINAL_COLOR_RED', '\x1b[0;31m'), ('CLUTTER_IM_MODULE', 'xim'), ('XDG_DATA_DIRS', '/usr/share/xfce4:/usr/local/share:/usr/share:/var/lib/snapd/desktop:/usr/share'), ('PYTHONPATH', '/opt/ros/humble/lib/python3.10/site-packages:/opt/ros/humble/local/lib/python3.10/dist-packages'), ('RAW_TERMINAL_COLOR_CYAN', '\x1b[0;36m'), ('RAW_TERMINAL_COLOR_LIGHT_BLUE', '\x1b[1;34m'), ('RTW_COLOR_ERROR', '\\e[0;31m'), ('COLCON', '1'), ('RAW_TERMINAL_COLOR_LIGHT_RED', '\x1b[1;31m'), ('CMAKE_PREFIX_PATH', '/home/yuan/rm/code/Ros/my_ros2_control/install/test:/home/yuan/rm/code/Ros/my_ros2_control/install/motor_interface:/home/yuan/rm/code/Ros/my_ros2_control/install/gimbal_controller:/opt/ros/humble'), ('RAW_TERMINAL_COLOR_NC', '\x1b[0m')]), 'shell': False}
[0.099274] (-) TimerEvent: {}
[0.140333] (gimbal_controller) StdoutLine: {'line': b'[ 50%] Built target gimbal_controller_parameters\n'}
[0.143355] (motor_interface) StdoutLine: {'line': b'[ 18%] Built target gmock_main\n'}
[0.143537] (motor_interface) StdoutLine: {'line': b'[ 45%] Built target gmock\n'}
[0.150187] (motor_interface) StdoutLine: {'line': b'[ 81%] Built target motor_interface\n'}
[0.151750] (gimbal_controller) StdoutLine: {'line': b'\x1b[35m\x1b[1mConsolidate compiler generated dependencies of target gimbal_controller\x1b[0m\n'}
[0.166337] (motor_interface) StdoutLine: {'line': b'[100%] Built target test_motor\n'}
[0.172741] (gimbal_controller) StdoutLine: {'line': b'[ 75%] \x1b[32mBuilding CXX object CMakeFiles/gimbal_controller.dir/src/gimbal_controller.cpp.o\x1b[0m\n'}
[0.176933] (motor_interface) CommandEnded: {'returncode': 0}
[0.199378] (-) TimerEvent: {}
[0.213969] (motor_interface) JobProgress: {'identifier': 'motor_interface', 'progress': 'install'}
[0.223386] (motor_interface) Command: {'cmd': ['/usr/bin/cmake', '--install', '/home/yuan/rm/code/Ros/my_ros2_control/build/motor_interface'], 'cwd': '/home/yuan/rm/code/Ros/my_ros2_control/build/motor_interface', 'env': OrderedDict([('RAW_TERMINAL_COLOR_LIGHT_CYAN', '\x1b[1;36m'), ('LESSOPEN', '| /usr/bin/lesspipe %s'), ('LANGUAGE', 'zh_CN:zh'), ('USER', 'yuan'), ('XDG_SEAT', 'seat0'), ('TERMINAL_COLOR_USER_INPUT_DECISION', '\\e[0;35m'), ('SSH_AGENT_PID', '1225'), ('XDG_SESSION_TYPE', 'x11'), ('GIT_ASKPASS', '/usr/share/code/resources/app/extensions/git/dist/askpass.sh'), ('STM32CubeMX_PATH', '/home/yuan/app/stm32cubemx/software'), ('TERMINAL_COLOR_GREEN', '\\e[0;32m'), ('RAW_TERMINAL_COLOR_WHITE', '\x1b[1;37m'), ('RAW_TERMINAL_COLOR_GRAY', '\x1b[1;30m'), ('SHLVL', '1'), ('LD_LIBRARY_PATH', '/home/yuan/rm/code/Ros/my_ros2_control/install/motor_interface/lib:/home/yuan/rm/code/Ros/my_ros2_control/install/gimbal_controller/lib:/opt/ros/humble/opt/rviz_ogre_vendor/lib:/opt/ros/humble/lib/x86_64-linux-gnu:/opt/ros/humble/lib'), ('HOME', '/home/yuan'), ('CHROME_DESKTOP', 'code-url-handler.desktop'), ('ROS_WS_CACHE_SOURCED_TIME', '0'), ('OLDPWD', '/home/yuan/rm/code/Ros/my_ros2_control'), ('TERM_PROGRAM_VERSION', '1.83.1'), ('DESKTOP_SESSION', 'xfce'), ('TERMINAL_COLOR_LIGHT_GREEN', '\\e[1;32m'), ('RAW_TERMINAL_COLOR_BLACK', '\x1b[0;30m'), ('RAW_TERMINAL_COLOR_LIGHT_GRAY', '\x1b[0;37m'), ('GIO_LAUNCHED_DESKTOP_FILE', '/usr/share/applications/code.desktop'), ('ROS_PYTHON_VERSION', '3'), ('XDG_SEAT_PATH', '/org/freedesktop/DisplayManager/Seat0'), ('TERMINAL_COLOR_BLUE', '\\e[0;34m'), ('VSCODE_GIT_ASKPASS_MAIN', '/usr/share/code/resources/app/extensions/git/dist/askpass-main.js'), ('TERMINAL_COLOR_RED', '\\e[0;31m'), ('VSCODE_GIT_ASKPASS_NODE', '/usr/share/code/code'), ('DBUS_SESSION_BUS_ADDRESS', 'unix:path=/run/user/1000/bus'), ('COLORTERM', 'truecolor'), ('TERMINAL_COLOR_LIGHT_BLUE', '\\e[1;34m'), ('TERMINAL_COLOR_CYAN', '\\e[0;36m'), ('RAW_TERMINAL_COLOR_BROWN', '\x1b[0;33m'), ('GIO_LAUNCHED_DESKTOP_FILE_PID', '2914'), ('TERMINAL_COLOR_LIGHT_RED', '\\e[1;31m'), ('RAW_TERMINAL_COLOR_PURPLE', '\x1b[0;35m'), ('COLCON_PREFIX_PATH', '/home/yuan/rm/code/Ros/my_ros2_control/install'), ('ROS_DISTRO', 'humble'), ('TERMINAL_COLOR_NC', '\\e[0m'), ('GTK_IM_MODULE', 'fcitx'), ('TERMINAL_COLOR_LIGHT_CYAN', '\\e[1;36m'), ('LOGNAME', 'yuan'), ('_', '/usr/bin/colcon'), ('ROS_VERSION', '2'), ('XDG_SESSION_CLASS', 'user'), ('RAW_TERMINAL_COLOR_LIGHT_PURPLE', '\x1b[1;35m'), ('RAW_TERMINAL_COLOR_YELLOW', '\x1b[1;33m'), ('TERMINAL_COLOR_USER_CONFIRMATION', '\\e[0;34m'), ('TERM', 'xterm-256color'), ('XDG_SESSION_ID', 'c1'), ('ROS_LOCALHOST_ONLY', '0'), ('TERMINAL_COLOR_WHITE', '\\e[1;37m'), ('TERMINAL_COLOR_GRAY', '\\e[1;30m'), ('PATH', '/home/yuan/rm/arm-gnu-toolchain-12.3.rel1-x86_64-arm-none-eabi/bin:/opt/ros/humble/bin:/usr/local/sbin:/usr/local/bin:/usr/sbin:/usr/bin:/sbin:/bin:/usr/games:/usr/local/games:/snap/bin:/home/yuan/.dotnet/tools:/home/yuan/.fzf/bin'), ('SESSION_MANAGER', 'local/yuan:@/tmp/.ICE-unix/1053,unix/yuan:/tmp/.ICE-unix/1053'), ('GDM_LANG', 'zh_CN'), ('XDG_SESSION_PATH', '/org/freedesktop/DisplayManager/Session0'), ('XDG_MENU_PREFIX', 'xfce-'), ('XDG_RUNTIME_DIR', '/run/user/1000'), ('GDK_BACKEND', 'x11'), ('RTW_COLOR_NOTIFY_USER', '\\e[1;33m'), ('TERMINAL_COLOR_LIGHT_GRAY', '\\e[0;37m'), ('TERMINAL_COLOR_BLACK', '\\e[0;30m'), ('DISPLAY', ':0.0'), ('LANG', 'zh_CN.UTF-8'), ('XDG_CURRENT_DESKTOP', 'XFCE'), ('DOTNET_BUNDLE_EXTRACT_BASE_DIR', '/home/yuan/.cache/dotnet_bundle_extract'), ('XMODIFIERS', '@im=fcitx'), ('XDG_SESSION_DESKTOP', 'xfce'), ('XAUTHORITY', '/home/yuan/.Xauthority'), ('LS_COLORS', ''), ('VSCODE_GIT_IPC_HANDLE', '/run/user/1000/vscode-git-be293a297e.sock'), ('TERM_PROGRAM', 'vscode'), ('SSH_AUTH_SOCK', '/tmp/ssh-XXXXXXEQuJH2/agent.1224'), ('GSETTINGS_SCHEMA_DIR', '/home/yuan/data'), ('XDG_GREETER_DATA_DIR', '/var/lib/lightdm-data/yuan'), ('AMENT_PREFIX_PATH', '/home/yuan/rm/code/Ros/my_ros2_control/install/motor_interface:/home/yuan/rm/code/Ros/my_ros2_control/install/gimbal_controller:/opt/ros/humble'), ('ORIGINAL_XDG_CURRENT_DESKTOP', 'XFCE'), ('SHELL', '/bin/bash'), ('TERMINAL_COLOR_BROWN', '\\e[0;33m'), ('QT_ACCESSIBILITY', '1'), ('RAW_TERMINAL_COLOR_GREEN', '\x1b[0;32m'), ('GDMSESSION', 'xfce'), ('LESSCLOSE', '/usr/bin/lesspipe %s %s'), ('TERMINAL_COLOR_PURPLE', '\\e[0;35m'), ('RAW_TERMINAL_COLOR_LIGHT_GREEN', '\x1b[1;32m'), ('TERMINAL_COLOR_USER_NOTICE', '\\e[1;33m'), ('VSCODE_GIT_ASKPASS_EXTRA_ARGS', '--ms-enable-electron-run-as-node'), ('QT_IM_MODULE', 'fcitx'), ('XDG_VTNR', '7'), ('TERMINAL_COLOR_LIGHT_PURPLE', '\\e[1;35m'), ('TERMINAL_COLOR_YELLOW', '\\e[1;33m'), ('PWD', '/home/yuan/rm/code/Ros/my_ros2_control/build/motor_interface'), ('RAW_TERMINAL_COLOR_BLUE', '\x1b[0;34m'), ('XDG_CONFIG_DIRS', '/etc/xdg/xdg-xfce:/etc/xdg:/etc/xdg'), ('RAW_TERMINAL_COLOR_RED', '\x1b[0;31m'), ('CLUTTER_IM_MODULE', 'xim'), ('XDG_DATA_DIRS', '/usr/share/xfce4:/usr/local/share:/usr/share:/var/lib/snapd/desktop:/usr/share'), ('PYTHONPATH', '/opt/ros/humble/lib/python3.10/site-packages:/opt/ros/humble/local/lib/python3.10/dist-packages'), ('RAW_TERMINAL_COLOR_CYAN', '\x1b[0;36m'), ('RAW_TERMINAL_COLOR_LIGHT_BLUE', '\x1b[1;34m'), ('RTW_COLOR_ERROR', '\\e[0;31m'), ('COLCON', '1'), ('RAW_TERMINAL_COLOR_LIGHT_RED', '\x1b[1;31m'), ('CMAKE_PREFIX_PATH', '/home/yuan/rm/code/Ros/my_ros2_control/install/test:/home/yuan/rm/code/Ros/my_ros2_control/install/motor_interface:/home/yuan/rm/code/Ros/my_ros2_control/install/gimbal_controller:/opt/ros/humble'), ('RAW_TERMINAL_COLOR_NC', '\x1b[0m')]), 'shell': False}
[0.231451] (motor_interface) StdoutLine: {'line': b'-- Install configuration: "Debug"\n'}
[0.231828] (motor_interface) StdoutLine: {'line': b'-- Execute custom install script\n'}
[0.231991] (motor_interface) StdoutLine: {'line': b'-- Up-to-date symlink: /home/yuan/rm/code/Ros/my_ros2_control/install/motor_interface/share/motor_interface//motor_interface.xml\n'}
[0.232290] (motor_interface) StdoutLine: {'line': b'-- Up-to-date symlink: /home/yuan/rm/code/Ros/my_ros2_control/install/motor_interface/include/motor_interface/include/motor_interface/can_instance.hpp\n'}
[0.232394] (motor_interface) StdoutLine: {'line': b'-- Up-to-date symlink: /home/yuan/rm/code/Ros/my_ros2_control/install/motor_interface/include/motor_interface/include/motor_interface/motor.hpp\n'}
[0.232492] (motor_interface) StdoutLine: {'line': b'-- Up-to-date symlink: /home/yuan/rm/code/Ros/my_ros2_control/install/motor_interface/include/motor_interface/include/motor_interface/motor_instance.hpp\n'}
[0.232595] (motor_interface) StdoutLine: {'line': b'-- Up-to-date symlink: /home/yuan/rm/code/Ros/my_ros2_control/install/motor_interface/include/motor_interface/include/motor_interface/visibility_control.h\n'}
[0.232881] (motor_interface) StdoutLine: {'line': b'-- Up-to-date symlink: /home/yuan/rm/code/Ros/my_ros2_control/install/motor_interface/share/motor_interface/ros2_control/motor.ros2_control.xacro\n'}
[0.233055] (motor_interface) StdoutLine: {'line': b'-- Up-to-date symlink: /home/yuan/rm/code/Ros/my_ros2_control/install/motor_interface/share/motor_interface/urdf/motor.urdf.xacro\n'}
[0.233266] (motor_interface) StdoutLine: {'line': b'-- Up-to-date symlink: /home/yuan/rm/code/Ros/my_ros2_control/install/motor_interface/share/motor_interface/launch/gimbal.launch.py\n'}
[0.233435] (motor_interface) StdoutLine: {'line': b'-- Up-to-date symlink: /home/yuan/rm/code/Ros/my_ros2_control/install/motor_interface/share/motor_interface/config/gimbal_controller.yaml\n'}
[0.233577] (motor_interface) StdoutLine: {'line': b'-- Up-to-date symlink: /home/yuan/rm/code/Ros/my_ros2_control/install/motor_interface/share/motor_interface/environment/library_path.sh\n'}
[0.233707] (motor_interface) StdoutLine: {'line': b'-- Up-to-date symlink: /home/yuan/rm/code/Ros/my_ros2_control/install/motor_interface/share/motor_interface/environment/library_path.dsv\n'}
[0.233853] (motor_interface) StdoutLine: {'line': b'-- Up-to-date symlink: /home/yuan/rm/code/Ros/my_ros2_control/install/motor_interface/share/ament_index/resource_index/package_run_dependencies/motor_interface\n'}
[0.233998] (motor_interface) StdoutLine: {'line': b'-- Up-to-date symlink: /home/yuan/rm/code/Ros/my_ros2_control/install/motor_interface/share/ament_index/resource_index/parent_prefix_path/motor_interface\n'}
[0.234130] (motor_interface) StdoutLine: {'line': b'-- Up-to-date symlink: /home/yuan/rm/code/Ros/my_ros2_control/install/motor_interface/share/motor_interface/environment/ament_prefix_path.sh\n'}
[0.234283] (motor_interface) StdoutLine: {'line': b'-- Up-to-date symlink: /home/yuan/rm/code/Ros/my_ros2_control/install/motor_interface/share/motor_interface/environment/ament_prefix_path.dsv\n'}
[0.234412] (motor_interface) StdoutLine: {'line': b'-- Up-to-date symlink: /home/yuan/rm/code/Ros/my_ros2_control/install/motor_interface/share/motor_interface/environment/path.sh\n'}
[0.234543] (motor_interface) StdoutLine: {'line': b'-- Up-to-date symlink: /home/yuan/rm/code/Ros/my_ros2_control/install/motor_interface/share/motor_interface/environment/path.dsv\n'}
[0.234666] (motor_interface) StdoutLine: {'line': b'-- Up-to-date symlink: /home/yuan/rm/code/Ros/my_ros2_control/install/motor_interface/share/motor_interface/local_setup.bash\n'}
[0.234789] (motor_interface) StdoutLine: {'line': b'-- Up-to-date symlink: /home/yuan/rm/code/Ros/my_ros2_control/install/motor_interface/share/motor_interface/local_setup.sh\n'}
[0.234908] (motor_interface) StdoutLine: {'line': b'-- Up-to-date symlink: /home/yuan/rm/code/Ros/my_ros2_control/install/motor_interface/share/motor_interface/local_setup.zsh\n'}
[0.235030] (motor_interface) StdoutLine: {'line': b'-- Up-to-date symlink: /home/yuan/rm/code/Ros/my_ros2_control/install/motor_interface/share/motor_interface/local_setup.dsv\n'}
[0.235110] (motor_interface) StdoutLine: {'line': b'-- Symlinking: /home/yuan/rm/code/Ros/my_ros2_control/install/motor_interface/share/motor_interface/package.dsv\n'}
[0.244659] (motor_interface) StdoutLine: {'line': b'-- Up-to-date symlink: /home/yuan/rm/code/Ros/my_ros2_control/install/motor_interface/share/ament_index/resource_index/packages/motor_interface\n'}
[0.244863] (motor_interface) StdoutLine: {'line': b'-- Up-to-date symlink: /home/yuan/rm/code/Ros/my_ros2_control/install/motor_interface/share/ament_index/resource_index/hardware_interface__pluginlib__plugin/motor_interface\n'}
[0.244976] (motor_interface) StdoutLine: {'line': b'-- Up-to-date symlink: /home/yuan/rm/code/Ros/my_ros2_control/install/motor_interface/share/motor_interface/cmake/ament_cmake_export_include_directories-extras.cmake\n'}
[0.245071] (motor_interface) StdoutLine: {'line': b'-- Up-to-date symlink: /home/yuan/rm/code/Ros/my_ros2_control/install/motor_interface/share/motor_interface/cmake/ament_cmake_export_libraries-extras.cmake\n'}
[0.245205] (motor_interface) StdoutLine: {'line': b'-- Up-to-date symlink: /home/yuan/rm/code/Ros/my_ros2_control/install/motor_interface/share/motor_interface/cmake/ament_cmake_export_dependencies-extras.cmake\n'}
[0.245334] (motor_interface) StdoutLine: {'line': b'-- Up-to-date symlink: /home/yuan/rm/code/Ros/my_ros2_control/install/motor_interface/share/motor_interface/cmake/motor_interfaceConfig.cmake\n'}
[0.245449] (motor_interface) StdoutLine: {'line': b'-- Up-to-date symlink: /home/yuan/rm/code/Ros/my_ros2_control/install/motor_interface/share/motor_interface/cmake/motor_interfaceConfig-version.cmake\n'}
[0.245564] (motor_interface) StdoutLine: {'line': b'-- Up-to-date symlink: /home/yuan/rm/code/Ros/my_ros2_control/install/motor_interface/share/motor_interface/package.xml\n'}
[0.247660] (motor_interface) CommandEnded: {'returncode': 0}
[0.299557] (-) TimerEvent: {}
[0.399821] (-) TimerEvent: {}
[0.411396] (motor_interface) JobEnded: {'identifier': 'motor_interface', 'rc': 0}
[0.499936] (-) TimerEvent: {}
[0.600250] (-) TimerEvent: {}
[0.700545] (-) TimerEvent: {}
[0.800859] (-) TimerEvent: {}
[0.901164] (-) TimerEvent: {}
[1.001490] (-) TimerEvent: {}
[1.101835] (-) TimerEvent: {}
[1.202139] (-) TimerEvent: {}
[1.302459] (-) TimerEvent: {}
[1.402757] (-) TimerEvent: {}
[1.503043] (-) TimerEvent: {}
[1.603336] (-) TimerEvent: {}
[1.703633] (-) TimerEvent: {}
[1.803934] (-) TimerEvent: {}
[1.904238] (-) TimerEvent: {}
[2.004843] (-) TimerEvent: {}
[2.105157] (-) TimerEvent: {}
[2.205476] (-) TimerEvent: {}
[2.270015] (gimbal_controller) StderrLine: {'line': b'In file included from \x1b[01m\x1b[K/home/yuan/rm/code/Ros/my_ros2_control/build/gimbal_controller/gimbal_controller_parameters/include/gimbal_controller_parameters.hpp:29\x1b[m\x1b[K,\n'}
[2.270219] (gimbal_controller) StderrLine: {'line': b'                 from \x1b[01m\x1b[K/home/yuan/rm/code/Ros/my_ros2_control/src/gimbal_controller/include/gimbal_controller/gimbal_controller.hpp:24\x1b[m\x1b[K,\n'}
[2.270305] (gimbal_controller) StderrLine: {'line': b'                 from \x1b[01m\x1b[K/home/yuan/rm/code/Ros/my_ros2_control/src/gimbal_controller/src/gimbal_controller.cpp:15\x1b[m\x1b[K:\n'}
[2.270374] (gimbal_controller) StderrLine: {'line': b'\x1b[01m\x1b[K/home/yuan/rm/code/Ros/my_ros2_control/build/gimbal_controller/gimbal_controller_parameters/include/validate_gimbal_controller_parameters.hpp:24:75:\x1b[m\x1b[K \x1b[01;35m\x1b[Kwarning: \x1b[m\x1b[K\xe2\x80\x98\x1b[01m\x1b[Kusing Result = class tl::expected<void, std::__cxx11::basic_string<char> >\x1b[m\x1b[K\xe2\x80\x99 is deprecated: Use tl::expected<void, std::string> for return instead. `#include <tl_expected/expected.hpp>`. [\x1b[01;35m\x1b[K\x1b]8;;https://gcc.gnu.org/onlinedocs/gcc/Warning-Options.html#index-Wdeprecated-declarations\x07-Wdeprecated-declarations\x1b]8;;\x07\x1b[m\x1b[K]\n'}
[2.270442] (gimbal_controller) StderrLine: {'line': b'   24 | Result forbidden_interface_name_prefix(rclcpp::Parameter const & parameter\x1b[01;35m\x1b[K)\x1b[m\x1b[K\n'}
[2.270505] (gimbal_controller) StderrLine: {'line': b'      |                                                                           \x1b[01;35m\x1b[K^\x1b[m\x1b[K\n'}
[2.270567] (gimbal_controller) StderrLine: {'line': b'In file included from \x1b[01m\x1b[K/home/yuan/rm/code/Ros/my_ros2_control/build/gimbal_controller/gimbal_controller_parameters/include/gimbal_controller_parameters.hpp:23\x1b[m\x1b[K,\n'}
[2.270628] (gimbal_controller) StderrLine: {'line': b'                 from \x1b[01m\x1b[K/home/yuan/rm/code/Ros/my_ros2_control/src/gimbal_controller/include/gimbal_controller/gimbal_controller.hpp:24\x1b[m\x1b[K,\n'}
[2.270808] (gimbal_controller) StderrLine: {'line': b'                 from \x1b[01m\x1b[K/home/yuan/rm/code/Ros/my_ros2_control/src/gimbal_controller/src/gimbal_controller.cpp:15\x1b[m\x1b[K:\n'}
[2.270877] (gimbal_controller) StderrLine: {'line': b'\x1b[01m\x1b[K/opt/ros/humble/include/parameter_traits/parameter_traits/parameter_traits.hpp:37:7:\x1b[m\x1b[K \x1b[01;36m\x1b[Knote: \x1b[m\x1b[Kdeclared here\n'}
[2.270941] (gimbal_controller) StderrLine: {'line': b'   37 | using \x1b[01;36m\x1b[KResult\x1b[m\x1b[K\n'}
[2.271003] (gimbal_controller) StderrLine: {'line': b'      |       \x1b[01;36m\x1b[K^~~~~~\x1b[m\x1b[K\n'}
[2.271063] (gimbal_controller) StderrLine: {'line': b'In file included from \x1b[01m\x1b[K/home/yuan/rm/code/Ros/my_ros2_control/build/gimbal_controller/gimbal_controller_parameters/include/gimbal_controller_parameters.hpp:29\x1b[m\x1b[K,\n'}
[2.271123] (gimbal_controller) StderrLine: {'line': b'                 from \x1b[01m\x1b[K/home/yuan/rm/code/Ros/my_ros2_control/src/gimbal_controller/include/gimbal_controller/gimbal_controller.hpp:24\x1b[m\x1b[K,\n'}
[2.271191] (gimbal_controller) StderrLine: {'line': b'                 from \x1b[01m\x1b[K/home/yuan/rm/code/Ros/my_ros2_control/src/gimbal_controller/src/gimbal_controller.cpp:15\x1b[m\x1b[K:\n'}
[2.271250] (gimbal_controller) StderrLine: {'line': b'\x1b[01m\x1b[K/home/yuan/rm/code/Ros/my_ros2_control/build/gimbal_controller/gimbal_controller_parameters/include/validate_gimbal_controller_parameters.hpp:\x1b[m\x1b[K In function \xe2\x80\x98\x1b[01m\x1b[Kparameter_traits::Result parameter_traits::forbidden_interface_name_prefix(const rclcpp::Parameter&)\x1b[m\x1b[K\xe2\x80\x99:\n'}
[2.271312] (gimbal_controller) StderrLine: {'line': b'\x1b[01m\x1b[K/home/yuan/rm/code/Ros/my_ros2_control/build/gimbal_controller/gimbal_controller_parameters/include/validate_gimbal_controller_parameters.hpp:30:17:\x1b[m\x1b[K \x1b[01;35m\x1b[Kwarning: \x1b[m\x1b[K\xe2\x80\x98\x1b[01m\x1b[Ktl::expected<void, std::__cxx11::basic_string<char> > parameter_traits::ERROR(const string&, Args ...) [with Args = {}; std::string = std::__cxx11::basic_string<char>]\x1b[m\x1b[K\xe2\x80\x99 is deprecated: When returning tl::expected<void, std::string> you can call fmt::format directly. [\x1b[01;35m\x1b[K\x1b]8;;https://gcc.gnu.org/onlinedocs/gcc/Warning-Options.html#index-Wdeprecated-declarations\x07-Wdeprecated-declarations\x1b]8;;\x07\x1b[m\x1b[K]\n'}
[2.271376] (gimbal_controller) StderrLine: {'line': b'   30 |     return \x1b[01;35m\x1b[KERROR("\'interface_name\' parameter can not start with \'blup_\'")\x1b[m\x1b[K;\n'}
[2.271436] (gimbal_controller) StderrLine: {'line': b'      |            \x1b[01;35m\x1b[K~~~~~^~~~~~~~~~~~~~~~~~~~~~~~~~~~~~~~~~~~~~~~~~~~~~~~~~~~~~~~~\x1b[m\x1b[K\n'}
[2.271495] (gimbal_controller) StderrLine: {'line': b'In file included from \x1b[01m\x1b[K/home/yuan/rm/code/Ros/my_ros2_control/build/gimbal_controller/gimbal_controller_parameters/include/gimbal_controller_parameters.hpp:23\x1b[m\x1b[K,\n'}
[2.271563] (gimbal_controller) StderrLine: {'line': b'                 from \x1b[01m\x1b[K/home/yuan/rm/code/Ros/my_ros2_control/src/gimbal_controller/include/gimbal_controller/gimbal_controller.hpp:24\x1b[m\x1b[K,\n'}
[2.271624] (gimbal_controller) StderrLine: {'line': b'                 from \x1b[01m\x1b[K/home/yuan/rm/code/Ros/my_ros2_control/src/gimbal_controller/src/gimbal_controller.cpp:15\x1b[m\x1b[K:\n'}
[2.271692] (gimbal_controller) StderrLine: {'line': b'\x1b[01m\x1b[K/opt/ros/humble/include/parameter_traits/parameter_traits/parameter_traits.hpp:46:1:\x1b[m\x1b[K \x1b[01;36m\x1b[Knote: \x1b[m\x1b[Kdeclared here\n'}
[2.271767] (gimbal_controller) StderrLine: {'line': b'   46 | \x1b[01;36m\x1b[KERROR\x1b[m\x1b[K(const std::string& format, Args... args)\n'}
[2.271842] (gimbal_controller) StderrLine: {'line': b'      | \x1b[01;36m\x1b[K^~~~~\x1b[m\x1b[K\n'}
[2.271902] (gimbal_controller) StderrLine: {'line': b'In file included from \x1b[01m\x1b[K/home/yuan/rm/code/Ros/my_ros2_control/build/gimbal_controller/gimbal_controller_parameters/include/gimbal_controller_parameters.hpp:29\x1b[m\x1b[K,\n'}
[2.271970] (gimbal_controller) StderrLine: {'line': b'                 from \x1b[01m\x1b[K/home/yuan/rm/code/Ros/my_ros2_control/src/gimbal_controller/include/gimbal_controller/gimbal_controller.hpp:24\x1b[m\x1b[K,\n'}
[2.272031] (gimbal_controller) StderrLine: {'line': b'                 from \x1b[01m\x1b[K/home/yuan/rm/code/Ros/my_ros2_control/src/gimbal_controller/src/gimbal_controller.cpp:15\x1b[m\x1b[K:\n'}
[2.272090] (gimbal_controller) StderrLine: {'line': b'\x1b[01m\x1b[K/home/yuan/rm/code/Ros/my_ros2_control/build/gimbal_controller/gimbal_controller_parameters/include/validate_gimbal_controller_parameters.hpp:33:10:\x1b[m\x1b[K \x1b[01;35m\x1b[Kwarning: \x1b[m\x1b[K\xe2\x80\x98\x1b[01m\x1b[Kparameter_traits::OK\x1b[m\x1b[K\xe2\x80\x99 is deprecated: When returning tl::expected<void, std::string> default construct for OK with `{}`. [\x1b[01;35m\x1b[K\x1b]8;;https://gcc.gnu.org/onlinedocs/gcc/Warning-Options.html#index-Wdeprecated-declarations\x07-Wdeprecated-declarations\x1b]8;;\x07\x1b[m\x1b[K]\n'}
[2.272161] (gimbal_controller) StderrLine: {'line': b'   33 |   return \x1b[01;35m\x1b[KOK\x1b[m\x1b[K;\n'}
[2.272231] (gimbal_controller) StderrLine: {'line': b'      |          \x1b[01;35m\x1b[K^~\x1b[m\x1b[K\n'}
[2.272290] (gimbal_controller) StderrLine: {'line': b'In file included from \x1b[01m\x1b[K/home/yuan/rm/code/Ros/my_ros2_control/build/gimbal_controller/gimbal_controller_parameters/include/gimbal_controller_parameters.hpp:23\x1b[m\x1b[K,\n'}
[2.272352] (gimbal_controller) StderrLine: {'line': b'                 from \x1b[01m\x1b[K/home/yuan/rm/code/Ros/my_ros2_control/src/gimbal_controller/include/gimbal_controller/gimbal_controller.hpp:24\x1b[m\x1b[K,\n'}
[2.272411] (gimbal_controller) StderrLine: {'line': b'                 from \x1b[01m\x1b[K/home/yuan/rm/code/Ros/my_ros2_control/src/gimbal_controller/src/gimbal_controller.cpp:15\x1b[m\x1b[K:\n'}
[2.272469] (gimbal_controller) StderrLine: {'line': b'\x1b[01m\x1b[K/opt/ros/humble/include/parameter_traits/parameter_traits/parameter_traits.hpp:51:13:\x1b[m\x1b[K \x1b[01;36m\x1b[Knote: \x1b[m\x1b[Kdeclared here\n'}
[2.272526] (gimbal_controller) StderrLine: {'line': b'   51 | auto static \x1b[01;36m\x1b[KOK\x1b[m\x1b[K\n'}
[2.272584] (gimbal_controller) StderrLine: {'line': b'      |             \x1b[01;36m\x1b[K^~\x1b[m\x1b[K\n'}
[2.305582] (-) TimerEvent: {}
[2.405901] (-) TimerEvent: {}
[2.506212] (-) TimerEvent: {}
[2.606516] (-) TimerEvent: {}
[2.660187] (gimbal_controller) StderrLine: {'line': b'In file included from \x1b[01m\x1b[K/opt/ros/humble/include/rclcpp/rclcpp/logging.hpp:24\x1b[m\x1b[K,\n'}
[2.660385] (gimbal_controller) StderrLine: {'line': b'                 from \x1b[01m\x1b[K/opt/ros/humble/include/rclcpp/rclcpp/client.hpp:40\x1b[m\x1b[K,\n'}
[2.660459] (gimbal_controller) StderrLine: {'line': b'                 from \x1b[01m\x1b[K/opt/ros/humble/include/rclcpp/rclcpp/callback_group.hpp:24\x1b[m\x1b[K,\n'}
[2.660602] (gimbal_controller) StderrLine: {'line': b'                 from \x1b[01m\x1b[K/opt/ros/humble/include/rclcpp/rclcpp/any_executable.hpp:20\x1b[m\x1b[K,\n'}
[2.660811] (gimbal_controller) StderrLine: {'line': b'                 from \x1b[01m\x1b[K/opt/ros/humble/include/rclcpp/rclcpp/memory_strategy.hpp:25\x1b[m\x1b[K,\n'}
[2.660883] (gimbal_controller) StderrLine: {'line': b'                 from \x1b[01m\x1b[K/opt/ros/humble/include/rclcpp/rclcpp/memory_strategies.hpp:18\x1b[m\x1b[K,\n'}
[2.660947] (gimbal_controller) StderrLine: {'line': b'                 from \x1b[01m\x1b[K/opt/ros/humble/include/rclcpp/rclcpp/executor_options.hpp:20\x1b[m\x1b[K,\n'}
[2.661010] (gimbal_controller) StderrLine: {'line': b'                 from \x1b[01m\x1b[K/opt/ros/humble/include/rclcpp/rclcpp/executor.hpp:37\x1b[m\x1b[K,\n'}
[2.661072] (gimbal_controller) StderrLine: {'line': b'                 from \x1b[01m\x1b[K/opt/ros/humble/include/rclcpp/rclcpp/executors/multi_threaded_executor.hpp:25\x1b[m\x1b[K,\n'}
[2.661138] (gimbal_controller) StderrLine: {'line': b'                 from \x1b[01m\x1b[K/opt/ros/humble/include/rclcpp/rclcpp/executors.hpp:21\x1b[m\x1b[K,\n'}
[2.661213] (gimbal_controller) StderrLine: {'line': b'                 from \x1b[01m\x1b[K/opt/ros/humble/include/rclcpp/rclcpp/rclcpp.hpp:155\x1b[m\x1b[K,\n'}
[2.661276] (gimbal_controller) StderrLine: {'line': b'                 from \x1b[01m\x1b[K/opt/ros/humble/include/controller_interface/controller_interface_base.hpp:28\x1b[m\x1b[K,\n'}
[2.661337] (gimbal_controller) StderrLine: {'line': b'                 from \x1b[01m\x1b[K/opt/ros/humble/include/controller_interface/controller_interface.hpp:22\x1b[m\x1b[K,\n'}
[2.661398] (gimbal_controller) StderrLine: {'line': b'                 from \x1b[01m\x1b[K/home/yuan/rm/code/Ros/my_ros2_control/src/gimbal_controller/include/gimbal_controller/gimbal_controller.hpp:23\x1b[m\x1b[K,\n'}
[2.661458] (gimbal_controller) StderrLine: {'line': b'                 from \x1b[01m\x1b[K/home/yuan/rm/code/Ros/my_ros2_control/src/gimbal_controller/src/gimbal_controller.cpp:15\x1b[m\x1b[K:\n'}
[2.661529] (gimbal_controller) StderrLine: {'line': b'\x1b[01m\x1b[K/home/yuan/rm/code/Ros/my_ros2_control/src/gimbal_controller/src/gimbal_controller.cpp:\x1b[m\x1b[K In member function \xe2\x80\x98\x1b[01m\x1b[Kvirtual controller_interface::return_type gimbal_controller::GimbalController::update(const rclcpp::Time&, const rclcpp::Duration&)\x1b[m\x1b[K\xe2\x80\x99:\n'}
[2.661603] (gimbal_controller) StderrLine: {'line': b'\x1b[01m\x1b[K/home/yuan/rm/code/Ros/my_ros2_control/src/gimbal_controller/src/gimbal_controller.cpp:212:82:\x1b[m\x1b[K \x1b[01;35m\x1b[Kwarning: \x1b[m\x1b[K\xe2\x80\x98\x1b[01m\x1b[Kconst string hardware_interface::LoanedStateInterface::get_full_name() const\x1b[m\x1b[K\xe2\x80\x99 is deprecated: Replaced by get_name method, which is semantically more correct [\x1b[01;35m\x1b[K\x1b]8;;https://gcc.gnu.org/onlinedocs/gcc/Warning-Options.html#index-Wdeprecated-declarations\x07-Wdeprecated-declarations\x1b]8;;\x07\x1b[m\x1b[K]\n'}
[2.661675] (gimbal_controller) StderrLine: {'line': b'  212 |                   \x1b[01;35m\x1b[Kgimbal_state_cmd_data_[i].feedback_position.get().get_full_name()\x1b[m\x1b[K.c_str());\n'}
[2.661736] (gimbal_controller) StderrLine: {'line': b'      |                   \x1b[01;35m\x1b[K~~~~~~~~~~~~~~~~~~~~~~~~~~~~~~~~~~~~~~~~~~~~~~~~~~~~~~~~~~~~~~~^~\x1b[m\x1b[K\n'}
[2.661806] (gimbal_controller) StderrLine: {'line': b'In file included from \x1b[01m\x1b[K/opt/ros/humble/include/controller_interface/controller_interface_base.hpp:26\x1b[m\x1b[K,\n'}
[2.661866] (gimbal_controller) StderrLine: {'line': b'                 from \x1b[01m\x1b[K/opt/ros/humble/include/controller_interface/controller_interface.hpp:22\x1b[m\x1b[K,\n'}
[2.661926] (gimbal_controller) StderrLine: {'line': b'                 from \x1b[01m\x1b[K/home/yuan/rm/code/Ros/my_ros2_control/src/gimbal_controller/include/gimbal_controller/gimbal_controller.hpp:23\x1b[m\x1b[K,\n'}
[2.661985] (gimbal_controller) StderrLine: {'line': b'                 from \x1b[01m\x1b[K/home/yuan/rm/code/Ros/my_ros2_control/src/gimbal_controller/src/gimbal_controller.cpp:15\x1b[m\x1b[K:\n'}
[2.662044] (gimbal_controller) StderrLine: {'line': b'\x1b[01m\x1b[K/opt/ros/humble/include/hardware_interface/loaned_state_interface.hpp:59:3:\x1b[m\x1b[K \x1b[01;36m\x1b[Knote: \x1b[m\x1b[Kdeclared here\n'}
[2.662102] (gimbal_controller) StderrLine: {'line': b'   59 |   \x1b[01;36m\x1b[Kget_full_name\x1b[m\x1b[K() const\n'}
[2.662162] (gimbal_controller) StderrLine: {'line': b'      |   \x1b[01;36m\x1b[K^~~~~~~~~~~~~\x1b[m\x1b[K\n'}
[2.662238] (gimbal_controller) StderrLine: {'line': b'\x1b[01m\x1b[K/home/yuan/rm/code/Ros/my_ros2_control/src/gimbal_controller/src/gimbal_controller.cpp:192:27:\x1b[m\x1b[K \x1b[01;35m\x1b[Kwarning: \x1b[m\x1b[Kunused parameter \xe2\x80\x98\x1b[01m\x1b[Ktime\x1b[m\x1b[K\xe2\x80\x99 [\x1b[01;35m\x1b[K\x1b]8;;https://gcc.gnu.org/onlinedocs/gcc/Warning-Options.html#index-Wunused-parameter\x07-Wunused-parameter\x1b]8;;\x07\x1b[m\x1b[K]\n'}
[2.662306] (gimbal_controller) StderrLine: {'line': b'  192 |       \x1b[01;35m\x1b[Kconst rclcpp::Time &time\x1b[m\x1b[K, const rclcpp::Duration &period /*period*/)\n'}
[2.662368] (gimbal_controller) StderrLine: {'line': b'      |       \x1b[01;35m\x1b[K~~~~~~~~~~~~~~~~~~~~^~~~\x1b[m\x1b[K\n'}
[2.662429] (gimbal_controller) StderrLine: {'line': b'\x1b[01m\x1b[K/home/yuan/rm/code/Ros/my_ros2_control/src/gimbal_controller/src/gimbal_controller.cpp:\x1b[m\x1b[K In member function \xe2\x80\x98\x1b[01m\x1b[Kvirtual controller_interface::CallbackReturn gimbal_controller::GimbalController::on_cleanup(const rclcpp_lifecycle::State&)\x1b[m\x1b[K\xe2\x80\x99:\n'}
[2.662489] (gimbal_controller) StderrLine: {'line': b'\x1b[01m\x1b[K/home/yuan/rm/code/Ros/my_ros2_control/src/gimbal_controller/src/gimbal_controller.cpp:238:38:\x1b[m\x1b[K \x1b[01;35m\x1b[Kwarning: \x1b[m\x1b[Kunused parameter \xe2\x80\x98\x1b[01m\x1b[Kprevious_state\x1b[m\x1b[K\xe2\x80\x99 [\x1b[01;35m\x1b[K\x1b]8;;https://gcc.gnu.org/onlinedocs/gcc/Warning-Options.html#index-Wunused-parameter\x07-Wunused-parameter\x1b]8;;\x07\x1b[m\x1b[K]\n'}
[2.662549] (gimbal_controller) StderrLine: {'line': b'  238 |       \x1b[01;35m\x1b[Kconst rclcpp_lifecycle::State &previous_state\x1b[m\x1b[K)\n'}
[2.662615] (gimbal_controller) StderrLine: {'line': b'      |       \x1b[01;35m\x1b[K~~~~~~~~~~~~~~~~~~~~~~~~~~~~~~~^~~~~~~~~~~~~~\x1b[m\x1b[K\n'}
[2.662675] (gimbal_controller) StderrLine: {'line': b'\x1b[01m\x1b[K/home/yuan/rm/code/Ros/my_ros2_control/src/gimbal_controller/src/gimbal_controller.cpp:\x1b[m\x1b[K In member function \xe2\x80\x98\x1b[01m\x1b[Kvirtual controller_interface::CallbackReturn gimbal_controller::GimbalController::on_error(const rclcpp_lifecycle::State&)\x1b[m\x1b[K\xe2\x80\x99:\n'}
[2.662734] (gimbal_controller) StderrLine: {'line': b'\x1b[01m\x1b[K/home/yuan/rm/code/Ros/my_ros2_control/src/gimbal_controller/src/gimbal_controller.cpp:248:38:\x1b[m\x1b[K \x1b[01;35m\x1b[Kwarning: \x1b[m\x1b[Kunused parameter \xe2\x80\x98\x1b[01m\x1b[Kprevious_state\x1b[m\x1b[K\xe2\x80\x99 [\x1b[01;35m\x1b[K\x1b]8;;https://gcc.gnu.org/onlinedocs/gcc/Warning-Options.html#index-Wunused-parameter\x07-Wunused-parameter\x1b]8;;\x07\x1b[m\x1b[K]\n'}
[2.662809] (gimbal_controller) StderrLine: {'line': b'  248 |       \x1b[01;35m\x1b[Kconst rclcpp_lifecycle::State &previous_state\x1b[m\x1b[K)\n'}
[2.662866] (gimbal_controller) StderrLine: {'line': b'      |       \x1b[01;35m\x1b[K~~~~~~~~~~~~~~~~~~~~~~~~~~~~~~~^~~~~~~~~~~~~~\x1b[m\x1b[K\n'}
[2.662922] (gimbal_controller) StderrLine: {'line': b'\x1b[01m\x1b[K/home/yuan/rm/code/Ros/my_ros2_control/src/gimbal_controller/src/gimbal_controller.cpp:\x1b[m\x1b[K In member function \xe2\x80\x98\x1b[01m\x1b[Kvirtual controller_interface::CallbackReturn gimbal_controller::GimbalController::on_shutdown(const rclcpp_lifecycle::State&)\x1b[m\x1b[K\xe2\x80\x99:\n'}
[2.663001] (gimbal_controller) StderrLine: {'line': b'\x1b[01m\x1b[K/home/yuan/rm/code/Ros/my_ros2_control/src/gimbal_controller/src/gimbal_controller.cpp:259:38:\x1b[m\x1b[K \x1b[01;35m\x1b[Kwarning: \x1b[m\x1b[Kunused parameter \xe2\x80\x98\x1b[01m\x1b[Kprevious_state\x1b[m\x1b[K\xe2\x80\x99 [\x1b[01;35m\x1b[K\x1b]8;;https://gcc.gnu.org/onlinedocs/gcc/Warning-Options.html#index-Wunused-parameter\x07-Wunused-parameter\x1b]8;;\x07\x1b[m\x1b[K]\n'}
[2.663075] (gimbal_controller) StderrLine: {'line': b'  259 |       \x1b[01;35m\x1b[Kconst rclcpp_lifecycle::State &previous_state\x1b[m\x1b[K)\n'}
[2.663135] (gimbal_controller) StderrLine: {'line': b'      |       \x1b[01;35m\x1b[K~~~~~~~~~~~~~~~~~~~~~~~~~~~~~~~^~~~~~~~~~~~~~\x1b[m\x1b[K\n'}
[2.664413] (gimbal_controller) StderrLine: {'line': b'In file included from \x1b[01m\x1b[K/opt/ros/humble/include/rclcpp/rclcpp/logging.hpp:24\x1b[m\x1b[K,\n'}
[2.664501] (gimbal_controller) StderrLine: {'line': b'                 from \x1b[01m\x1b[K/opt/ros/humble/include/rclcpp/rclcpp/client.hpp:40\x1b[m\x1b[K,\n'}
[2.664563] (gimbal_controller) StderrLine: {'line': b'                 from \x1b[01m\x1b[K/opt/ros/humble/include/rclcpp/rclcpp/callback_group.hpp:24\x1b[m\x1b[K,\n'}
[2.664621] (gimbal_controller) StderrLine: {'line': b'                 from \x1b[01m\x1b[K/opt/ros/humble/include/rclcpp/rclcpp/any_executable.hpp:20\x1b[m\x1b[K,\n'}
[2.664678] (gimbal_controller) StderrLine: {'line': b'                 from \x1b[01m\x1b[K/opt/ros/humble/include/rclcpp/rclcpp/memory_strategy.hpp:25\x1b[m\x1b[K,\n'}
[2.664800] (gimbal_controller) StderrLine: {'line': b'                 from \x1b[01m\x1b[K/opt/ros/humble/include/rclcpp/rclcpp/memory_strategies.hpp:18\x1b[m\x1b[K,\n'}
[2.664858] (gimbal_controller) StderrLine: {'line': b'                 from \x1b[01m\x1b[K/opt/ros/humble/include/rclcpp/rclcpp/executor_options.hpp:20\x1b[m\x1b[K,\n'}
[2.664922] (gimbal_controller) StderrLine: {'line': b'                 from \x1b[01m\x1b[K/opt/ros/humble/include/rclcpp/rclcpp/executor.hpp:37\x1b[m\x1b[K,\n'}
[2.664980] (gimbal_controller) StderrLine: {'line': b'                 from \x1b[01m\x1b[K/opt/ros/humble/include/rclcpp/rclcpp/executors/multi_threaded_executor.hpp:25\x1b[m\x1b[K,\n'}
[2.665036] (gimbal_controller) StderrLine: {'line': b'                 from \x1b[01m\x1b[K/opt/ros/humble/include/rclcpp/rclcpp/executors.hpp:21\x1b[m\x1b[K,\n'}
[2.665202] (gimbal_controller) StderrLine: {'line': b'                 from \x1b[01m\x1b[K/opt/ros/humble/include/rclcpp/rclcpp/rclcpp.hpp:155\x1b[m\x1b[K,\n'}
[2.665267] (gimbal_controller) StderrLine: {'line': b'                 from \x1b[01m\x1b[K/opt/ros/humble/include/controller_interface/controller_interface_base.hpp:28\x1b[m\x1b[K,\n'}
[2.665325] (gimbal_controller) StderrLine: {'line': b'                 from \x1b[01m\x1b[K/opt/ros/humble/include/controller_interface/controller_interface.hpp:22\x1b[m\x1b[K,\n'}
[2.665382] (gimbal_controller) StderrLine: {'line': b'                 from \x1b[01m\x1b[K/home/yuan/rm/code/Ros/my_ros2_control/src/gimbal_controller/include/gimbal_controller/gimbal_controller.hpp:23\x1b[m\x1b[K,\n'}
[2.665441] (gimbal_controller) StderrLine: {'line': b'                 from \x1b[01m\x1b[K/home/yuan/rm/code/Ros/my_ros2_control/src/gimbal_controller/src/gimbal_controller.cpp:15\x1b[m\x1b[K:\n'}
[2.665501] (gimbal_controller) StderrLine: {'line': b'\x1b[01m\x1b[K/home/yuan/rm/code/Ros/my_ros2_control/src/gimbal_controller/src/gimbal_controller.cpp:\x1b[m\x1b[K In member function \xe2\x80\x98\x1b[01m\x1b[Kcontroller_interface::CallbackReturn gimbal_controller::GimbalController::configure_gimbal(const std::vector<std::__cxx11::basic_string<char> >&, std::vector<gimbal_controller::GimbalController::GimbalHandle>&)\x1b[m\x1b[K\xe2\x80\x99:\n'}
[2.665564] (gimbal_controller) StderrLine: {'line': b'\x1b[01m\x1b[K/home/yuan/rm/code/Ros/my_ros2_control/src/gimbal_controller/src/gimbal_controller.cpp:340:55:\x1b[m\x1b[K \x1b[01;35m\x1b[Kwarning: \x1b[m\x1b[K\xe2\x80\x98\x1b[01m\x1b[Kconst string hardware_interface::LoanedStateInterface::get_full_name() const\x1b[m\x1b[K\xe2\x80\x99 is deprecated: Replaced by get_name method, which is semantically more correct [\x1b[01;35m\x1b[K\x1b]8;;https://gcc.gnu.org/onlinedocs/gcc/Warning-Options.html#index-Wdeprecated-declarations\x07-Wdeprecated-declarations\x1b]8;;\x07\x1b[m\x1b[K]\n'}
[2.665626] (gimbal_controller) StderrLine: {'line': b'  340 |                   \x1b[01;35m\x1b[Kvelocity_state_handle->get_full_name()\x1b[m\x1b[K.c_str());\n'}
[2.665686] (gimbal_controller) StderrLine: {'line': b'      |                   \x1b[01;35m\x1b[K~~~~~~~~~~~~~~~~~~~~~~~~~~~~~~~~~~~~^~\x1b[m\x1b[K\n'}
[2.665744] (gimbal_controller) StderrLine: {'line': b'In file included from \x1b[01m\x1b[K/opt/ros/humble/include/controller_interface/controller_interface_base.hpp:26\x1b[m\x1b[K,\n'}
[2.665801] (gimbal_controller) StderrLine: {'line': b'                 from \x1b[01m\x1b[K/opt/ros/humble/include/controller_interface/controller_interface.hpp:22\x1b[m\x1b[K,\n'}
[2.665859] (gimbal_controller) StderrLine: {'line': b'                 from \x1b[01m\x1b[K/home/yuan/rm/code/Ros/my_ros2_control/src/gimbal_controller/include/gimbal_controller/gimbal_controller.hpp:23\x1b[m\x1b[K,\n'}
[2.665917] (gimbal_controller) StderrLine: {'line': b'                 from \x1b[01m\x1b[K/home/yuan/rm/code/Ros/my_ros2_control/src/gimbal_controller/src/gimbal_controller.cpp:15\x1b[m\x1b[K:\n'}
[2.665980] (gimbal_controller) StderrLine: {'line': b'\x1b[01m\x1b[K/opt/ros/humble/include/hardware_interface/loaned_state_interface.hpp:59:3:\x1b[m\x1b[K \x1b[01;36m\x1b[Knote: \x1b[m\x1b[Kdeclared here\n'}
[2.666140] (gimbal_controller) StderrLine: {'line': b'   59 |   \x1b[01;36m\x1b[Kget_full_name\x1b[m\x1b[K() const\n'}
[2.666207] (gimbal_controller) StderrLine: {'line': b'      |   \x1b[01;36m\x1b[K^~~~~~~~~~~~~\x1b[m\x1b[K\n'}
[2.666273] (gimbal_controller) StderrLine: {'line': b'In file included from \x1b[01m\x1b[K/opt/ros/humble/include/rclcpp/rclcpp/logging.hpp:24\x1b[m\x1b[K,\n'}
[2.666337] (gimbal_controller) StderrLine: {'line': b'                 from \x1b[01m\x1b[K/opt/ros/humble/include/rclcpp/rclcpp/client.hpp:40\x1b[m\x1b[K,\n'}
[2.666396] (gimbal_controller) StderrLine: {'line': b'                 from \x1b[01m\x1b[K/opt/ros/humble/include/rclcpp/rclcpp/callback_group.hpp:24\x1b[m\x1b[K,\n'}
[2.666452] (gimbal_controller) StderrLine: {'line': b'                 from \x1b[01m\x1b[K/opt/ros/humble/include/rclcpp/rclcpp/any_executable.hpp:20\x1b[m\x1b[K,\n'}
[2.666515] (gimbal_controller) StderrLine: {'line': b'                 from \x1b[01m\x1b[K/opt/ros/humble/include/rclcpp/rclcpp/memory_strategy.hpp:25\x1b[m\x1b[K,\n'}
[2.666574] (gimbal_controller) StderrLine: {'line': b'                 from \x1b[01m\x1b[K/opt/ros/humble/include/rclcpp/rclcpp/memory_strategies.hpp:18\x1b[m\x1b[K,\n'}
[2.666632] (gimbal_controller) StderrLine: {'line': b'                 from \x1b[01m\x1b[K/opt/ros/humble/include/rclcpp/rclcpp/executor_options.hpp:20\x1b[m\x1b[K,\n'}
[2.666689] (gimbal_controller) StderrLine: {'line': b'                 from \x1b[01m\x1b[K/opt/ros/humble/include/rclcpp/rclcpp/executor.hpp:37\x1b[m\x1b[K,\n'}
[2.666746] (gimbal_controller) StderrLine: {'line': b'                 from \x1b[01m\x1b[K/opt/ros/humble/include/rclcpp/rclcpp/executors/multi_threaded_executor.hpp:25\x1b[m\x1b[K,\n'}
[2.666803] (gimbal_controller) StderrLine: {'line': b'                 from \x1b[01m\x1b[K/opt/ros/humble/include/rclcpp/rclcpp/executors.hpp:21\x1b[m\x1b[K,\n'}
[2.666860] (gimbal_controller) StderrLine: {'line': b'                 from \x1b[01m\x1b[K/opt/ros/humble/include/rclcpp/rclcpp/rclcpp.hpp:155\x1b[m\x1b[K,\n'}
[2.666916] (gimbal_controller) StderrLine: {'line': b'                 from \x1b[01m\x1b[K/opt/ros/humble/include/controller_interface/controller_interface_base.hpp:28\x1b[m\x1b[K,\n'}
[2.666973] (gimbal_controller) StderrLine: {'line': b'                 from \x1b[01m\x1b[K/opt/ros/humble/include/controller_interface/controller_interface.hpp:22\x1b[m\x1b[K,\n'}
[2.667036] (gimbal_controller) StderrLine: {'line': b'                 from \x1b[01m\x1b[K/home/yuan/rm/code/Ros/my_ros2_control/src/gimbal_controller/include/gimbal_controller/gimbal_controller.hpp:23\x1b[m\x1b[K,\n'}
[2.667095] (gimbal_controller) StderrLine: {'line': b'                 from \x1b[01m\x1b[K/home/yuan/rm/code/Ros/my_ros2_control/src/gimbal_controller/src/gimbal_controller.cpp:15\x1b[m\x1b[K:\n'}
[2.667159] (gimbal_controller) StderrLine: {'line': b'\x1b[01m\x1b[K/home/yuan/rm/code/Ros/my_ros2_control/src/gimbal_controller/src/gimbal_controller.cpp:356:184:\x1b[m\x1b[K \x1b[01;35m\x1b[Kwarning: \x1b[m\x1b[K\xe2\x80\x98\x1b[01m\x1b[Kconst string hardware_interface::LoanedStateInterface::get_full_name() const\x1b[m\x1b[K\xe2\x80\x99 is deprecated: Replaced by get_name method, which is semantically more correct [\x1b[01;35m\x1b[K\x1b]8;;https://gcc.gnu.org/onlinedocs/gcc/Warning-Options.html#index-Wdeprecated-declarations\x07-Wdeprecated-declarations\x1b]8;;\x07\x1b[m\x1b[K]\n'}
[2.667235] (gimbal_controller) StderrLine: {'line': b'  356 | %s name is %s ", gimbal_name.c_str(), position_state_handle->get_interface_name().c_str(), \x1b[01;35m\x1b[Kposition_state_handle->get_full_name()\x1b[m\x1b[K.c_str());\n'}
[2.667292] (gimbal_controller) StderrLine: {'line': b'      |                                                                                            \x1b[01;35m\x1b[K~~~~~~~~~~~~~~~~~~~~~~~~~~~~~~~~~~~~^~\x1b[m\x1b[K\n'}
[2.667351] (gimbal_controller) StderrLine: {'line': b'\n'}
[2.667408] (gimbal_controller) StderrLine: {'line': b'In file included from \x1b[01m\x1b[K/opt/ros/humble/include/controller_interface/controller_interface_base.hpp:26\x1b[m\x1b[K,\n'}
[2.667465] (gimbal_controller) StderrLine: {'line': b'                 from \x1b[01m\x1b[K/opt/ros/humble/include/controller_interface/controller_interface.hpp:22\x1b[m\x1b[K,\n'}
[2.667520] (gimbal_controller) StderrLine: {'line': b'                 from \x1b[01m\x1b[K/home/yuan/rm/code/Ros/my_ros2_control/src/gimbal_controller/include/gimbal_controller/gimbal_controller.hpp:23\x1b[m\x1b[K,\n'}
[2.667577] (gimbal_controller) StderrLine: {'line': b'                 from \x1b[01m\x1b[K/home/yuan/rm/code/Ros/my_ros2_control/src/gimbal_controller/src/gimbal_controller.cpp:15\x1b[m\x1b[K:\n'}
[2.667632] (gimbal_controller) StderrLine: {'line': b'\x1b[01m\x1b[K/opt/ros/humble/include/hardware_interface/loaned_state_interface.hpp:59:3:\x1b[m\x1b[K \x1b[01;36m\x1b[Knote: \x1b[m\x1b[Kdeclared here\n'}
[2.667697] (gimbal_controller) StderrLine: {'line': b'   59 |   \x1b[01;36m\x1b[Kget_full_name\x1b[m\x1b[K() const\n'}
[2.667755] (gimbal_controller) StderrLine: {'line': b'      |   \x1b[01;36m\x1b[K^~~~~~~~~~~~~\x1b[m\x1b[K\n'}
[2.667812] (gimbal_controller) StderrLine: {'line': b'In file included from \x1b[01m\x1b[K/opt/ros/humble/include/rclcpp/rclcpp/logging.hpp:24\x1b[m\x1b[K,\n'}
[2.667870] (gimbal_controller) StderrLine: {'line': b'                 from \x1b[01m\x1b[K/opt/ros/humble/include/rclcpp/rclcpp/client.hpp:40\x1b[m\x1b[K,\n'}
[2.667928] (gimbal_controller) StderrLine: {'line': b'                 from \x1b[01m\x1b[K/opt/ros/humble/include/rclcpp/rclcpp/callback_group.hpp:24\x1b[m\x1b[K,\n'}
[2.667986] (gimbal_controller) StderrLine: {'line': b'                 from \x1b[01m\x1b[K/opt/ros/humble/include/rclcpp/rclcpp/any_executable.hpp:20\x1b[m\x1b[K,\n'}
[2.668042] (gimbal_controller) StderrLine: {'line': b'                 from \x1b[01m\x1b[K/opt/ros/humble/include/rclcpp/rclcpp/memory_strategy.hpp:25\x1b[m\x1b[K,\n'}
[2.668111] (gimbal_controller) StderrLine: {'line': b'                 from \x1b[01m\x1b[K/opt/ros/humble/include/rclcpp/rclcpp/memory_strategies.hpp:18\x1b[m\x1b[K,\n'}
[2.668169] (gimbal_controller) StderrLine: {'line': b'                 from \x1b[01m\x1b[K/opt/ros/humble/include/rclcpp/rclcpp/executor_options.hpp:20\x1b[m\x1b[K,\n'}
[2.668225] (gimbal_controller) StderrLine: {'line': b'                 from \x1b[01m\x1b[K/opt/ros/humble/include/rclcpp/rclcpp/executor.hpp:37\x1b[m\x1b[K,\n'}
[2.668288] (gimbal_controller) StderrLine: {'line': b'                 from \x1b[01m\x1b[K/opt/ros/humble/include/rclcpp/rclcpp/executors/multi_threaded_executor.hpp:25\x1b[m\x1b[K,\n'}
[2.668346] (gimbal_controller) StderrLine: {'line': b'                 from \x1b[01m\x1b[K/opt/ros/humble/include/rclcpp/rclcpp/executors.hpp:21\x1b[m\x1b[K,\n'}
[2.668403] (gimbal_controller) StderrLine: {'line': b'                 from \x1b[01m\x1b[K/opt/ros/humble/include/rclcpp/rclcpp/rclcpp.hpp:155\x1b[m\x1b[K,\n'}
[2.668460] (gimbal_controller) StderrLine: {'line': b'                 from \x1b[01m\x1b[K/opt/ros/humble/include/controller_interface/controller_interface_base.hpp:28\x1b[m\x1b[K,\n'}
[2.668517] (gimbal_controller) StderrLine: {'line': b'                 from \x1b[01m\x1b[K/opt/ros/humble/include/controller_interface/controller_interface.hpp:22\x1b[m\x1b[K,\n'}
[2.668574] (gimbal_controller) StderrLine: {'line': b'                 from \x1b[01m\x1b[K/home/yuan/rm/code/Ros/my_ros2_control/src/gimbal_controller/include/gimbal_controller/gimbal_controller.hpp:23\x1b[m\x1b[K,\n'}
[2.668630] (gimbal_controller) StderrLine: {'line': b'                 from \x1b[01m\x1b[K/home/yuan/rm/code/Ros/my_ros2_control/src/gimbal_controller/src/gimbal_controller.cpp:15\x1b[m\x1b[K:\n'}
[2.668687] (gimbal_controller) StderrLine: {'line': b'\x1b[01m\x1b[K/home/yuan/rm/code/Ros/my_ros2_control/src/gimbal_controller/src/gimbal_controller.cpp:375:55:\x1b[m\x1b[K \x1b[01;35m\x1b[Kwarning: \x1b[m\x1b[K\xe2\x80\x98\x1b[01m\x1b[Kconst string hardware_interface::LoanedCommandInterface::get_full_name() const\x1b[m\x1b[K\xe2\x80\x99 is deprecated: Replaced by get_name method, which is semantically more correct [\x1b[01;35m\x1b[K\x1b]8;;https://gcc.gnu.org/onlinedocs/gcc/Warning-Options.html#index-Wdeprecated-declarations\x07-Wdeprecated-declarations\x1b]8;;\x07\x1b[m\x1b[K]\n'}
[2.668747] (gimbal_controller) StderrLine: {'line': b'  375 |                   \x1b[01;35m\x1b[Keffort_command_handle->get_full_name()\x1b[m\x1b[K.c_str());\n'}
[2.668804] (gimbal_controller) StderrLine: {'line': b'      |                   \x1b[01;35m\x1b[K~~~~~~~~~~~~~~~~~~~~~~~~~~~~~~~~~~~~^~\x1b[m\x1b[K\n'}
[2.668862] (gimbal_controller) StderrLine: {'line': b'In file included from \x1b[01m\x1b[K/opt/ros/humble/include/controller_interface/controller_interface_base.hpp:25\x1b[m\x1b[K,\n'}
[2.668926] (gimbal_controller) StderrLine: {'line': b'                 from \x1b[01m\x1b[K/opt/ros/humble/include/controller_interface/controller_interface.hpp:22\x1b[m\x1b[K,\n'}
[2.668992] (gimbal_controller) StderrLine: {'line': b'                 from \x1b[01m\x1b[K/home/yuan/rm/code/Ros/my_ros2_control/src/gimbal_controller/include/gimbal_controller/gimbal_controller.hpp:23\x1b[m\x1b[K,\n'}
[2.669056] (gimbal_controller) StderrLine: {'line': b'                 from \x1b[01m\x1b[K/home/yuan/rm/code/Ros/my_ros2_control/src/gimbal_controller/src/gimbal_controller.cpp:15\x1b[m\x1b[K:\n'}
[2.669118] (gimbal_controller) StderrLine: {'line': b'\x1b[01m\x1b[K/opt/ros/humble/include/hardware_interface/loaned_command_interface.hpp:59:3:\x1b[m\x1b[K \x1b[01;36m\x1b[Knote: \x1b[m\x1b[Kdeclared here\n'}
[2.669185] (gimbal_controller) StderrLine: {'line': b'   59 |   \x1b[01;36m\x1b[Kget_full_name\x1b[m\x1b[K() const\n'}
[2.669240] (gimbal_controller) StderrLine: {'line': b'      |   \x1b[01;36m\x1b[K^~~~~~~~~~~~~\x1b[m\x1b[K\n'}
[2.706635] (-) TimerEvent: {}
[2.806917] (-) TimerEvent: {}
[2.907213] (-) TimerEvent: {}
[3.007499] (-) TimerEvent: {}
[3.107800] (-) TimerEvent: {}
[3.208110] (-) TimerEvent: {}
[3.308414] (-) TimerEvent: {}
[3.408717] (-) TimerEvent: {}
[3.508999] (-) TimerEvent: {}
[3.609311] (-) TimerEvent: {}
[3.709615] (-) TimerEvent: {}
[3.809922] (-) TimerEvent: {}
[3.910258] (-) TimerEvent: {}
[4.010562] (-) TimerEvent: {}
[4.110922] (-) TimerEvent: {}
[4.211236] (-) TimerEvent: {}
[4.311530] (-) TimerEvent: {}
[4.411861] (-) TimerEvent: {}
[4.512159] (-) TimerEvent: {}
[4.612428] (-) TimerEvent: {}
[4.712702] (-) TimerEvent: {}
[4.812980] (-) TimerEvent: {}
[4.913265] (-) TimerEvent: {}
[5.013575] (-) TimerEvent: {}
[5.113866] (-) TimerEvent: {}
[5.214146] (-) TimerEvent: {}
[5.314448] (-) TimerEvent: {}
[5.414729] (-) TimerEvent: {}
[5.515028] (-) TimerEvent: {}
[5.615327] (-) TimerEvent: {}
[5.715609] (-) TimerEvent: {}
[5.815900] (-) TimerEvent: {}
[5.916557] (-) TimerEvent: {}
[6.016846] (-) TimerEvent: {}
[6.117128] (-) TimerEvent: {}
[6.217435] (-) TimerEvent: {}
[6.317709] (-) TimerEvent: {}
[6.417998] (-) TimerEvent: {}
[6.518283] (-) TimerEvent: {}
[6.618574] (-) TimerEvent: {}
[6.718865] (-) TimerEvent: {}
[6.819178] (-) TimerEvent: {}
[6.919479] (-) TimerEvent: {}
[7.019776] (-) TimerEvent: {}
[7.120094] (-) TimerEvent: {}
[7.220405] (-) TimerEvent: {}
[7.320694] (-) TimerEvent: {}
[7.420995] (-) TimerEvent: {}
[7.521299] (-) TimerEvent: {}
[7.621604] (-) TimerEvent: {}
[7.721895] (-) TimerEvent: {}
[7.822190] (-) TimerEvent: {}
[7.922656] (-) TimerEvent: {}
[8.022963] (-) TimerEvent: {}
[8.123270] (-) TimerEvent: {}
[8.223578] (-) TimerEvent: {}
[8.323860] (-) TimerEvent: {}
[8.424165] (-) TimerEvent: {}
[8.524461] (-) TimerEvent: {}
[8.610534] (gimbal_controller) StdoutLine: {'line': b'[100%] \x1b[32m\x1b[1mLinking CXX shared library libgimbal_controller.so\x1b[0m\n'}
[8.624731] (-) TimerEvent: {}
[8.725088] (-) TimerEvent: {}
[8.825395] (-) TimerEvent: {}
[8.925688] (-) TimerEvent: {}
[9.025968] (-) TimerEvent: {}
[9.042544] (gimbal_controller) StdoutLine: {'line': b'[100%] Built target gimbal_controller\n'}
[9.055293] (gimbal_controller) CommandEnded: {'returncode': 0}
[9.081839] (gimbal_controller) JobProgress: {'identifier': 'gimbal_controller', 'progress': 'install'}
[9.082905] (gimbal_controller) Command: {'cmd': ['/usr/bin/cmake', '--install', '/home/yuan/rm/code/Ros/my_ros2_control/build/gimbal_controller'], 'cwd': '/home/yuan/rm/code/Ros/my_ros2_control/build/gimbal_controller', 'env': OrderedDict([('RAW_TERMINAL_COLOR_LIGHT_CYAN', '\x1b[1;36m'), ('LESSOPEN', '| /usr/bin/lesspipe %s'), ('LANGUAGE', 'zh_CN:zh'), ('USER', 'yuan'), ('XDG_SEAT', 'seat0'), ('TERMINAL_COLOR_USER_INPUT_DECISION', '\\e[0;35m'), ('SSH_AGENT_PID', '1225'), ('XDG_SESSION_TYPE', 'x11'), ('GIT_ASKPASS', '/usr/share/code/resources/app/extensions/git/dist/askpass.sh'), ('STM32CubeMX_PATH', '/home/yuan/app/stm32cubemx/software'), ('TERMINAL_COLOR_GREEN', '\\e[0;32m'), ('RAW_TERMINAL_COLOR_WHITE', '\x1b[1;37m'), ('RAW_TERMINAL_COLOR_GRAY', '\x1b[1;30m'), ('SHLVL', '1'), ('LD_LIBRARY_PATH', '/home/yuan/rm/code/Ros/my_ros2_control/install/motor_interface/lib:/home/yuan/rm/code/Ros/my_ros2_control/install/gimbal_controller/lib:/opt/ros/humble/opt/rviz_ogre_vendor/lib:/opt/ros/humble/lib/x86_64-linux-gnu:/opt/ros/humble/lib'), ('HOME', '/home/yuan'), ('CHROME_DESKTOP', 'code-url-handler.desktop'), ('ROS_WS_CACHE_SOURCED_TIME', '0'), ('OLDPWD', '/home/yuan/rm/code/Ros/my_ros2_control'), ('TERM_PROGRAM_VERSION', '1.83.1'), ('DESKTOP_SESSION', 'xfce'), ('TERMINAL_COLOR_LIGHT_GREEN', '\\e[1;32m'), ('RAW_TERMINAL_COLOR_BLACK', '\x1b[0;30m'), ('RAW_TERMINAL_COLOR_LIGHT_GRAY', '\x1b[0;37m'), ('GIO_LAUNCHED_DESKTOP_FILE', '/usr/share/applications/code.desktop'), ('ROS_PYTHON_VERSION', '3'), ('XDG_SEAT_PATH', '/org/freedesktop/DisplayManager/Seat0'), ('TERMINAL_COLOR_BLUE', '\\e[0;34m'), ('VSCODE_GIT_ASKPASS_MAIN', '/usr/share/code/resources/app/extensions/git/dist/askpass-main.js'), ('TERMINAL_COLOR_RED', '\\e[0;31m'), ('VSCODE_GIT_ASKPASS_NODE', '/usr/share/code/code'), ('DBUS_SESSION_BUS_ADDRESS', 'unix:path=/run/user/1000/bus'), ('COLORTERM', 'truecolor'), ('TERMINAL_COLOR_LIGHT_BLUE', '\\e[1;34m'), ('TERMINAL_COLOR_CYAN', '\\e[0;36m'), ('RAW_TERMINAL_COLOR_BROWN', '\x1b[0;33m'), ('GIO_LAUNCHED_DESKTOP_FILE_PID', '2914'), ('TERMINAL_COLOR_LIGHT_RED', '\\e[1;31m'), ('RAW_TERMINAL_COLOR_PURPLE', '\x1b[0;35m'), ('COLCON_PREFIX_PATH', '/home/yuan/rm/code/Ros/my_ros2_control/install'), ('ROS_DISTRO', 'humble'), ('TERMINAL_COLOR_NC', '\\e[0m'), ('GTK_IM_MODULE', 'fcitx'), ('TERMINAL_COLOR_LIGHT_CYAN', '\\e[1;36m'), ('LOGNAME', 'yuan'), ('_', '/usr/bin/colcon'), ('ROS_VERSION', '2'), ('XDG_SESSION_CLASS', 'user'), ('RAW_TERMINAL_COLOR_LIGHT_PURPLE', '\x1b[1;35m'), ('RAW_TERMINAL_COLOR_YELLOW', '\x1b[1;33m'), ('TERMINAL_COLOR_USER_CONFIRMATION', '\\e[0;34m'), ('TERM', 'xterm-256color'), ('XDG_SESSION_ID', 'c1'), ('ROS_LOCALHOST_ONLY', '0'), ('TERMINAL_COLOR_WHITE', '\\e[1;37m'), ('TERMINAL_COLOR_GRAY', '\\e[1;30m'), ('PATH', '/home/yuan/rm/arm-gnu-toolchain-12.3.rel1-x86_64-arm-none-eabi/bin:/opt/ros/humble/bin:/usr/local/sbin:/usr/local/bin:/usr/sbin:/usr/bin:/sbin:/bin:/usr/games:/usr/local/games:/snap/bin:/home/yuan/.dotnet/tools:/home/yuan/.fzf/bin'), ('SESSION_MANAGER', 'local/yuan:@/tmp/.ICE-unix/1053,unix/yuan:/tmp/.ICE-unix/1053'), ('GDM_LANG', 'zh_CN'), ('XDG_SESSION_PATH', '/org/freedesktop/DisplayManager/Session0'), ('XDG_MENU_PREFIX', 'xfce-'), ('XDG_RUNTIME_DIR', '/run/user/1000'), ('GDK_BACKEND', 'x11'), ('RTW_COLOR_NOTIFY_USER', '\\e[1;33m'), ('TERMINAL_COLOR_LIGHT_GRAY', '\\e[0;37m'), ('TERMINAL_COLOR_BLACK', '\\e[0;30m'), ('DISPLAY', ':0.0'), ('LANG', 'zh_CN.UTF-8'), ('XDG_CURRENT_DESKTOP', 'XFCE'), ('DOTNET_BUNDLE_EXTRACT_BASE_DIR', '/home/yuan/.cache/dotnet_bundle_extract'), ('XMODIFIERS', '@im=fcitx'), ('XDG_SESSION_DESKTOP', 'xfce'), ('XAUTHORITY', '/home/yuan/.Xauthority'), ('LS_COLORS', ''), ('VSCODE_GIT_IPC_HANDLE', '/run/user/1000/vscode-git-be293a297e.sock'), ('TERM_PROGRAM', 'vscode'), ('SSH_AUTH_SOCK', '/tmp/ssh-XXXXXXEQuJH2/agent.1224'), ('GSETTINGS_SCHEMA_DIR', '/home/yuan/data'), ('XDG_GREETER_DATA_DIR', '/var/lib/lightdm-data/yuan'), ('AMENT_PREFIX_PATH', '/home/yuan/rm/code/Ros/my_ros2_control/install/motor_interface:/home/yuan/rm/code/Ros/my_ros2_control/install/gimbal_controller:/opt/ros/humble'), ('ORIGINAL_XDG_CURRENT_DESKTOP', 'XFCE'), ('SHELL', '/bin/bash'), ('TERMINAL_COLOR_BROWN', '\\e[0;33m'), ('QT_ACCESSIBILITY', '1'), ('RAW_TERMINAL_COLOR_GREEN', '\x1b[0;32m'), ('GDMSESSION', 'xfce'), ('LESSCLOSE', '/usr/bin/lesspipe %s %s'), ('TERMINAL_COLOR_PURPLE', '\\e[0;35m'), ('RAW_TERMINAL_COLOR_LIGHT_GREEN', '\x1b[1;32m'), ('TERMINAL_COLOR_USER_NOTICE', '\\e[1;33m'), ('VSCODE_GIT_ASKPASS_EXTRA_ARGS', '--ms-enable-electron-run-as-node'), ('QT_IM_MODULE', 'fcitx'), ('XDG_VTNR', '7'), ('TERMINAL_COLOR_LIGHT_PURPLE', '\\e[1;35m'), ('TERMINAL_COLOR_YELLOW', '\\e[1;33m'), ('PWD', '/home/yuan/rm/code/Ros/my_ros2_control/build/gimbal_controller'), ('RAW_TERMINAL_COLOR_BLUE', '\x1b[0;34m'), ('XDG_CONFIG_DIRS', '/etc/xdg/xdg-xfce:/etc/xdg:/etc/xdg'), ('RAW_TERMINAL_COLOR_RED', '\x1b[0;31m'), ('CLUTTER_IM_MODULE', 'xim'), ('XDG_DATA_DIRS', '/usr/share/xfce4:/usr/local/share:/usr/share:/var/lib/snapd/desktop:/usr/share'), ('PYTHONPATH', '/opt/ros/humble/lib/python3.10/site-packages:/opt/ros/humble/local/lib/python3.10/dist-packages'), ('RAW_TERMINAL_COLOR_CYAN', '\x1b[0;36m'), ('RAW_TERMINAL_COLOR_LIGHT_BLUE', '\x1b[1;34m'), ('RTW_COLOR_ERROR', '\\e[0;31m'), ('COLCON', '1'), ('RAW_TERMINAL_COLOR_LIGHT_RED', '\x1b[1;31m'), ('CMAKE_PREFIX_PATH', '/home/yuan/rm/code/Ros/my_ros2_control/install/test:/home/yuan/rm/code/Ros/my_ros2_control/install/motor_interface:/home/yuan/rm/code/Ros/my_ros2_control/install/gimbal_controller:/opt/ros/humble'), ('RAW_TERMINAL_COLOR_NC', '\x1b[0m')]), 'shell': False}
[9.090396] (gimbal_controller) StdoutLine: {'line': b'-- Install configuration: "Debug"\n'}
[9.090756] (gimbal_controller) StdoutLine: {'line': b'-- Execute custom install script\n'}
[9.091155] (gimbal_controller) StdoutLine: {'line': b'-- Up-to-date symlink: /home/yuan/rm/code/Ros/my_ros2_control/install/gimbal_controller/include/gimbal_controller_parameters/gimbal_controller_parameters.hpp\n'}
[9.091281] (gimbal_controller) StdoutLine: {'line': b'-- Up-to-date symlink: /home/yuan/rm/code/Ros/my_ros2_control/install/gimbal_controller/include/gimbal_controller_parameters/validate_gimbal_controller_parameters.hpp\n'}
[9.091406] (gimbal_controller) StdoutLine: {'line': b'-- Up-to-date symlink: /home/yuan/rm/code/Ros/my_ros2_control/install/gimbal_controller/share/gimbal_controller//gimbal_controller.xml\n'}
[9.091667] (gimbal_controller) StdoutLine: {'line': b'-- Up-to-date symlink: /home/yuan/rm/code/Ros/my_ros2_control/install/gimbal_controller/include/gimbal_controller/gimbal_controller/gimbal_controller.hpp\n'}
[9.091765] (gimbal_controller) StdoutLine: {'line': b'-- Up-to-date symlink: /home/yuan/rm/code/Ros/my_ros2_control/install/gimbal_controller/include/gimbal_controller/gimbal_controller/validate_gimbal_controller_parameters.hpp\n'}
[9.091870] (gimbal_controller) StdoutLine: {'line': b'-- Up-to-date symlink: /home/yuan/rm/code/Ros/my_ros2_control/install/gimbal_controller/include/gimbal_controller/gimbal_controller/visibility_control.h\n'}
[9.092012] (gimbal_controller) StdoutLine: {'line': b'-- Up-to-date symlink: /home/yuan/rm/code/Ros/my_ros2_control/install/gimbal_controller/share/gimbal_controller/environment/library_path.sh\n'}
[9.092141] (gimbal_controller) StdoutLine: {'line': b'-- Up-to-date symlink: /home/yuan/rm/code/Ros/my_ros2_control/install/gimbal_controller/share/gimbal_controller/environment/library_path.dsv\n'}
[9.092294] (gimbal_controller) StdoutLine: {'line': b'-- Up-to-date symlink: /home/yuan/rm/code/Ros/my_ros2_control/install/gimbal_controller/share/ament_index/resource_index/package_run_dependencies/gimbal_controller\n'}
[9.092429] (gimbal_controller) StdoutLine: {'line': b'-- Up-to-date symlink: /home/yuan/rm/code/Ros/my_ros2_control/install/gimbal_controller/share/ament_index/resource_index/parent_prefix_path/gimbal_controller\n'}
[9.092554] (gimbal_controller) StdoutLine: {'line': b'-- Up-to-date symlink: /home/yuan/rm/code/Ros/my_ros2_control/install/gimbal_controller/share/gimbal_controller/environment/ament_prefix_path.sh\n'}
[9.092679] (gimbal_controller) StdoutLine: {'line': b'-- Up-to-date symlink: /home/yuan/rm/code/Ros/my_ros2_control/install/gimbal_controller/share/gimbal_controller/environment/ament_prefix_path.dsv\n'}
[9.092801] (gimbal_controller) StdoutLine: {'line': b'-- Up-to-date symlink: /home/yuan/rm/code/Ros/my_ros2_control/install/gimbal_controller/share/gimbal_controller/environment/path.sh\n'}
[9.092925] (gimbal_controller) StdoutLine: {'line': b'-- Up-to-date symlink: /home/yuan/rm/code/Ros/my_ros2_control/install/gimbal_controller/share/gimbal_controller/environment/path.dsv\n'}
[9.093048] (gimbal_controller) StdoutLine: {'line': b'-- Up-to-date symlink: /home/yuan/rm/code/Ros/my_ros2_control/install/gimbal_controller/share/gimbal_controller/local_setup.bash\n'}
[9.093170] (gimbal_controller) StdoutLine: {'line': b'-- Up-to-date symlink: /home/yuan/rm/code/Ros/my_ros2_control/install/gimbal_controller/share/gimbal_controller/local_setup.sh\n'}
[9.093291] (gimbal_controller) StdoutLine: {'line': b'-- Up-to-date symlink: /home/yuan/rm/code/Ros/my_ros2_control/install/gimbal_controller/share/gimbal_controller/local_setup.zsh\n'}
[9.093410] (gimbal_controller) StdoutLine: {'line': b'-- Up-to-date symlink: /home/yuan/rm/code/Ros/my_ros2_control/install/gimbal_controller/share/gimbal_controller/local_setup.dsv\n'}
[9.093491] (gimbal_controller) StdoutLine: {'line': b'-- Symlinking: /home/yuan/rm/code/Ros/my_ros2_control/install/gimbal_controller/share/gimbal_controller/package.dsv\n'}
[9.103140] (gimbal_controller) StdoutLine: {'line': b'-- Up-to-date symlink: /home/yuan/rm/code/Ros/my_ros2_control/install/gimbal_controller/share/ament_index/resource_index/packages/gimbal_controller\n'}
[9.103330] (gimbal_controller) StdoutLine: {'line': b'-- Up-to-date symlink: /home/yuan/rm/code/Ros/my_ros2_control/install/gimbal_controller/share/ament_index/resource_index/controller_interface__pluginlib__plugin/gimbal_controller\n'}
[9.103462] (gimbal_controller) StdoutLine: {'line': b'-- Up-to-date symlink: /home/yuan/rm/code/Ros/my_ros2_control/install/gimbal_controller/share/gimbal_controller/cmake/ament_cmake_export_targets-extras.cmake\n'}
[9.103571] (gimbal_controller) StdoutLine: {'line': b'-- Up-to-date symlink: /home/yuan/rm/code/Ros/my_ros2_control/install/gimbal_controller/share/gimbal_controller/cmake/ament_cmake_export_include_directories-extras.cmake\n'}
[9.103680] (gimbal_controller) StdoutLine: {'line': b'-- Up-to-date symlink: /home/yuan/rm/code/Ros/my_ros2_control/install/gimbal_controller/share/gimbal_controller/cmake/ament_cmake_export_dependencies-extras.cmake\n'}
[9.103783] (gimbal_controller) StdoutLine: {'line': b'-- Up-to-date symlink: /home/yuan/rm/code/Ros/my_ros2_control/install/gimbal_controller/share/gimbal_controller/cmake/ament_cmake_export_libraries-extras.cmake\n'}
[9.103912] (gimbal_controller) StdoutLine: {'line': b'-- Up-to-date symlink: /home/yuan/rm/code/Ros/my_ros2_control/install/gimbal_controller/share/gimbal_controller/cmake/gimbal_controllerConfig.cmake\n'}
[9.104019] (gimbal_controller) StdoutLine: {'line': b'-- Up-to-date symlink: /home/yuan/rm/code/Ros/my_ros2_control/install/gimbal_controller/share/gimbal_controller/cmake/gimbal_controllerConfig-version.cmake\n'}
[9.104143] (gimbal_controller) StdoutLine: {'line': b'-- Up-to-date symlink: /home/yuan/rm/code/Ros/my_ros2_control/install/gimbal_controller/share/gimbal_controller/package.xml\n'}
[9.104397] (gimbal_controller) StdoutLine: {'line': b'-- Up-to-date: /home/yuan/rm/code/Ros/my_ros2_control/install/gimbal_controller/share/gimbal_controller/cmake/export_gimbal_controllerExport.cmake\n'}
[9.104476] (gimbal_controller) StdoutLine: {'line': b'-- Up-to-date: /home/yuan/rm/code/Ros/my_ros2_control/install/gimbal_controller/share/gimbal_controller/cmake/export_gimbal_controllerExport-debug.cmake\n'}
[9.106582] (gimbal_controller) CommandEnded: {'returncode': 0}
[9.126054] (-) TimerEvent: {}
[9.226321] (-) TimerEvent: {}
[9.262799] (gimbal_controller) JobEnded: {'identifier': 'gimbal_controller', 'rc': 0}
[9.263588] (-) EventReactorShutdown: {}
