[0.000000] (-) TimerEvent: {}
[0.000885] (gimbal_controller) JobQueued: {'identifier': 'gimbal_controller', 'dependencies': OrderedDict()}
[0.000934] (motor_interface) JobQueued: {'identifier': 'motor_interface', 'dependencies': OrderedDict()}
[0.000989] (gimbal_controller) JobStarted: {'identifier': 'gimbal_controller'}
[0.048254] (motor_interface) JobStarted: {'identifier': 'motor_interface'}
[0.099783] (gimbal_controller) JobProgress: {'identifier': 'gimbal_controller', 'progress': 'cmake'}
[0.099841] (-) TimerEvent: {}
[0.100448] (gimbal_controller) JobProgress: {'identifier': 'gimbal_controller', 'progress': 'build'}
[0.101080] (gimbal_controller) Command: {'cmd': ['/usr/bin/cmake', '--build', '/home/yuan/rm/code/Ros/my_ros2_control/build/gimbal_controller', '--', '-j16', '-l16'], 'cwd': '/home/yuan/rm/code/Ros/my_ros2_control/build/gimbal_controller', 'env': OrderedDict([('RAW_TERMINAL_COLOR_LIGHT_CYAN', '\x1b[1;36m'), ('LESSOPEN', '| /usr/bin/lesspipe %s'), ('LANGUAGE', 'zh_CN:zh'), ('USER', 'yuan'), ('XDG_SEAT', 'seat0'), ('TERMINAL_COLOR_USER_INPUT_DECISION', '\\e[0;35m'), ('SSH_AGENT_PID', '1225'), ('XDG_SESSION_TYPE', 'x11'), ('GIT_ASKPASS', '/usr/share/code/resources/app/extensions/git/dist/askpass.sh'), ('STM32CubeMX_PATH', '/home/yuan/app/stm32cubemx/software'), ('TERMINAL_COLOR_GREEN', '\\e[0;32m'), ('RAW_TERMINAL_COLOR_WHITE', '\x1b[1;37m'), ('RAW_TERMINAL_COLOR_GRAY', '\x1b[1;30m'), ('SHLVL', '1'), ('LD_LIBRARY_PATH', '/home/yuan/rm/code/Ros/my_ros2_control/install/motor_interface/lib:/home/yuan/rm/code/Ros/my_ros2_control/install/gimbal_controller/lib:/opt/ros/humble/opt/rviz_ogre_vendor/lib:/opt/ros/humble/lib/x86_64-linux-gnu:/opt/ros/humble/lib'), ('HOME', '/home/yuan'), ('CHROME_DESKTOP', 'code-url-handler.desktop'), ('ROS_WS_CACHE_SOURCED_TIME', '0'), ('OLDPWD', '/home/yuan/rm/code/Ros/my_ros2_control'), ('TERM_PROGRAM_VERSION', '1.83.1'), ('DESKTOP_SESSION', 'xfce'), ('TERMINAL_COLOR_LIGHT_GREEN', '\\e[1;32m'), ('RAW_TERMINAL_COLOR_BLACK', '\x1b[0;30m'), ('RAW_TERMINAL_COLOR_LIGHT_GRAY', '\x1b[0;37m'), ('GIO_LAUNCHED_DESKTOP_FILE', '/usr/share/applications/code.desktop'), ('ROS_PYTHON_VERSION', '3'), ('XDG_SEAT_PATH', '/org/freedesktop/DisplayManager/Seat0'), ('TERMINAL_COLOR_BLUE', '\\e[0;34m'), ('VSCODE_GIT_ASKPASS_MAIN', '/usr/share/code/resources/app/extensions/git/dist/askpass-main.js'), ('TERMINAL_COLOR_RED', '\\e[0;31m'), ('VSCODE_GIT_ASKPASS_NODE', '/usr/share/code/code'), ('DBUS_SESSION_BUS_ADDRESS', 'unix:path=/run/user/1000/bus'), ('COLORTERM', 'truecolor'), ('TERMINAL_COLOR_LIGHT_BLUE', '\\e[1;34m'), ('TERMINAL_COLOR_CYAN', '\\e[0;36m'), ('RAW_TERMINAL_COLOR_BROWN', '\x1b[0;33m'), ('GIO_LAUNCHED_DESKTOP_FILE_PID', '2914'), ('TERMINAL_COLOR_LIGHT_RED', '\\e[1;31m'), ('RAW_TERMINAL_COLOR_PURPLE', '\x1b[0;35m'), ('COLCON_PREFIX_PATH', '/home/yuan/rm/code/Ros/my_ros2_control/install'), ('ROS_DISTRO', 'humble'), ('TERMINAL_COLOR_NC', '\\e[0m'), ('GTK_IM_MODULE', 'fcitx'), ('TERMINAL_COLOR_LIGHT_CYAN', '\\e[1;36m'), ('LOGNAME', 'yuan'), ('_', '/usr/bin/colcon'), ('ROS_VERSION', '2'), ('XDG_SESSION_CLASS', 'user'), ('RAW_TERMINAL_COLOR_LIGHT_PURPLE', '\x1b[1;35m'), ('RAW_TERMINAL_COLOR_YELLOW', '\x1b[1;33m'), ('TERMINAL_COLOR_USER_CONFIRMATION', '\\e[0;34m'), ('TERM', 'xterm-256color'), ('XDG_SESSION_ID', 'c1'), ('ROS_LOCALHOST_ONLY', '0'), ('TERMINAL_COLOR_WHITE', '\\e[1;37m'), ('TERMINAL_COLOR_GRAY', '\\e[1;30m'), ('PATH', '/home/yuan/rm/arm-gnu-toolchain-12.3.rel1-x86_64-arm-none-eabi/bin:/opt/ros/humble/bin:/usr/local/sbin:/usr/local/bin:/usr/sbin:/usr/bin:/sbin:/bin:/usr/games:/usr/local/games:/snap/bin:/home/yuan/.dotnet/tools:/home/yuan/.fzf/bin'), ('SESSION_MANAGER', 'local/yuan:@/tmp/.ICE-unix/1053,unix/yuan:/tmp/.ICE-unix/1053'), ('GDM_LANG', 'zh_CN'), ('XDG_SESSION_PATH', '/org/freedesktop/DisplayManager/Session0'), ('XDG_MENU_PREFIX', 'xfce-'), ('XDG_RUNTIME_DIR', '/run/user/1000'), ('GDK_BACKEND', 'x11'), ('RTW_COLOR_NOTIFY_USER', '\\e[1;33m'), ('TERMINAL_COLOR_LIGHT_GRAY', '\\e[0;37m'), ('TERMINAL_COLOR_BLACK', '\\e[0;30m'), ('DISPLAY', ':0.0'), ('LANG', 'zh_CN.UTF-8'), ('XDG_CURRENT_DESKTOP', 'XFCE'), ('DOTNET_BUNDLE_EXTRACT_BASE_DIR', '/home/yuan/.cache/dotnet_bundle_extract'), ('XMODIFIERS', '@im=fcitx'), ('XDG_SESSION_DESKTOP', 'xfce'), ('XAUTHORITY', '/home/yuan/.Xauthority'), ('LS_COLORS', ''), ('VSCODE_GIT_IPC_HANDLE', '/run/user/1000/vscode-git-be293a297e.sock'), ('TERM_PROGRAM', 'vscode'), ('SSH_AUTH_SOCK', '/tmp/ssh-XXXXXXEQuJH2/agent.1224'), ('GSETTINGS_SCHEMA_DIR', '/home/yuan/data'), ('XDG_GREETER_DATA_DIR', '/var/lib/lightdm-data/yuan'), ('AMENT_PREFIX_PATH', '/home/yuan/rm/code/Ros/my_ros2_control/install/motor_interface:/home/yuan/rm/code/Ros/my_ros2_control/install/gimbal_controller:/opt/ros/humble'), ('ORIGINAL_XDG_CURRENT_DESKTOP', 'XFCE'), ('SHELL', '/bin/bash'), ('TERMINAL_COLOR_BROWN', '\\e[0;33m'), ('QT_ACCESSIBILITY', '1'), ('RAW_TERMINAL_COLOR_GREEN', '\x1b[0;32m'), ('GDMSESSION', 'xfce'), ('LESSCLOSE', '/usr/bin/lesspipe %s %s'), ('TERMINAL_COLOR_PURPLE', '\\e[0;35m'), ('RAW_TERMINAL_COLOR_LIGHT_GREEN', '\x1b[1;32m'), ('TERMINAL_COLOR_USER_NOTICE', '\\e[1;33m'), ('VSCODE_GIT_ASKPASS_EXTRA_ARGS', '--ms-enable-electron-run-as-node'), ('QT_IM_MODULE', 'fcitx'), ('XDG_VTNR', '7'), ('TERMINAL_COLOR_LIGHT_PURPLE', '\\e[1;35m'), ('TERMINAL_COLOR_YELLOW', '\\e[1;33m'), ('PWD', '/home/yuan/rm/code/Ros/my_ros2_control/build/gimbal_controller'), ('RAW_TERMINAL_COLOR_BLUE', '\x1b[0;34m'), ('XDG_CONFIG_DIRS', '/etc/xdg/xdg-xfce:/etc/xdg:/etc/xdg'), ('RAW_TERMINAL_COLOR_RED', '\x1b[0;31m'), ('CLUTTER_IM_MODULE', 'xim'), ('XDG_DATA_DIRS', '/usr/share/xfce4:/usr/local/share:/usr/share:/var/lib/snapd/desktop:/usr/share'), ('PYTHONPATH', '/opt/ros/humble/lib/python3.10/site-packages:/opt/ros/humble/local/lib/python3.10/dist-packages'), ('RAW_TERMINAL_COLOR_CYAN', '\x1b[0;36m'), ('RAW_TERMINAL_COLOR_LIGHT_BLUE', '\x1b[1;34m'), ('RTW_COLOR_ERROR', '\\e[0;31m'), ('COLCON', '1'), ('RAW_TERMINAL_COLOR_LIGHT_RED', '\x1b[1;31m'), ('CMAKE_PREFIX_PATH', '/home/yuan/rm/code/Ros/my_ros2_control/install/motor_interface:/home/yuan/rm/code/Ros/my_ros2_control/install/gimbal_controller:/opt/ros/humble'), ('RAW_TERMINAL_COLOR_NC', '\x1b[0m')]), 'shell': False}
[0.104044] (motor_interface) JobProgress: {'identifier': 'motor_interface', 'progress': 'cmake'}
[0.104470] (motor_interface) JobProgress: {'identifier': 'motor_interface', 'progress': 'build'}
[0.105197] (motor_interface) Command: {'cmd': ['/usr/bin/cmake', '--build', '/home/yuan/rm/code/Ros/my_ros2_control/build/motor_interface', '--', '-j16', '-l16'], 'cwd': '/home/yuan/rm/code/Ros/my_ros2_control/build/motor_interface', 'env': OrderedDict([('RAW_TERMINAL_COLOR_LIGHT_CYAN', '\x1b[1;36m'), ('LESSOPEN', '| /usr/bin/lesspipe %s'), ('LANGUAGE', 'zh_CN:zh'), ('USER', 'yuan'), ('XDG_SEAT', 'seat0'), ('TERMINAL_COLOR_USER_INPUT_DECISION', '\\e[0;35m'), ('SSH_AGENT_PID', '1225'), ('XDG_SESSION_TYPE', 'x11'), ('GIT_ASKPASS', '/usr/share/code/resources/app/extensions/git/dist/askpass.sh'), ('STM32CubeMX_PATH', '/home/yuan/app/stm32cubemx/software'), ('TERMINAL_COLOR_GREEN', '\\e[0;32m'), ('RAW_TERMINAL_COLOR_WHITE', '\x1b[1;37m'), ('RAW_TERMINAL_COLOR_GRAY', '\x1b[1;30m'), ('SHLVL', '1'), ('LD_LIBRARY_PATH', '/home/yuan/rm/code/Ros/my_ros2_control/install/motor_interface/lib:/home/yuan/rm/code/Ros/my_ros2_control/install/gimbal_controller/lib:/opt/ros/humble/opt/rviz_ogre_vendor/lib:/opt/ros/humble/lib/x86_64-linux-gnu:/opt/ros/humble/lib'), ('HOME', '/home/yuan'), ('CHROME_DESKTOP', 'code-url-handler.desktop'), ('ROS_WS_CACHE_SOURCED_TIME', '0'), ('OLDPWD', '/home/yuan/rm/code/Ros/my_ros2_control'), ('TERM_PROGRAM_VERSION', '1.83.1'), ('DESKTOP_SESSION', 'xfce'), ('TERMINAL_COLOR_LIGHT_GREEN', '\\e[1;32m'), ('RAW_TERMINAL_COLOR_BLACK', '\x1b[0;30m'), ('RAW_TERMINAL_COLOR_LIGHT_GRAY', '\x1b[0;37m'), ('GIO_LAUNCHED_DESKTOP_FILE', '/usr/share/applications/code.desktop'), ('ROS_PYTHON_VERSION', '3'), ('XDG_SEAT_PATH', '/org/freedesktop/DisplayManager/Seat0'), ('TERMINAL_COLOR_BLUE', '\\e[0;34m'), ('VSCODE_GIT_ASKPASS_MAIN', '/usr/share/code/resources/app/extensions/git/dist/askpass-main.js'), ('TERMINAL_COLOR_RED', '\\e[0;31m'), ('VSCODE_GIT_ASKPASS_NODE', '/usr/share/code/code'), ('DBUS_SESSION_BUS_ADDRESS', 'unix:path=/run/user/1000/bus'), ('COLORTERM', 'truecolor'), ('TERMINAL_COLOR_LIGHT_BLUE', '\\e[1;34m'), ('TERMINAL_COLOR_CYAN', '\\e[0;36m'), ('RAW_TERMINAL_COLOR_BROWN', '\x1b[0;33m'), ('GIO_LAUNCHED_DESKTOP_FILE_PID', '2914'), ('TERMINAL_COLOR_LIGHT_RED', '\\e[1;31m'), ('RAW_TERMINAL_COLOR_PURPLE', '\x1b[0;35m'), ('COLCON_PREFIX_PATH', '/home/yuan/rm/code/Ros/my_ros2_control/install'), ('ROS_DISTRO', 'humble'), ('TERMINAL_COLOR_NC', '\\e[0m'), ('GTK_IM_MODULE', 'fcitx'), ('TERMINAL_COLOR_LIGHT_CYAN', '\\e[1;36m'), ('LOGNAME', 'yuan'), ('_', '/usr/bin/colcon'), ('ROS_VERSION', '2'), ('XDG_SESSION_CLASS', 'user'), ('RAW_TERMINAL_COLOR_LIGHT_PURPLE', '\x1b[1;35m'), ('RAW_TERMINAL_COLOR_YELLOW', '\x1b[1;33m'), ('TERMINAL_COLOR_USER_CONFIRMATION', '\\e[0;34m'), ('TERM', 'xterm-256color'), ('XDG_SESSION_ID', 'c1'), ('ROS_LOCALHOST_ONLY', '0'), ('TERMINAL_COLOR_WHITE', '\\e[1;37m'), ('TERMINAL_COLOR_GRAY', '\\e[1;30m'), ('PATH', '/home/yuan/rm/arm-gnu-toolchain-12.3.rel1-x86_64-arm-none-eabi/bin:/opt/ros/humble/bin:/usr/local/sbin:/usr/local/bin:/usr/sbin:/usr/bin:/sbin:/bin:/usr/games:/usr/local/games:/snap/bin:/home/yuan/.dotnet/tools:/home/yuan/.fzf/bin'), ('SESSION_MANAGER', 'local/yuan:@/tmp/.ICE-unix/1053,unix/yuan:/tmp/.ICE-unix/1053'), ('GDM_LANG', 'zh_CN'), ('XDG_SESSION_PATH', '/org/freedesktop/DisplayManager/Session0'), ('XDG_MENU_PREFIX', 'xfce-'), ('XDG_RUNTIME_DIR', '/run/user/1000'), ('GDK_BACKEND', 'x11'), ('RTW_COLOR_NOTIFY_USER', '\\e[1;33m'), ('TERMINAL_COLOR_LIGHT_GRAY', '\\e[0;37m'), ('TERMINAL_COLOR_BLACK', '\\e[0;30m'), ('DISPLAY', ':0.0'), ('LANG', 'zh_CN.UTF-8'), ('XDG_CURRENT_DESKTOP', 'XFCE'), ('DOTNET_BUNDLE_EXTRACT_BASE_DIR', '/home/yuan/.cache/dotnet_bundle_extract'), ('XMODIFIERS', '@im=fcitx'), ('XDG_SESSION_DESKTOP', 'xfce'), ('XAUTHORITY', '/home/yuan/.Xauthority'), ('LS_COLORS', ''), ('VSCODE_GIT_IPC_HANDLE', '/run/user/1000/vscode-git-be293a297e.sock'), ('TERM_PROGRAM', 'vscode'), ('SSH_AUTH_SOCK', '/tmp/ssh-XXXXXXEQuJH2/agent.1224'), ('GSETTINGS_SCHEMA_DIR', '/home/yuan/data'), ('XDG_GREETER_DATA_DIR', '/var/lib/lightdm-data/yuan'), ('AMENT_PREFIX_PATH', '/home/yuan/rm/code/Ros/my_ros2_control/install/motor_interface:/home/yuan/rm/code/Ros/my_ros2_control/install/gimbal_controller:/opt/ros/humble'), ('ORIGINAL_XDG_CURRENT_DESKTOP', 'XFCE'), ('SHELL', '/bin/bash'), ('TERMINAL_COLOR_BROWN', '\\e[0;33m'), ('QT_ACCESSIBILITY', '1'), ('RAW_TERMINAL_COLOR_GREEN', '\x1b[0;32m'), ('GDMSESSION', 'xfce'), ('LESSCLOSE', '/usr/bin/lesspipe %s %s'), ('TERMINAL_COLOR_PURPLE', '\\e[0;35m'), ('RAW_TERMINAL_COLOR_LIGHT_GREEN', '\x1b[1;32m'), ('TERMINAL_COLOR_USER_NOTICE', '\\e[1;33m'), ('VSCODE_GIT_ASKPASS_EXTRA_ARGS', '--ms-enable-electron-run-as-node'), ('QT_IM_MODULE', 'fcitx'), ('XDG_VTNR', '7'), ('TERMINAL_COLOR_LIGHT_PURPLE', '\\e[1;35m'), ('TERMINAL_COLOR_YELLOW', '\\e[1;33m'), ('PWD', '/home/yuan/rm/code/Ros/my_ros2_control/build/motor_interface'), ('RAW_TERMINAL_COLOR_BLUE', '\x1b[0;34m'), ('XDG_CONFIG_DIRS', '/etc/xdg/xdg-xfce:/etc/xdg:/etc/xdg'), ('RAW_TERMINAL_COLOR_RED', '\x1b[0;31m'), ('CLUTTER_IM_MODULE', 'xim'), ('XDG_DATA_DIRS', '/usr/share/xfce4:/usr/local/share:/usr/share:/var/lib/snapd/desktop:/usr/share'), ('PYTHONPATH', '/opt/ros/humble/lib/python3.10/site-packages:/opt/ros/humble/local/lib/python3.10/dist-packages'), ('RAW_TERMINAL_COLOR_CYAN', '\x1b[0;36m'), ('RAW_TERMINAL_COLOR_LIGHT_BLUE', '\x1b[1;34m'), ('RTW_COLOR_ERROR', '\\e[0;31m'), ('COLCON', '1'), ('RAW_TERMINAL_COLOR_LIGHT_RED', '\x1b[1;31m'), ('CMAKE_PREFIX_PATH', '/home/yuan/rm/code/Ros/my_ros2_control/install/motor_interface:/home/yuan/rm/code/Ros/my_ros2_control/install/gimbal_controller:/opt/ros/humble'), ('RAW_TERMINAL_COLOR_NC', '\x1b[0m')]), 'shell': False}
[0.152076] (gimbal_controller) StdoutLine: {'line': b'[ 50%] Built target gimbal_controller_parameters\n'}
[0.152310] (motor_interface) StdoutLine: {'line': b'[ 18%] Built target gmock_main\n'}
[0.153242] (motor_interface) StdoutLine: {'line': b'[ 45%] Built target gmock\n'}
[0.159661] (motor_interface) StdoutLine: {'line': b'[ 54%] \x1b[32mBuilding CXX object CMakeFiles/motor_interface.dir/src/motor.cpp.o\x1b[0m\n'}
[0.176379] (motor_interface) StdoutLine: {'line': b'[ 72%] Built target test_motor\n'}
[0.176657] (gimbal_controller) StdoutLine: {'line': b'[100%] Built target gimbal_controller\n'}
[0.188475] (gimbal_controller) CommandEnded: {'returncode': 0}
[0.199953] (-) TimerEvent: {}
[0.214931] (gimbal_controller) JobProgress: {'identifier': 'gimbal_controller', 'progress': 'install'}
[0.224598] (gimbal_controller) Command: {'cmd': ['/usr/bin/cmake', '--install', '/home/yuan/rm/code/Ros/my_ros2_control/build/gimbal_controller'], 'cwd': '/home/yuan/rm/code/Ros/my_ros2_control/build/gimbal_controller', 'env': OrderedDict([('RAW_TERMINAL_COLOR_LIGHT_CYAN', '\x1b[1;36m'), ('LESSOPEN', '| /usr/bin/lesspipe %s'), ('LANGUAGE', 'zh_CN:zh'), ('USER', 'yuan'), ('XDG_SEAT', 'seat0'), ('TERMINAL_COLOR_USER_INPUT_DECISION', '\\e[0;35m'), ('SSH_AGENT_PID', '1225'), ('XDG_SESSION_TYPE', 'x11'), ('GIT_ASKPASS', '/usr/share/code/resources/app/extensions/git/dist/askpass.sh'), ('STM32CubeMX_PATH', '/home/yuan/app/stm32cubemx/software'), ('TERMINAL_COLOR_GREEN', '\\e[0;32m'), ('RAW_TERMINAL_COLOR_WHITE', '\x1b[1;37m'), ('RAW_TERMINAL_COLOR_GRAY', '\x1b[1;30m'), ('SHLVL', '1'), ('LD_LIBRARY_PATH', '/home/yuan/rm/code/Ros/my_ros2_control/install/motor_interface/lib:/home/yuan/rm/code/Ros/my_ros2_control/install/gimbal_controller/lib:/opt/ros/humble/opt/rviz_ogre_vendor/lib:/opt/ros/humble/lib/x86_64-linux-gnu:/opt/ros/humble/lib'), ('HOME', '/home/yuan'), ('CHROME_DESKTOP', 'code-url-handler.desktop'), ('ROS_WS_CACHE_SOURCED_TIME', '0'), ('OLDPWD', '/home/yuan/rm/code/Ros/my_ros2_control'), ('TERM_PROGRAM_VERSION', '1.83.1'), ('DESKTOP_SESSION', 'xfce'), ('TERMINAL_COLOR_LIGHT_GREEN', '\\e[1;32m'), ('RAW_TERMINAL_COLOR_BLACK', '\x1b[0;30m'), ('RAW_TERMINAL_COLOR_LIGHT_GRAY', '\x1b[0;37m'), ('GIO_LAUNCHED_DESKTOP_FILE', '/usr/share/applications/code.desktop'), ('ROS_PYTHON_VERSION', '3'), ('XDG_SEAT_PATH', '/org/freedesktop/DisplayManager/Seat0'), ('TERMINAL_COLOR_BLUE', '\\e[0;34m'), ('VSCODE_GIT_ASKPASS_MAIN', '/usr/share/code/resources/app/extensions/git/dist/askpass-main.js'), ('TERMINAL_COLOR_RED', '\\e[0;31m'), ('VSCODE_GIT_ASKPASS_NODE', '/usr/share/code/code'), ('DBUS_SESSION_BUS_ADDRESS', 'unix:path=/run/user/1000/bus'), ('COLORTERM', 'truecolor'), ('TERMINAL_COLOR_LIGHT_BLUE', '\\e[1;34m'), ('TERMINAL_COLOR_CYAN', '\\e[0;36m'), ('RAW_TERMINAL_COLOR_BROWN', '\x1b[0;33m'), ('GIO_LAUNCHED_DESKTOP_FILE_PID', '2914'), ('TERMINAL_COLOR_LIGHT_RED', '\\e[1;31m'), ('RAW_TERMINAL_COLOR_PURPLE', '\x1b[0;35m'), ('COLCON_PREFIX_PATH', '/home/yuan/rm/code/Ros/my_ros2_control/install'), ('ROS_DISTRO', 'humble'), ('TERMINAL_COLOR_NC', '\\e[0m'), ('GTK_IM_MODULE', 'fcitx'), ('TERMINAL_COLOR_LIGHT_CYAN', '\\e[1;36m'), ('LOGNAME', 'yuan'), ('_', '/usr/bin/colcon'), ('ROS_VERSION', '2'), ('XDG_SESSION_CLASS', 'user'), ('RAW_TERMINAL_COLOR_LIGHT_PURPLE', '\x1b[1;35m'), ('RAW_TERMINAL_COLOR_YELLOW', '\x1b[1;33m'), ('TERMINAL_COLOR_USER_CONFIRMATION', '\\e[0;34m'), ('TERM', 'xterm-256color'), ('XDG_SESSION_ID', 'c1'), ('ROS_LOCALHOST_ONLY', '0'), ('TERMINAL_COLOR_WHITE', '\\e[1;37m'), ('TERMINAL_COLOR_GRAY', '\\e[1;30m'), ('PATH', '/home/yuan/rm/arm-gnu-toolchain-12.3.rel1-x86_64-arm-none-eabi/bin:/opt/ros/humble/bin:/usr/local/sbin:/usr/local/bin:/usr/sbin:/usr/bin:/sbin:/bin:/usr/games:/usr/local/games:/snap/bin:/home/yuan/.dotnet/tools:/home/yuan/.fzf/bin'), ('SESSION_MANAGER', 'local/yuan:@/tmp/.ICE-unix/1053,unix/yuan:/tmp/.ICE-unix/1053'), ('GDM_LANG', 'zh_CN'), ('XDG_SESSION_PATH', '/org/freedesktop/DisplayManager/Session0'), ('XDG_MENU_PREFIX', 'xfce-'), ('XDG_RUNTIME_DIR', '/run/user/1000'), ('GDK_BACKEND', 'x11'), ('RTW_COLOR_NOTIFY_USER', '\\e[1;33m'), ('TERMINAL_COLOR_LIGHT_GRAY', '\\e[0;37m'), ('TERMINAL_COLOR_BLACK', '\\e[0;30m'), ('DISPLAY', ':0.0'), ('LANG', 'zh_CN.UTF-8'), ('XDG_CURRENT_DESKTOP', 'XFCE'), ('DOTNET_BUNDLE_EXTRACT_BASE_DIR', '/home/yuan/.cache/dotnet_bundle_extract'), ('XMODIFIERS', '@im=fcitx'), ('XDG_SESSION_DESKTOP', 'xfce'), ('XAUTHORITY', '/home/yuan/.Xauthority'), ('LS_COLORS', ''), ('VSCODE_GIT_IPC_HANDLE', '/run/user/1000/vscode-git-be293a297e.sock'), ('TERM_PROGRAM', 'vscode'), ('SSH_AUTH_SOCK', '/tmp/ssh-XXXXXXEQuJH2/agent.1224'), ('GSETTINGS_SCHEMA_DIR', '/home/yuan/data'), ('XDG_GREETER_DATA_DIR', '/var/lib/lightdm-data/yuan'), ('AMENT_PREFIX_PATH', '/home/yuan/rm/code/Ros/my_ros2_control/install/motor_interface:/home/yuan/rm/code/Ros/my_ros2_control/install/gimbal_controller:/opt/ros/humble'), ('ORIGINAL_XDG_CURRENT_DESKTOP', 'XFCE'), ('SHELL', '/bin/bash'), ('TERMINAL_COLOR_BROWN', '\\e[0;33m'), ('QT_ACCESSIBILITY', '1'), ('RAW_TERMINAL_COLOR_GREEN', '\x1b[0;32m'), ('GDMSESSION', 'xfce'), ('LESSCLOSE', '/usr/bin/lesspipe %s %s'), ('TERMINAL_COLOR_PURPLE', '\\e[0;35m'), ('RAW_TERMINAL_COLOR_LIGHT_GREEN', '\x1b[1;32m'), ('TERMINAL_COLOR_USER_NOTICE', '\\e[1;33m'), ('VSCODE_GIT_ASKPASS_EXTRA_ARGS', '--ms-enable-electron-run-as-node'), ('QT_IM_MODULE', 'fcitx'), ('XDG_VTNR', '7'), ('TERMINAL_COLOR_LIGHT_PURPLE', '\\e[1;35m'), ('TERMINAL_COLOR_YELLOW', '\\e[1;33m'), ('PWD', '/home/yuan/rm/code/Ros/my_ros2_control/build/gimbal_controller'), ('RAW_TERMINAL_COLOR_BLUE', '\x1b[0;34m'), ('XDG_CONFIG_DIRS', '/etc/xdg/xdg-xfce:/etc/xdg:/etc/xdg'), ('RAW_TERMINAL_COLOR_RED', '\x1b[0;31m'), ('CLUTTER_IM_MODULE', 'xim'), ('XDG_DATA_DIRS', '/usr/share/xfce4:/usr/local/share:/usr/share:/var/lib/snapd/desktop:/usr/share'), ('PYTHONPATH', '/opt/ros/humble/lib/python3.10/site-packages:/opt/ros/humble/local/lib/python3.10/dist-packages'), ('RAW_TERMINAL_COLOR_CYAN', '\x1b[0;36m'), ('RAW_TERMINAL_COLOR_LIGHT_BLUE', '\x1b[1;34m'), ('RTW_COLOR_ERROR', '\\e[0;31m'), ('COLCON', '1'), ('RAW_TERMINAL_COLOR_LIGHT_RED', '\x1b[1;31m'), ('CMAKE_PREFIX_PATH', '/home/yuan/rm/code/Ros/my_ros2_control/install/motor_interface:/home/yuan/rm/code/Ros/my_ros2_control/install/gimbal_controller:/opt/ros/humble'), ('RAW_TERMINAL_COLOR_NC', '\x1b[0m')]), 'shell': False}
[0.232516] (gimbal_controller) StdoutLine: {'line': b'-- Install configuration: "Debug"\n'}
[0.232897] (gimbal_controller) StdoutLine: {'line': b'-- Execute custom install script\n'}
[0.233200] (gimbal_controller) StdoutLine: {'line': b'-- Up-to-date symlink: /home/yuan/rm/code/Ros/my_ros2_control/install/gimbal_controller/include/gimbal_controller_parameters/gimbal_controller_parameters.hpp\n'}
[0.233330] (gimbal_controller) StdoutLine: {'line': b'-- Up-to-date symlink: /home/yuan/rm/code/Ros/my_ros2_control/install/gimbal_controller/include/gimbal_controller_parameters/validate_gimbal_controller_parameters.hpp\n'}
[0.233441] (gimbal_controller) StdoutLine: {'line': b'-- Up-to-date symlink: /home/yuan/rm/code/Ros/my_ros2_control/install/gimbal_controller/share/gimbal_controller//gimbal_controller.xml\n'}
[0.233705] (gimbal_controller) StdoutLine: {'line': b'-- Up-to-date symlink: /home/yuan/rm/code/Ros/my_ros2_control/install/gimbal_controller/include/gimbal_controller/gimbal_controller/gimbal_controller.hpp\n'}
[0.233804] (gimbal_controller) StdoutLine: {'line': b'-- Up-to-date symlink: /home/yuan/rm/code/Ros/my_ros2_control/install/gimbal_controller/include/gimbal_controller/gimbal_controller/validate_gimbal_controller_parameters.hpp\n'}
[0.233908] (gimbal_controller) StdoutLine: {'line': b'-- Up-to-date symlink: /home/yuan/rm/code/Ros/my_ros2_control/install/gimbal_controller/include/gimbal_controller/gimbal_controller/visibility_control.h\n'}
[0.234050] (gimbal_controller) StdoutLine: {'line': b'-- Up-to-date symlink: /home/yuan/rm/code/Ros/my_ros2_control/install/gimbal_controller/share/gimbal_controller/environment/library_path.sh\n'}
[0.234181] (gimbal_controller) StdoutLine: {'line': b'-- Up-to-date symlink: /home/yuan/rm/code/Ros/my_ros2_control/install/gimbal_controller/share/gimbal_controller/environment/library_path.dsv\n'}
[0.234332] (gimbal_controller) StdoutLine: {'line': b'-- Up-to-date symlink: /home/yuan/rm/code/Ros/my_ros2_control/install/gimbal_controller/share/ament_index/resource_index/package_run_dependencies/gimbal_controller\n'}
[0.234475] (gimbal_controller) StdoutLine: {'line': b'-- Up-to-date symlink: /home/yuan/rm/code/Ros/my_ros2_control/install/gimbal_controller/share/ament_index/resource_index/parent_prefix_path/gimbal_controller\n'}
[0.234603] (gimbal_controller) StdoutLine: {'line': b'-- Up-to-date symlink: /home/yuan/rm/code/Ros/my_ros2_control/install/gimbal_controller/share/gimbal_controller/environment/ament_prefix_path.sh\n'}
[0.234731] (gimbal_controller) StdoutLine: {'line': b'-- Up-to-date symlink: /home/yuan/rm/code/Ros/my_ros2_control/install/gimbal_controller/share/gimbal_controller/environment/ament_prefix_path.dsv\n'}
[0.234855] (gimbal_controller) StdoutLine: {'line': b'-- Up-to-date symlink: /home/yuan/rm/code/Ros/my_ros2_control/install/gimbal_controller/share/gimbal_controller/environment/path.sh\n'}
[0.234981] (gimbal_controller) StdoutLine: {'line': b'-- Up-to-date symlink: /home/yuan/rm/code/Ros/my_ros2_control/install/gimbal_controller/share/gimbal_controller/environment/path.dsv\n'}
[0.235122] (gimbal_controller) StdoutLine: {'line': b'-- Up-to-date symlink: /home/yuan/rm/code/Ros/my_ros2_control/install/gimbal_controller/share/gimbal_controller/local_setup.bash\n'}
[0.235234] (gimbal_controller) StdoutLine: {'line': b'-- Up-to-date symlink: /home/yuan/rm/code/Ros/my_ros2_control/install/gimbal_controller/share/gimbal_controller/local_setup.sh\n'}
[0.235461] (gimbal_controller) StdoutLine: {'line': b'-- Up-to-date symlink: /home/yuan/rm/code/Ros/my_ros2_control/install/gimbal_controller/share/gimbal_controller/local_setup.zsh\n'}
[0.235563] (gimbal_controller) StdoutLine: {'line': b'-- Up-to-date symlink: /home/yuan/rm/code/Ros/my_ros2_control/install/gimbal_controller/share/gimbal_controller/local_setup.dsv\n'}
[0.235664] (gimbal_controller) StdoutLine: {'line': b'-- Symlinking: /home/yuan/rm/code/Ros/my_ros2_control/install/gimbal_controller/share/gimbal_controller/package.dsv\n'}
[0.245105] (gimbal_controller) StdoutLine: {'line': b'-- Up-to-date symlink: /home/yuan/rm/code/Ros/my_ros2_control/install/gimbal_controller/share/ament_index/resource_index/packages/gimbal_controller\n'}
[0.245292] (gimbal_controller) StdoutLine: {'line': b'-- Up-to-date symlink: /home/yuan/rm/code/Ros/my_ros2_control/install/gimbal_controller/share/ament_index/resource_index/controller_interface__pluginlib__plugin/gimbal_controller\n'}
[0.245422] (gimbal_controller) StdoutLine: {'line': b'-- Up-to-date symlink: /home/yuan/rm/code/Ros/my_ros2_control/install/gimbal_controller/share/gimbal_controller/cmake/ament_cmake_export_targets-extras.cmake\n'}
[0.245551] (gimbal_controller) StdoutLine: {'line': b'-- Up-to-date symlink: /home/yuan/rm/code/Ros/my_ros2_control/install/gimbal_controller/share/gimbal_controller/cmake/ament_cmake_export_include_directories-extras.cmake\n'}
[0.245659] (gimbal_controller) StdoutLine: {'line': b'-- Up-to-date symlink: /home/yuan/rm/code/Ros/my_ros2_control/install/gimbal_controller/share/gimbal_controller/cmake/ament_cmake_export_dependencies-extras.cmake\n'}
[0.245791] (gimbal_controller) StdoutLine: {'line': b'-- Up-to-date symlink: /home/yuan/rm/code/Ros/my_ros2_control/install/gimbal_controller/share/gimbal_controller/cmake/ament_cmake_export_libraries-extras.cmake\n'}
[0.245924] (gimbal_controller) StdoutLine: {'line': b'-- Up-to-date symlink: /home/yuan/rm/code/Ros/my_ros2_control/install/gimbal_controller/share/gimbal_controller/cmake/gimbal_controllerConfig.cmake\n'}
[0.246027] (gimbal_controller) StdoutLine: {'line': b'-- Up-to-date symlink: /home/yuan/rm/code/Ros/my_ros2_control/install/gimbal_controller/share/gimbal_controller/cmake/gimbal_controllerConfig-version.cmake\n'}
[0.246152] (gimbal_controller) StdoutLine: {'line': b'-- Up-to-date symlink: /home/yuan/rm/code/Ros/my_ros2_control/install/gimbal_controller/share/gimbal_controller/package.xml\n'}
[0.246352] (gimbal_controller) StdoutLine: {'line': b'-- Up-to-date: /home/yuan/rm/code/Ros/my_ros2_control/install/gimbal_controller/share/gimbal_controller/cmake/export_gimbal_controllerExport.cmake\n'}
[0.246422] (gimbal_controller) StdoutLine: {'line': b'-- Up-to-date: /home/yuan/rm/code/Ros/my_ros2_control/install/gimbal_controller/share/gimbal_controller/cmake/export_gimbal_controllerExport-debug.cmake\n'}
[0.248266] (gimbal_controller) CommandEnded: {'returncode': 0}
[0.300360] (-) TimerEvent: {}
[0.399076] (gimbal_controller) JobEnded: {'identifier': 'gimbal_controller', 'rc': 0}
[0.400427] (-) TimerEvent: {}
[0.500631] (-) TimerEvent: {}
[0.600966] (-) TimerEvent: {}
[0.701278] (-) TimerEvent: {}
[0.801615] (-) TimerEvent: {}
[0.902022] (-) TimerEvent: {}
[1.002327] (-) TimerEvent: {}
[1.102632] (-) TimerEvent: {}
[1.202933] (-) TimerEvent: {}
[1.303235] (-) TimerEvent: {}
[1.403530] (-) TimerEvent: {}
[1.503826] (-) TimerEvent: {}
[1.604139] (-) TimerEvent: {}
[1.704432] (-) TimerEvent: {}
[1.804730] (-) TimerEvent: {}
[1.905030] (-) TimerEvent: {}
[2.005333] (-) TimerEvent: {}
[2.106048] (-) TimerEvent: {}
[2.206340] (-) TimerEvent: {}
[2.306628] (-) TimerEvent: {}
[2.406917] (-) TimerEvent: {}
[2.507214] (-) TimerEvent: {}
[2.607515] (-) TimerEvent: {}
[2.707807] (-) TimerEvent: {}
[2.808154] (-) TimerEvent: {}
[2.843717] (motor_interface) StderrLine: {'line': b'\x1b[01m\x1b[K/home/yuan/rm/code/Ros/my_ros2_control/src/motor_interface/src/motor.cpp:\x1b[m\x1b[K In member function \xe2\x80\x98\x1b[01m\x1b[Kvirtual hardware_interface::CallbackReturn motor_interface::Motor::on_configure(const rclcpp_lifecycle::State&)\x1b[m\x1b[K\xe2\x80\x99:\n'}
[2.843928] (motor_interface) StderrLine: {'line': b'\x1b[01m\x1b[K/home/yuan/rm/code/Ros/my_ros2_control/src/motor_interface/src/motor.cpp:76:9:\x1b[m\x1b[K \x1b[01;35m\x1b[Kwarning: \x1b[m\x1b[KC++ designated initializers only available with \xe2\x80\x98\x1b[01m\x1b[K-std=c++20\x1b[m\x1b[K\xe2\x80\x99 or \xe2\x80\x98\x1b[01m\x1b[K-std=gnu++20\x1b[m\x1b[K\xe2\x80\x99 [\x1b[01;35m\x1b[K\x1b]8;;https://gcc.gnu.org/onlinedocs/gcc/Warning-Options.html#index-Wpedantic\x07-Wpedantic\x1b]8;;\x07\x1b[m\x1b[K]\n'}
[2.844011] (motor_interface) StderrLine: {'line': b'   76 |         \x1b[01;35m\x1b[K.\x1b[m\x1b[KserverPort = (uint16_t)std::stoul(info_.hardware_parameters["serverPort"]),\n'}
[2.844081] (motor_interface) StderrLine: {'line': b'      |         \x1b[01;35m\x1b[K^\x1b[m\x1b[K\n'}
[2.844148] (motor_interface) StderrLine: {'line': b'\x1b[01m\x1b[K/home/yuan/rm/code/Ros/my_ros2_control/src/motor_interface/src/motor.cpp:77:9:\x1b[m\x1b[K \x1b[01;35m\x1b[Kwarning: \x1b[m\x1b[KC++ designated initializers only available with \xe2\x80\x98\x1b[01m\x1b[K-std=c++20\x1b[m\x1b[K\xe2\x80\x99 or \xe2\x80\x98\x1b[01m\x1b[K-std=gnu++20\x1b[m\x1b[K\xe2\x80\x99 [\x1b[01;35m\x1b[K\x1b]8;;https://gcc.gnu.org/onlinedocs/gcc/Warning-Options.html#index-Wpedantic\x07-Wpedantic\x1b]8;;\x07\x1b[m\x1b[K]\n'}
[2.844217] (motor_interface) StderrLine: {'line': b'   77 |         \x1b[01;35m\x1b[K.\x1b[m\x1b[KserverIP = info_.hardware_parameters["serverIP"]};\n'}
[2.844284] (motor_interface) StderrLine: {'line': b'      |         \x1b[01;35m\x1b[K^\x1b[m\x1b[K\n'}
[2.856663] (motor_interface) StderrLine: {'line': b'In file included from \x1b[01m\x1b[K/opt/ros/humble/include/rclcpp/rclcpp/logging.hpp:24\x1b[m\x1b[K,\n'}
[2.856825] (motor_interface) StderrLine: {'line': b'                 from \x1b[01m\x1b[K/opt/ros/humble/include/rclcpp/rclcpp/client.hpp:40\x1b[m\x1b[K,\n'}
[2.856919] (motor_interface) StderrLine: {'line': b'                 from \x1b[01m\x1b[K/opt/ros/humble/include/rclcpp/rclcpp/callback_group.hpp:24\x1b[m\x1b[K,\n'}
[2.856994] (motor_interface) StderrLine: {'line': b'                 from \x1b[01m\x1b[K/opt/ros/humble/include/rclcpp/rclcpp/any_executable.hpp:20\x1b[m\x1b[K,\n'}
[2.857202] (motor_interface) StderrLine: {'line': b'                 from \x1b[01m\x1b[K/opt/ros/humble/include/rclcpp/rclcpp/memory_strategy.hpp:25\x1b[m\x1b[K,\n'}
[2.857288] (motor_interface) StderrLine: {'line': b'                 from \x1b[01m\x1b[K/opt/ros/humble/include/rclcpp/rclcpp/memory_strategies.hpp:18\x1b[m\x1b[K,\n'}
[2.857360] (motor_interface) StderrLine: {'line': b'                 from \x1b[01m\x1b[K/opt/ros/humble/include/rclcpp/rclcpp/executor_options.hpp:20\x1b[m\x1b[K,\n'}
[2.857425] (motor_interface) StderrLine: {'line': b'                 from \x1b[01m\x1b[K/opt/ros/humble/include/rclcpp/rclcpp/executor.hpp:37\x1b[m\x1b[K,\n'}
[2.857504] (motor_interface) StderrLine: {'line': b'                 from \x1b[01m\x1b[K/opt/ros/humble/include/rclcpp/rclcpp/executors/multi_threaded_executor.hpp:25\x1b[m\x1b[K,\n'}
[2.857578] (motor_interface) StderrLine: {'line': b'                 from \x1b[01m\x1b[K/opt/ros/humble/include/rclcpp/rclcpp/executors.hpp:21\x1b[m\x1b[K,\n'}
[2.857664] (motor_interface) StderrLine: {'line': b'                 from \x1b[01m\x1b[K/opt/ros/humble/include/rclcpp/rclcpp/rclcpp.hpp:155\x1b[m\x1b[K,\n'}
[2.857737] (motor_interface) StderrLine: {'line': b'                 from \x1b[01m\x1b[K/home/yuan/rm/code/Ros/my_ros2_control/src/motor_interface/src/motor.cpp:22\x1b[m\x1b[K:\n'}
[2.857939] (motor_interface) StderrLine: {'line': b'\x1b[01m\x1b[K/home/yuan/rm/code/Ros/my_ros2_control/src/motor_interface/src/motor.cpp:\x1b[m\x1b[K In member function \xe2\x80\x98\x1b[01m\x1b[Kvirtual hardware_interface::return_type motor_interface::Motor::read(const rclcpp::Time&, const rclcpp::Duration&)\x1b[m\x1b[K\xe2\x80\x99:\n'}
[2.858028] (motor_interface) StderrLine: {'line': b'\x1b[01m\x1b[K/home/yuan/rm/code/Ros/my_ros2_control/src/motor_interface/src/motor.cpp:182:56:\x1b[m\x1b[K \x1b[01;35m\x1b[Kwarning: \x1b[m\x1b[Kformat \xe2\x80\x98\x1b[01m\x1b[K%lld\x1b[m\x1b[K\xe2\x80\x99 expects argument of type \xe2\x80\x98\x1b[01m\x1b[Klong long int\x1b[m\x1b[K\xe2\x80\x99, but argument 5 has type \xe2\x80\x98\x1b[01m\x1b[Krcl_time_point_value_t\x1b[m\x1b[K\xe2\x80\x99 {aka \xe2\x80\x98\x1b[01m\x1b[Klong int\x1b[m\x1b[K\xe2\x80\x99} [\x1b[01;35m\x1b[K\x1b]8;;https://gcc.gnu.org/onlinedocs/gcc/Warning-Options.html#index-Wformat=\x07-Wformat=\x1b]8;;\x07\x1b[m\x1b[K]\n'}
[2.858105] (motor_interface) StderrLine: {'line': b'  182 |     RCLCPP_INFO(rclcpp::get_logger("motor_interface"), \x1b[01;35m\x1b[K"time_update_rate read is %lld \\n"\x1b[m\x1b[K, \x1b[32m\x1b[K(time.nanoseconds() - last_time.nanoseconds())\x1b[m\x1b[K);\n'}
[2.858175] (motor_interface) StderrLine: {'line': b'      |                                                        \x1b[01;35m\x1b[K^~~~~~~~~~~~~~~~~~~~~~~~~~~~~~~~~~\x1b[m\x1b[K  \x1b[32m\x1b[K~~~~~~~~~~~~~~~~~~~~~~~~~~~~~~~~~~~~~~~~~~~~~~\x1b[m\x1b[K\n'}
[2.858239] (motor_interface) StderrLine: {'line': b'      |                                                                                                                \x1b[32m\x1b[K|\x1b[m\x1b[K\n'}
[2.858313] (motor_interface) StderrLine: {'line': b'      |                                                                                                                \x1b[32m\x1b[Krcl_time_point_value_t {aka long int}\x1b[m\x1b[K\n'}
[2.858379] (motor_interface) StderrLine: {'line': b'\x1b[01m\x1b[K/home/yuan/rm/code/Ros/my_ros2_control/src/motor_interface/src/motor.cpp:182:85:\x1b[m\x1b[K \x1b[01;36m\x1b[Knote: \x1b[m\x1b[Kformat string is defined here\n'}
[2.858442] (motor_interface) StderrLine: {'line': b'  182 |     RCLCPP_INFO(rclcpp::get_logger("motor_interface"), "time_update_rate read is \x1b[01;36m\x1b[K%lld\x1b[m\x1b[K \\n", (time.nanoseconds() - last_time.nanoseconds()));\n'}
[2.858513] (motor_interface) StderrLine: {'line': b'      |                                                                                  \x1b[01;36m\x1b[K~~~^\x1b[m\x1b[K\n'}
[2.858582] (motor_interface) StderrLine: {'line': b'      |                                                                                     \x1b[01;36m\x1b[K|\x1b[m\x1b[K\n'}
[2.858646] (motor_interface) StderrLine: {'line': b'      |                                                                                     \x1b[01;36m\x1b[Klong long int\x1b[m\x1b[K\n'}
[2.858707] (motor_interface) StderrLine: {'line': b'      |                                                                                  \x1b[32m\x1b[K%ld\x1b[m\x1b[K\n'}
[2.858768] (motor_interface) StderrLine: {'line': b'In file included from \x1b[01m\x1b[K/opt/ros/humble/include/rclcpp/rclcpp/logging.hpp:24\x1b[m\x1b[K,\n'}
[2.858836] (motor_interface) StderrLine: {'line': b'                 from \x1b[01m\x1b[K/opt/ros/humble/include/rclcpp/rclcpp/client.hpp:40\x1b[m\x1b[K,\n'}
[2.858896] (motor_interface) StderrLine: {'line': b'                 from \x1b[01m\x1b[K/opt/ros/humble/include/rclcpp/rclcpp/callback_group.hpp:24\x1b[m\x1b[K,\n'}
[2.858957] (motor_interface) StderrLine: {'line': b'                 from \x1b[01m\x1b[K/opt/ros/humble/include/rclcpp/rclcpp/any_executable.hpp:20\x1b[m\x1b[K,\n'}
[2.859015] (motor_interface) StderrLine: {'line': b'                 from \x1b[01m\x1b[K/opt/ros/humble/include/rclcpp/rclcpp/memory_strategy.hpp:25\x1b[m\x1b[K,\n'}
[2.859075] (motor_interface) StderrLine: {'line': b'                 from \x1b[01m\x1b[K/opt/ros/humble/include/rclcpp/rclcpp/memory_strategies.hpp:18\x1b[m\x1b[K,\n'}
[2.859134] (motor_interface) StderrLine: {'line': b'                 from \x1b[01m\x1b[K/opt/ros/humble/include/rclcpp/rclcpp/executor_options.hpp:20\x1b[m\x1b[K,\n'}
[2.859192] (motor_interface) StderrLine: {'line': b'                 from \x1b[01m\x1b[K/opt/ros/humble/include/rclcpp/rclcpp/executor.hpp:37\x1b[m\x1b[K,\n'}
[2.859253] (motor_interface) StderrLine: {'line': b'                 from \x1b[01m\x1b[K/opt/ros/humble/include/rclcpp/rclcpp/executors/multi_threaded_executor.hpp:25\x1b[m\x1b[K,\n'}
[2.859313] (motor_interface) StderrLine: {'line': b'                 from \x1b[01m\x1b[K/opt/ros/humble/include/rclcpp/rclcpp/executors.hpp:21\x1b[m\x1b[K,\n'}
[2.859390] (motor_interface) StderrLine: {'line': b'                 from \x1b[01m\x1b[K/opt/ros/humble/include/rclcpp/rclcpp/rclcpp.hpp:155\x1b[m\x1b[K,\n'}
[2.859456] (motor_interface) StderrLine: {'line': b'                 from \x1b[01m\x1b[K/home/yuan/rm/code/Ros/my_ros2_control/src/motor_interface/src/motor.cpp:22\x1b[m\x1b[K:\n'}
[2.859516] (motor_interface) StderrLine: {'line': b'\x1b[01m\x1b[K/home/yuan/rm/code/Ros/my_ros2_control/src/motor_interface/src/motor.cpp:184:56:\x1b[m\x1b[K \x1b[01;35m\x1b[Kwarning: \x1b[m\x1b[Kformat \xe2\x80\x98\x1b[01m\x1b[K%lld\x1b[m\x1b[K\xe2\x80\x99 expects argument of type \xe2\x80\x98\x1b[01m\x1b[Klong long int\x1b[m\x1b[K\xe2\x80\x99, but argument 5 has type \xe2\x80\x98\x1b[01m\x1b[Krcl_duration_value_t\x1b[m\x1b[K\xe2\x80\x99 {aka \xe2\x80\x98\x1b[01m\x1b[Klong int\x1b[m\x1b[K\xe2\x80\x99} [\x1b[01;35m\x1b[K\x1b]8;;https://gcc.gnu.org/onlinedocs/gcc/Warning-Options.html#index-Wformat=\x07-Wformat=\x1b]8;;\x07\x1b[m\x1b[K]\n'}
[2.859580] (motor_interface) StderrLine: {'line': b'  184 |     RCLCPP_INFO(rclcpp::get_logger("motor_interface"), \x1b[01;35m\x1b[K"period_update_rate write is %lld \\n"\x1b[m\x1b[K, \x1b[32m\x1b[Kperiod.nanoseconds()\x1b[m\x1b[K);\n'}
[2.859640] (motor_interface) StderrLine: {'line': b'      |                                                        \x1b[01;35m\x1b[K^~~~~~~~~~~~~~~~~~~~~~~~~~~~~~~~~~~~~\x1b[m\x1b[K  \x1b[32m\x1b[K~~~~~~~~~~~~~~~~~~~~\x1b[m\x1b[K\n'}
[2.859700] (motor_interface) StderrLine: {'line': b'      |                                                                                                                 \x1b[32m\x1b[K|\x1b[m\x1b[K\n'}
[2.859761] (motor_interface) StderrLine: {'line': b'      |                                                                                                                 \x1b[32m\x1b[Krcl_duration_value_t {aka long int}\x1b[m\x1b[K\n'}
[2.859820] (motor_interface) StderrLine: {'line': b'\x1b[01m\x1b[K/home/yuan/rm/code/Ros/my_ros2_control/src/motor_interface/src/motor.cpp:184:88:\x1b[m\x1b[K \x1b[01;36m\x1b[Knote: \x1b[m\x1b[Kformat string is defined here\n'}
[2.859879] (motor_interface) StderrLine: {'line': b'  184 |     RCLCPP_INFO(rclcpp::get_logger("motor_interface"), "period_update_rate write is \x1b[01;36m\x1b[K%lld\x1b[m\x1b[K \\n", period.nanoseconds());\n'}
[2.859953] (motor_interface) StderrLine: {'line': b'      |                                                                                     \x1b[01;36m\x1b[K~~~^\x1b[m\x1b[K\n'}
[2.860012] (motor_interface) StderrLine: {'line': b'      |                                                                                        \x1b[01;36m\x1b[K|\x1b[m\x1b[K\n'}
[2.860081] (motor_interface) StderrLine: {'line': b'      |                                                                                        \x1b[01;36m\x1b[Klong long int\x1b[m\x1b[K\n'}
[2.860208] (motor_interface) StderrLine: {'line': b'      |                                                                                     \x1b[32m\x1b[K%ld\x1b[m\x1b[K\n'}
[2.860272] (motor_interface) StderrLine: {'line': b'In file included from \x1b[01m\x1b[K/opt/ros/humble/include/rclcpp/rclcpp/logging.hpp:24\x1b[m\x1b[K,\n'}
[2.860332] (motor_interface) StderrLine: {'line': b'                 from \x1b[01m\x1b[K/opt/ros/humble/include/rclcpp/rclcpp/client.hpp:40\x1b[m\x1b[K,\n'}
[2.860390] (motor_interface) StderrLine: {'line': b'                 from \x1b[01m\x1b[K/opt/ros/humble/include/rclcpp/rclcpp/callback_group.hpp:24\x1b[m\x1b[K,\n'}
[2.860449] (motor_interface) StderrLine: {'line': b'                 from \x1b[01m\x1b[K/opt/ros/humble/include/rclcpp/rclcpp/any_executable.hpp:20\x1b[m\x1b[K,\n'}
[2.860509] (motor_interface) StderrLine: {'line': b'                 from \x1b[01m\x1b[K/opt/ros/humble/include/rclcpp/rclcpp/memory_strategy.hpp:25\x1b[m\x1b[K,\n'}
[2.860570] (motor_interface) StderrLine: {'line': b'                 from \x1b[01m\x1b[K/opt/ros/humble/include/rclcpp/rclcpp/memory_strategies.hpp:18\x1b[m\x1b[K,\n'}
[2.860630] (motor_interface) StderrLine: {'line': b'                 from \x1b[01m\x1b[K/opt/ros/humble/include/rclcpp/rclcpp/executor_options.hpp:20\x1b[m\x1b[K,\n'}
[2.860697] (motor_interface) StderrLine: {'line': b'                 from \x1b[01m\x1b[K/opt/ros/humble/include/rclcpp/rclcpp/executor.hpp:37\x1b[m\x1b[K,\n'}
[2.860768] (motor_interface) StderrLine: {'line': b'                 from \x1b[01m\x1b[K/opt/ros/humble/include/rclcpp/rclcpp/executors/multi_threaded_executor.hpp:25\x1b[m\x1b[K,\n'}
[2.860844] (motor_interface) StderrLine: {'line': b'                 from \x1b[01m\x1b[K/opt/ros/humble/include/rclcpp/rclcpp/executors.hpp:21\x1b[m\x1b[K,\n'}
[2.860904] (motor_interface) StderrLine: {'line': b'                 from \x1b[01m\x1b[K/opt/ros/humble/include/rclcpp/rclcpp/rclcpp.hpp:155\x1b[m\x1b[K,\n'}
[2.860965] (motor_interface) StderrLine: {'line': b'                 from \x1b[01m\x1b[K/home/yuan/rm/code/Ros/my_ros2_control/src/motor_interface/src/motor.cpp:22\x1b[m\x1b[K:\n'}
[2.861026] (motor_interface) StderrLine: {'line': b'\x1b[01m\x1b[K/home/yuan/rm/code/Ros/my_ros2_control/src/motor_interface/src/motor.cpp:\x1b[m\x1b[K In member function \xe2\x80\x98\x1b[01m\x1b[Kvirtual hardware_interface::return_type motor_interface::Motor::write(const rclcpp::Time&, const rclcpp::Duration&)\x1b[m\x1b[K\xe2\x80\x99:\n'}
[2.861088] (motor_interface) StderrLine: {'line': b'\x1b[01m\x1b[K/home/yuan/rm/code/Ros/my_ros2_control/src/motor_interface/src/motor.cpp:200:56:\x1b[m\x1b[K \x1b[01;35m\x1b[Kwarning: \x1b[m\x1b[Kformat \xe2\x80\x98\x1b[01m\x1b[K%lld\x1b[m\x1b[K\xe2\x80\x99 expects argument of type \xe2\x80\x98\x1b[01m\x1b[Klong long int\x1b[m\x1b[K\xe2\x80\x99, but argument 5 has type \xe2\x80\x98\x1b[01m\x1b[Krcl_duration_value_t\x1b[m\x1b[K\xe2\x80\x99 {aka \xe2\x80\x98\x1b[01m\x1b[Klong int\x1b[m\x1b[K\xe2\x80\x99} [\x1b[01;35m\x1b[K\x1b]8;;https://gcc.gnu.org/onlinedocs/gcc/Warning-Options.html#index-Wformat=\x07-Wformat=\x1b]8;;\x07\x1b[m\x1b[K]\n'}
[2.861150] (motor_interface) StderrLine: {'line': b'  200 |     RCLCPP_INFO(rclcpp::get_logger("motor_interface"), \x1b[01;35m\x1b[K"update_rate write is %lld \\n"\x1b[m\x1b[K, \x1b[32m\x1b[Kperiod.nanoseconds()\x1b[m\x1b[K);\n'}
[2.861210] (motor_interface) StderrLine: {'line': b'      |                                                        \x1b[01;35m\x1b[K^~~~~~~~~~~~~~~~~~~~~~~~~~~~~~\x1b[m\x1b[K  \x1b[32m\x1b[K~~~~~~~~~~~~~~~~~~~~\x1b[m\x1b[K\n'}
[2.861269] (motor_interface) StderrLine: {'line': b'      |                                                                                                          \x1b[32m\x1b[K|\x1b[m\x1b[K\n'}
[2.861337] (motor_interface) StderrLine: {'line': b'      |                                                                                                          \x1b[32m\x1b[Krcl_duration_value_t {aka long int}\x1b[m\x1b[K\n'}
[2.861398] (motor_interface) StderrLine: {'line': b'\x1b[01m\x1b[K/home/yuan/rm/code/Ros/my_ros2_control/src/motor_interface/src/motor.cpp:200:81:\x1b[m\x1b[K \x1b[01;36m\x1b[Knote: \x1b[m\x1b[Kformat string is defined here\n'}
[2.861458] (motor_interface) StderrLine: {'line': b'  200 |     RCLCPP_INFO(rclcpp::get_logger("motor_interface"), "update_rate write is \x1b[01;36m\x1b[K%lld\x1b[m\x1b[K \\n", period.nanoseconds());\n'}
[2.861515] (motor_interface) StderrLine: {'line': b'      |                                                                              \x1b[01;36m\x1b[K~~~^\x1b[m\x1b[K\n'}
[2.861573] (motor_interface) StderrLine: {'line': b'      |                                                                                 \x1b[01;36m\x1b[K|\x1b[m\x1b[K\n'}
[2.861630] (motor_interface) StderrLine: {'line': b'      |                                                                                 \x1b[01;36m\x1b[Klong long int\x1b[m\x1b[K\n'}
[2.861689] (motor_interface) StderrLine: {'line': b'      |                                                                              \x1b[32m\x1b[K%ld\x1b[m\x1b[K\n'}
[2.861749] (motor_interface) StderrLine: {'line': b'\x1b[01m\x1b[K/home/yuan/rm/code/Ros/my_ros2_control/src/motor_interface/src/motor.cpp:192:27:\x1b[m\x1b[K \x1b[01;35m\x1b[Kwarning: \x1b[m\x1b[Kunused parameter \xe2\x80\x98\x1b[01m\x1b[Ktime\x1b[m\x1b[K\xe2\x80\x99 [\x1b[01;35m\x1b[K\x1b]8;;https://gcc.gnu.org/onlinedocs/gcc/Warning-Options.html#index-Wunused-parameter\x07-Wunused-parameter\x1b]8;;\x07\x1b[m\x1b[K]\n'}
[2.861812] (motor_interface) StderrLine: {'line': b'  192 |       \x1b[01;35m\x1b[Kconst rclcpp::Time &time\x1b[m\x1b[K /*time*/, const rclcpp::Duration &period /*period*/)\n'}
[2.861871] (motor_interface) StderrLine: {'line': b'      |       \x1b[01;35m\x1b[K~~~~~~~~~~~~~~~~~~~~^~~~\x1b[m\x1b[K\n'}
[2.908280] (-) TimerEvent: {}
[3.008573] (-) TimerEvent: {}
[3.108968] (-) TimerEvent: {}
[3.209276] (-) TimerEvent: {}
[3.309560] (-) TimerEvent: {}
[3.409858] (-) TimerEvent: {}
[3.510225] (-) TimerEvent: {}
[3.610513] (-) TimerEvent: {}
[3.711025] (-) TimerEvent: {}
[3.811326] (-) TimerEvent: {}
[3.911865] (-) TimerEvent: {}
[4.012172] (-) TimerEvent: {}
[4.112462] (-) TimerEvent: {}
[4.212726] (-) TimerEvent: {}
[4.285138] (motor_interface) StdoutLine: {'line': b'[ 81%] \x1b[32m\x1b[1mLinking CXX shared library libmotor_interface.so\x1b[0m\n'}
[4.312836] (-) TimerEvent: {}
[4.413146] (-) TimerEvent: {}
[4.450227] (motor_interface) StdoutLine: {'line': b'[100%] Built target motor_interface\n'}
[4.463182] (motor_interface) CommandEnded: {'returncode': 0}
[4.500174] (motor_interface) JobProgress: {'identifier': 'motor_interface', 'progress': 'install'}
[4.500457] (motor_interface) Command: {'cmd': ['/usr/bin/cmake', '--install', '/home/yuan/rm/code/Ros/my_ros2_control/build/motor_interface'], 'cwd': '/home/yuan/rm/code/Ros/my_ros2_control/build/motor_interface', 'env': OrderedDict([('RAW_TERMINAL_COLOR_LIGHT_CYAN', '\x1b[1;36m'), ('LESSOPEN', '| /usr/bin/lesspipe %s'), ('LANGUAGE', 'zh_CN:zh'), ('USER', 'yuan'), ('XDG_SEAT', 'seat0'), ('TERMINAL_COLOR_USER_INPUT_DECISION', '\\e[0;35m'), ('SSH_AGENT_PID', '1225'), ('XDG_SESSION_TYPE', 'x11'), ('GIT_ASKPASS', '/usr/share/code/resources/app/extensions/git/dist/askpass.sh'), ('STM32CubeMX_PATH', '/home/yuan/app/stm32cubemx/software'), ('TERMINAL_COLOR_GREEN', '\\e[0;32m'), ('RAW_TERMINAL_COLOR_WHITE', '\x1b[1;37m'), ('RAW_TERMINAL_COLOR_GRAY', '\x1b[1;30m'), ('SHLVL', '1'), ('LD_LIBRARY_PATH', '/home/yuan/rm/code/Ros/my_ros2_control/install/motor_interface/lib:/home/yuan/rm/code/Ros/my_ros2_control/install/gimbal_controller/lib:/opt/ros/humble/opt/rviz_ogre_vendor/lib:/opt/ros/humble/lib/x86_64-linux-gnu:/opt/ros/humble/lib'), ('HOME', '/home/yuan'), ('CHROME_DESKTOP', 'code-url-handler.desktop'), ('ROS_WS_CACHE_SOURCED_TIME', '0'), ('OLDPWD', '/home/yuan/rm/code/Ros/my_ros2_control'), ('TERM_PROGRAM_VERSION', '1.83.1'), ('DESKTOP_SESSION', 'xfce'), ('TERMINAL_COLOR_LIGHT_GREEN', '\\e[1;32m'), ('RAW_TERMINAL_COLOR_BLACK', '\x1b[0;30m'), ('RAW_TERMINAL_COLOR_LIGHT_GRAY', '\x1b[0;37m'), ('GIO_LAUNCHED_DESKTOP_FILE', '/usr/share/applications/code.desktop'), ('ROS_PYTHON_VERSION', '3'), ('XDG_SEAT_PATH', '/org/freedesktop/DisplayManager/Seat0'), ('TERMINAL_COLOR_BLUE', '\\e[0;34m'), ('VSCODE_GIT_ASKPASS_MAIN', '/usr/share/code/resources/app/extensions/git/dist/askpass-main.js'), ('TERMINAL_COLOR_RED', '\\e[0;31m'), ('VSCODE_GIT_ASKPASS_NODE', '/usr/share/code/code'), ('DBUS_SESSION_BUS_ADDRESS', 'unix:path=/run/user/1000/bus'), ('COLORTERM', 'truecolor'), ('TERMINAL_COLOR_LIGHT_BLUE', '\\e[1;34m'), ('TERMINAL_COLOR_CYAN', '\\e[0;36m'), ('RAW_TERMINAL_COLOR_BROWN', '\x1b[0;33m'), ('GIO_LAUNCHED_DESKTOP_FILE_PID', '2914'), ('TERMINAL_COLOR_LIGHT_RED', '\\e[1;31m'), ('RAW_TERMINAL_COLOR_PURPLE', '\x1b[0;35m'), ('COLCON_PREFIX_PATH', '/home/yuan/rm/code/Ros/my_ros2_control/install'), ('ROS_DISTRO', 'humble'), ('TERMINAL_COLOR_NC', '\\e[0m'), ('GTK_IM_MODULE', 'fcitx'), ('TERMINAL_COLOR_LIGHT_CYAN', '\\e[1;36m'), ('LOGNAME', 'yuan'), ('_', '/usr/bin/colcon'), ('ROS_VERSION', '2'), ('XDG_SESSION_CLASS', 'user'), ('RAW_TERMINAL_COLOR_LIGHT_PURPLE', '\x1b[1;35m'), ('RAW_TERMINAL_COLOR_YELLOW', '\x1b[1;33m'), ('TERMINAL_COLOR_USER_CONFIRMATION', '\\e[0;34m'), ('TERM', 'xterm-256color'), ('XDG_SESSION_ID', 'c1'), ('ROS_LOCALHOST_ONLY', '0'), ('TERMINAL_COLOR_WHITE', '\\e[1;37m'), ('TERMINAL_COLOR_GRAY', '\\e[1;30m'), ('PATH', '/home/yuan/rm/arm-gnu-toolchain-12.3.rel1-x86_64-arm-none-eabi/bin:/opt/ros/humble/bin:/usr/local/sbin:/usr/local/bin:/usr/sbin:/usr/bin:/sbin:/bin:/usr/games:/usr/local/games:/snap/bin:/home/yuan/.dotnet/tools:/home/yuan/.fzf/bin'), ('SESSION_MANAGER', 'local/yuan:@/tmp/.ICE-unix/1053,unix/yuan:/tmp/.ICE-unix/1053'), ('GDM_LANG', 'zh_CN'), ('XDG_SESSION_PATH', '/org/freedesktop/DisplayManager/Session0'), ('XDG_MENU_PREFIX', 'xfce-'), ('XDG_RUNTIME_DIR', '/run/user/1000'), ('GDK_BACKEND', 'x11'), ('RTW_COLOR_NOTIFY_USER', '\\e[1;33m'), ('TERMINAL_COLOR_LIGHT_GRAY', '\\e[0;37m'), ('TERMINAL_COLOR_BLACK', '\\e[0;30m'), ('DISPLAY', ':0.0'), ('LANG', 'zh_CN.UTF-8'), ('XDG_CURRENT_DESKTOP', 'XFCE'), ('DOTNET_BUNDLE_EXTRACT_BASE_DIR', '/home/yuan/.cache/dotnet_bundle_extract'), ('XMODIFIERS', '@im=fcitx'), ('XDG_SESSION_DESKTOP', 'xfce'), ('XAUTHORITY', '/home/yuan/.Xauthority'), ('LS_COLORS', ''), ('VSCODE_GIT_IPC_HANDLE', '/run/user/1000/vscode-git-be293a297e.sock'), ('TERM_PROGRAM', 'vscode'), ('SSH_AUTH_SOCK', '/tmp/ssh-XXXXXXEQuJH2/agent.1224'), ('GSETTINGS_SCHEMA_DIR', '/home/yuan/data'), ('XDG_GREETER_DATA_DIR', '/var/lib/lightdm-data/yuan'), ('AMENT_PREFIX_PATH', '/home/yuan/rm/code/Ros/my_ros2_control/install/motor_interface:/home/yuan/rm/code/Ros/my_ros2_control/install/gimbal_controller:/opt/ros/humble'), ('ORIGINAL_XDG_CURRENT_DESKTOP', 'XFCE'), ('SHELL', '/bin/bash'), ('TERMINAL_COLOR_BROWN', '\\e[0;33m'), ('QT_ACCESSIBILITY', '1'), ('RAW_TERMINAL_COLOR_GREEN', '\x1b[0;32m'), ('GDMSESSION', 'xfce'), ('LESSCLOSE', '/usr/bin/lesspipe %s %s'), ('TERMINAL_COLOR_PURPLE', '\\e[0;35m'), ('RAW_TERMINAL_COLOR_LIGHT_GREEN', '\x1b[1;32m'), ('TERMINAL_COLOR_USER_NOTICE', '\\e[1;33m'), ('VSCODE_GIT_ASKPASS_EXTRA_ARGS', '--ms-enable-electron-run-as-node'), ('QT_IM_MODULE', 'fcitx'), ('XDG_VTNR', '7'), ('TERMINAL_COLOR_LIGHT_PURPLE', '\\e[1;35m'), ('TERMINAL_COLOR_YELLOW', '\\e[1;33m'), ('PWD', '/home/yuan/rm/code/Ros/my_ros2_control/build/motor_interface'), ('RAW_TERMINAL_COLOR_BLUE', '\x1b[0;34m'), ('XDG_CONFIG_DIRS', '/etc/xdg/xdg-xfce:/etc/xdg:/etc/xdg'), ('RAW_TERMINAL_COLOR_RED', '\x1b[0;31m'), ('CLUTTER_IM_MODULE', 'xim'), ('XDG_DATA_DIRS', '/usr/share/xfce4:/usr/local/share:/usr/share:/var/lib/snapd/desktop:/usr/share'), ('PYTHONPATH', '/opt/ros/humble/lib/python3.10/site-packages:/opt/ros/humble/local/lib/python3.10/dist-packages'), ('RAW_TERMINAL_COLOR_CYAN', '\x1b[0;36m'), ('RAW_TERMINAL_COLOR_LIGHT_BLUE', '\x1b[1;34m'), ('RTW_COLOR_ERROR', '\\e[0;31m'), ('COLCON', '1'), ('RAW_TERMINAL_COLOR_LIGHT_RED', '\x1b[1;31m'), ('CMAKE_PREFIX_PATH', '/home/yuan/rm/code/Ros/my_ros2_control/install/motor_interface:/home/yuan/rm/code/Ros/my_ros2_control/install/gimbal_controller:/opt/ros/humble'), ('RAW_TERMINAL_COLOR_NC', '\x1b[0m')]), 'shell': False}
[4.508238] (motor_interface) StdoutLine: {'line': b'-- Install configuration: "Debug"\n'}
[4.508654] (motor_interface) StdoutLine: {'line': b'-- Execute custom install script\n'}
[4.508867] (motor_interface) StdoutLine: {'line': b'-- Up-to-date symlink: /home/yuan/rm/code/Ros/my_ros2_control/install/motor_interface/share/motor_interface//motor_interface.xml\n'}
[4.509173] (motor_interface) StdoutLine: {'line': b'-- Up-to-date symlink: /home/yuan/rm/code/Ros/my_ros2_control/install/motor_interface/include/motor_interface/include/motor_interface/can_instance.hpp\n'}
[4.509383] (motor_interface) StdoutLine: {'line': b'-- Up-to-date symlink: /home/yuan/rm/code/Ros/my_ros2_control/install/motor_interface/include/motor_interface/include/motor_interface/motor.hpp\n'}
[4.509522] (motor_interface) StdoutLine: {'line': b'-- Up-to-date symlink: /home/yuan/rm/code/Ros/my_ros2_control/install/motor_interface/include/motor_interface/include/motor_interface/motor_instance.hpp\n'}
[4.509628] (motor_interface) StdoutLine: {'line': b'-- Up-to-date symlink: /home/yuan/rm/code/Ros/my_ros2_control/install/motor_interface/include/motor_interface/include/motor_interface/visibility_control.h\n'}
[4.509875] (motor_interface) StdoutLine: {'line': b'-- Up-to-date symlink: /home/yuan/rm/code/Ros/my_ros2_control/install/motor_interface/share/motor_interface/ros2_control/motor.ros2_control.xacro\n'}
[4.510073] (motor_interface) StdoutLine: {'line': b'-- Up-to-date symlink: /home/yuan/rm/code/Ros/my_ros2_control/install/motor_interface/share/motor_interface/urdf/motor.urdf.xacro\n'}
[4.510300] (motor_interface) StdoutLine: {'line': b'-- Up-to-date symlink: /home/yuan/rm/code/Ros/my_ros2_control/install/motor_interface/share/motor_interface/launch/gimbal.launch.py\n'}
[4.510491] (motor_interface) StdoutLine: {'line': b'-- Up-to-date symlink: /home/yuan/rm/code/Ros/my_ros2_control/install/motor_interface/share/motor_interface/config/gimbal_controller.yaml\n'}
[4.510652] (motor_interface) StdoutLine: {'line': b'-- Up-to-date symlink: /home/yuan/rm/code/Ros/my_ros2_control/install/motor_interface/share/motor_interface/environment/library_path.sh\n'}
[4.510801] (motor_interface) StdoutLine: {'line': b'-- Up-to-date symlink: /home/yuan/rm/code/Ros/my_ros2_control/install/motor_interface/share/motor_interface/environment/library_path.dsv\n'}
[4.510968] (motor_interface) StdoutLine: {'line': b'-- Up-to-date symlink: /home/yuan/rm/code/Ros/my_ros2_control/install/motor_interface/share/ament_index/resource_index/package_run_dependencies/motor_interface\n'}
[4.511135] (motor_interface) StdoutLine: {'line': b'-- Up-to-date symlink: /home/yuan/rm/code/Ros/my_ros2_control/install/motor_interface/share/ament_index/resource_index/parent_prefix_path/motor_interface\n'}
[4.511284] (motor_interface) StdoutLine: {'line': b'-- Up-to-date symlink: /home/yuan/rm/code/Ros/my_ros2_control/install/motor_interface/share/motor_interface/environment/ament_prefix_path.sh\n'}
[4.511450] (motor_interface) StdoutLine: {'line': b'-- Up-to-date symlink: /home/yuan/rm/code/Ros/my_ros2_control/install/motor_interface/share/motor_interface/environment/ament_prefix_path.dsv\n'}
[4.511596] (motor_interface) StdoutLine: {'line': b'-- Up-to-date symlink: /home/yuan/rm/code/Ros/my_ros2_control/install/motor_interface/share/motor_interface/environment/path.sh\n'}
[4.511748] (motor_interface) StdoutLine: {'line': b'-- Up-to-date symlink: /home/yuan/rm/code/Ros/my_ros2_control/install/motor_interface/share/motor_interface/environment/path.dsv\n'}
[4.511895] (motor_interface) StdoutLine: {'line': b'-- Up-to-date symlink: /home/yuan/rm/code/Ros/my_ros2_control/install/motor_interface/share/motor_interface/local_setup.bash\n'}
[4.512039] (motor_interface) StdoutLine: {'line': b'-- Up-to-date symlink: /home/yuan/rm/code/Ros/my_ros2_control/install/motor_interface/share/motor_interface/local_setup.sh\n'}
[4.512183] (motor_interface) StdoutLine: {'line': b'-- Up-to-date symlink: /home/yuan/rm/code/Ros/my_ros2_control/install/motor_interface/share/motor_interface/local_setup.zsh\n'}
[4.512324] (motor_interface) StdoutLine: {'line': b'-- Up-to-date symlink: /home/yuan/rm/code/Ros/my_ros2_control/install/motor_interface/share/motor_interface/local_setup.dsv\n'}
[4.512420] (motor_interface) StdoutLine: {'line': b'-- Symlinking: /home/yuan/rm/code/Ros/my_ros2_control/install/motor_interface/share/motor_interface/package.dsv\n'}
[4.513210] (-) TimerEvent: {}
[4.521945] (motor_interface) StdoutLine: {'line': b'-- Up-to-date symlink: /home/yuan/rm/code/Ros/my_ros2_control/install/motor_interface/share/ament_index/resource_index/packages/motor_interface\n'}
[4.522121] (motor_interface) StdoutLine: {'line': b'-- Up-to-date symlink: /home/yuan/rm/code/Ros/my_ros2_control/install/motor_interface/share/ament_index/resource_index/hardware_interface__pluginlib__plugin/motor_interface\n'}
[4.522278] (motor_interface) StdoutLine: {'line': b'-- Up-to-date symlink: /home/yuan/rm/code/Ros/my_ros2_control/install/motor_interface/share/motor_interface/cmake/ament_cmake_export_include_directories-extras.cmake\n'}
[4.522463] (motor_interface) StdoutLine: {'line': b'-- Up-to-date symlink: /home/yuan/rm/code/Ros/my_ros2_control/install/motor_interface/share/motor_interface/cmake/ament_cmake_export_libraries-extras.cmake\n'}
[4.522638] (motor_interface) StdoutLine: {'line': b'-- Up-to-date symlink: /home/yuan/rm/code/Ros/my_ros2_control/install/motor_interface/share/motor_interface/cmake/ament_cmake_export_dependencies-extras.cmake\n'}
[4.522790] (motor_interface) StdoutLine: {'line': b'-- Up-to-date symlink: /home/yuan/rm/code/Ros/my_ros2_control/install/motor_interface/share/motor_interface/cmake/motor_interfaceConfig.cmake\n'}
[4.522916] (motor_interface) StdoutLine: {'line': b'-- Up-to-date symlink: /home/yuan/rm/code/Ros/my_ros2_control/install/motor_interface/share/motor_interface/cmake/motor_interfaceConfig-version.cmake\n'}
[4.523044] (motor_interface) StdoutLine: {'line': b'-- Up-to-date symlink: /home/yuan/rm/code/Ros/my_ros2_control/install/motor_interface/share/motor_interface/package.xml\n'}
[4.525099] (motor_interface) CommandEnded: {'returncode': 0}
[4.613313] (-) TimerEvent: {}
[4.675082] (motor_interface) JobEnded: {'identifier': 'motor_interface', 'rc': 0}
[4.675674] (-) EventReactorShutdown: {}
