[0.000000] (-) TimerEvent: {}
[0.000717] (gimbal_controller) JobQueued: {'identifier': 'gimbal_controller', 'dependencies': OrderedDict()}
[0.000826] (motor_interface) JobQueued: {'identifier': 'motor_interface', 'dependencies': OrderedDict()}
[0.000884] (gimbal_controller) JobStarted: {'identifier': 'gimbal_controller'}
[0.046329] (motor_interface) JobStarted: {'identifier': 'motor_interface'}
[0.091806] (gimbal_controller) JobProgress: {'identifier': 'gimbal_controller', 'progress': 'cmake'}
[0.093139] (gimbal_controller) JobProgress: {'identifier': 'gimbal_controller', 'progress': 'build'}
[0.093182] (gimbal_controller) Command: {'cmd': ['/usr/bin/cmake', '--build', '/home/yuan/rm/code/Ros/my_ros2_control/build/gimbal_controller', '--', '-j16', '-l16'], 'cwd': '/home/yuan/rm/code/Ros/my_ros2_control/build/gimbal_controller', 'env': OrderedDict([('RAW_TERMINAL_COLOR_LIGHT_CYAN', '\x1b[1;36m'), ('LESSOPEN', '| /usr/bin/lesspipe %s'), ('LANGUAGE', 'zh_CN:zh'), ('USER', 'yuan'), ('XDG_SEAT', 'seat0'), ('TERMINAL_COLOR_USER_INPUT_DECISION', '\\e[0;35m'), ('SSH_AGENT_PID', '1225'), ('XDG_SESSION_TYPE', 'x11'), ('GIT_ASKPASS', '/usr/share/code/resources/app/extensions/git/dist/askpass.sh'), ('STM32CubeMX_PATH', '/home/yuan/app/stm32cubemx/software'), ('TERMINAL_COLOR_GREEN', '\\e[0;32m'), ('RAW_TERMINAL_COLOR_WHITE', '\x1b[1;37m'), ('RAW_TERMINAL_COLOR_GRAY', '\x1b[1;30m'), ('SHLVL', '1'), ('LD_LIBRARY_PATH', '/home/yuan/rm/code/Ros/my_ros2_control/install/motor_interface/lib:/home/yuan/rm/code/Ros/my_ros2_control/install/gimbal_controller/lib:/opt/ros/humble/opt/rviz_ogre_vendor/lib:/opt/ros/humble/lib/x86_64-linux-gnu:/opt/ros/humble/lib'), ('HOME', '/home/yuan'), ('CHROME_DESKTOP', 'code-url-handler.desktop'), ('ROS_WS_CACHE_SOURCED_TIME', '0'), ('OLDPWD', '/home/yuan/rm/code/Ros/my_ros2_control'), ('TERM_PROGRAM_VERSION', '1.83.1'), ('DESKTOP_SESSION', 'xfce'), ('TERMINAL_COLOR_LIGHT_GREEN', '\\e[1;32m'), ('RAW_TERMINAL_COLOR_BLACK', '\x1b[0;30m'), ('RAW_TERMINAL_COLOR_LIGHT_GRAY', '\x1b[0;37m'), ('GIO_LAUNCHED_DESKTOP_FILE', '/usr/share/applications/code.desktop'), ('ROS_PYTHON_VERSION', '3'), ('XDG_SEAT_PATH', '/org/freedesktop/DisplayManager/Seat0'), ('TERMINAL_COLOR_BLUE', '\\e[0;34m'), ('VSCODE_GIT_ASKPASS_MAIN', '/usr/share/code/resources/app/extensions/git/dist/askpass-main.js'), ('TERMINAL_COLOR_RED', '\\e[0;31m'), ('VSCODE_GIT_ASKPASS_NODE', '/usr/share/code/code'), ('DBUS_SESSION_BUS_ADDRESS', 'unix:path=/run/user/1000/bus'), ('COLORTERM', 'truecolor'), ('TERMINAL_COLOR_LIGHT_BLUE', '\\e[1;34m'), ('TERMINAL_COLOR_CYAN', '\\e[0;36m'), ('RAW_TERMINAL_COLOR_BROWN', '\x1b[0;33m'), ('GIO_LAUNCHED_DESKTOP_FILE_PID', '2914'), ('TERMINAL_COLOR_LIGHT_RED', '\\e[1;31m'), ('RAW_TERMINAL_COLOR_PURPLE', '\x1b[0;35m'), ('COLCON_PREFIX_PATH', '/home/yuan/rm/code/Ros/my_ros2_control/install'), ('ROS_DISTRO', 'humble'), ('TERMINAL_COLOR_NC', '\\e[0m'), ('GTK_IM_MODULE', 'fcitx'), ('TERMINAL_COLOR_LIGHT_CYAN', '\\e[1;36m'), ('LOGNAME', 'yuan'), ('_', '/usr/bin/colcon'), ('ROS_VERSION', '2'), ('XDG_SESSION_CLASS', 'user'), ('RAW_TERMINAL_COLOR_LIGHT_PURPLE', '\x1b[1;35m'), ('RAW_TERMINAL_COLOR_YELLOW', '\x1b[1;33m'), ('TERMINAL_COLOR_USER_CONFIRMATION', '\\e[0;34m'), ('TERM', 'xterm-256color'), ('XDG_SESSION_ID', 'c1'), ('ROS_LOCALHOST_ONLY', '0'), ('TERMINAL_COLOR_WHITE', '\\e[1;37m'), ('TERMINAL_COLOR_GRAY', '\\e[1;30m'), ('PATH', '/home/yuan/rm/arm-gnu-toolchain-12.3.rel1-x86_64-arm-none-eabi/bin:/opt/ros/humble/bin:/usr/local/sbin:/usr/local/bin:/usr/sbin:/usr/bin:/sbin:/bin:/usr/games:/usr/local/games:/snap/bin:/home/yuan/.dotnet/tools:/home/yuan/.fzf/bin'), ('SESSION_MANAGER', 'local/yuan:@/tmp/.ICE-unix/1053,unix/yuan:/tmp/.ICE-unix/1053'), ('GDM_LANG', 'zh_CN'), ('XDG_SESSION_PATH', '/org/freedesktop/DisplayManager/Session0'), ('XDG_MENU_PREFIX', 'xfce-'), ('XDG_RUNTIME_DIR', '/run/user/1000'), ('GDK_BACKEND', 'x11'), ('RTW_COLOR_NOTIFY_USER', '\\e[1;33m'), ('TERMINAL_COLOR_LIGHT_GRAY', '\\e[0;37m'), ('TERMINAL_COLOR_BLACK', '\\e[0;30m'), ('DISPLAY', ':0.0'), ('LANG', 'zh_CN.UTF-8'), ('XDG_CURRENT_DESKTOP', 'XFCE'), ('DOTNET_BUNDLE_EXTRACT_BASE_DIR', '/home/yuan/.cache/dotnet_bundle_extract'), ('XMODIFIERS', '@im=fcitx'), ('XDG_SESSION_DESKTOP', 'xfce'), ('XAUTHORITY', '/home/yuan/.Xauthority'), ('LS_COLORS', ''), ('VSCODE_GIT_IPC_HANDLE', '/run/user/1000/vscode-git-be293a297e.sock'), ('TERM_PROGRAM', 'vscode'), ('SSH_AUTH_SOCK', '/tmp/ssh-XXXXXXEQuJH2/agent.1224'), ('GSETTINGS_SCHEMA_DIR', '/home/yuan/data'), ('XDG_GREETER_DATA_DIR', '/var/lib/lightdm-data/yuan'), ('AMENT_PREFIX_PATH', '/home/yuan/rm/code/Ros/my_ros2_control/install/motor_interface:/home/yuan/rm/code/Ros/my_ros2_control/install/gimbal_controller:/opt/ros/humble'), ('ORIGINAL_XDG_CURRENT_DESKTOP', 'XFCE'), ('SHELL', '/bin/bash'), ('TERMINAL_COLOR_BROWN', '\\e[0;33m'), ('QT_ACCESSIBILITY', '1'), ('RAW_TERMINAL_COLOR_GREEN', '\x1b[0;32m'), ('GDMSESSION', 'xfce'), ('LESSCLOSE', '/usr/bin/lesspipe %s %s'), ('TERMINAL_COLOR_PURPLE', '\\e[0;35m'), ('RAW_TERMINAL_COLOR_LIGHT_GREEN', '\x1b[1;32m'), ('TERMINAL_COLOR_USER_NOTICE', '\\e[1;33m'), ('VSCODE_GIT_ASKPASS_EXTRA_ARGS', '--ms-enable-electron-run-as-node'), ('QT_IM_MODULE', 'fcitx'), ('XDG_VTNR', '7'), ('TERMINAL_COLOR_LIGHT_PURPLE', '\\e[1;35m'), ('TERMINAL_COLOR_YELLOW', '\\e[1;33m'), ('PWD', '/home/yuan/rm/code/Ros/my_ros2_control/build/gimbal_controller'), ('RAW_TERMINAL_COLOR_BLUE', '\x1b[0;34m'), ('XDG_CONFIG_DIRS', '/etc/xdg/xdg-xfce:/etc/xdg:/etc/xdg'), ('RAW_TERMINAL_COLOR_RED', '\x1b[0;31m'), ('CLUTTER_IM_MODULE', 'xim'), ('XDG_DATA_DIRS', '/usr/share/xfce4:/usr/local/share:/usr/share:/var/lib/snapd/desktop:/usr/share'), ('PYTHONPATH', '/opt/ros/humble/lib/python3.10/site-packages:/opt/ros/humble/local/lib/python3.10/dist-packages'), ('RAW_TERMINAL_COLOR_CYAN', '\x1b[0;36m'), ('RAW_TERMINAL_COLOR_LIGHT_BLUE', '\x1b[1;34m'), ('RTW_COLOR_ERROR', '\\e[0;31m'), ('COLCON', '1'), ('RAW_TERMINAL_COLOR_LIGHT_RED', '\x1b[1;31m'), ('CMAKE_PREFIX_PATH', '/home/yuan/rm/code/Ros/my_ros2_control/install/motor_interface:/home/yuan/rm/code/Ros/my_ros2_control/install/gimbal_controller:/opt/ros/humble'), ('RAW_TERMINAL_COLOR_NC', '\x1b[0m')]), 'shell': False}
[0.095961] (motor_interface) JobProgress: {'identifier': 'motor_interface', 'progress': 'cmake'}
[0.096370] (motor_interface) JobProgress: {'identifier': 'motor_interface', 'progress': 'build'}
[0.097075] (motor_interface) Command: {'cmd': ['/usr/bin/cmake', '--build', '/home/yuan/rm/code/Ros/my_ros2_control/build/motor_interface', '--', '-j16', '-l16'], 'cwd': '/home/yuan/rm/code/Ros/my_ros2_control/build/motor_interface', 'env': OrderedDict([('RAW_TERMINAL_COLOR_LIGHT_CYAN', '\x1b[1;36m'), ('LESSOPEN', '| /usr/bin/lesspipe %s'), ('LANGUAGE', 'zh_CN:zh'), ('USER', 'yuan'), ('XDG_SEAT', 'seat0'), ('TERMINAL_COLOR_USER_INPUT_DECISION', '\\e[0;35m'), ('SSH_AGENT_PID', '1225'), ('XDG_SESSION_TYPE', 'x11'), ('GIT_ASKPASS', '/usr/share/code/resources/app/extensions/git/dist/askpass.sh'), ('STM32CubeMX_PATH', '/home/yuan/app/stm32cubemx/software'), ('TERMINAL_COLOR_GREEN', '\\e[0;32m'), ('RAW_TERMINAL_COLOR_WHITE', '\x1b[1;37m'), ('RAW_TERMINAL_COLOR_GRAY', '\x1b[1;30m'), ('SHLVL', '1'), ('LD_LIBRARY_PATH', '/home/yuan/rm/code/Ros/my_ros2_control/install/motor_interface/lib:/home/yuan/rm/code/Ros/my_ros2_control/install/gimbal_controller/lib:/opt/ros/humble/opt/rviz_ogre_vendor/lib:/opt/ros/humble/lib/x86_64-linux-gnu:/opt/ros/humble/lib'), ('HOME', '/home/yuan'), ('CHROME_DESKTOP', 'code-url-handler.desktop'), ('ROS_WS_CACHE_SOURCED_TIME', '0'), ('OLDPWD', '/home/yuan/rm/code/Ros/my_ros2_control'), ('TERM_PROGRAM_VERSION', '1.83.1'), ('DESKTOP_SESSION', 'xfce'), ('TERMINAL_COLOR_LIGHT_GREEN', '\\e[1;32m'), ('RAW_TERMINAL_COLOR_BLACK', '\x1b[0;30m'), ('RAW_TERMINAL_COLOR_LIGHT_GRAY', '\x1b[0;37m'), ('GIO_LAUNCHED_DESKTOP_FILE', '/usr/share/applications/code.desktop'), ('ROS_PYTHON_VERSION', '3'), ('XDG_SEAT_PATH', '/org/freedesktop/DisplayManager/Seat0'), ('TERMINAL_COLOR_BLUE', '\\e[0;34m'), ('VSCODE_GIT_ASKPASS_MAIN', '/usr/share/code/resources/app/extensions/git/dist/askpass-main.js'), ('TERMINAL_COLOR_RED', '\\e[0;31m'), ('VSCODE_GIT_ASKPASS_NODE', '/usr/share/code/code'), ('DBUS_SESSION_BUS_ADDRESS', 'unix:path=/run/user/1000/bus'), ('COLORTERM', 'truecolor'), ('TERMINAL_COLOR_LIGHT_BLUE', '\\e[1;34m'), ('TERMINAL_COLOR_CYAN', '\\e[0;36m'), ('RAW_TERMINAL_COLOR_BROWN', '\x1b[0;33m'), ('GIO_LAUNCHED_DESKTOP_FILE_PID', '2914'), ('TERMINAL_COLOR_LIGHT_RED', '\\e[1;31m'), ('RAW_TERMINAL_COLOR_PURPLE', '\x1b[0;35m'), ('COLCON_PREFIX_PATH', '/home/yuan/rm/code/Ros/my_ros2_control/install'), ('ROS_DISTRO', 'humble'), ('TERMINAL_COLOR_NC', '\\e[0m'), ('GTK_IM_MODULE', 'fcitx'), ('TERMINAL_COLOR_LIGHT_CYAN', '\\e[1;36m'), ('LOGNAME', 'yuan'), ('_', '/usr/bin/colcon'), ('ROS_VERSION', '2'), ('XDG_SESSION_CLASS', 'user'), ('RAW_TERMINAL_COLOR_LIGHT_PURPLE', '\x1b[1;35m'), ('RAW_TERMINAL_COLOR_YELLOW', '\x1b[1;33m'), ('TERMINAL_COLOR_USER_CONFIRMATION', '\\e[0;34m'), ('TERM', 'xterm-256color'), ('XDG_SESSION_ID', 'c1'), ('ROS_LOCALHOST_ONLY', '0'), ('TERMINAL_COLOR_WHITE', '\\e[1;37m'), ('TERMINAL_COLOR_GRAY', '\\e[1;30m'), ('PATH', '/home/yuan/rm/arm-gnu-toolchain-12.3.rel1-x86_64-arm-none-eabi/bin:/opt/ros/humble/bin:/usr/local/sbin:/usr/local/bin:/usr/sbin:/usr/bin:/sbin:/bin:/usr/games:/usr/local/games:/snap/bin:/home/yuan/.dotnet/tools:/home/yuan/.fzf/bin'), ('SESSION_MANAGER', 'local/yuan:@/tmp/.ICE-unix/1053,unix/yuan:/tmp/.ICE-unix/1053'), ('GDM_LANG', 'zh_CN'), ('XDG_SESSION_PATH', '/org/freedesktop/DisplayManager/Session0'), ('XDG_MENU_PREFIX', 'xfce-'), ('XDG_RUNTIME_DIR', '/run/user/1000'), ('GDK_BACKEND', 'x11'), ('RTW_COLOR_NOTIFY_USER', '\\e[1;33m'), ('TERMINAL_COLOR_LIGHT_GRAY', '\\e[0;37m'), ('TERMINAL_COLOR_BLACK', '\\e[0;30m'), ('DISPLAY', ':0.0'), ('LANG', 'zh_CN.UTF-8'), ('XDG_CURRENT_DESKTOP', 'XFCE'), ('DOTNET_BUNDLE_EXTRACT_BASE_DIR', '/home/yuan/.cache/dotnet_bundle_extract'), ('XMODIFIERS', '@im=fcitx'), ('XDG_SESSION_DESKTOP', 'xfce'), ('XAUTHORITY', '/home/yuan/.Xauthority'), ('LS_COLORS', ''), ('VSCODE_GIT_IPC_HANDLE', '/run/user/1000/vscode-git-be293a297e.sock'), ('TERM_PROGRAM', 'vscode'), ('SSH_AUTH_SOCK', '/tmp/ssh-XXXXXXEQuJH2/agent.1224'), ('GSETTINGS_SCHEMA_DIR', '/home/yuan/data'), ('XDG_GREETER_DATA_DIR', '/var/lib/lightdm-data/yuan'), ('AMENT_PREFIX_PATH', '/home/yuan/rm/code/Ros/my_ros2_control/install/motor_interface:/home/yuan/rm/code/Ros/my_ros2_control/install/gimbal_controller:/opt/ros/humble'), ('ORIGINAL_XDG_CURRENT_DESKTOP', 'XFCE'), ('SHELL', '/bin/bash'), ('TERMINAL_COLOR_BROWN', '\\e[0;33m'), ('QT_ACCESSIBILITY', '1'), ('RAW_TERMINAL_COLOR_GREEN', '\x1b[0;32m'), ('GDMSESSION', 'xfce'), ('LESSCLOSE', '/usr/bin/lesspipe %s %s'), ('TERMINAL_COLOR_PURPLE', '\\e[0;35m'), ('RAW_TERMINAL_COLOR_LIGHT_GREEN', '\x1b[1;32m'), ('TERMINAL_COLOR_USER_NOTICE', '\\e[1;33m'), ('VSCODE_GIT_ASKPASS_EXTRA_ARGS', '--ms-enable-electron-run-as-node'), ('QT_IM_MODULE', 'fcitx'), ('XDG_VTNR', '7'), ('TERMINAL_COLOR_LIGHT_PURPLE', '\\e[1;35m'), ('TERMINAL_COLOR_YELLOW', '\\e[1;33m'), ('PWD', '/home/yuan/rm/code/Ros/my_ros2_control/build/motor_interface'), ('RAW_TERMINAL_COLOR_BLUE', '\x1b[0;34m'), ('XDG_CONFIG_DIRS', '/etc/xdg/xdg-xfce:/etc/xdg:/etc/xdg'), ('RAW_TERMINAL_COLOR_RED', '\x1b[0;31m'), ('CLUTTER_IM_MODULE', 'xim'), ('XDG_DATA_DIRS', '/usr/share/xfce4:/usr/local/share:/usr/share:/var/lib/snapd/desktop:/usr/share'), ('PYTHONPATH', '/opt/ros/humble/lib/python3.10/site-packages:/opt/ros/humble/local/lib/python3.10/dist-packages'), ('RAW_TERMINAL_COLOR_CYAN', '\x1b[0;36m'), ('RAW_TERMINAL_COLOR_LIGHT_BLUE', '\x1b[1;34m'), ('RTW_COLOR_ERROR', '\\e[0;31m'), ('COLCON', '1'), ('RAW_TERMINAL_COLOR_LIGHT_RED', '\x1b[1;31m'), ('CMAKE_PREFIX_PATH', '/home/yuan/rm/code/Ros/my_ros2_control/install/motor_interface:/home/yuan/rm/code/Ros/my_ros2_control/install/gimbal_controller:/opt/ros/humble'), ('RAW_TERMINAL_COLOR_NC', '\x1b[0m')]), 'shell': False}
[0.099736] (-) TimerEvent: {}
[0.136094] (motor_interface) StdoutLine: {'line': b'\x1b[35m\x1b[1mConsolidate compiler generated dependencies of target motor_interface\x1b[0m\n'}
[0.142825] (gimbal_controller) StdoutLine: {'line': b'[ 50%] Built target gimbal_controller_parameters\n'}
[0.143391] (motor_interface) StdoutLine: {'line': b'[ 18%] Built target gmock_main\n'}
[0.144183] (motor_interface) StdoutLine: {'line': b'[ 45%] Built target gmock\n'}
[0.167845] (motor_interface) StdoutLine: {'line': b'[ 72%] \x1b[32mBuilding CXX object CMakeFiles/motor_interface.dir/src/motor.cpp.o\x1b[0m\n'}
[0.168067] (motor_interface) StdoutLine: {'line': b'[ 72%] Built target test_motor\n'}
[0.168493] (gimbal_controller) StdoutLine: {'line': b'[100%] Built target gimbal_controller\n'}
[0.179637] (gimbal_controller) CommandEnded: {'returncode': 0}
[0.199843] (-) TimerEvent: {}
[0.208060] (gimbal_controller) JobProgress: {'identifier': 'gimbal_controller', 'progress': 'install'}
[0.218562] (gimbal_controller) Command: {'cmd': ['/usr/bin/cmake', '--install', '/home/yuan/rm/code/Ros/my_ros2_control/build/gimbal_controller'], 'cwd': '/home/yuan/rm/code/Ros/my_ros2_control/build/gimbal_controller', 'env': OrderedDict([('RAW_TERMINAL_COLOR_LIGHT_CYAN', '\x1b[1;36m'), ('LESSOPEN', '| /usr/bin/lesspipe %s'), ('LANGUAGE', 'zh_CN:zh'), ('USER', 'yuan'), ('XDG_SEAT', 'seat0'), ('TERMINAL_COLOR_USER_INPUT_DECISION', '\\e[0;35m'), ('SSH_AGENT_PID', '1225'), ('XDG_SESSION_TYPE', 'x11'), ('GIT_ASKPASS', '/usr/share/code/resources/app/extensions/git/dist/askpass.sh'), ('STM32CubeMX_PATH', '/home/yuan/app/stm32cubemx/software'), ('TERMINAL_COLOR_GREEN', '\\e[0;32m'), ('RAW_TERMINAL_COLOR_WHITE', '\x1b[1;37m'), ('RAW_TERMINAL_COLOR_GRAY', '\x1b[1;30m'), ('SHLVL', '1'), ('LD_LIBRARY_PATH', '/home/yuan/rm/code/Ros/my_ros2_control/install/motor_interface/lib:/home/yuan/rm/code/Ros/my_ros2_control/install/gimbal_controller/lib:/opt/ros/humble/opt/rviz_ogre_vendor/lib:/opt/ros/humble/lib/x86_64-linux-gnu:/opt/ros/humble/lib'), ('HOME', '/home/yuan'), ('CHROME_DESKTOP', 'code-url-handler.desktop'), ('ROS_WS_CACHE_SOURCED_TIME', '0'), ('OLDPWD', '/home/yuan/rm/code/Ros/my_ros2_control'), ('TERM_PROGRAM_VERSION', '1.83.1'), ('DESKTOP_SESSION', 'xfce'), ('TERMINAL_COLOR_LIGHT_GREEN', '\\e[1;32m'), ('RAW_TERMINAL_COLOR_BLACK', '\x1b[0;30m'), ('RAW_TERMINAL_COLOR_LIGHT_GRAY', '\x1b[0;37m'), ('GIO_LAUNCHED_DESKTOP_FILE', '/usr/share/applications/code.desktop'), ('ROS_PYTHON_VERSION', '3'), ('XDG_SEAT_PATH', '/org/freedesktop/DisplayManager/Seat0'), ('TERMINAL_COLOR_BLUE', '\\e[0;34m'), ('VSCODE_GIT_ASKPASS_MAIN', '/usr/share/code/resources/app/extensions/git/dist/askpass-main.js'), ('TERMINAL_COLOR_RED', '\\e[0;31m'), ('VSCODE_GIT_ASKPASS_NODE', '/usr/share/code/code'), ('DBUS_SESSION_BUS_ADDRESS', 'unix:path=/run/user/1000/bus'), ('COLORTERM', 'truecolor'), ('TERMINAL_COLOR_LIGHT_BLUE', '\\e[1;34m'), ('TERMINAL_COLOR_CYAN', '\\e[0;36m'), ('RAW_TERMINAL_COLOR_BROWN', '\x1b[0;33m'), ('GIO_LAUNCHED_DESKTOP_FILE_PID', '2914'), ('TERMINAL_COLOR_LIGHT_RED', '\\e[1;31m'), ('RAW_TERMINAL_COLOR_PURPLE', '\x1b[0;35m'), ('COLCON_PREFIX_PATH', '/home/yuan/rm/code/Ros/my_ros2_control/install'), ('ROS_DISTRO', 'humble'), ('TERMINAL_COLOR_NC', '\\e[0m'), ('GTK_IM_MODULE', 'fcitx'), ('TERMINAL_COLOR_LIGHT_CYAN', '\\e[1;36m'), ('LOGNAME', 'yuan'), ('_', '/usr/bin/colcon'), ('ROS_VERSION', '2'), ('XDG_SESSION_CLASS', 'user'), ('RAW_TERMINAL_COLOR_LIGHT_PURPLE', '\x1b[1;35m'), ('RAW_TERMINAL_COLOR_YELLOW', '\x1b[1;33m'), ('TERMINAL_COLOR_USER_CONFIRMATION', '\\e[0;34m'), ('TERM', 'xterm-256color'), ('XDG_SESSION_ID', 'c1'), ('ROS_LOCALHOST_ONLY', '0'), ('TERMINAL_COLOR_WHITE', '\\e[1;37m'), ('TERMINAL_COLOR_GRAY', '\\e[1;30m'), ('PATH', '/home/yuan/rm/arm-gnu-toolchain-12.3.rel1-x86_64-arm-none-eabi/bin:/opt/ros/humble/bin:/usr/local/sbin:/usr/local/bin:/usr/sbin:/usr/bin:/sbin:/bin:/usr/games:/usr/local/games:/snap/bin:/home/yuan/.dotnet/tools:/home/yuan/.fzf/bin'), ('SESSION_MANAGER', 'local/yuan:@/tmp/.ICE-unix/1053,unix/yuan:/tmp/.ICE-unix/1053'), ('GDM_LANG', 'zh_CN'), ('XDG_SESSION_PATH', '/org/freedesktop/DisplayManager/Session0'), ('XDG_MENU_PREFIX', 'xfce-'), ('XDG_RUNTIME_DIR', '/run/user/1000'), ('GDK_BACKEND', 'x11'), ('RTW_COLOR_NOTIFY_USER', '\\e[1;33m'), ('TERMINAL_COLOR_LIGHT_GRAY', '\\e[0;37m'), ('TERMINAL_COLOR_BLACK', '\\e[0;30m'), ('DISPLAY', ':0.0'), ('LANG', 'zh_CN.UTF-8'), ('XDG_CURRENT_DESKTOP', 'XFCE'), ('DOTNET_BUNDLE_EXTRACT_BASE_DIR', '/home/yuan/.cache/dotnet_bundle_extract'), ('XMODIFIERS', '@im=fcitx'), ('XDG_SESSION_DESKTOP', 'xfce'), ('XAUTHORITY', '/home/yuan/.Xauthority'), ('LS_COLORS', ''), ('VSCODE_GIT_IPC_HANDLE', '/run/user/1000/vscode-git-be293a297e.sock'), ('TERM_PROGRAM', 'vscode'), ('SSH_AUTH_SOCK', '/tmp/ssh-XXXXXXEQuJH2/agent.1224'), ('GSETTINGS_SCHEMA_DIR', '/home/yuan/data'), ('XDG_GREETER_DATA_DIR', '/var/lib/lightdm-data/yuan'), ('AMENT_PREFIX_PATH', '/home/yuan/rm/code/Ros/my_ros2_control/install/motor_interface:/home/yuan/rm/code/Ros/my_ros2_control/install/gimbal_controller:/opt/ros/humble'), ('ORIGINAL_XDG_CURRENT_DESKTOP', 'XFCE'), ('SHELL', '/bin/bash'), ('TERMINAL_COLOR_BROWN', '\\e[0;33m'), ('QT_ACCESSIBILITY', '1'), ('RAW_TERMINAL_COLOR_GREEN', '\x1b[0;32m'), ('GDMSESSION', 'xfce'), ('LESSCLOSE', '/usr/bin/lesspipe %s %s'), ('TERMINAL_COLOR_PURPLE', '\\e[0;35m'), ('RAW_TERMINAL_COLOR_LIGHT_GREEN', '\x1b[1;32m'), ('TERMINAL_COLOR_USER_NOTICE', '\\e[1;33m'), ('VSCODE_GIT_ASKPASS_EXTRA_ARGS', '--ms-enable-electron-run-as-node'), ('QT_IM_MODULE', 'fcitx'), ('XDG_VTNR', '7'), ('TERMINAL_COLOR_LIGHT_PURPLE', '\\e[1;35m'), ('TERMINAL_COLOR_YELLOW', '\\e[1;33m'), ('PWD', '/home/yuan/rm/code/Ros/my_ros2_control/build/gimbal_controller'), ('RAW_TERMINAL_COLOR_BLUE', '\x1b[0;34m'), ('XDG_CONFIG_DIRS', '/etc/xdg/xdg-xfce:/etc/xdg:/etc/xdg'), ('RAW_TERMINAL_COLOR_RED', '\x1b[0;31m'), ('CLUTTER_IM_MODULE', 'xim'), ('XDG_DATA_DIRS', '/usr/share/xfce4:/usr/local/share:/usr/share:/var/lib/snapd/desktop:/usr/share'), ('PYTHONPATH', '/opt/ros/humble/lib/python3.10/site-packages:/opt/ros/humble/local/lib/python3.10/dist-packages'), ('RAW_TERMINAL_COLOR_CYAN', '\x1b[0;36m'), ('RAW_TERMINAL_COLOR_LIGHT_BLUE', '\x1b[1;34m'), ('RTW_COLOR_ERROR', '\\e[0;31m'), ('COLCON', '1'), ('RAW_TERMINAL_COLOR_LIGHT_RED', '\x1b[1;31m'), ('CMAKE_PREFIX_PATH', '/home/yuan/rm/code/Ros/my_ros2_control/install/motor_interface:/home/yuan/rm/code/Ros/my_ros2_control/install/gimbal_controller:/opt/ros/humble'), ('RAW_TERMINAL_COLOR_NC', '\x1b[0m')]), 'shell': False}
[0.226162] (gimbal_controller) StdoutLine: {'line': b'-- Install configuration: "Debug"\n'}
[0.226658] (gimbal_controller) StdoutLine: {'line': b'-- Execute custom install script\n'}
[0.226975] (gimbal_controller) StdoutLine: {'line': b'-- Up-to-date symlink: /home/yuan/rm/code/Ros/my_ros2_control/install/gimbal_controller/include/gimbal_controller_parameters/gimbal_controller_parameters.hpp\n'}
[0.227082] (gimbal_controller) StdoutLine: {'line': b'-- Up-to-date symlink: /home/yuan/rm/code/Ros/my_ros2_control/install/gimbal_controller/include/gimbal_controller_parameters/validate_gimbal_controller_parameters.hpp\n'}
[0.227262] (gimbal_controller) StdoutLine: {'line': b'-- Up-to-date symlink: /home/yuan/rm/code/Ros/my_ros2_control/install/gimbal_controller/share/gimbal_controller//gimbal_controller.xml\n'}
[0.227543] (gimbal_controller) StdoutLine: {'line': b'-- Up-to-date symlink: /home/yuan/rm/code/Ros/my_ros2_control/install/gimbal_controller/include/gimbal_controller/gimbal_controller/gimbal_controller.hpp\n'}
[0.227699] (gimbal_controller) StdoutLine: {'line': b'-- Up-to-date symlink: /home/yuan/rm/code/Ros/my_ros2_control/install/gimbal_controller/include/gimbal_controller/gimbal_controller/validate_gimbal_controller_parameters.hpp\n'}
[0.227848] (gimbal_controller) StdoutLine: {'line': b'-- Up-to-date symlink: /home/yuan/rm/code/Ros/my_ros2_control/install/gimbal_controller/include/gimbal_controller/gimbal_controller/visibility_control.h\n'}
[0.228064] (gimbal_controller) StdoutLine: {'line': b'-- Up-to-date symlink: /home/yuan/rm/code/Ros/my_ros2_control/install/gimbal_controller/share/gimbal_controller/environment/library_path.sh\n'}
[0.228259] (gimbal_controller) StdoutLine: {'line': b'-- Up-to-date symlink: /home/yuan/rm/code/Ros/my_ros2_control/install/gimbal_controller/share/gimbal_controller/environment/library_path.dsv\n'}
[0.228451] (gimbal_controller) StdoutLine: {'line': b'-- Up-to-date symlink: /home/yuan/rm/code/Ros/my_ros2_control/install/gimbal_controller/share/ament_index/resource_index/package_run_dependencies/gimbal_controller\n'}
[0.228671] (gimbal_controller) StdoutLine: {'line': b'-- Up-to-date symlink: /home/yuan/rm/code/Ros/my_ros2_control/install/gimbal_controller/share/ament_index/resource_index/parent_prefix_path/gimbal_controller\n'}
[0.228876] (gimbal_controller) StdoutLine: {'line': b'-- Up-to-date symlink: /home/yuan/rm/code/Ros/my_ros2_control/install/gimbal_controller/share/gimbal_controller/environment/ament_prefix_path.sh\n'}
[0.229069] (gimbal_controller) StdoutLine: {'line': b'-- Up-to-date symlink: /home/yuan/rm/code/Ros/my_ros2_control/install/gimbal_controller/share/gimbal_controller/environment/ament_prefix_path.dsv\n'}
[0.229260] (gimbal_controller) StdoutLine: {'line': b'-- Up-to-date symlink: /home/yuan/rm/code/Ros/my_ros2_control/install/gimbal_controller/share/gimbal_controller/environment/path.sh\n'}
[0.229428] (gimbal_controller) StdoutLine: {'line': b'-- Up-to-date symlink: /home/yuan/rm/code/Ros/my_ros2_control/install/gimbal_controller/share/gimbal_controller/environment/path.dsv\n'}
[0.229570] (gimbal_controller) StdoutLine: {'line': b'-- Up-to-date symlink: /home/yuan/rm/code/Ros/my_ros2_control/install/gimbal_controller/share/gimbal_controller/local_setup.bash\n'}
[0.229693] (gimbal_controller) StdoutLine: {'line': b'-- Up-to-date symlink: /home/yuan/rm/code/Ros/my_ros2_control/install/gimbal_controller/share/gimbal_controller/local_setup.sh\n'}
[0.229822] (gimbal_controller) StdoutLine: {'line': b'-- Up-to-date symlink: /home/yuan/rm/code/Ros/my_ros2_control/install/gimbal_controller/share/gimbal_controller/local_setup.zsh\n'}
[0.229958] (gimbal_controller) StdoutLine: {'line': b'-- Up-to-date symlink: /home/yuan/rm/code/Ros/my_ros2_control/install/gimbal_controller/share/gimbal_controller/local_setup.dsv\n'}
[0.230092] (gimbal_controller) StdoutLine: {'line': b'-- Symlinking: /home/yuan/rm/code/Ros/my_ros2_control/install/gimbal_controller/share/gimbal_controller/package.dsv\n'}
[0.239569] (gimbal_controller) StdoutLine: {'line': b'-- Up-to-date symlink: /home/yuan/rm/code/Ros/my_ros2_control/install/gimbal_controller/share/ament_index/resource_index/packages/gimbal_controller\n'}
[0.239796] (gimbal_controller) StdoutLine: {'line': b'-- Up-to-date symlink: /home/yuan/rm/code/Ros/my_ros2_control/install/gimbal_controller/share/ament_index/resource_index/controller_interface__pluginlib__plugin/gimbal_controller\n'}
[0.239937] (gimbal_controller) StdoutLine: {'line': b'-- Up-to-date symlink: /home/yuan/rm/code/Ros/my_ros2_control/install/gimbal_controller/share/gimbal_controller/cmake/ament_cmake_export_targets-extras.cmake\n'}
[0.240097] (gimbal_controller) StdoutLine: {'line': b'-- Up-to-date symlink: /home/yuan/rm/code/Ros/my_ros2_control/install/gimbal_controller/share/gimbal_controller/cmake/ament_cmake_export_include_directories-extras.cmake\n'}
[0.240269] (gimbal_controller) StdoutLine: {'line': b'-- Up-to-date symlink: /home/yuan/rm/code/Ros/my_ros2_control/install/gimbal_controller/share/gimbal_controller/cmake/ament_cmake_export_dependencies-extras.cmake\n'}
[0.240411] (gimbal_controller) StdoutLine: {'line': b'-- Up-to-date symlink: /home/yuan/rm/code/Ros/my_ros2_control/install/gimbal_controller/share/gimbal_controller/cmake/ament_cmake_export_libraries-extras.cmake\n'}
[0.240552] (gimbal_controller) StdoutLine: {'line': b'-- Up-to-date symlink: /home/yuan/rm/code/Ros/my_ros2_control/install/gimbal_controller/share/gimbal_controller/cmake/gimbal_controllerConfig.cmake\n'}
[0.240651] (gimbal_controller) StdoutLine: {'line': b'-- Up-to-date symlink: /home/yuan/rm/code/Ros/my_ros2_control/install/gimbal_controller/share/gimbal_controller/cmake/gimbal_controllerConfig-version.cmake\n'}
[0.240773] (gimbal_controller) StdoutLine: {'line': b'-- Up-to-date symlink: /home/yuan/rm/code/Ros/my_ros2_control/install/gimbal_controller/share/gimbal_controller/package.xml\n'}
[0.240964] (gimbal_controller) StdoutLine: {'line': b'-- Up-to-date: /home/yuan/rm/code/Ros/my_ros2_control/install/gimbal_controller/share/gimbal_controller/cmake/export_gimbal_controllerExport.cmake\n'}
[0.241061] (gimbal_controller) StdoutLine: {'line': b'-- Up-to-date: /home/yuan/rm/code/Ros/my_ros2_control/install/gimbal_controller/share/gimbal_controller/cmake/export_gimbal_controllerExport-debug.cmake\n'}
[0.242855] (gimbal_controller) CommandEnded: {'returncode': 0}
[0.299939] (-) TimerEvent: {}
[0.399086] (gimbal_controller) JobEnded: {'identifier': 'gimbal_controller', 'rc': 0}
[0.400013] (-) TimerEvent: {}
[0.500209] (-) TimerEvent: {}
[0.600505] (-) TimerEvent: {}
[0.700804] (-) TimerEvent: {}
[0.801106] (-) TimerEvent: {}
[0.901418] (-) TimerEvent: {}
[1.002001] (-) TimerEvent: {}
[1.102610] (-) TimerEvent: {}
[1.203173] (-) TimerEvent: {}
[1.303482] (-) TimerEvent: {}
[1.403808] (-) TimerEvent: {}
[1.504091] (-) TimerEvent: {}
[1.604369] (-) TimerEvent: {}
[1.704644] (-) TimerEvent: {}
[1.804917] (-) TimerEvent: {}
[1.905187] (-) TimerEvent: {}
[2.005455] (-) TimerEvent: {}
[2.105749] (-) TimerEvent: {}
[2.206010] (-) TimerEvent: {}
[2.306301] (-) TimerEvent: {}
[2.406596] (-) TimerEvent: {}
[2.506879] (-) TimerEvent: {}
[2.607153] (-) TimerEvent: {}
[2.707423] (-) TimerEvent: {}
[2.807745] (-) TimerEvent: {}
[2.906511] (motor_interface) StderrLine: {'line': b'\x1b[01m\x1b[K/home/yuan/rm/code/Ros/my_ros2_control/src/motor_interface/src/motor.cpp:\x1b[m\x1b[K In member function \xe2\x80\x98\x1b[01m\x1b[Kvirtual hardware_interface::CallbackReturn motor_interface::Motor::on_configure(const rclcpp_lifecycle::State&)\x1b[m\x1b[K\xe2\x80\x99:\n'}
[2.906727] (motor_interface) StderrLine: {'line': b'\x1b[01m\x1b[K/home/yuan/rm/code/Ros/my_ros2_control/src/motor_interface/src/motor.cpp:76:9:\x1b[m\x1b[K \x1b[01;35m\x1b[Kwarning: \x1b[m\x1b[KC++ designated initializers only available with \xe2\x80\x98\x1b[01m\x1b[K-std=c++20\x1b[m\x1b[K\xe2\x80\x99 or \xe2\x80\x98\x1b[01m\x1b[K-std=gnu++20\x1b[m\x1b[K\xe2\x80\x99 [\x1b[01;35m\x1b[K\x1b]8;;https://gcc.gnu.org/onlinedocs/gcc/Warning-Options.html#index-Wpedantic\x07-Wpedantic\x1b]8;;\x07\x1b[m\x1b[K]\n'}
[2.906818] (motor_interface) StderrLine: {'line': b'   76 |         \x1b[01;35m\x1b[K.\x1b[m\x1b[KserverPort = (uint16_t)std::stoul(info_.hardware_parameters["serverPort"]),\n'}
[2.906890] (motor_interface) StderrLine: {'line': b'      |         \x1b[01;35m\x1b[K^\x1b[m\x1b[K\n'}
[2.906959] (motor_interface) StderrLine: {'line': b'\x1b[01m\x1b[K/home/yuan/rm/code/Ros/my_ros2_control/src/motor_interface/src/motor.cpp:77:9:\x1b[m\x1b[K \x1b[01;35m\x1b[Kwarning: \x1b[m\x1b[KC++ designated initializers only available with \xe2\x80\x98\x1b[01m\x1b[K-std=c++20\x1b[m\x1b[K\xe2\x80\x99 or \xe2\x80\x98\x1b[01m\x1b[K-std=gnu++20\x1b[m\x1b[K\xe2\x80\x99 [\x1b[01;35m\x1b[K\x1b]8;;https://gcc.gnu.org/onlinedocs/gcc/Warning-Options.html#index-Wpedantic\x07-Wpedantic\x1b]8;;\x07\x1b[m\x1b[K]\n'}
[2.907030] (motor_interface) StderrLine: {'line': b'   77 |         \x1b[01;35m\x1b[K.\x1b[m\x1b[KserverIP = info_.hardware_parameters["serverIP"]};\n'}
[2.907094] (motor_interface) StderrLine: {'line': b'      |         \x1b[01;35m\x1b[K^\x1b[m\x1b[K\n'}
[2.907813] (-) TimerEvent: {}
[2.920893] (motor_interface) StderrLine: {'line': b'\x1b[01m\x1b[K/home/yuan/rm/code/Ros/my_ros2_control/src/motor_interface/src/motor.cpp:\x1b[m\x1b[K In member function \xe2\x80\x98\x1b[01m\x1b[Kvirtual hardware_interface::return_type motor_interface::Motor::read(const rclcpp::Time&, const rclcpp::Duration&)\x1b[m\x1b[K\xe2\x80\x99:\n'}
[2.921130] (motor_interface) StderrLine: {'line': b'\x1b[01m\x1b[K/home/yuan/rm/code/Ros/my_ros2_control/src/motor_interface/src/motor.cpp:172:27:\x1b[m\x1b[K \x1b[01;35m\x1b[Kwarning: \x1b[m\x1b[Kunused parameter \xe2\x80\x98\x1b[01m\x1b[Ktime\x1b[m\x1b[K\xe2\x80\x99 [\x1b[01;35m\x1b[K\x1b]8;;https://gcc.gnu.org/onlinedocs/gcc/Warning-Options.html#index-Wunused-parameter\x07-Wunused-parameter\x1b]8;;\x07\x1b[m\x1b[K]\n'}
[2.921248] (motor_interface) StderrLine: {'line': b'  172 |       \x1b[01;35m\x1b[Kconst rclcpp::Time &time\x1b[m\x1b[K /*time*/, const rclcpp::Duration &period /*period*/)\n'}
[2.921323] (motor_interface) StderrLine: {'line': b'      |       \x1b[01;35m\x1b[K~~~~~~~~~~~~~~~~~~~~^~~~\x1b[m\x1b[K\n'}
[2.921402] (motor_interface) StderrLine: {'line': b'\x1b[01m\x1b[K/home/yuan/rm/code/Ros/my_ros2_control/src/motor_interface/src/motor.cpp:172:66:\x1b[m\x1b[K \x1b[01;35m\x1b[Kwarning: \x1b[m\x1b[Kunused parameter \xe2\x80\x98\x1b[01m\x1b[Kperiod\x1b[m\x1b[K\xe2\x80\x99 [\x1b[01;35m\x1b[K\x1b]8;;https://gcc.gnu.org/onlinedocs/gcc/Warning-Options.html#index-Wunused-parameter\x07-Wunused-parameter\x1b]8;;\x07\x1b[m\x1b[K]\n'}
[2.921470] (motor_interface) StderrLine: {'line': b'  172 |       const rclcpp::Time &time /*time*/, \x1b[01;35m\x1b[Kconst rclcpp::Duration &period\x1b[m\x1b[K /*period*/)\n'}
[2.921531] (motor_interface) StderrLine: {'line': b'      |                                          \x1b[01;35m\x1b[K~~~~~~~~~~~~~~~~~~~~~~~~^~~~~~\x1b[m\x1b[K\n'}
[2.921596] (motor_interface) StderrLine: {'line': b'\x1b[01m\x1b[K/home/yuan/rm/code/Ros/my_ros2_control/src/motor_interface/src/motor.cpp:\x1b[m\x1b[K In member function \xe2\x80\x98\x1b[01m\x1b[Kvirtual hardware_interface::return_type motor_interface::Motor::write(const rclcpp::Time&, const rclcpp::Duration&)\x1b[m\x1b[K\xe2\x80\x99:\n'}
[2.921659] (motor_interface) StderrLine: {'line': b'\x1b[01m\x1b[K/home/yuan/rm/code/Ros/my_ros2_control/src/motor_interface/src/motor.cpp:201:27:\x1b[m\x1b[K \x1b[01;35m\x1b[Kwarning: \x1b[m\x1b[Kunused parameter \xe2\x80\x98\x1b[01m\x1b[Ktime\x1b[m\x1b[K\xe2\x80\x99 [\x1b[01;35m\x1b[K\x1b]8;;https://gcc.gnu.org/onlinedocs/gcc/Warning-Options.html#index-Wunused-parameter\x07-Wunused-parameter\x1b]8;;\x07\x1b[m\x1b[K]\n'}
[2.921722] (motor_interface) StderrLine: {'line': b'  201 |       \x1b[01;35m\x1b[Kconst rclcpp::Time &time\x1b[m\x1b[K /*time*/, const rclcpp::Duration &period /*period*/)\n'}
[2.921784] (motor_interface) StderrLine: {'line': b'      |       \x1b[01;35m\x1b[K~~~~~~~~~~~~~~~~~~~~^~~~\x1b[m\x1b[K\n'}
[2.921846] (motor_interface) StderrLine: {'line': b'\x1b[01m\x1b[K/home/yuan/rm/code/Ros/my_ros2_control/src/motor_interface/src/motor.cpp:201:66:\x1b[m\x1b[K \x1b[01;35m\x1b[Kwarning: \x1b[m\x1b[Kunused parameter \xe2\x80\x98\x1b[01m\x1b[Kperiod\x1b[m\x1b[K\xe2\x80\x99 [\x1b[01;35m\x1b[K\x1b]8;;https://gcc.gnu.org/onlinedocs/gcc/Warning-Options.html#index-Wunused-parameter\x07-Wunused-parameter\x1b]8;;\x07\x1b[m\x1b[K]\n'}
[2.921920] (motor_interface) StderrLine: {'line': b'  201 |       const rclcpp::Time &time /*time*/, \x1b[01;35m\x1b[Kconst rclcpp::Duration &period\x1b[m\x1b[K /*period*/)\n'}
[2.921985] (motor_interface) StderrLine: {'line': b'      |                                          \x1b[01;35m\x1b[K~~~~~~~~~~~~~~~~~~~~~~~~^~~~~~\x1b[m\x1b[K\n'}
[3.007930] (-) TimerEvent: {}
[3.108221] (-) TimerEvent: {}
[3.208498] (-) TimerEvent: {}
[3.308786] (-) TimerEvent: {}
[3.409061] (-) TimerEvent: {}
[3.509345] (-) TimerEvent: {}
[3.609641] (-) TimerEvent: {}
[3.709972] (-) TimerEvent: {}
[3.810309] (-) TimerEvent: {}
[3.910667] (-) TimerEvent: {}
[4.010937] (-) TimerEvent: {}
[4.111215] (-) TimerEvent: {}
[4.211487] (-) TimerEvent: {}
[4.311807] (-) TimerEvent: {}
[4.372993] (motor_interface) StdoutLine: {'line': b'[ 81%] \x1b[32m\x1b[1mLinking CXX shared library libmotor_interface.so\x1b[0m\n'}
[4.411917] (-) TimerEvent: {}
[4.512203] (-) TimerEvent: {}
[4.542171] (motor_interface) StdoutLine: {'line': b'[100%] Built target motor_interface\n'}
[4.555535] (motor_interface) CommandEnded: {'returncode': 0}
[4.592187] (motor_interface) JobProgress: {'identifier': 'motor_interface', 'progress': 'install'}
[4.592612] (motor_interface) Command: {'cmd': ['/usr/bin/cmake', '--install', '/home/yuan/rm/code/Ros/my_ros2_control/build/motor_interface'], 'cwd': '/home/yuan/rm/code/Ros/my_ros2_control/build/motor_interface', 'env': OrderedDict([('RAW_TERMINAL_COLOR_LIGHT_CYAN', '\x1b[1;36m'), ('LESSOPEN', '| /usr/bin/lesspipe %s'), ('LANGUAGE', 'zh_CN:zh'), ('USER', 'yuan'), ('XDG_SEAT', 'seat0'), ('TERMINAL_COLOR_USER_INPUT_DECISION', '\\e[0;35m'), ('SSH_AGENT_PID', '1225'), ('XDG_SESSION_TYPE', 'x11'), ('GIT_ASKPASS', '/usr/share/code/resources/app/extensions/git/dist/askpass.sh'), ('STM32CubeMX_PATH', '/home/yuan/app/stm32cubemx/software'), ('TERMINAL_COLOR_GREEN', '\\e[0;32m'), ('RAW_TERMINAL_COLOR_WHITE', '\x1b[1;37m'), ('RAW_TERMINAL_COLOR_GRAY', '\x1b[1;30m'), ('SHLVL', '1'), ('LD_LIBRARY_PATH', '/home/yuan/rm/code/Ros/my_ros2_control/install/motor_interface/lib:/home/yuan/rm/code/Ros/my_ros2_control/install/gimbal_controller/lib:/opt/ros/humble/opt/rviz_ogre_vendor/lib:/opt/ros/humble/lib/x86_64-linux-gnu:/opt/ros/humble/lib'), ('HOME', '/home/yuan'), ('CHROME_DESKTOP', 'code-url-handler.desktop'), ('ROS_WS_CACHE_SOURCED_TIME', '0'), ('OLDPWD', '/home/yuan/rm/code/Ros/my_ros2_control'), ('TERM_PROGRAM_VERSION', '1.83.1'), ('DESKTOP_SESSION', 'xfce'), ('TERMINAL_COLOR_LIGHT_GREEN', '\\e[1;32m'), ('RAW_TERMINAL_COLOR_BLACK', '\x1b[0;30m'), ('RAW_TERMINAL_COLOR_LIGHT_GRAY', '\x1b[0;37m'), ('GIO_LAUNCHED_DESKTOP_FILE', '/usr/share/applications/code.desktop'), ('ROS_PYTHON_VERSION', '3'), ('XDG_SEAT_PATH', '/org/freedesktop/DisplayManager/Seat0'), ('TERMINAL_COLOR_BLUE', '\\e[0;34m'), ('VSCODE_GIT_ASKPASS_MAIN', '/usr/share/code/resources/app/extensions/git/dist/askpass-main.js'), ('TERMINAL_COLOR_RED', '\\e[0;31m'), ('VSCODE_GIT_ASKPASS_NODE', '/usr/share/code/code'), ('DBUS_SESSION_BUS_ADDRESS', 'unix:path=/run/user/1000/bus'), ('COLORTERM', 'truecolor'), ('TERMINAL_COLOR_LIGHT_BLUE', '\\e[1;34m'), ('TERMINAL_COLOR_CYAN', '\\e[0;36m'), ('RAW_TERMINAL_COLOR_BROWN', '\x1b[0;33m'), ('GIO_LAUNCHED_DESKTOP_FILE_PID', '2914'), ('TERMINAL_COLOR_LIGHT_RED', '\\e[1;31m'), ('RAW_TERMINAL_COLOR_PURPLE', '\x1b[0;35m'), ('COLCON_PREFIX_PATH', '/home/yuan/rm/code/Ros/my_ros2_control/install'), ('ROS_DISTRO', 'humble'), ('TERMINAL_COLOR_NC', '\\e[0m'), ('GTK_IM_MODULE', 'fcitx'), ('TERMINAL_COLOR_LIGHT_CYAN', '\\e[1;36m'), ('LOGNAME', 'yuan'), ('_', '/usr/bin/colcon'), ('ROS_VERSION', '2'), ('XDG_SESSION_CLASS', 'user'), ('RAW_TERMINAL_COLOR_LIGHT_PURPLE', '\x1b[1;35m'), ('RAW_TERMINAL_COLOR_YELLOW', '\x1b[1;33m'), ('TERMINAL_COLOR_USER_CONFIRMATION', '\\e[0;34m'), ('TERM', 'xterm-256color'), ('XDG_SESSION_ID', 'c1'), ('ROS_LOCALHOST_ONLY', '0'), ('TERMINAL_COLOR_WHITE', '\\e[1;37m'), ('TERMINAL_COLOR_GRAY', '\\e[1;30m'), ('PATH', '/home/yuan/rm/arm-gnu-toolchain-12.3.rel1-x86_64-arm-none-eabi/bin:/opt/ros/humble/bin:/usr/local/sbin:/usr/local/bin:/usr/sbin:/usr/bin:/sbin:/bin:/usr/games:/usr/local/games:/snap/bin:/home/yuan/.dotnet/tools:/home/yuan/.fzf/bin'), ('SESSION_MANAGER', 'local/yuan:@/tmp/.ICE-unix/1053,unix/yuan:/tmp/.ICE-unix/1053'), ('GDM_LANG', 'zh_CN'), ('XDG_SESSION_PATH', '/org/freedesktop/DisplayManager/Session0'), ('XDG_MENU_PREFIX', 'xfce-'), ('XDG_RUNTIME_DIR', '/run/user/1000'), ('GDK_BACKEND', 'x11'), ('RTW_COLOR_NOTIFY_USER', '\\e[1;33m'), ('TERMINAL_COLOR_LIGHT_GRAY', '\\e[0;37m'), ('TERMINAL_COLOR_BLACK', '\\e[0;30m'), ('DISPLAY', ':0.0'), ('LANG', 'zh_CN.UTF-8'), ('XDG_CURRENT_DESKTOP', 'XFCE'), ('DOTNET_BUNDLE_EXTRACT_BASE_DIR', '/home/yuan/.cache/dotnet_bundle_extract'), ('XMODIFIERS', '@im=fcitx'), ('XDG_SESSION_DESKTOP', 'xfce'), ('XAUTHORITY', '/home/yuan/.Xauthority'), ('LS_COLORS', ''), ('VSCODE_GIT_IPC_HANDLE', '/run/user/1000/vscode-git-be293a297e.sock'), ('TERM_PROGRAM', 'vscode'), ('SSH_AUTH_SOCK', '/tmp/ssh-XXXXXXEQuJH2/agent.1224'), ('GSETTINGS_SCHEMA_DIR', '/home/yuan/data'), ('XDG_GREETER_DATA_DIR', '/var/lib/lightdm-data/yuan'), ('AMENT_PREFIX_PATH', '/home/yuan/rm/code/Ros/my_ros2_control/install/motor_interface:/home/yuan/rm/code/Ros/my_ros2_control/install/gimbal_controller:/opt/ros/humble'), ('ORIGINAL_XDG_CURRENT_DESKTOP', 'XFCE'), ('SHELL', '/bin/bash'), ('TERMINAL_COLOR_BROWN', '\\e[0;33m'), ('QT_ACCESSIBILITY', '1'), ('RAW_TERMINAL_COLOR_GREEN', '\x1b[0;32m'), ('GDMSESSION', 'xfce'), ('LESSCLOSE', '/usr/bin/lesspipe %s %s'), ('TERMINAL_COLOR_PURPLE', '\\e[0;35m'), ('RAW_TERMINAL_COLOR_LIGHT_GREEN', '\x1b[1;32m'), ('TERMINAL_COLOR_USER_NOTICE', '\\e[1;33m'), ('VSCODE_GIT_ASKPASS_EXTRA_ARGS', '--ms-enable-electron-run-as-node'), ('QT_IM_MODULE', 'fcitx'), ('XDG_VTNR', '7'), ('TERMINAL_COLOR_LIGHT_PURPLE', '\\e[1;35m'), ('TERMINAL_COLOR_YELLOW', '\\e[1;33m'), ('PWD', '/home/yuan/rm/code/Ros/my_ros2_control/build/motor_interface'), ('RAW_TERMINAL_COLOR_BLUE', '\x1b[0;34m'), ('XDG_CONFIG_DIRS', '/etc/xdg/xdg-xfce:/etc/xdg:/etc/xdg'), ('RAW_TERMINAL_COLOR_RED', '\x1b[0;31m'), ('CLUTTER_IM_MODULE', 'xim'), ('XDG_DATA_DIRS', '/usr/share/xfce4:/usr/local/share:/usr/share:/var/lib/snapd/desktop:/usr/share'), ('PYTHONPATH', '/opt/ros/humble/lib/python3.10/site-packages:/opt/ros/humble/local/lib/python3.10/dist-packages'), ('RAW_TERMINAL_COLOR_CYAN', '\x1b[0;36m'), ('RAW_TERMINAL_COLOR_LIGHT_BLUE', '\x1b[1;34m'), ('RTW_COLOR_ERROR', '\\e[0;31m'), ('COLCON', '1'), ('RAW_TERMINAL_COLOR_LIGHT_RED', '\x1b[1;31m'), ('CMAKE_PREFIX_PATH', '/home/yuan/rm/code/Ros/my_ros2_control/install/motor_interface:/home/yuan/rm/code/Ros/my_ros2_control/install/gimbal_controller:/opt/ros/humble'), ('RAW_TERMINAL_COLOR_NC', '\x1b[0m')]), 'shell': False}
[4.600298] (motor_interface) StdoutLine: {'line': b'-- Install configuration: "Debug"\n'}
[4.600676] (motor_interface) StdoutLine: {'line': b'-- Execute custom install script\n'}
[4.600852] (motor_interface) StdoutLine: {'line': b'-- Up-to-date symlink: /home/yuan/rm/code/Ros/my_ros2_control/install/motor_interface/share/motor_interface//motor_interface.xml\n'}
[4.601156] (motor_interface) StdoutLine: {'line': b'-- Up-to-date symlink: /home/yuan/rm/code/Ros/my_ros2_control/install/motor_interface/include/motor_interface/include/motor_interface/can_instance.hpp\n'}
[4.601256] (motor_interface) StdoutLine: {'line': b'-- Up-to-date symlink: /home/yuan/rm/code/Ros/my_ros2_control/install/motor_interface/include/motor_interface/include/motor_interface/motor.hpp\n'}
[4.601358] (motor_interface) StdoutLine: {'line': b'-- Up-to-date symlink: /home/yuan/rm/code/Ros/my_ros2_control/install/motor_interface/include/motor_interface/include/motor_interface/motor_instance.hpp\n'}
[4.601455] (motor_interface) StdoutLine: {'line': b'-- Up-to-date symlink: /home/yuan/rm/code/Ros/my_ros2_control/install/motor_interface/include/motor_interface/include/motor_interface/visibility_control.h\n'}
[4.601738] (motor_interface) StdoutLine: {'line': b'-- Up-to-date symlink: /home/yuan/rm/code/Ros/my_ros2_control/install/motor_interface/share/motor_interface/ros2_control/motor.ros2_control.xacro\n'}
[4.601922] (motor_interface) StdoutLine: {'line': b'-- Up-to-date symlink: /home/yuan/rm/code/Ros/my_ros2_control/install/motor_interface/share/motor_interface/urdf/motor.urdf.xacro\n'}
[4.602123] (motor_interface) StdoutLine: {'line': b'-- Up-to-date symlink: /home/yuan/rm/code/Ros/my_ros2_control/install/motor_interface/share/motor_interface/launch/gimbal.launch.py\n'}
[4.602291] (motor_interface) StdoutLine: {'line': b'-- Up-to-date symlink: /home/yuan/rm/code/Ros/my_ros2_control/install/motor_interface/share/motor_interface/config/gimbal_controller.yaml\n'}
[4.602432] (motor_interface) StdoutLine: {'line': b'-- Up-to-date symlink: /home/yuan/rm/code/Ros/my_ros2_control/install/motor_interface/share/motor_interface/environment/library_path.sh\n'}
[4.602562] (motor_interface) StdoutLine: {'line': b'-- Up-to-date symlink: /home/yuan/rm/code/Ros/my_ros2_control/install/motor_interface/share/motor_interface/environment/library_path.dsv\n'}
[4.602706] (motor_interface) StdoutLine: {'line': b'-- Up-to-date symlink: /home/yuan/rm/code/Ros/my_ros2_control/install/motor_interface/share/ament_index/resource_index/package_run_dependencies/motor_interface\n'}
[4.602853] (motor_interface) StdoutLine: {'line': b'-- Up-to-date symlink: /home/yuan/rm/code/Ros/my_ros2_control/install/motor_interface/share/ament_index/resource_index/parent_prefix_path/motor_interface\n'}
[4.602995] (motor_interface) StdoutLine: {'line': b'-- Up-to-date symlink: /home/yuan/rm/code/Ros/my_ros2_control/install/motor_interface/share/motor_interface/environment/ament_prefix_path.sh\n'}
[4.603145] (motor_interface) StdoutLine: {'line': b'-- Up-to-date symlink: /home/yuan/rm/code/Ros/my_ros2_control/install/motor_interface/share/motor_interface/environment/ament_prefix_path.dsv\n'}
[4.603271] (motor_interface) StdoutLine: {'line': b'-- Up-to-date symlink: /home/yuan/rm/code/Ros/my_ros2_control/install/motor_interface/share/motor_interface/environment/path.sh\n'}
[4.603402] (motor_interface) StdoutLine: {'line': b'-- Up-to-date symlink: /home/yuan/rm/code/Ros/my_ros2_control/install/motor_interface/share/motor_interface/environment/path.dsv\n'}
[4.603541] (motor_interface) StdoutLine: {'line': b'-- Up-to-date symlink: /home/yuan/rm/code/Ros/my_ros2_control/install/motor_interface/share/motor_interface/local_setup.bash\n'}
[4.603665] (motor_interface) StdoutLine: {'line': b'-- Up-to-date symlink: /home/yuan/rm/code/Ros/my_ros2_control/install/motor_interface/share/motor_interface/local_setup.sh\n'}
[4.603789] (motor_interface) StdoutLine: {'line': b'-- Up-to-date symlink: /home/yuan/rm/code/Ros/my_ros2_control/install/motor_interface/share/motor_interface/local_setup.zsh\n'}
[4.603910] (motor_interface) StdoutLine: {'line': b'-- Up-to-date symlink: /home/yuan/rm/code/Ros/my_ros2_control/install/motor_interface/share/motor_interface/local_setup.dsv\n'}
[4.603987] (motor_interface) StdoutLine: {'line': b'-- Symlinking: /home/yuan/rm/code/Ros/my_ros2_control/install/motor_interface/share/motor_interface/package.dsv\n'}
[4.612287] (-) TimerEvent: {}
[4.613756] (motor_interface) StdoutLine: {'line': b'-- Up-to-date symlink: /home/yuan/rm/code/Ros/my_ros2_control/install/motor_interface/share/ament_index/resource_index/packages/motor_interface\n'}
[4.613928] (motor_interface) StdoutLine: {'line': b'-- Up-to-date symlink: /home/yuan/rm/code/Ros/my_ros2_control/install/motor_interface/share/ament_index/resource_index/hardware_interface__pluginlib__plugin/motor_interface\n'}
[4.614094] (motor_interface) StdoutLine: {'line': b'-- Up-to-date symlink: /home/yuan/rm/code/Ros/my_ros2_control/install/motor_interface/share/motor_interface/cmake/ament_cmake_export_include_directories-extras.cmake\n'}
[4.614256] (motor_interface) StdoutLine: {'line': b'-- Up-to-date symlink: /home/yuan/rm/code/Ros/my_ros2_control/install/motor_interface/share/motor_interface/cmake/ament_cmake_export_libraries-extras.cmake\n'}
[4.614412] (motor_interface) StdoutLine: {'line': b'-- Up-to-date symlink: /home/yuan/rm/code/Ros/my_ros2_control/install/motor_interface/share/motor_interface/cmake/ament_cmake_export_dependencies-extras.cmake\n'}
[4.614596] (motor_interface) StdoutLine: {'line': b'-- Up-to-date symlink: /home/yuan/rm/code/Ros/my_ros2_control/install/motor_interface/share/motor_interface/cmake/motor_interfaceConfig.cmake\n'}
[4.614743] (motor_interface) StdoutLine: {'line': b'-- Up-to-date symlink: /home/yuan/rm/code/Ros/my_ros2_control/install/motor_interface/share/motor_interface/cmake/motor_interfaceConfig-version.cmake\n'}
[4.614866] (motor_interface) StdoutLine: {'line': b'-- Up-to-date symlink: /home/yuan/rm/code/Ros/my_ros2_control/install/motor_interface/share/motor_interface/package.xml\n'}
[4.616903] (motor_interface) CommandEnded: {'returncode': 0}
[4.712518] (-) TimerEvent: {}
[4.766085] (motor_interface) JobEnded: {'identifier': 'motor_interface', 'rc': 0}
[4.766693] (-) EventReactorShutdown: {}
