[0.000000] (-) TimerEvent: {}
[0.000135] (gimbal_controller) JobQueued: {'identifier': 'gimbal_controller', 'dependencies': OrderedDict()}
[0.000174] (motor_interface) JobQueued: {'identifier': 'motor_interface', 'dependencies': OrderedDict()}
[0.000204] (gimbal_controller) JobStarted: {'identifier': 'gimbal_controller'}
[0.044950] (motor_interface) JobStarted: {'identifier': 'motor_interface'}
[0.089883] (gimbal_controller) JobProgress: {'identifier': 'gimbal_controller', 'progress': 'cmake'}
[0.090941] (gimbal_controller) JobProgress: {'identifier': 'gimbal_controller', 'progress': 'build'}
[0.091065] (gimbal_controller) Command: {'cmd': ['/usr/bin/cmake', '--build', '/home/yuan/rm/code/Ros/my_ros2_control/build/gimbal_controller', '--', '-j16', '-l16'], 'cwd': '/home/yuan/rm/code/Ros/my_ros2_control/build/gimbal_controller', 'env': OrderedDict([('RAW_TERMINAL_COLOR_LIGHT_CYAN', '\x1b[1;36m'), ('LESSOPEN', '| /usr/bin/lesspipe %s'), ('LANGUAGE', 'zh_CN:zh'), ('USER', 'yuan'), ('XDG_SEAT', 'seat0'), ('TERMINAL_COLOR_USER_INPUT_DECISION', '\\e[0;35m'), ('SSH_AGENT_PID', '1225'), ('XDG_SESSION_TYPE', 'x11'), ('GIT_ASKPASS', '/usr/share/code/resources/app/extensions/git/dist/askpass.sh'), ('STM32CubeMX_PATH', '/home/yuan/app/stm32cubemx/software'), ('TERMINAL_COLOR_GREEN', '\\e[0;32m'), ('RAW_TERMINAL_COLOR_WHITE', '\x1b[1;37m'), ('RAW_TERMINAL_COLOR_GRAY', '\x1b[1;30m'), ('SHLVL', '1'), ('LD_LIBRARY_PATH', '/home/yuan/rm/code/Ros/my_ros2_control/install/motor_interface/lib:/home/yuan/rm/code/Ros/my_ros2_control/install/gimbal_controller/lib:/opt/ros/humble/opt/rviz_ogre_vendor/lib:/opt/ros/humble/lib/x86_64-linux-gnu:/opt/ros/humble/lib'), ('HOME', '/home/yuan'), ('CHROME_DESKTOP', 'code-url-handler.desktop'), ('ROS_WS_CACHE_SOURCED_TIME', '0'), ('OLDPWD', '/home/yuan/rm/code/Ros/my_ros2_control'), ('TERM_PROGRAM_VERSION', '1.83.1'), ('DESKTOP_SESSION', 'xfce'), ('TERMINAL_COLOR_LIGHT_GREEN', '\\e[1;32m'), ('RAW_TERMINAL_COLOR_BLACK', '\x1b[0;30m'), ('RAW_TERMINAL_COLOR_LIGHT_GRAY', '\x1b[0;37m'), ('GIO_LAUNCHED_DESKTOP_FILE', '/usr/share/applications/code.desktop'), ('ROS_PYTHON_VERSION', '3'), ('XDG_SEAT_PATH', '/org/freedesktop/DisplayManager/Seat0'), ('TERMINAL_COLOR_BLUE', '\\e[0;34m'), ('VSCODE_GIT_ASKPASS_MAIN', '/usr/share/code/resources/app/extensions/git/dist/askpass-main.js'), ('TERMINAL_COLOR_RED', '\\e[0;31m'), ('VSCODE_GIT_ASKPASS_NODE', '/usr/share/code/code'), ('DBUS_SESSION_BUS_ADDRESS', 'unix:path=/run/user/1000/bus'), ('COLORTERM', 'truecolor'), ('TERMINAL_COLOR_LIGHT_BLUE', '\\e[1;34m'), ('TERMINAL_COLOR_CYAN', '\\e[0;36m'), ('RAW_TERMINAL_COLOR_BROWN', '\x1b[0;33m'), ('GIO_LAUNCHED_DESKTOP_FILE_PID', '2914'), ('TERMINAL_COLOR_LIGHT_RED', '\\e[1;31m'), ('RAW_TERMINAL_COLOR_PURPLE', '\x1b[0;35m'), ('COLCON_PREFIX_PATH', '/home/yuan/rm/code/Ros/my_ros2_control/install'), ('ROS_DISTRO', 'humble'), ('TERMINAL_COLOR_NC', '\\e[0m'), ('GTK_IM_MODULE', 'fcitx'), ('TERMINAL_COLOR_LIGHT_CYAN', '\\e[1;36m'), ('LOGNAME', 'yuan'), ('_', '/usr/bin/colcon'), ('ROS_VERSION', '2'), ('XDG_SESSION_CLASS', 'user'), ('RAW_TERMINAL_COLOR_LIGHT_PURPLE', '\x1b[1;35m'), ('RAW_TERMINAL_COLOR_YELLOW', '\x1b[1;33m'), ('TERMINAL_COLOR_USER_CONFIRMATION', '\\e[0;34m'), ('TERM', 'xterm-256color'), ('XDG_SESSION_ID', 'c1'), ('ROS_LOCALHOST_ONLY', '0'), ('TERMINAL_COLOR_WHITE', '\\e[1;37m'), ('TERMINAL_COLOR_GRAY', '\\e[1;30m'), ('PATH', '/home/yuan/rm/arm-gnu-toolchain-12.3.rel1-x86_64-arm-none-eabi/bin:/opt/ros/humble/bin:/usr/local/sbin:/usr/local/bin:/usr/sbin:/usr/bin:/sbin:/bin:/usr/games:/usr/local/games:/snap/bin:/home/yuan/.dotnet/tools:/home/yuan/.fzf/bin'), ('SESSION_MANAGER', 'local/yuan:@/tmp/.ICE-unix/1053,unix/yuan:/tmp/.ICE-unix/1053'), ('GDM_LANG', 'zh_CN'), ('XDG_SESSION_PATH', '/org/freedesktop/DisplayManager/Session0'), ('XDG_MENU_PREFIX', 'xfce-'), ('XDG_RUNTIME_DIR', '/run/user/1000'), ('GDK_BACKEND', 'x11'), ('RTW_COLOR_NOTIFY_USER', '\\e[1;33m'), ('TERMINAL_COLOR_LIGHT_GRAY', '\\e[0;37m'), ('TERMINAL_COLOR_BLACK', '\\e[0;30m'), ('DISPLAY', ':0.0'), ('LANG', 'zh_CN.UTF-8'), ('XDG_CURRENT_DESKTOP', 'XFCE'), ('DOTNET_BUNDLE_EXTRACT_BASE_DIR', '/home/yuan/.cache/dotnet_bundle_extract'), ('XMODIFIERS', '@im=fcitx'), ('XDG_SESSION_DESKTOP', 'xfce'), ('XAUTHORITY', '/home/yuan/.Xauthority'), ('LS_COLORS', ''), ('VSCODE_GIT_IPC_HANDLE', '/run/user/1000/vscode-git-be293a297e.sock'), ('TERM_PROGRAM', 'vscode'), ('SSH_AUTH_SOCK', '/tmp/ssh-XXXXXXEQuJH2/agent.1224'), ('GSETTINGS_SCHEMA_DIR', '/home/yuan/data'), ('XDG_GREETER_DATA_DIR', '/var/lib/lightdm-data/yuan'), ('AMENT_PREFIX_PATH', '/home/yuan/rm/code/Ros/my_ros2_control/install/motor_interface:/home/yuan/rm/code/Ros/my_ros2_control/install/gimbal_controller:/opt/ros/humble'), ('ORIGINAL_XDG_CURRENT_DESKTOP', 'XFCE'), ('SHELL', '/bin/bash'), ('TERMINAL_COLOR_BROWN', '\\e[0;33m'), ('QT_ACCESSIBILITY', '1'), ('RAW_TERMINAL_COLOR_GREEN', '\x1b[0;32m'), ('GDMSESSION', 'xfce'), ('LESSCLOSE', '/usr/bin/lesspipe %s %s'), ('TERMINAL_COLOR_PURPLE', '\\e[0;35m'), ('RAW_TERMINAL_COLOR_LIGHT_GREEN', '\x1b[1;32m'), ('TERMINAL_COLOR_USER_NOTICE', '\\e[1;33m'), ('VSCODE_GIT_ASKPASS_EXTRA_ARGS', '--ms-enable-electron-run-as-node'), ('QT_IM_MODULE', 'fcitx'), ('XDG_VTNR', '7'), ('TERMINAL_COLOR_LIGHT_PURPLE', '\\e[1;35m'), ('TERMINAL_COLOR_YELLOW', '\\e[1;33m'), ('PWD', '/home/yuan/rm/code/Ros/my_ros2_control/build/gimbal_controller'), ('RAW_TERMINAL_COLOR_BLUE', '\x1b[0;34m'), ('XDG_CONFIG_DIRS', '/etc/xdg/xdg-xfce:/etc/xdg:/etc/xdg'), ('RAW_TERMINAL_COLOR_RED', '\x1b[0;31m'), ('CLUTTER_IM_MODULE', 'xim'), ('XDG_DATA_DIRS', '/usr/share/xfce4:/usr/local/share:/usr/share:/var/lib/snapd/desktop:/usr/share'), ('PYTHONPATH', '/opt/ros/humble/lib/python3.10/site-packages:/opt/ros/humble/local/lib/python3.10/dist-packages'), ('RAW_TERMINAL_COLOR_CYAN', '\x1b[0;36m'), ('RAW_TERMINAL_COLOR_LIGHT_BLUE', '\x1b[1;34m'), ('RTW_COLOR_ERROR', '\\e[0;31m'), ('COLCON', '1'), ('RAW_TERMINAL_COLOR_LIGHT_RED', '\x1b[1;31m'), ('CMAKE_PREFIX_PATH', '/home/yuan/rm/code/Ros/my_ros2_control/install/motor_interface:/home/yuan/rm/code/Ros/my_ros2_control/install/gimbal_controller:/opt/ros/humble'), ('RAW_TERMINAL_COLOR_NC', '\x1b[0m')]), 'shell': False}
[0.093954] (motor_interface) JobProgress: {'identifier': 'motor_interface', 'progress': 'cmake'}
[0.094382] (motor_interface) JobProgress: {'identifier': 'motor_interface', 'progress': 'build'}
[0.094965] (motor_interface) Command: {'cmd': ['/usr/bin/cmake', '--build', '/home/yuan/rm/code/Ros/my_ros2_control/build/motor_interface', '--', '-j16', '-l16'], 'cwd': '/home/yuan/rm/code/Ros/my_ros2_control/build/motor_interface', 'env': OrderedDict([('RAW_TERMINAL_COLOR_LIGHT_CYAN', '\x1b[1;36m'), ('LESSOPEN', '| /usr/bin/lesspipe %s'), ('LANGUAGE', 'zh_CN:zh'), ('USER', 'yuan'), ('XDG_SEAT', 'seat0'), ('TERMINAL_COLOR_USER_INPUT_DECISION', '\\e[0;35m'), ('SSH_AGENT_PID', '1225'), ('XDG_SESSION_TYPE', 'x11'), ('GIT_ASKPASS', '/usr/share/code/resources/app/extensions/git/dist/askpass.sh'), ('STM32CubeMX_PATH', '/home/yuan/app/stm32cubemx/software'), ('TERMINAL_COLOR_GREEN', '\\e[0;32m'), ('RAW_TERMINAL_COLOR_WHITE', '\x1b[1;37m'), ('RAW_TERMINAL_COLOR_GRAY', '\x1b[1;30m'), ('SHLVL', '1'), ('LD_LIBRARY_PATH', '/home/yuan/rm/code/Ros/my_ros2_control/install/motor_interface/lib:/home/yuan/rm/code/Ros/my_ros2_control/install/gimbal_controller/lib:/opt/ros/humble/opt/rviz_ogre_vendor/lib:/opt/ros/humble/lib/x86_64-linux-gnu:/opt/ros/humble/lib'), ('HOME', '/home/yuan'), ('CHROME_DESKTOP', 'code-url-handler.desktop'), ('ROS_WS_CACHE_SOURCED_TIME', '0'), ('OLDPWD', '/home/yuan/rm/code/Ros/my_ros2_control'), ('TERM_PROGRAM_VERSION', '1.83.1'), ('DESKTOP_SESSION', 'xfce'), ('TERMINAL_COLOR_LIGHT_GREEN', '\\e[1;32m'), ('RAW_TERMINAL_COLOR_BLACK', '\x1b[0;30m'), ('RAW_TERMINAL_COLOR_LIGHT_GRAY', '\x1b[0;37m'), ('GIO_LAUNCHED_DESKTOP_FILE', '/usr/share/applications/code.desktop'), ('ROS_PYTHON_VERSION', '3'), ('XDG_SEAT_PATH', '/org/freedesktop/DisplayManager/Seat0'), ('TERMINAL_COLOR_BLUE', '\\e[0;34m'), ('VSCODE_GIT_ASKPASS_MAIN', '/usr/share/code/resources/app/extensions/git/dist/askpass-main.js'), ('TERMINAL_COLOR_RED', '\\e[0;31m'), ('VSCODE_GIT_ASKPASS_NODE', '/usr/share/code/code'), ('DBUS_SESSION_BUS_ADDRESS', 'unix:path=/run/user/1000/bus'), ('COLORTERM', 'truecolor'), ('TERMINAL_COLOR_LIGHT_BLUE', '\\e[1;34m'), ('TERMINAL_COLOR_CYAN', '\\e[0;36m'), ('RAW_TERMINAL_COLOR_BROWN', '\x1b[0;33m'), ('GIO_LAUNCHED_DESKTOP_FILE_PID', '2914'), ('TERMINAL_COLOR_LIGHT_RED', '\\e[1;31m'), ('RAW_TERMINAL_COLOR_PURPLE', '\x1b[0;35m'), ('COLCON_PREFIX_PATH', '/home/yuan/rm/code/Ros/my_ros2_control/install'), ('ROS_DISTRO', 'humble'), ('TERMINAL_COLOR_NC', '\\e[0m'), ('GTK_IM_MODULE', 'fcitx'), ('TERMINAL_COLOR_LIGHT_CYAN', '\\e[1;36m'), ('LOGNAME', 'yuan'), ('_', '/usr/bin/colcon'), ('ROS_VERSION', '2'), ('XDG_SESSION_CLASS', 'user'), ('RAW_TERMINAL_COLOR_LIGHT_PURPLE', '\x1b[1;35m'), ('RAW_TERMINAL_COLOR_YELLOW', '\x1b[1;33m'), ('TERMINAL_COLOR_USER_CONFIRMATION', '\\e[0;34m'), ('TERM', 'xterm-256color'), ('XDG_SESSION_ID', 'c1'), ('ROS_LOCALHOST_ONLY', '0'), ('TERMINAL_COLOR_WHITE', '\\e[1;37m'), ('TERMINAL_COLOR_GRAY', '\\e[1;30m'), ('PATH', '/home/yuan/rm/arm-gnu-toolchain-12.3.rel1-x86_64-arm-none-eabi/bin:/opt/ros/humble/bin:/usr/local/sbin:/usr/local/bin:/usr/sbin:/usr/bin:/sbin:/bin:/usr/games:/usr/local/games:/snap/bin:/home/yuan/.dotnet/tools:/home/yuan/.fzf/bin'), ('SESSION_MANAGER', 'local/yuan:@/tmp/.ICE-unix/1053,unix/yuan:/tmp/.ICE-unix/1053'), ('GDM_LANG', 'zh_CN'), ('XDG_SESSION_PATH', '/org/freedesktop/DisplayManager/Session0'), ('XDG_MENU_PREFIX', 'xfce-'), ('XDG_RUNTIME_DIR', '/run/user/1000'), ('GDK_BACKEND', 'x11'), ('RTW_COLOR_NOTIFY_USER', '\\e[1;33m'), ('TERMINAL_COLOR_LIGHT_GRAY', '\\e[0;37m'), ('TERMINAL_COLOR_BLACK', '\\e[0;30m'), ('DISPLAY', ':0.0'), ('LANG', 'zh_CN.UTF-8'), ('XDG_CURRENT_DESKTOP', 'XFCE'), ('DOTNET_BUNDLE_EXTRACT_BASE_DIR', '/home/yuan/.cache/dotnet_bundle_extract'), ('XMODIFIERS', '@im=fcitx'), ('XDG_SESSION_DESKTOP', 'xfce'), ('XAUTHORITY', '/home/yuan/.Xauthority'), ('LS_COLORS', ''), ('VSCODE_GIT_IPC_HANDLE', '/run/user/1000/vscode-git-be293a297e.sock'), ('TERM_PROGRAM', 'vscode'), ('SSH_AUTH_SOCK', '/tmp/ssh-XXXXXXEQuJH2/agent.1224'), ('GSETTINGS_SCHEMA_DIR', '/home/yuan/data'), ('XDG_GREETER_DATA_DIR', '/var/lib/lightdm-data/yuan'), ('AMENT_PREFIX_PATH', '/home/yuan/rm/code/Ros/my_ros2_control/install/motor_interface:/home/yuan/rm/code/Ros/my_ros2_control/install/gimbal_controller:/opt/ros/humble'), ('ORIGINAL_XDG_CURRENT_DESKTOP', 'XFCE'), ('SHELL', '/bin/bash'), ('TERMINAL_COLOR_BROWN', '\\e[0;33m'), ('QT_ACCESSIBILITY', '1'), ('RAW_TERMINAL_COLOR_GREEN', '\x1b[0;32m'), ('GDMSESSION', 'xfce'), ('LESSCLOSE', '/usr/bin/lesspipe %s %s'), ('TERMINAL_COLOR_PURPLE', '\\e[0;35m'), ('RAW_TERMINAL_COLOR_LIGHT_GREEN', '\x1b[1;32m'), ('TERMINAL_COLOR_USER_NOTICE', '\\e[1;33m'), ('VSCODE_GIT_ASKPASS_EXTRA_ARGS', '--ms-enable-electron-run-as-node'), ('QT_IM_MODULE', 'fcitx'), ('XDG_VTNR', '7'), ('TERMINAL_COLOR_LIGHT_PURPLE', '\\e[1;35m'), ('TERMINAL_COLOR_YELLOW', '\\e[1;33m'), ('PWD', '/home/yuan/rm/code/Ros/my_ros2_control/build/motor_interface'), ('RAW_TERMINAL_COLOR_BLUE', '\x1b[0;34m'), ('XDG_CONFIG_DIRS', '/etc/xdg/xdg-xfce:/etc/xdg:/etc/xdg'), ('RAW_TERMINAL_COLOR_RED', '\x1b[0;31m'), ('CLUTTER_IM_MODULE', 'xim'), ('XDG_DATA_DIRS', '/usr/share/xfce4:/usr/local/share:/usr/share:/var/lib/snapd/desktop:/usr/share'), ('PYTHONPATH', '/opt/ros/humble/lib/python3.10/site-packages:/opt/ros/humble/local/lib/python3.10/dist-packages'), ('RAW_TERMINAL_COLOR_CYAN', '\x1b[0;36m'), ('RAW_TERMINAL_COLOR_LIGHT_BLUE', '\x1b[1;34m'), ('RTW_COLOR_ERROR', '\\e[0;31m'), ('COLCON', '1'), ('RAW_TERMINAL_COLOR_LIGHT_RED', '\x1b[1;31m'), ('CMAKE_PREFIX_PATH', '/home/yuan/rm/code/Ros/my_ros2_control/install/motor_interface:/home/yuan/rm/code/Ros/my_ros2_control/install/gimbal_controller:/opt/ros/humble'), ('RAW_TERMINAL_COLOR_NC', '\x1b[0m')]), 'shell': False}
[0.099318] (-) TimerEvent: {}
[0.141658] (gimbal_controller) StdoutLine: {'line': b'[ 50%] Built target gimbal_controller_parameters\n'}
[0.143088] (motor_interface) StdoutLine: {'line': b'[ 36%] Built target gmock_main\n'}
[0.143231] (motor_interface) StdoutLine: {'line': b'[ 45%] Built target gmock\n'}
[0.149283] (motor_interface) StdoutLine: {'line': b'[ 81%] Built target motor_interface\n'}
[0.153392] (gimbal_controller) StdoutLine: {'line': b'\x1b[35m\x1b[1mConsolidate compiler generated dependencies of target gimbal_controller\x1b[0m\n'}
[0.165613] (motor_interface) StdoutLine: {'line': b'[100%] Built target test_motor\n'}
[0.173751] (gimbal_controller) StdoutLine: {'line': b'[ 75%] \x1b[32mBuilding CXX object CMakeFiles/gimbal_controller.dir/src/gimbal_controller.cpp.o\x1b[0m\n'}
[0.176863] (motor_interface) CommandEnded: {'returncode': 0}
[0.199414] (-) TimerEvent: {}
[0.215376] (motor_interface) JobProgress: {'identifier': 'motor_interface', 'progress': 'install'}
[0.224970] (motor_interface) Command: {'cmd': ['/usr/bin/cmake', '--install', '/home/yuan/rm/code/Ros/my_ros2_control/build/motor_interface'], 'cwd': '/home/yuan/rm/code/Ros/my_ros2_control/build/motor_interface', 'env': OrderedDict([('RAW_TERMINAL_COLOR_LIGHT_CYAN', '\x1b[1;36m'), ('LESSOPEN', '| /usr/bin/lesspipe %s'), ('LANGUAGE', 'zh_CN:zh'), ('USER', 'yuan'), ('XDG_SEAT', 'seat0'), ('TERMINAL_COLOR_USER_INPUT_DECISION', '\\e[0;35m'), ('SSH_AGENT_PID', '1225'), ('XDG_SESSION_TYPE', 'x11'), ('GIT_ASKPASS', '/usr/share/code/resources/app/extensions/git/dist/askpass.sh'), ('STM32CubeMX_PATH', '/home/yuan/app/stm32cubemx/software'), ('TERMINAL_COLOR_GREEN', '\\e[0;32m'), ('RAW_TERMINAL_COLOR_WHITE', '\x1b[1;37m'), ('RAW_TERMINAL_COLOR_GRAY', '\x1b[1;30m'), ('SHLVL', '1'), ('LD_LIBRARY_PATH', '/home/yuan/rm/code/Ros/my_ros2_control/install/motor_interface/lib:/home/yuan/rm/code/Ros/my_ros2_control/install/gimbal_controller/lib:/opt/ros/humble/opt/rviz_ogre_vendor/lib:/opt/ros/humble/lib/x86_64-linux-gnu:/opt/ros/humble/lib'), ('HOME', '/home/yuan'), ('CHROME_DESKTOP', 'code-url-handler.desktop'), ('ROS_WS_CACHE_SOURCED_TIME', '0'), ('OLDPWD', '/home/yuan/rm/code/Ros/my_ros2_control'), ('TERM_PROGRAM_VERSION', '1.83.1'), ('DESKTOP_SESSION', 'xfce'), ('TERMINAL_COLOR_LIGHT_GREEN', '\\e[1;32m'), ('RAW_TERMINAL_COLOR_BLACK', '\x1b[0;30m'), ('RAW_TERMINAL_COLOR_LIGHT_GRAY', '\x1b[0;37m'), ('GIO_LAUNCHED_DESKTOP_FILE', '/usr/share/applications/code.desktop'), ('ROS_PYTHON_VERSION', '3'), ('XDG_SEAT_PATH', '/org/freedesktop/DisplayManager/Seat0'), ('TERMINAL_COLOR_BLUE', '\\e[0;34m'), ('VSCODE_GIT_ASKPASS_MAIN', '/usr/share/code/resources/app/extensions/git/dist/askpass-main.js'), ('TERMINAL_COLOR_RED', '\\e[0;31m'), ('VSCODE_GIT_ASKPASS_NODE', '/usr/share/code/code'), ('DBUS_SESSION_BUS_ADDRESS', 'unix:path=/run/user/1000/bus'), ('COLORTERM', 'truecolor'), ('TERMINAL_COLOR_LIGHT_BLUE', '\\e[1;34m'), ('TERMINAL_COLOR_CYAN', '\\e[0;36m'), ('RAW_TERMINAL_COLOR_BROWN', '\x1b[0;33m'), ('GIO_LAUNCHED_DESKTOP_FILE_PID', '2914'), ('TERMINAL_COLOR_LIGHT_RED', '\\e[1;31m'), ('RAW_TERMINAL_COLOR_PURPLE', '\x1b[0;35m'), ('COLCON_PREFIX_PATH', '/home/yuan/rm/code/Ros/my_ros2_control/install'), ('ROS_DISTRO', 'humble'), ('TERMINAL_COLOR_NC', '\\e[0m'), ('GTK_IM_MODULE', 'fcitx'), ('TERMINAL_COLOR_LIGHT_CYAN', '\\e[1;36m'), ('LOGNAME', 'yuan'), ('_', '/usr/bin/colcon'), ('ROS_VERSION', '2'), ('XDG_SESSION_CLASS', 'user'), ('RAW_TERMINAL_COLOR_LIGHT_PURPLE', '\x1b[1;35m'), ('RAW_TERMINAL_COLOR_YELLOW', '\x1b[1;33m'), ('TERMINAL_COLOR_USER_CONFIRMATION', '\\e[0;34m'), ('TERM', 'xterm-256color'), ('XDG_SESSION_ID', 'c1'), ('ROS_LOCALHOST_ONLY', '0'), ('TERMINAL_COLOR_WHITE', '\\e[1;37m'), ('TERMINAL_COLOR_GRAY', '\\e[1;30m'), ('PATH', '/home/yuan/rm/arm-gnu-toolchain-12.3.rel1-x86_64-arm-none-eabi/bin:/opt/ros/humble/bin:/usr/local/sbin:/usr/local/bin:/usr/sbin:/usr/bin:/sbin:/bin:/usr/games:/usr/local/games:/snap/bin:/home/yuan/.dotnet/tools:/home/yuan/.fzf/bin'), ('SESSION_MANAGER', 'local/yuan:@/tmp/.ICE-unix/1053,unix/yuan:/tmp/.ICE-unix/1053'), ('GDM_LANG', 'zh_CN'), ('XDG_SESSION_PATH', '/org/freedesktop/DisplayManager/Session0'), ('XDG_MENU_PREFIX', 'xfce-'), ('XDG_RUNTIME_DIR', '/run/user/1000'), ('GDK_BACKEND', 'x11'), ('RTW_COLOR_NOTIFY_USER', '\\e[1;33m'), ('TERMINAL_COLOR_LIGHT_GRAY', '\\e[0;37m'), ('TERMINAL_COLOR_BLACK', '\\e[0;30m'), ('DISPLAY', ':0.0'), ('LANG', 'zh_CN.UTF-8'), ('XDG_CURRENT_DESKTOP', 'XFCE'), ('DOTNET_BUNDLE_EXTRACT_BASE_DIR', '/home/yuan/.cache/dotnet_bundle_extract'), ('XMODIFIERS', '@im=fcitx'), ('XDG_SESSION_DESKTOP', 'xfce'), ('XAUTHORITY', '/home/yuan/.Xauthority'), ('LS_COLORS', ''), ('VSCODE_GIT_IPC_HANDLE', '/run/user/1000/vscode-git-be293a297e.sock'), ('TERM_PROGRAM', 'vscode'), ('SSH_AUTH_SOCK', '/tmp/ssh-XXXXXXEQuJH2/agent.1224'), ('GSETTINGS_SCHEMA_DIR', '/home/yuan/data'), ('XDG_GREETER_DATA_DIR', '/var/lib/lightdm-data/yuan'), ('AMENT_PREFIX_PATH', '/home/yuan/rm/code/Ros/my_ros2_control/install/motor_interface:/home/yuan/rm/code/Ros/my_ros2_control/install/gimbal_controller:/opt/ros/humble'), ('ORIGINAL_XDG_CURRENT_DESKTOP', 'XFCE'), ('SHELL', '/bin/bash'), ('TERMINAL_COLOR_BROWN', '\\e[0;33m'), ('QT_ACCESSIBILITY', '1'), ('RAW_TERMINAL_COLOR_GREEN', '\x1b[0;32m'), ('GDMSESSION', 'xfce'), ('LESSCLOSE', '/usr/bin/lesspipe %s %s'), ('TERMINAL_COLOR_PURPLE', '\\e[0;35m'), ('RAW_TERMINAL_COLOR_LIGHT_GREEN', '\x1b[1;32m'), ('TERMINAL_COLOR_USER_NOTICE', '\\e[1;33m'), ('VSCODE_GIT_ASKPASS_EXTRA_ARGS', '--ms-enable-electron-run-as-node'), ('QT_IM_MODULE', 'fcitx'), ('XDG_VTNR', '7'), ('TERMINAL_COLOR_LIGHT_PURPLE', '\\e[1;35m'), ('TERMINAL_COLOR_YELLOW', '\\e[1;33m'), ('PWD', '/home/yuan/rm/code/Ros/my_ros2_control/build/motor_interface'), ('RAW_TERMINAL_COLOR_BLUE', '\x1b[0;34m'), ('XDG_CONFIG_DIRS', '/etc/xdg/xdg-xfce:/etc/xdg:/etc/xdg'), ('RAW_TERMINAL_COLOR_RED', '\x1b[0;31m'), ('CLUTTER_IM_MODULE', 'xim'), ('XDG_DATA_DIRS', '/usr/share/xfce4:/usr/local/share:/usr/share:/var/lib/snapd/desktop:/usr/share'), ('PYTHONPATH', '/opt/ros/humble/lib/python3.10/site-packages:/opt/ros/humble/local/lib/python3.10/dist-packages'), ('RAW_TERMINAL_COLOR_CYAN', '\x1b[0;36m'), ('RAW_TERMINAL_COLOR_LIGHT_BLUE', '\x1b[1;34m'), ('RTW_COLOR_ERROR', '\\e[0;31m'), ('COLCON', '1'), ('RAW_TERMINAL_COLOR_LIGHT_RED', '\x1b[1;31m'), ('CMAKE_PREFIX_PATH', '/home/yuan/rm/code/Ros/my_ros2_control/install/motor_interface:/home/yuan/rm/code/Ros/my_ros2_control/install/gimbal_controller:/opt/ros/humble'), ('RAW_TERMINAL_COLOR_NC', '\x1b[0m')]), 'shell': False}
[0.232071] (motor_interface) StdoutLine: {'line': b'-- Install configuration: "Debug"\n'}
[0.232542] (motor_interface) StdoutLine: {'line': b'-- Execute custom install script\n'}
[0.232779] (motor_interface) StdoutLine: {'line': b'-- Up-to-date symlink: /home/yuan/rm/code/Ros/my_ros2_control/install/motor_interface/share/motor_interface//motor_interface.xml\n'}
[0.233215] (motor_interface) StdoutLine: {'line': b'-- Up-to-date symlink: /home/yuan/rm/code/Ros/my_ros2_control/install/motor_interface/include/motor_interface/include/motor_interface/can_instance.hpp\n'}
[0.233365] (motor_interface) StdoutLine: {'line': b'-- Up-to-date symlink: /home/yuan/rm/code/Ros/my_ros2_control/install/motor_interface/include/motor_interface/include/motor_interface/motor.hpp\n'}
[0.233507] (motor_interface) StdoutLine: {'line': b'-- Up-to-date symlink: /home/yuan/rm/code/Ros/my_ros2_control/install/motor_interface/include/motor_interface/include/motor_interface/motor_instance.hpp\n'}
[0.233655] (motor_interface) StdoutLine: {'line': b'-- Up-to-date symlink: /home/yuan/rm/code/Ros/my_ros2_control/install/motor_interface/include/motor_interface/include/motor_interface/visibility_control.h\n'}
[0.234172] (motor_interface) StdoutLine: {'line': b'-- Up-to-date symlink: /home/yuan/rm/code/Ros/my_ros2_control/install/motor_interface/share/motor_interface/ros2_control/motor.ros2_control.xacro\n'}
[0.234438] (motor_interface) StdoutLine: {'line': b'-- Up-to-date symlink: /home/yuan/rm/code/Ros/my_ros2_control/install/motor_interface/share/motor_interface/urdf/motor.urdf.xacro\n'}
[0.234753] (motor_interface) StdoutLine: {'line': b'-- Up-to-date symlink: /home/yuan/rm/code/Ros/my_ros2_control/install/motor_interface/share/motor_interface/launch/gimbal.launch.py\n'}
[0.234995] (motor_interface) StdoutLine: {'line': b'-- Up-to-date symlink: /home/yuan/rm/code/Ros/my_ros2_control/install/motor_interface/share/motor_interface/config/gimbal_controller.yaml\n'}
[0.235204] (motor_interface) StdoutLine: {'line': b'-- Up-to-date symlink: /home/yuan/rm/code/Ros/my_ros2_control/install/motor_interface/share/motor_interface/environment/library_path.sh\n'}
[0.235392] (motor_interface) StdoutLine: {'line': b'-- Up-to-date symlink: /home/yuan/rm/code/Ros/my_ros2_control/install/motor_interface/share/motor_interface/environment/library_path.dsv\n'}
[0.235610] (motor_interface) StdoutLine: {'line': b'-- Up-to-date symlink: /home/yuan/rm/code/Ros/my_ros2_control/install/motor_interface/share/ament_index/resource_index/package_run_dependencies/motor_interface\n'}
[0.235837] (motor_interface) StdoutLine: {'line': b'-- Up-to-date symlink: /home/yuan/rm/code/Ros/my_ros2_control/install/motor_interface/share/ament_index/resource_index/parent_prefix_path/motor_interface\n'}
[0.236024] (motor_interface) StdoutLine: {'line': b'-- Up-to-date symlink: /home/yuan/rm/code/Ros/my_ros2_control/install/motor_interface/share/motor_interface/environment/ament_prefix_path.sh\n'}
[0.236222] (motor_interface) StdoutLine: {'line': b'-- Up-to-date symlink: /home/yuan/rm/code/Ros/my_ros2_control/install/motor_interface/share/motor_interface/environment/ament_prefix_path.dsv\n'}
[0.236407] (motor_interface) StdoutLine: {'line': b'-- Up-to-date symlink: /home/yuan/rm/code/Ros/my_ros2_control/install/motor_interface/share/motor_interface/environment/path.sh\n'}
[0.236594] (motor_interface) StdoutLine: {'line': b'-- Up-to-date symlink: /home/yuan/rm/code/Ros/my_ros2_control/install/motor_interface/share/motor_interface/environment/path.dsv\n'}
[0.236764] (motor_interface) StdoutLine: {'line': b'-- Up-to-date symlink: /home/yuan/rm/code/Ros/my_ros2_control/install/motor_interface/share/motor_interface/local_setup.bash\n'}
[0.236940] (motor_interface) StdoutLine: {'line': b'-- Up-to-date symlink: /home/yuan/rm/code/Ros/my_ros2_control/install/motor_interface/share/motor_interface/local_setup.sh\n'}
[0.237140] (motor_interface) StdoutLine: {'line': b'-- Up-to-date symlink: /home/yuan/rm/code/Ros/my_ros2_control/install/motor_interface/share/motor_interface/local_setup.zsh\n'}
[0.237316] (motor_interface) StdoutLine: {'line': b'-- Up-to-date symlink: /home/yuan/rm/code/Ros/my_ros2_control/install/motor_interface/share/motor_interface/local_setup.dsv\n'}
[0.237432] (motor_interface) StdoutLine: {'line': b'-- Symlinking: /home/yuan/rm/code/Ros/my_ros2_control/install/motor_interface/share/motor_interface/package.dsv\n'}
[0.246723] (motor_interface) StdoutLine: {'line': b'-- Up-to-date symlink: /home/yuan/rm/code/Ros/my_ros2_control/install/motor_interface/share/ament_index/resource_index/packages/motor_interface\n'}
[0.246907] (motor_interface) StdoutLine: {'line': b'-- Up-to-date symlink: /home/yuan/rm/code/Ros/my_ros2_control/install/motor_interface/share/ament_index/resource_index/hardware_interface__pluginlib__plugin/motor_interface\n'}
[0.247084] (motor_interface) StdoutLine: {'line': b'-- Up-to-date symlink: /home/yuan/rm/code/Ros/my_ros2_control/install/motor_interface/share/motor_interface/cmake/ament_cmake_export_include_directories-extras.cmake\n'}
[0.247277] (motor_interface) StdoutLine: {'line': b'-- Up-to-date symlink: /home/yuan/rm/code/Ros/my_ros2_control/install/motor_interface/share/motor_interface/cmake/ament_cmake_export_libraries-extras.cmake\n'}
[0.247466] (motor_interface) StdoutLine: {'line': b'-- Up-to-date symlink: /home/yuan/rm/code/Ros/my_ros2_control/install/motor_interface/share/motor_interface/cmake/ament_cmake_export_dependencies-extras.cmake\n'}
[0.247656] (motor_interface) StdoutLine: {'line': b'-- Up-to-date symlink: /home/yuan/rm/code/Ros/my_ros2_control/install/motor_interface/share/motor_interface/cmake/motor_interfaceConfig.cmake\n'}
[0.247794] (motor_interface) StdoutLine: {'line': b'-- Up-to-date symlink: /home/yuan/rm/code/Ros/my_ros2_control/install/motor_interface/share/motor_interface/cmake/motor_interfaceConfig-version.cmake\n'}
[0.247983] (motor_interface) StdoutLine: {'line': b'-- Up-to-date symlink: /home/yuan/rm/code/Ros/my_ros2_control/install/motor_interface/share/motor_interface/package.xml\n'}
[0.250385] (motor_interface) CommandEnded: {'returncode': 0}
[0.299664] (-) TimerEvent: {}
[0.399987] (-) TimerEvent: {}
[0.424089] (motor_interface) JobEnded: {'identifier': 'motor_interface', 'rc': 0}
[0.500100] (-) TimerEvent: {}
[0.600386] (-) TimerEvent: {}
[0.700671] (-) TimerEvent: {}
[0.800955] (-) TimerEvent: {}
[0.901276] (-) TimerEvent: {}
[1.001592] (-) TimerEvent: {}
[1.101900] (-) TimerEvent: {}
[1.202203] (-) TimerEvent: {}
[1.302519] (-) TimerEvent: {}
[1.402829] (-) TimerEvent: {}
[1.503129] (-) TimerEvent: {}
[1.603438] (-) TimerEvent: {}
[1.703724] (-) TimerEvent: {}
[1.804013] (-) TimerEvent: {}
[1.904303] (-) TimerEvent: {}
[2.004585] (-) TimerEvent: {}
[2.104859] (-) TimerEvent: {}
[2.205161] (-) TimerEvent: {}
[2.305446] (-) TimerEvent: {}
[2.382323] (gimbal_controller) StderrLine: {'line': b'In file included from \x1b[01m\x1b[K/home/yuan/rm/code/Ros/my_ros2_control/build/gimbal_controller/gimbal_controller_parameters/include/gimbal_controller_parameters.hpp:29\x1b[m\x1b[K,\n'}
[2.382622] (gimbal_controller) StderrLine: {'line': b'                 from \x1b[01m\x1b[K/home/yuan/rm/code/Ros/my_ros2_control/src/gimbal_controller/include/gimbal_controller/gimbal_controller.hpp:24\x1b[m\x1b[K,\n'}
[2.382741] (gimbal_controller) StderrLine: {'line': b'                 from \x1b[01m\x1b[K/home/yuan/rm/code/Ros/my_ros2_control/src/gimbal_controller/src/gimbal_controller.cpp:15\x1b[m\x1b[K:\n'}
[2.382820] (gimbal_controller) StderrLine: {'line': b'\x1b[01m\x1b[K/home/yuan/rm/code/Ros/my_ros2_control/build/gimbal_controller/gimbal_controller_parameters/include/validate_gimbal_controller_parameters.hpp:24:75:\x1b[m\x1b[K \x1b[01;35m\x1b[Kwarning: \x1b[m\x1b[K\xe2\x80\x98\x1b[01m\x1b[Kusing Result = class tl::expected<void, std::__cxx11::basic_string<char> >\x1b[m\x1b[K\xe2\x80\x99 is deprecated: Use tl::expected<void, std::string> for return instead. `#include <tl_expected/expected.hpp>`. [\x1b[01;35m\x1b[K\x1b]8;;https://gcc.gnu.org/onlinedocs/gcc/Warning-Options.html#index-Wdeprecated-declarations\x07-Wdeprecated-declarations\x1b]8;;\x07\x1b[m\x1b[K]\n'}
[2.382899] (gimbal_controller) StderrLine: {'line': b'   24 | Result forbidden_interface_name_prefix(rclcpp::Parameter const & parameter\x1b[01;35m\x1b[K)\x1b[m\x1b[K\n'}
[2.382971] (gimbal_controller) StderrLine: {'line': b'      |                                                                           \x1b[01;35m\x1b[K^\x1b[m\x1b[K\n'}
[2.383035] (gimbal_controller) StderrLine: {'line': b'In file included from \x1b[01m\x1b[K/home/yuan/rm/code/Ros/my_ros2_control/build/gimbal_controller/gimbal_controller_parameters/include/gimbal_controller_parameters.hpp:23\x1b[m\x1b[K,\n'}
[2.383124] (gimbal_controller) StderrLine: {'line': b'                 from \x1b[01m\x1b[K/home/yuan/rm/code/Ros/my_ros2_control/src/gimbal_controller/include/gimbal_controller/gimbal_controller.hpp:24\x1b[m\x1b[K,\n'}
[2.383194] (gimbal_controller) StderrLine: {'line': b'                 from \x1b[01m\x1b[K/home/yuan/rm/code/Ros/my_ros2_control/src/gimbal_controller/src/gimbal_controller.cpp:15\x1b[m\x1b[K:\n'}
[2.383376] (gimbal_controller) StderrLine: {'line': b'\x1b[01m\x1b[K/opt/ros/humble/include/parameter_traits/parameter_traits/parameter_traits.hpp:37:7:\x1b[m\x1b[K \x1b[01;36m\x1b[Knote: \x1b[m\x1b[Kdeclared here\n'}
[2.383443] (gimbal_controller) StderrLine: {'line': b'   37 | using \x1b[01;36m\x1b[KResult\x1b[m\x1b[K\n'}
[2.383506] (gimbal_controller) StderrLine: {'line': b'      |       \x1b[01;36m\x1b[K^~~~~~\x1b[m\x1b[K\n'}
[2.383568] (gimbal_controller) StderrLine: {'line': b'In file included from \x1b[01m\x1b[K/home/yuan/rm/code/Ros/my_ros2_control/build/gimbal_controller/gimbal_controller_parameters/include/gimbal_controller_parameters.hpp:29\x1b[m\x1b[K,\n'}
[2.383630] (gimbal_controller) StderrLine: {'line': b'                 from \x1b[01m\x1b[K/home/yuan/rm/code/Ros/my_ros2_control/src/gimbal_controller/include/gimbal_controller/gimbal_controller.hpp:24\x1b[m\x1b[K,\n'}
[2.383692] (gimbal_controller) StderrLine: {'line': b'                 from \x1b[01m\x1b[K/home/yuan/rm/code/Ros/my_ros2_control/src/gimbal_controller/src/gimbal_controller.cpp:15\x1b[m\x1b[K:\n'}
[2.383761] (gimbal_controller) StderrLine: {'line': b'\x1b[01m\x1b[K/home/yuan/rm/code/Ros/my_ros2_control/build/gimbal_controller/gimbal_controller_parameters/include/validate_gimbal_controller_parameters.hpp:\x1b[m\x1b[K In function \xe2\x80\x98\x1b[01m\x1b[Kparameter_traits::Result parameter_traits::forbidden_interface_name_prefix(const rclcpp::Parameter&)\x1b[m\x1b[K\xe2\x80\x99:\n'}
[2.383824] (gimbal_controller) StderrLine: {'line': b'\x1b[01m\x1b[K/home/yuan/rm/code/Ros/my_ros2_control/build/gimbal_controller/gimbal_controller_parameters/include/validate_gimbal_controller_parameters.hpp:30:17:\x1b[m\x1b[K \x1b[01;35m\x1b[Kwarning: \x1b[m\x1b[K\xe2\x80\x98\x1b[01m\x1b[Ktl::expected<void, std::__cxx11::basic_string<char> > parameter_traits::ERROR(const string&, Args ...) [with Args = {}; std::string = std::__cxx11::basic_string<char>]\x1b[m\x1b[K\xe2\x80\x99 is deprecated: When returning tl::expected<void, std::string> you can call fmt::format directly. [\x1b[01;35m\x1b[K\x1b]8;;https://gcc.gnu.org/onlinedocs/gcc/Warning-Options.html#index-Wdeprecated-declarations\x07-Wdeprecated-declarations\x1b]8;;\x07\x1b[m\x1b[K]\n'}
[2.383887] (gimbal_controller) StderrLine: {'line': b'   30 |     return \x1b[01;35m\x1b[KERROR("\'interface_name\' parameter can not start with \'blup_\'")\x1b[m\x1b[K;\n'}
[2.383948] (gimbal_controller) StderrLine: {'line': b'      |            \x1b[01;35m\x1b[K~~~~~^~~~~~~~~~~~~~~~~~~~~~~~~~~~~~~~~~~~~~~~~~~~~~~~~~~~~~~~~\x1b[m\x1b[K\n'}
[2.384009] (gimbal_controller) StderrLine: {'line': b'In file included from \x1b[01m\x1b[K/home/yuan/rm/code/Ros/my_ros2_control/build/gimbal_controller/gimbal_controller_parameters/include/gimbal_controller_parameters.hpp:23\x1b[m\x1b[K,\n'}
[2.384078] (gimbal_controller) StderrLine: {'line': b'                 from \x1b[01m\x1b[K/home/yuan/rm/code/Ros/my_ros2_control/src/gimbal_controller/include/gimbal_controller/gimbal_controller.hpp:24\x1b[m\x1b[K,\n'}
[2.384140] (gimbal_controller) StderrLine: {'line': b'                 from \x1b[01m\x1b[K/home/yuan/rm/code/Ros/my_ros2_control/src/gimbal_controller/src/gimbal_controller.cpp:15\x1b[m\x1b[K:\n'}
[2.384200] (gimbal_controller) StderrLine: {'line': b'\x1b[01m\x1b[K/opt/ros/humble/include/parameter_traits/parameter_traits/parameter_traits.hpp:46:1:\x1b[m\x1b[K \x1b[01;36m\x1b[Knote: \x1b[m\x1b[Kdeclared here\n'}
[2.384292] (gimbal_controller) StderrLine: {'line': b'   46 | \x1b[01;36m\x1b[KERROR\x1b[m\x1b[K(const std::string& format, Args... args)\n'}
[2.384356] (gimbal_controller) StderrLine: {'line': b'      | \x1b[01;36m\x1b[K^~~~~\x1b[m\x1b[K\n'}
[2.384419] (gimbal_controller) StderrLine: {'line': b'In file included from \x1b[01m\x1b[K/home/yuan/rm/code/Ros/my_ros2_control/build/gimbal_controller/gimbal_controller_parameters/include/gimbal_controller_parameters.hpp:29\x1b[m\x1b[K,\n'}
[2.384487] (gimbal_controller) StderrLine: {'line': b'                 from \x1b[01m\x1b[K/home/yuan/rm/code/Ros/my_ros2_control/src/gimbal_controller/include/gimbal_controller/gimbal_controller.hpp:24\x1b[m\x1b[K,\n'}
[2.384549] (gimbal_controller) StderrLine: {'line': b'                 from \x1b[01m\x1b[K/home/yuan/rm/code/Ros/my_ros2_control/src/gimbal_controller/src/gimbal_controller.cpp:15\x1b[m\x1b[K:\n'}
[2.384608] (gimbal_controller) StderrLine: {'line': b'\x1b[01m\x1b[K/home/yuan/rm/code/Ros/my_ros2_control/build/gimbal_controller/gimbal_controller_parameters/include/validate_gimbal_controller_parameters.hpp:33:10:\x1b[m\x1b[K \x1b[01;35m\x1b[Kwarning: \x1b[m\x1b[K\xe2\x80\x98\x1b[01m\x1b[Kparameter_traits::OK\x1b[m\x1b[K\xe2\x80\x99 is deprecated: When returning tl::expected<void, std::string> default construct for OK with `{}`. [\x1b[01;35m\x1b[K\x1b]8;;https://gcc.gnu.org/onlinedocs/gcc/Warning-Options.html#index-Wdeprecated-declarations\x07-Wdeprecated-declarations\x1b]8;;\x07\x1b[m\x1b[K]\n'}
[2.384670] (gimbal_controller) StderrLine: {'line': b'   33 |   return \x1b[01;35m\x1b[KOK\x1b[m\x1b[K;\n'}
[2.384731] (gimbal_controller) StderrLine: {'line': b'      |          \x1b[01;35m\x1b[K^~\x1b[m\x1b[K\n'}
[2.384797] (gimbal_controller) StderrLine: {'line': b'In file included from \x1b[01m\x1b[K/home/yuan/rm/code/Ros/my_ros2_control/build/gimbal_controller/gimbal_controller_parameters/include/gimbal_controller_parameters.hpp:23\x1b[m\x1b[K,\n'}
[2.384857] (gimbal_controller) StderrLine: {'line': b'                 from \x1b[01m\x1b[K/home/yuan/rm/code/Ros/my_ros2_control/src/gimbal_controller/include/gimbal_controller/gimbal_controller.hpp:24\x1b[m\x1b[K,\n'}
[2.384917] (gimbal_controller) StderrLine: {'line': b'                 from \x1b[01m\x1b[K/home/yuan/rm/code/Ros/my_ros2_control/src/gimbal_controller/src/gimbal_controller.cpp:15\x1b[m\x1b[K:\n'}
[2.384992] (gimbal_controller) StderrLine: {'line': b'\x1b[01m\x1b[K/opt/ros/humble/include/parameter_traits/parameter_traits/parameter_traits.hpp:51:13:\x1b[m\x1b[K \x1b[01;36m\x1b[Knote: \x1b[m\x1b[Kdeclared here\n'}
[2.385066] (gimbal_controller) StderrLine: {'line': b'   51 | auto static \x1b[01;36m\x1b[KOK\x1b[m\x1b[K\n'}
[2.385130] (gimbal_controller) StderrLine: {'line': b'      |             \x1b[01;36m\x1b[K^~\x1b[m\x1b[K\n'}
[2.405563] (-) TimerEvent: {}
[2.505862] (-) TimerEvent: {}
[2.606185] (-) TimerEvent: {}
[2.706471] (-) TimerEvent: {}
[2.785804] (gimbal_controller) StderrLine: {'line': b'In file included from \x1b[01m\x1b[K/opt/ros/humble/include/rclcpp/rclcpp/logging.hpp:24\x1b[m\x1b[K,\n'}
[2.785985] (gimbal_controller) StderrLine: {'line': b'                 from \x1b[01m\x1b[K/opt/ros/humble/include/rclcpp/rclcpp/client.hpp:40\x1b[m\x1b[K,\n'}
[2.786059] (gimbal_controller) StderrLine: {'line': b'                 from \x1b[01m\x1b[K/opt/ros/humble/include/rclcpp/rclcpp/callback_group.hpp:24\x1b[m\x1b[K,\n'}
[2.786185] (gimbal_controller) StderrLine: {'line': b'                 from \x1b[01m\x1b[K/opt/ros/humble/include/rclcpp/rclcpp/any_executable.hpp:20\x1b[m\x1b[K,\n'}
[2.786314] (gimbal_controller) StderrLine: {'line': b'                 from \x1b[01m\x1b[K/opt/ros/humble/include/rclcpp/rclcpp/memory_strategy.hpp:25\x1b[m\x1b[K,\n'}
[2.786447] (gimbal_controller) StderrLine: {'line': b'                 from \x1b[01m\x1b[K/opt/ros/humble/include/rclcpp/rclcpp/memory_strategies.hpp:18\x1b[m\x1b[K,\n'}
[2.786513] (gimbal_controller) StderrLine: {'line': b'                 from \x1b[01m\x1b[K/opt/ros/humble/include/rclcpp/rclcpp/executor_options.hpp:20\x1b[m\x1b[K,\n'}
[2.786575] (gimbal_controller) StderrLine: {'line': b'                 from \x1b[01m\x1b[K/opt/ros/humble/include/rclcpp/rclcpp/executor.hpp:37\x1b[m\x1b[K,\n'}
[2.786636] (gimbal_controller) StderrLine: {'line': b'                 from \x1b[01m\x1b[K/opt/ros/humble/include/rclcpp/rclcpp/executors/multi_threaded_executor.hpp:25\x1b[m\x1b[K,\n'}
[2.786700] (gimbal_controller) StderrLine: {'line': b'                 from \x1b[01m\x1b[K/opt/ros/humble/include/rclcpp/rclcpp/executors.hpp:21\x1b[m\x1b[K,\n'}
[2.786762] (gimbal_controller) StderrLine: {'line': b'                 from \x1b[01m\x1b[K/opt/ros/humble/include/rclcpp/rclcpp/rclcpp.hpp:155\x1b[m\x1b[K,\n'}
[2.786827] (gimbal_controller) StderrLine: {'line': b'                 from \x1b[01m\x1b[K/opt/ros/humble/include/controller_interface/controller_interface_base.hpp:28\x1b[m\x1b[K,\n'}
[2.786891] (gimbal_controller) StderrLine: {'line': b'                 from \x1b[01m\x1b[K/opt/ros/humble/include/controller_interface/controller_interface.hpp:22\x1b[m\x1b[K,\n'}
[2.786953] (gimbal_controller) StderrLine: {'line': b'                 from \x1b[01m\x1b[K/home/yuan/rm/code/Ros/my_ros2_control/src/gimbal_controller/include/gimbal_controller/gimbal_controller.hpp:23\x1b[m\x1b[K,\n'}
[2.787014] (gimbal_controller) StderrLine: {'line': b'                 from \x1b[01m\x1b[K/home/yuan/rm/code/Ros/my_ros2_control/src/gimbal_controller/src/gimbal_controller.cpp:15\x1b[m\x1b[K:\n'}
[2.787085] (gimbal_controller) StderrLine: {'line': b'\x1b[01m\x1b[K/home/yuan/rm/code/Ros/my_ros2_control/src/gimbal_controller/src/gimbal_controller.cpp:\x1b[m\x1b[K In member function \xe2\x80\x98\x1b[01m\x1b[Kvirtual controller_interface::return_type gimbal_controller::GimbalController::update(const rclcpp::Time&, const rclcpp::Duration&)\x1b[m\x1b[K\xe2\x80\x99:\n'}
[2.787158] (gimbal_controller) StderrLine: {'line': b'\x1b[01m\x1b[K/home/yuan/rm/code/Ros/my_ros2_control/src/gimbal_controller/src/gimbal_controller.cpp:209:258:\x1b[m\x1b[K \x1b[01;35m\x1b[Kwarning: \x1b[m\x1b[K\xe2\x80\x98\x1b[01m\x1b[Kconst string hardware_interface::LoanedStateInterface::get_full_name() const\x1b[m\x1b[K\xe2\x80\x99 is deprecated: Replaced by get_name method, which is semantically more correct [\x1b[01;35m\x1b[K\x1b]8;;https://gcc.gnu.org/onlinedocs/gcc/Warning-Options.html#index-Wdeprecated-declarations\x07-Wdeprecated-declarations\x1b]8;;\x07\x1b[m\x1b[K]\n'}
[2.787339] (gimbal_controller) StderrLine: {'line': b'  209 | bal_state_cmd_data_[i].feedback_position.get().get_interface_name().c_str(), \x1b[01;35m\x1b[Kgimbal_state_cmd_data_[i].feedback_position.get().get_full_name()\x1b[m\x1b[K.c_str());\n'}
[2.787427] (gimbal_controller) StderrLine: {'line': b'      |                                                                              \x1b[01;35m\x1b[K~~~~~~~~~~~~~~~~~~~~~~~~~~~~~~~~~~~~~~~~~~~~~~~~~~~~~~~~~~~~~~~^~\x1b[m\x1b[K\n'}
[2.787492] (gimbal_controller) StderrLine: {'line': b'\n'}
[2.787551] (gimbal_controller) StderrLine: {'line': b'In file included from \x1b[01m\x1b[K/opt/ros/humble/include/controller_interface/controller_interface_base.hpp:26\x1b[m\x1b[K,\n'}
[2.787612] (gimbal_controller) StderrLine: {'line': b'                 from \x1b[01m\x1b[K/opt/ros/humble/include/controller_interface/controller_interface.hpp:22\x1b[m\x1b[K,\n'}
[2.787670] (gimbal_controller) StderrLine: {'line': b'                 from \x1b[01m\x1b[K/home/yuan/rm/code/Ros/my_ros2_control/src/gimbal_controller/include/gimbal_controller/gimbal_controller.hpp:23\x1b[m\x1b[K,\n'}
[2.787737] (gimbal_controller) StderrLine: {'line': b'                 from \x1b[01m\x1b[K/home/yuan/rm/code/Ros/my_ros2_control/src/gimbal_controller/src/gimbal_controller.cpp:15\x1b[m\x1b[K:\n'}
[2.787797] (gimbal_controller) StderrLine: {'line': b'\x1b[01m\x1b[K/opt/ros/humble/include/hardware_interface/loaned_state_interface.hpp:59:3:\x1b[m\x1b[K \x1b[01;36m\x1b[Knote: \x1b[m\x1b[Kdeclared here\n'}
[2.787860] (gimbal_controller) StderrLine: {'line': b'   59 |   \x1b[01;36m\x1b[Kget_full_name\x1b[m\x1b[K() const\n'}
[2.787922] (gimbal_controller) StderrLine: {'line': b'      |   \x1b[01;36m\x1b[K^~~~~~~~~~~~~\x1b[m\x1b[K\n'}
[2.787981] (gimbal_controller) StderrLine: {'line': b'\x1b[01m\x1b[K/home/yuan/rm/code/Ros/my_ros2_control/src/gimbal_controller/src/gimbal_controller.cpp:192:27:\x1b[m\x1b[K \x1b[01;35m\x1b[Kwarning: \x1b[m\x1b[Kunused parameter \xe2\x80\x98\x1b[01m\x1b[Ktime\x1b[m\x1b[K\xe2\x80\x99 [\x1b[01;35m\x1b[K\x1b]8;;https://gcc.gnu.org/onlinedocs/gcc/Warning-Options.html#index-Wunused-parameter\x07-Wunused-parameter\x1b]8;;\x07\x1b[m\x1b[K]\n'}
[2.788043] (gimbal_controller) StderrLine: {'line': b'  192 |       \x1b[01;35m\x1b[Kconst rclcpp::Time &time\x1b[m\x1b[K, const rclcpp::Duration &period /*period*/)\n'}
[2.788103] (gimbal_controller) StderrLine: {'line': b'      |       \x1b[01;35m\x1b[K~~~~~~~~~~~~~~~~~~~~^~~~\x1b[m\x1b[K\n'}
[2.788162] (gimbal_controller) StderrLine: {'line': b'\x1b[01m\x1b[K/home/yuan/rm/code/Ros/my_ros2_control/src/gimbal_controller/src/gimbal_controller.cpp:\x1b[m\x1b[K In member function \xe2\x80\x98\x1b[01m\x1b[Kvirtual controller_interface::CallbackReturn gimbal_controller::GimbalController::on_cleanup(const rclcpp_lifecycle::State&)\x1b[m\x1b[K\xe2\x80\x99:\n'}
[2.788222] (gimbal_controller) StderrLine: {'line': b'\x1b[01m\x1b[K/home/yuan/rm/code/Ros/my_ros2_control/src/gimbal_controller/src/gimbal_controller.cpp:225:38:\x1b[m\x1b[K \x1b[01;35m\x1b[Kwarning: \x1b[m\x1b[Kunused parameter \xe2\x80\x98\x1b[01m\x1b[Kprevious_state\x1b[m\x1b[K\xe2\x80\x99 [\x1b[01;35m\x1b[K\x1b]8;;https://gcc.gnu.org/onlinedocs/gcc/Warning-Options.html#index-Wunused-parameter\x07-Wunused-parameter\x1b]8;;\x07\x1b[m\x1b[K]\n'}
[2.788292] (gimbal_controller) StderrLine: {'line': b'  225 |       \x1b[01;35m\x1b[Kconst rclcpp_lifecycle::State &previous_state\x1b[m\x1b[K)\n'}
[2.788351] (gimbal_controller) StderrLine: {'line': b'      |       \x1b[01;35m\x1b[K~~~~~~~~~~~~~~~~~~~~~~~~~~~~~~~^~~~~~~~~~~~~~\x1b[m\x1b[K\n'}
[2.788410] (gimbal_controller) StderrLine: {'line': b'\x1b[01m\x1b[K/home/yuan/rm/code/Ros/my_ros2_control/src/gimbal_controller/src/gimbal_controller.cpp:\x1b[m\x1b[K In member function \xe2\x80\x98\x1b[01m\x1b[Kvirtual controller_interface::CallbackReturn gimbal_controller::GimbalController::on_error(const rclcpp_lifecycle::State&)\x1b[m\x1b[K\xe2\x80\x99:\n'}
[2.788471] (gimbal_controller) StderrLine: {'line': b'\x1b[01m\x1b[K/home/yuan/rm/code/Ros/my_ros2_control/src/gimbal_controller/src/gimbal_controller.cpp:235:38:\x1b[m\x1b[K \x1b[01;35m\x1b[Kwarning: \x1b[m\x1b[Kunused parameter \xe2\x80\x98\x1b[01m\x1b[Kprevious_state\x1b[m\x1b[K\xe2\x80\x99 [\x1b[01;35m\x1b[K\x1b]8;;https://gcc.gnu.org/onlinedocs/gcc/Warning-Options.html#index-Wunused-parameter\x07-Wunused-parameter\x1b]8;;\x07\x1b[m\x1b[K]\n'}
[2.788530] (gimbal_controller) StderrLine: {'line': b'  235 |       \x1b[01;35m\x1b[Kconst rclcpp_lifecycle::State &previous_state\x1b[m\x1b[K)\n'}
[2.788589] (gimbal_controller) StderrLine: {'line': b'      |       \x1b[01;35m\x1b[K~~~~~~~~~~~~~~~~~~~~~~~~~~~~~~~^~~~~~~~~~~~~~\x1b[m\x1b[K\n'}
[2.788646] (gimbal_controller) StderrLine: {'line': b'\x1b[01m\x1b[K/home/yuan/rm/code/Ros/my_ros2_control/src/gimbal_controller/src/gimbal_controller.cpp:\x1b[m\x1b[K In member function \xe2\x80\x98\x1b[01m\x1b[Kvirtual controller_interface::CallbackReturn gimbal_controller::GimbalController::on_shutdown(const rclcpp_lifecycle::State&)\x1b[m\x1b[K\xe2\x80\x99:\n'}
[2.788712] (gimbal_controller) StderrLine: {'line': b'\x1b[01m\x1b[K/home/yuan/rm/code/Ros/my_ros2_control/src/gimbal_controller/src/gimbal_controller.cpp:246:38:\x1b[m\x1b[K \x1b[01;35m\x1b[Kwarning: \x1b[m\x1b[Kunused parameter \xe2\x80\x98\x1b[01m\x1b[Kprevious_state\x1b[m\x1b[K\xe2\x80\x99 [\x1b[01;35m\x1b[K\x1b]8;;https://gcc.gnu.org/onlinedocs/gcc/Warning-Options.html#index-Wunused-parameter\x07-Wunused-parameter\x1b]8;;\x07\x1b[m\x1b[K]\n'}
[2.788774] (gimbal_controller) StderrLine: {'line': b'  246 |       \x1b[01;35m\x1b[Kconst rclcpp_lifecycle::State &previous_state\x1b[m\x1b[K)\n'}
[2.788832] (gimbal_controller) StderrLine: {'line': b'      |       \x1b[01;35m\x1b[K~~~~~~~~~~~~~~~~~~~~~~~~~~~~~~~^~~~~~~~~~~~~~\x1b[m\x1b[K\n'}
[2.790086] (gimbal_controller) StderrLine: {'line': b'In file included from \x1b[01m\x1b[K/opt/ros/humble/include/rclcpp/rclcpp/logging.hpp:24\x1b[m\x1b[K,\n'}
[2.790163] (gimbal_controller) StderrLine: {'line': b'                 from \x1b[01m\x1b[K/opt/ros/humble/include/rclcpp/rclcpp/client.hpp:40\x1b[m\x1b[K,\n'}
[2.790226] (gimbal_controller) StderrLine: {'line': b'                 from \x1b[01m\x1b[K/opt/ros/humble/include/rclcpp/rclcpp/callback_group.hpp:24\x1b[m\x1b[K,\n'}
[2.790294] (gimbal_controller) StderrLine: {'line': b'                 from \x1b[01m\x1b[K/opt/ros/humble/include/rclcpp/rclcpp/any_executable.hpp:20\x1b[m\x1b[K,\n'}
[2.790361] (gimbal_controller) StderrLine: {'line': b'                 from \x1b[01m\x1b[K/opt/ros/humble/include/rclcpp/rclcpp/memory_strategy.hpp:25\x1b[m\x1b[K,\n'}
[2.790427] (gimbal_controller) StderrLine: {'line': b'                 from \x1b[01m\x1b[K/opt/ros/humble/include/rclcpp/rclcpp/memory_strategies.hpp:18\x1b[m\x1b[K,\n'}
[2.790492] (gimbal_controller) StderrLine: {'line': b'                 from \x1b[01m\x1b[K/opt/ros/humble/include/rclcpp/rclcpp/executor_options.hpp:20\x1b[m\x1b[K,\n'}
[2.790550] (gimbal_controller) StderrLine: {'line': b'                 from \x1b[01m\x1b[K/opt/ros/humble/include/rclcpp/rclcpp/executor.hpp:37\x1b[m\x1b[K,\n'}
[2.790607] (gimbal_controller) StderrLine: {'line': b'                 from \x1b[01m\x1b[K/opt/ros/humble/include/rclcpp/rclcpp/executors/multi_threaded_executor.hpp:25\x1b[m\x1b[K,\n'}
[2.790665] (gimbal_controller) StderrLine: {'line': b'                 from \x1b[01m\x1b[K/opt/ros/humble/include/rclcpp/rclcpp/executors.hpp:21\x1b[m\x1b[K,\n'}
[2.790730] (gimbal_controller) StderrLine: {'line': b'                 from \x1b[01m\x1b[K/opt/ros/humble/include/rclcpp/rclcpp/rclcpp.hpp:155\x1b[m\x1b[K,\n'}
[2.790786] (gimbal_controller) StderrLine: {'line': b'                 from \x1b[01m\x1b[K/opt/ros/humble/include/controller_interface/controller_interface_base.hpp:28\x1b[m\x1b[K,\n'}
[2.790876] (gimbal_controller) StderrLine: {'line': b'                 from \x1b[01m\x1b[K/opt/ros/humble/include/controller_interface/controller_interface.hpp:22\x1b[m\x1b[K,\n'}
[2.791016] (gimbal_controller) StderrLine: {'line': b'                 from \x1b[01m\x1b[K/home/yuan/rm/code/Ros/my_ros2_control/src/gimbal_controller/include/gimbal_controller/gimbal_controller.hpp:23\x1b[m\x1b[K,\n'}
[2.791080] (gimbal_controller) StderrLine: {'line': b'                 from \x1b[01m\x1b[K/home/yuan/rm/code/Ros/my_ros2_control/src/gimbal_controller/src/gimbal_controller.cpp:15\x1b[m\x1b[K:\n'}
[2.791152] (gimbal_controller) StderrLine: {'line': b'\x1b[01m\x1b[K/home/yuan/rm/code/Ros/my_ros2_control/src/gimbal_controller/src/gimbal_controller.cpp:\x1b[m\x1b[K In member function \xe2\x80\x98\x1b[01m\x1b[Kcontroller_interface::CallbackReturn gimbal_controller::GimbalController::configure_gimbal(const std::vector<std::__cxx11::basic_string<char> >&, std::vector<gimbal_controller::GimbalController::GimbalHandle>&)\x1b[m\x1b[K\xe2\x80\x99:\n'}
[2.791215] (gimbal_controller) StderrLine: {'line': b'\x1b[01m\x1b[K/home/yuan/rm/code/Ros/my_ros2_control/src/gimbal_controller/src/gimbal_controller.cpp:316:184:\x1b[m\x1b[K \x1b[01;35m\x1b[Kwarning: \x1b[m\x1b[K\xe2\x80\x98\x1b[01m\x1b[Kconst string hardware_interface::LoanedStateInterface::get_full_name() const\x1b[m\x1b[K\xe2\x80\x99 is deprecated: Replaced by get_name method, which is semantically more correct [\x1b[01;35m\x1b[K\x1b]8;;https://gcc.gnu.org/onlinedocs/gcc/Warning-Options.html#index-Wdeprecated-declarations\x07-Wdeprecated-declarations\x1b]8;;\x07\x1b[m\x1b[K]\n'}
[2.791276] (gimbal_controller) StderrLine: {'line': b'  316 | tate name is %s name is %s ", gimbal_name.c_str(), velocity_state_handle->get_interface_name().c_str(), \x1b[01;35m\x1b[Kvelocity_state_handle->get_full_name()\x1b[m\x1b[K.c_str());\n'}
[2.791335] (gimbal_controller) StderrLine: {'line': b'      |                                                                                                         \x1b[01;35m\x1b[K~~~~~~~~~~~~~~~~~~~~~~~~~~~~~~~~~~~~^~\x1b[m\x1b[K\n'}
[2.791394] (gimbal_controller) StderrLine: {'line': b'\n'}
[2.791452] (gimbal_controller) StderrLine: {'line': b'In file included from \x1b[01m\x1b[K/opt/ros/humble/include/controller_interface/controller_interface_base.hpp:26\x1b[m\x1b[K,\n'}
[2.791510] (gimbal_controller) StderrLine: {'line': b'                 from \x1b[01m\x1b[K/opt/ros/humble/include/controller_interface/controller_interface.hpp:22\x1b[m\x1b[K,\n'}
[2.791567] (gimbal_controller) StderrLine: {'line': b'                 from \x1b[01m\x1b[K/home/yuan/rm/code/Ros/my_ros2_control/src/gimbal_controller/include/gimbal_controller/gimbal_controller.hpp:23\x1b[m\x1b[K,\n'}
[2.791624] (gimbal_controller) StderrLine: {'line': b'                 from \x1b[01m\x1b[K/home/yuan/rm/code/Ros/my_ros2_control/src/gimbal_controller/src/gimbal_controller.cpp:15\x1b[m\x1b[K:\n'}
[2.791689] (gimbal_controller) StderrLine: {'line': b'\x1b[01m\x1b[K/opt/ros/humble/include/hardware_interface/loaned_state_interface.hpp:59:3:\x1b[m\x1b[K \x1b[01;36m\x1b[Knote: \x1b[m\x1b[Kdeclared here\n'}
[2.791880] (gimbal_controller) StderrLine: {'line': b'   59 |   \x1b[01;36m\x1b[Kget_full_name\x1b[m\x1b[K() const\n'}
[2.791949] (gimbal_controller) StderrLine: {'line': b'      |   \x1b[01;36m\x1b[K^~~~~~~~~~~~~\x1b[m\x1b[K\n'}
[2.792011] (gimbal_controller) StderrLine: {'line': b'In file included from \x1b[01m\x1b[K/opt/ros/humble/include/rclcpp/rclcpp/logging.hpp:24\x1b[m\x1b[K,\n'}
[2.792072] (gimbal_controller) StderrLine: {'line': b'                 from \x1b[01m\x1b[K/opt/ros/humble/include/rclcpp/rclcpp/client.hpp:40\x1b[m\x1b[K,\n'}
[2.792139] (gimbal_controller) StderrLine: {'line': b'                 from \x1b[01m\x1b[K/opt/ros/humble/include/rclcpp/rclcpp/callback_group.hpp:24\x1b[m\x1b[K,\n'}
[2.792199] (gimbal_controller) StderrLine: {'line': b'                 from \x1b[01m\x1b[K/opt/ros/humble/include/rclcpp/rclcpp/any_executable.hpp:20\x1b[m\x1b[K,\n'}
[2.792259] (gimbal_controller) StderrLine: {'line': b'                 from \x1b[01m\x1b[K/opt/ros/humble/include/rclcpp/rclcpp/memory_strategy.hpp:25\x1b[m\x1b[K,\n'}
[2.792317] (gimbal_controller) StderrLine: {'line': b'                 from \x1b[01m\x1b[K/opt/ros/humble/include/rclcpp/rclcpp/memory_strategies.hpp:18\x1b[m\x1b[K,\n'}
[2.792376] (gimbal_controller) StderrLine: {'line': b'                 from \x1b[01m\x1b[K/opt/ros/humble/include/rclcpp/rclcpp/executor_options.hpp:20\x1b[m\x1b[K,\n'}
[2.792434] (gimbal_controller) StderrLine: {'line': b'                 from \x1b[01m\x1b[K/opt/ros/humble/include/rclcpp/rclcpp/executor.hpp:37\x1b[m\x1b[K,\n'}
[2.792494] (gimbal_controller) StderrLine: {'line': b'                 from \x1b[01m\x1b[K/opt/ros/humble/include/rclcpp/rclcpp/executors/multi_threaded_executor.hpp:25\x1b[m\x1b[K,\n'}
[2.792557] (gimbal_controller) StderrLine: {'line': b'                 from \x1b[01m\x1b[K/opt/ros/humble/include/rclcpp/rclcpp/executors.hpp:21\x1b[m\x1b[K,\n'}
[2.792624] (gimbal_controller) StderrLine: {'line': b'                 from \x1b[01m\x1b[K/opt/ros/humble/include/rclcpp/rclcpp/rclcpp.hpp:155\x1b[m\x1b[K,\n'}
[2.792685] (gimbal_controller) StderrLine: {'line': b'                 from \x1b[01m\x1b[K/opt/ros/humble/include/controller_interface/controller_interface_base.hpp:28\x1b[m\x1b[K,\n'}
[2.792751] (gimbal_controller) StderrLine: {'line': b'                 from \x1b[01m\x1b[K/opt/ros/humble/include/controller_interface/controller_interface.hpp:22\x1b[m\x1b[K,\n'}
[2.792810] (gimbal_controller) StderrLine: {'line': b'                 from \x1b[01m\x1b[K/home/yuan/rm/code/Ros/my_ros2_control/src/gimbal_controller/include/gimbal_controller/gimbal_controller.hpp:23\x1b[m\x1b[K,\n'}
[2.792869] (gimbal_controller) StderrLine: {'line': b'                 from \x1b[01m\x1b[K/home/yuan/rm/code/Ros/my_ros2_control/src/gimbal_controller/src/gimbal_controller.cpp:15\x1b[m\x1b[K:\n'}
[2.792924] (gimbal_controller) StderrLine: {'line': b'\x1b[01m\x1b[K/home/yuan/rm/code/Ros/my_ros2_control/src/gimbal_controller/src/gimbal_controller.cpp:332:184:\x1b[m\x1b[K \x1b[01;35m\x1b[Kwarning: \x1b[m\x1b[K\xe2\x80\x98\x1b[01m\x1b[Kconst string hardware_interface::LoanedStateInterface::get_full_name() const\x1b[m\x1b[K\xe2\x80\x99 is deprecated: Replaced by get_name method, which is semantically more correct [\x1b[01;35m\x1b[K\x1b]8;;https://gcc.gnu.org/onlinedocs/gcc/Warning-Options.html#index-Wdeprecated-declarations\x07-Wdeprecated-declarations\x1b]8;;\x07\x1b[m\x1b[K]\n'}
[2.793003] (gimbal_controller) StderrLine: {'line': b'  332 | tate name is %s name is %s ", gimbal_name.c_str(), position_state_handle->get_interface_name().c_str(), \x1b[01;35m\x1b[Kposition_state_handle->get_full_name()\x1b[m\x1b[K.c_str());\n'}
[2.793082] (gimbal_controller) StderrLine: {'line': b'      |                                                                                                         \x1b[01;35m\x1b[K~~~~~~~~~~~~~~~~~~~~~~~~~~~~~~~~~~~~^~\x1b[m\x1b[K\n'}
[2.793150] (gimbal_controller) StderrLine: {'line': b'\n'}
[2.793223] (gimbal_controller) StderrLine: {'line': b'In file included from \x1b[01m\x1b[K/opt/ros/humble/include/controller_interface/controller_interface_base.hpp:26\x1b[m\x1b[K,\n'}
[2.793281] (gimbal_controller) StderrLine: {'line': b'                 from \x1b[01m\x1b[K/opt/ros/humble/include/controller_interface/controller_interface.hpp:22\x1b[m\x1b[K,\n'}
[2.793339] (gimbal_controller) StderrLine: {'line': b'                 from \x1b[01m\x1b[K/home/yuan/rm/code/Ros/my_ros2_control/src/gimbal_controller/include/gimbal_controller/gimbal_controller.hpp:23\x1b[m\x1b[K,\n'}
[2.793397] (gimbal_controller) StderrLine: {'line': b'                 from \x1b[01m\x1b[K/home/yuan/rm/code/Ros/my_ros2_control/src/gimbal_controller/src/gimbal_controller.cpp:15\x1b[m\x1b[K:\n'}
[2.793467] (gimbal_controller) StderrLine: {'line': b'\x1b[01m\x1b[K/opt/ros/humble/include/hardware_interface/loaned_state_interface.hpp:59:3:\x1b[m\x1b[K \x1b[01;36m\x1b[Knote: \x1b[m\x1b[Kdeclared here\n'}
[2.793529] (gimbal_controller) StderrLine: {'line': b'   59 |   \x1b[01;36m\x1b[Kget_full_name\x1b[m\x1b[K() const\n'}
[2.793589] (gimbal_controller) StderrLine: {'line': b'      |   \x1b[01;36m\x1b[K^~~~~~~~~~~~~\x1b[m\x1b[K\n'}
[2.793647] (gimbal_controller) StderrLine: {'line': b'In file included from \x1b[01m\x1b[K/opt/ros/humble/include/rclcpp/rclcpp/logging.hpp:24\x1b[m\x1b[K,\n'}
[2.793706] (gimbal_controller) StderrLine: {'line': b'                 from \x1b[01m\x1b[K/opt/ros/humble/include/rclcpp/rclcpp/client.hpp:40\x1b[m\x1b[K,\n'}
[2.793765] (gimbal_controller) StderrLine: {'line': b'                 from \x1b[01m\x1b[K/opt/ros/humble/include/rclcpp/rclcpp/callback_group.hpp:24\x1b[m\x1b[K,\n'}
[2.793825] (gimbal_controller) StderrLine: {'line': b'                 from \x1b[01m\x1b[K/opt/ros/humble/include/rclcpp/rclcpp/any_executable.hpp:20\x1b[m\x1b[K,\n'}
[2.793882] (gimbal_controller) StderrLine: {'line': b'                 from \x1b[01m\x1b[K/opt/ros/humble/include/rclcpp/rclcpp/memory_strategy.hpp:25\x1b[m\x1b[K,\n'}
[2.793947] (gimbal_controller) StderrLine: {'line': b'                 from \x1b[01m\x1b[K/opt/ros/humble/include/rclcpp/rclcpp/memory_strategies.hpp:18\x1b[m\x1b[K,\n'}
[2.794007] (gimbal_controller) StderrLine: {'line': b'                 from \x1b[01m\x1b[K/opt/ros/humble/include/rclcpp/rclcpp/executor_options.hpp:20\x1b[m\x1b[K,\n'}
[2.794065] (gimbal_controller) StderrLine: {'line': b'                 from \x1b[01m\x1b[K/opt/ros/humble/include/rclcpp/rclcpp/executor.hpp:37\x1b[m\x1b[K,\n'}
[2.794123] (gimbal_controller) StderrLine: {'line': b'                 from \x1b[01m\x1b[K/opt/ros/humble/include/rclcpp/rclcpp/executors/multi_threaded_executor.hpp:25\x1b[m\x1b[K,\n'}
[2.794180] (gimbal_controller) StderrLine: {'line': b'                 from \x1b[01m\x1b[K/opt/ros/humble/include/rclcpp/rclcpp/executors.hpp:21\x1b[m\x1b[K,\n'}
[2.794248] (gimbal_controller) StderrLine: {'line': b'                 from \x1b[01m\x1b[K/opt/ros/humble/include/rclcpp/rclcpp/rclcpp.hpp:155\x1b[m\x1b[K,\n'}
[2.794314] (gimbal_controller) StderrLine: {'line': b'                 from \x1b[01m\x1b[K/opt/ros/humble/include/controller_interface/controller_interface_base.hpp:28\x1b[m\x1b[K,\n'}
[2.794376] (gimbal_controller) StderrLine: {'line': b'                 from \x1b[01m\x1b[K/opt/ros/humble/include/controller_interface/controller_interface.hpp:22\x1b[m\x1b[K,\n'}
[2.794440] (gimbal_controller) StderrLine: {'line': b'                 from \x1b[01m\x1b[K/home/yuan/rm/code/Ros/my_ros2_control/src/gimbal_controller/include/gimbal_controller/gimbal_controller.hpp:23\x1b[m\x1b[K,\n'}
[2.794497] (gimbal_controller) StderrLine: {'line': b'                 from \x1b[01m\x1b[K/home/yuan/rm/code/Ros/my_ros2_control/src/gimbal_controller/src/gimbal_controller.cpp:15\x1b[m\x1b[K:\n'}
[2.794556] (gimbal_controller) StderrLine: {'line': b'\x1b[01m\x1b[K/home/yuan/rm/code/Ros/my_ros2_control/src/gimbal_controller/src/gimbal_controller.cpp:348:180:\x1b[m\x1b[K \x1b[01;35m\x1b[Kwarning: \x1b[m\x1b[K\xe2\x80\x98\x1b[01m\x1b[Kconst string hardware_interface::LoanedCommandInterface::get_full_name() const\x1b[m\x1b[K\xe2\x80\x99 is deprecated: Replaced by get_name method, which is semantically more correct [\x1b[01;35m\x1b[K\x1b]8;;https://gcc.gnu.org/onlinedocs/gcc/Warning-Options.html#index-Wdeprecated-declarations\x07-Wdeprecated-declarations\x1b]8;;\x07\x1b[m\x1b[K]\n'}
[2.794626] (gimbal_controller) StderrLine: {'line': b'  348 |  cmd name is %s name is %s ", gimbal_name.c_str(), effort_command_handle->get_interface_name().c_str(), \x1b[01;35m\x1b[Keffort_command_handle->get_full_name()\x1b[m\x1b[K.c_str());\n'}
[2.794694] (gimbal_controller) StderrLine: {'line': b'      |                                                                                                         \x1b[01;35m\x1b[K~~~~~~~~~~~~~~~~~~~~~~~~~~~~~~~~~~~~^~\x1b[m\x1b[K\n'}
[2.794770] (gimbal_controller) StderrLine: {'line': b'\n'}
[2.794829] (gimbal_controller) StderrLine: {'line': b'In file included from \x1b[01m\x1b[K/opt/ros/humble/include/controller_interface/controller_interface_base.hpp:25\x1b[m\x1b[K,\n'}
[2.794887] (gimbal_controller) StderrLine: {'line': b'                 from \x1b[01m\x1b[K/opt/ros/humble/include/controller_interface/controller_interface.hpp:22\x1b[m\x1b[K,\n'}
[2.794958] (gimbal_controller) StderrLine: {'line': b'                 from \x1b[01m\x1b[K/home/yuan/rm/code/Ros/my_ros2_control/src/gimbal_controller/include/gimbal_controller/gimbal_controller.hpp:23\x1b[m\x1b[K,\n'}
[2.795017] (gimbal_controller) StderrLine: {'line': b'                 from \x1b[01m\x1b[K/home/yuan/rm/code/Ros/my_ros2_control/src/gimbal_controller/src/gimbal_controller.cpp:15\x1b[m\x1b[K:\n'}
[2.795076] (gimbal_controller) StderrLine: {'line': b'\x1b[01m\x1b[K/opt/ros/humble/include/hardware_interface/loaned_command_interface.hpp:59:3:\x1b[m\x1b[K \x1b[01;36m\x1b[Knote: \x1b[m\x1b[Kdeclared here\n'}
[2.795134] (gimbal_controller) StderrLine: {'line': b'   59 |   \x1b[01;36m\x1b[Kget_full_name\x1b[m\x1b[K() const\n'}
[2.795192] (gimbal_controller) StderrLine: {'line': b'      |   \x1b[01;36m\x1b[K^~~~~~~~~~~~~\x1b[m\x1b[K\n'}
[2.806578] (-) TimerEvent: {}
[2.906834] (-) TimerEvent: {}
[3.007113] (-) TimerEvent: {}
[3.107394] (-) TimerEvent: {}
[3.207680] (-) TimerEvent: {}
[3.308017] (-) TimerEvent: {}
[3.408299] (-) TimerEvent: {}
[3.508604] (-) TimerEvent: {}
[3.608892] (-) TimerEvent: {}
[3.709193] (-) TimerEvent: {}
[3.809484] (-) TimerEvent: {}
[3.909766] (-) TimerEvent: {}
[4.010043] (-) TimerEvent: {}
[4.110325] (-) TimerEvent: {}
[4.210614] (-) TimerEvent: {}
[4.310897] (-) TimerEvent: {}
[4.411192] (-) TimerEvent: {}
[4.511483] (-) TimerEvent: {}
[4.611789] (-) TimerEvent: {}
[4.712095] (-) TimerEvent: {}
[4.812388] (-) TimerEvent: {}
[4.913055] (-) TimerEvent: {}
[5.013359] (-) TimerEvent: {}
[5.113674] (-) TimerEvent: {}
[5.213945] (-) TimerEvent: {}
[5.314241] (-) TimerEvent: {}
[5.414541] (-) TimerEvent: {}
[5.514855] (-) TimerEvent: {}
[5.615136] (-) TimerEvent: {}
[5.715409] (-) TimerEvent: {}
[5.815668] (-) TimerEvent: {}
[5.915945] (-) TimerEvent: {}
[6.016240] (-) TimerEvent: {}
[6.116499] (-) TimerEvent: {}
[6.216805] (-) TimerEvent: {}
[6.317451] (-) TimerEvent: {}
[6.417807] (-) TimerEvent: {}
[6.518119] (-) TimerEvent: {}
[6.618441] (-) TimerEvent: {}
[6.718742] (-) TimerEvent: {}
[6.819044] (-) TimerEvent: {}
[6.919319] (-) TimerEvent: {}
[7.019588] (-) TimerEvent: {}
[7.119862] (-) TimerEvent: {}
[7.220129] (-) TimerEvent: {}
[7.320417] (-) TimerEvent: {}
[7.420705] (-) TimerEvent: {}
[7.521004] (-) TimerEvent: {}
[7.621443] (-) TimerEvent: {}
[7.721730] (-) TimerEvent: {}
[7.822022] (-) TimerEvent: {}
[7.922314] (-) TimerEvent: {}
[8.022620] (-) TimerEvent: {}
[8.122927] (-) TimerEvent: {}
[8.223238] (-) TimerEvent: {}
[8.323551] (-) TimerEvent: {}
[8.423858] (-) TimerEvent: {}
[8.524530] (-) TimerEvent: {}
[8.624845] (-) TimerEvent: {}
[8.725162] (-) TimerEvent: {}
[8.815317] (gimbal_controller) StdoutLine: {'line': b'[100%] \x1b[32m\x1b[1mLinking CXX shared library libgimbal_controller.so\x1b[0m\n'}
[8.825259] (-) TimerEvent: {}
[8.925525] (-) TimerEvent: {}
[9.025814] (-) TimerEvent: {}
[9.126141] (-) TimerEvent: {}
[9.226442] (-) TimerEvent: {}
[9.259785] (gimbal_controller) StdoutLine: {'line': b'[100%] Built target gimbal_controller\n'}
[9.272634] (gimbal_controller) CommandEnded: {'returncode': 0}
[9.299928] (gimbal_controller) JobProgress: {'identifier': 'gimbal_controller', 'progress': 'install'}
[9.300208] (gimbal_controller) Command: {'cmd': ['/usr/bin/cmake', '--install', '/home/yuan/rm/code/Ros/my_ros2_control/build/gimbal_controller'], 'cwd': '/home/yuan/rm/code/Ros/my_ros2_control/build/gimbal_controller', 'env': OrderedDict([('RAW_TERMINAL_COLOR_LIGHT_CYAN', '\x1b[1;36m'), ('LESSOPEN', '| /usr/bin/lesspipe %s'), ('LANGUAGE', 'zh_CN:zh'), ('USER', 'yuan'), ('XDG_SEAT', 'seat0'), ('TERMINAL_COLOR_USER_INPUT_DECISION', '\\e[0;35m'), ('SSH_AGENT_PID', '1225'), ('XDG_SESSION_TYPE', 'x11'), ('GIT_ASKPASS', '/usr/share/code/resources/app/extensions/git/dist/askpass.sh'), ('STM32CubeMX_PATH', '/home/yuan/app/stm32cubemx/software'), ('TERMINAL_COLOR_GREEN', '\\e[0;32m'), ('RAW_TERMINAL_COLOR_WHITE', '\x1b[1;37m'), ('RAW_TERMINAL_COLOR_GRAY', '\x1b[1;30m'), ('SHLVL', '1'), ('LD_LIBRARY_PATH', '/home/yuan/rm/code/Ros/my_ros2_control/install/motor_interface/lib:/home/yuan/rm/code/Ros/my_ros2_control/install/gimbal_controller/lib:/opt/ros/humble/opt/rviz_ogre_vendor/lib:/opt/ros/humble/lib/x86_64-linux-gnu:/opt/ros/humble/lib'), ('HOME', '/home/yuan'), ('CHROME_DESKTOP', 'code-url-handler.desktop'), ('ROS_WS_CACHE_SOURCED_TIME', '0'), ('OLDPWD', '/home/yuan/rm/code/Ros/my_ros2_control'), ('TERM_PROGRAM_VERSION', '1.83.1'), ('DESKTOP_SESSION', 'xfce'), ('TERMINAL_COLOR_LIGHT_GREEN', '\\e[1;32m'), ('RAW_TERMINAL_COLOR_BLACK', '\x1b[0;30m'), ('RAW_TERMINAL_COLOR_LIGHT_GRAY', '\x1b[0;37m'), ('GIO_LAUNCHED_DESKTOP_FILE', '/usr/share/applications/code.desktop'), ('ROS_PYTHON_VERSION', '3'), ('XDG_SEAT_PATH', '/org/freedesktop/DisplayManager/Seat0'), ('TERMINAL_COLOR_BLUE', '\\e[0;34m'), ('VSCODE_GIT_ASKPASS_MAIN', '/usr/share/code/resources/app/extensions/git/dist/askpass-main.js'), ('TERMINAL_COLOR_RED', '\\e[0;31m'), ('VSCODE_GIT_ASKPASS_NODE', '/usr/share/code/code'), ('DBUS_SESSION_BUS_ADDRESS', 'unix:path=/run/user/1000/bus'), ('COLORTERM', 'truecolor'), ('TERMINAL_COLOR_LIGHT_BLUE', '\\e[1;34m'), ('TERMINAL_COLOR_CYAN', '\\e[0;36m'), ('RAW_TERMINAL_COLOR_BROWN', '\x1b[0;33m'), ('GIO_LAUNCHED_DESKTOP_FILE_PID', '2914'), ('TERMINAL_COLOR_LIGHT_RED', '\\e[1;31m'), ('RAW_TERMINAL_COLOR_PURPLE', '\x1b[0;35m'), ('COLCON_PREFIX_PATH', '/home/yuan/rm/code/Ros/my_ros2_control/install'), ('ROS_DISTRO', 'humble'), ('TERMINAL_COLOR_NC', '\\e[0m'), ('GTK_IM_MODULE', 'fcitx'), ('TERMINAL_COLOR_LIGHT_CYAN', '\\e[1;36m'), ('LOGNAME', 'yuan'), ('_', '/usr/bin/colcon'), ('ROS_VERSION', '2'), ('XDG_SESSION_CLASS', 'user'), ('RAW_TERMINAL_COLOR_LIGHT_PURPLE', '\x1b[1;35m'), ('RAW_TERMINAL_COLOR_YELLOW', '\x1b[1;33m'), ('TERMINAL_COLOR_USER_CONFIRMATION', '\\e[0;34m'), ('TERM', 'xterm-256color'), ('XDG_SESSION_ID', 'c1'), ('ROS_LOCALHOST_ONLY', '0'), ('TERMINAL_COLOR_WHITE', '\\e[1;37m'), ('TERMINAL_COLOR_GRAY', '\\e[1;30m'), ('PATH', '/home/yuan/rm/arm-gnu-toolchain-12.3.rel1-x86_64-arm-none-eabi/bin:/opt/ros/humble/bin:/usr/local/sbin:/usr/local/bin:/usr/sbin:/usr/bin:/sbin:/bin:/usr/games:/usr/local/games:/snap/bin:/home/yuan/.dotnet/tools:/home/yuan/.fzf/bin'), ('SESSION_MANAGER', 'local/yuan:@/tmp/.ICE-unix/1053,unix/yuan:/tmp/.ICE-unix/1053'), ('GDM_LANG', 'zh_CN'), ('XDG_SESSION_PATH', '/org/freedesktop/DisplayManager/Session0'), ('XDG_MENU_PREFIX', 'xfce-'), ('XDG_RUNTIME_DIR', '/run/user/1000'), ('GDK_BACKEND', 'x11'), ('RTW_COLOR_NOTIFY_USER', '\\e[1;33m'), ('TERMINAL_COLOR_LIGHT_GRAY', '\\e[0;37m'), ('TERMINAL_COLOR_BLACK', '\\e[0;30m'), ('DISPLAY', ':0.0'), ('LANG', 'zh_CN.UTF-8'), ('XDG_CURRENT_DESKTOP', 'XFCE'), ('DOTNET_BUNDLE_EXTRACT_BASE_DIR', '/home/yuan/.cache/dotnet_bundle_extract'), ('XMODIFIERS', '@im=fcitx'), ('XDG_SESSION_DESKTOP', 'xfce'), ('XAUTHORITY', '/home/yuan/.Xauthority'), ('LS_COLORS', ''), ('VSCODE_GIT_IPC_HANDLE', '/run/user/1000/vscode-git-be293a297e.sock'), ('TERM_PROGRAM', 'vscode'), ('SSH_AUTH_SOCK', '/tmp/ssh-XXXXXXEQuJH2/agent.1224'), ('GSETTINGS_SCHEMA_DIR', '/home/yuan/data'), ('XDG_GREETER_DATA_DIR', '/var/lib/lightdm-data/yuan'), ('AMENT_PREFIX_PATH', '/home/yuan/rm/code/Ros/my_ros2_control/install/motor_interface:/home/yuan/rm/code/Ros/my_ros2_control/install/gimbal_controller:/opt/ros/humble'), ('ORIGINAL_XDG_CURRENT_DESKTOP', 'XFCE'), ('SHELL', '/bin/bash'), ('TERMINAL_COLOR_BROWN', '\\e[0;33m'), ('QT_ACCESSIBILITY', '1'), ('RAW_TERMINAL_COLOR_GREEN', '\x1b[0;32m'), ('GDMSESSION', 'xfce'), ('LESSCLOSE', '/usr/bin/lesspipe %s %s'), ('TERMINAL_COLOR_PURPLE', '\\e[0;35m'), ('RAW_TERMINAL_COLOR_LIGHT_GREEN', '\x1b[1;32m'), ('TERMINAL_COLOR_USER_NOTICE', '\\e[1;33m'), ('VSCODE_GIT_ASKPASS_EXTRA_ARGS', '--ms-enable-electron-run-as-node'), ('QT_IM_MODULE', 'fcitx'), ('XDG_VTNR', '7'), ('TERMINAL_COLOR_LIGHT_PURPLE', '\\e[1;35m'), ('TERMINAL_COLOR_YELLOW', '\\e[1;33m'), ('PWD', '/home/yuan/rm/code/Ros/my_ros2_control/build/gimbal_controller'), ('RAW_TERMINAL_COLOR_BLUE', '\x1b[0;34m'), ('XDG_CONFIG_DIRS', '/etc/xdg/xdg-xfce:/etc/xdg:/etc/xdg'), ('RAW_TERMINAL_COLOR_RED', '\x1b[0;31m'), ('CLUTTER_IM_MODULE', 'xim'), ('XDG_DATA_DIRS', '/usr/share/xfce4:/usr/local/share:/usr/share:/var/lib/snapd/desktop:/usr/share'), ('PYTHONPATH', '/opt/ros/humble/lib/python3.10/site-packages:/opt/ros/humble/local/lib/python3.10/dist-packages'), ('RAW_TERMINAL_COLOR_CYAN', '\x1b[0;36m'), ('RAW_TERMINAL_COLOR_LIGHT_BLUE', '\x1b[1;34m'), ('RTW_COLOR_ERROR', '\\e[0;31m'), ('COLCON', '1'), ('RAW_TERMINAL_COLOR_LIGHT_RED', '\x1b[1;31m'), ('CMAKE_PREFIX_PATH', '/home/yuan/rm/code/Ros/my_ros2_control/install/motor_interface:/home/yuan/rm/code/Ros/my_ros2_control/install/gimbal_controller:/opt/ros/humble'), ('RAW_TERMINAL_COLOR_NC', '\x1b[0m')]), 'shell': False}
[9.308210] (gimbal_controller) StdoutLine: {'line': b'-- Install configuration: "Debug"\n'}
[9.308595] (gimbal_controller) StdoutLine: {'line': b'-- Execute custom install script\n'}
[9.308899] (gimbal_controller) StdoutLine: {'line': b'-- Up-to-date symlink: /home/yuan/rm/code/Ros/my_ros2_control/install/gimbal_controller/include/gimbal_controller_parameters/gimbal_controller_parameters.hpp\n'}
[9.309037] (gimbal_controller) StdoutLine: {'line': b'-- Up-to-date symlink: /home/yuan/rm/code/Ros/my_ros2_control/install/gimbal_controller/include/gimbal_controller_parameters/validate_gimbal_controller_parameters.hpp\n'}
[9.309150] (gimbal_controller) StdoutLine: {'line': b'-- Up-to-date symlink: /home/yuan/rm/code/Ros/my_ros2_control/install/gimbal_controller/share/gimbal_controller//gimbal_controller.xml\n'}
[9.309432] (gimbal_controller) StdoutLine: {'line': b'-- Up-to-date symlink: /home/yuan/rm/code/Ros/my_ros2_control/install/gimbal_controller/include/gimbal_controller/gimbal_controller/gimbal_controller.hpp\n'}
[9.309550] (gimbal_controller) StdoutLine: {'line': b'-- Up-to-date symlink: /home/yuan/rm/code/Ros/my_ros2_control/install/gimbal_controller/include/gimbal_controller/gimbal_controller/validate_gimbal_controller_parameters.hpp\n'}
[9.309653] (gimbal_controller) StdoutLine: {'line': b'-- Up-to-date symlink: /home/yuan/rm/code/Ros/my_ros2_control/install/gimbal_controller/include/gimbal_controller/gimbal_controller/visibility_control.h\n'}
[9.309782] (gimbal_controller) StdoutLine: {'line': b'-- Up-to-date symlink: /home/yuan/rm/code/Ros/my_ros2_control/install/gimbal_controller/share/gimbal_controller/environment/library_path.sh\n'}
[9.309897] (gimbal_controller) StdoutLine: {'line': b'-- Up-to-date symlink: /home/yuan/rm/code/Ros/my_ros2_control/install/gimbal_controller/share/gimbal_controller/environment/library_path.dsv\n'}
[9.310043] (gimbal_controller) StdoutLine: {'line': b'-- Up-to-date symlink: /home/yuan/rm/code/Ros/my_ros2_control/install/gimbal_controller/share/ament_index/resource_index/package_run_dependencies/gimbal_controller\n'}
[9.310189] (gimbal_controller) StdoutLine: {'line': b'-- Up-to-date symlink: /home/yuan/rm/code/Ros/my_ros2_control/install/gimbal_controller/share/ament_index/resource_index/parent_prefix_path/gimbal_controller\n'}
[9.310306] (gimbal_controller) StdoutLine: {'line': b'-- Up-to-date symlink: /home/yuan/rm/code/Ros/my_ros2_control/install/gimbal_controller/share/gimbal_controller/environment/ament_prefix_path.sh\n'}
[9.310431] (gimbal_controller) StdoutLine: {'line': b'-- Up-to-date symlink: /home/yuan/rm/code/Ros/my_ros2_control/install/gimbal_controller/share/gimbal_controller/environment/ament_prefix_path.dsv\n'}
[9.310555] (gimbal_controller) StdoutLine: {'line': b'-- Up-to-date symlink: /home/yuan/rm/code/Ros/my_ros2_control/install/gimbal_controller/share/gimbal_controller/environment/path.sh\n'}
[9.310682] (gimbal_controller) StdoutLine: {'line': b'-- Up-to-date symlink: /home/yuan/rm/code/Ros/my_ros2_control/install/gimbal_controller/share/gimbal_controller/environment/path.dsv\n'}
[9.310805] (gimbal_controller) StdoutLine: {'line': b'-- Up-to-date symlink: /home/yuan/rm/code/Ros/my_ros2_control/install/gimbal_controller/share/gimbal_controller/local_setup.bash\n'}
[9.310931] (gimbal_controller) StdoutLine: {'line': b'-- Up-to-date symlink: /home/yuan/rm/code/Ros/my_ros2_control/install/gimbal_controller/share/gimbal_controller/local_setup.sh\n'}
[9.311050] (gimbal_controller) StdoutLine: {'line': b'-- Up-to-date symlink: /home/yuan/rm/code/Ros/my_ros2_control/install/gimbal_controller/share/gimbal_controller/local_setup.zsh\n'}
[9.311174] (gimbal_controller) StdoutLine: {'line': b'-- Up-to-date symlink: /home/yuan/rm/code/Ros/my_ros2_control/install/gimbal_controller/share/gimbal_controller/local_setup.dsv\n'}
[9.311255] (gimbal_controller) StdoutLine: {'line': b'-- Symlinking: /home/yuan/rm/code/Ros/my_ros2_control/install/gimbal_controller/share/gimbal_controller/package.dsv\n'}
[9.320790] (gimbal_controller) StdoutLine: {'line': b'-- Up-to-date symlink: /home/yuan/rm/code/Ros/my_ros2_control/install/gimbal_controller/share/ament_index/resource_index/packages/gimbal_controller\n'}
[9.320971] (gimbal_controller) StdoutLine: {'line': b'-- Up-to-date symlink: /home/yuan/rm/code/Ros/my_ros2_control/install/gimbal_controller/share/ament_index/resource_index/controller_interface__pluginlib__plugin/gimbal_controller\n'}
[9.321241] (gimbal_controller) StdoutLine: {'line': b'-- Up-to-date symlink: /home/yuan/rm/code/Ros/my_ros2_control/install/gimbal_controller/share/gimbal_controller/cmake/ament_cmake_export_targets-extras.cmake\n'}
[9.321408] (gimbal_controller) StdoutLine: {'line': b'-- Up-to-date symlink: /home/yuan/rm/code/Ros/my_ros2_control/install/gimbal_controller/share/gimbal_controller/cmake/ament_cmake_export_include_directories-extras.cmake\n'}
[9.321563] (gimbal_controller) StdoutLine: {'line': b'-- Up-to-date symlink: /home/yuan/rm/code/Ros/my_ros2_control/install/gimbal_controller/share/gimbal_controller/cmake/ament_cmake_export_dependencies-extras.cmake\n'}
[9.321707] (gimbal_controller) StdoutLine: {'line': b'-- Up-to-date symlink: /home/yuan/rm/code/Ros/my_ros2_control/install/gimbal_controller/share/gimbal_controller/cmake/ament_cmake_export_libraries-extras.cmake\n'}
[9.321843] (gimbal_controller) StdoutLine: {'line': b'-- Up-to-date symlink: /home/yuan/rm/code/Ros/my_ros2_control/install/gimbal_controller/share/gimbal_controller/cmake/gimbal_controllerConfig.cmake\n'}
[9.321941] (gimbal_controller) StdoutLine: {'line': b'-- Up-to-date symlink: /home/yuan/rm/code/Ros/my_ros2_control/install/gimbal_controller/share/gimbal_controller/cmake/gimbal_controllerConfig-version.cmake\n'}
[9.322064] (gimbal_controller) StdoutLine: {'line': b'-- Up-to-date symlink: /home/yuan/rm/code/Ros/my_ros2_control/install/gimbal_controller/share/gimbal_controller/package.xml\n'}
[9.322264] (gimbal_controller) StdoutLine: {'line': b'-- Up-to-date: /home/yuan/rm/code/Ros/my_ros2_control/install/gimbal_controller/share/gimbal_controller/cmake/export_gimbal_controllerExport.cmake\n'}
[9.322325] (gimbal_controller) StdoutLine: {'line': b'-- Up-to-date: /home/yuan/rm/code/Ros/my_ros2_control/install/gimbal_controller/share/gimbal_controller/cmake/export_gimbal_controllerExport-debug.cmake\n'}
[9.324176] (gimbal_controller) CommandEnded: {'returncode': 0}
[9.326509] (-) TimerEvent: {}
[9.426846] (-) TimerEvent: {}
[9.456578] (gimbal_controller) JobEnded: {'identifier': 'gimbal_controller', 'rc': 0}
[9.457688] (-) EventReactorShutdown: {}
