[0.726s] DEBUG:colcon:Command line arguments: ['/usr/bin/colcon', 'build', '--symlink-install', '--cmake-args', '-DCMAKE_EXPORT_COMPILE_COMMANDS=1']
[0.727s] DEBUG:colcon:Parsed command line arguments: Namespace(log_base=None, log_level=None, verb_name='build', build_base='build', install_base='install', merge_install=False, symlink_install=True, test_result_base=None, continue_on_error=False, executor='parallel', parallel_workers=16, event_handlers=None, ignore_user_meta=False, metas=['./colcon.meta'], base_paths=['.'], packages_ignore=None, packages_ignore_regex=None, paths=None, packages_up_to=None, packages_up_to_regex=None, packages_above=None, packages_above_and_dependencies=None, packages_above_depth=None, packages_select_by_dep=None, packages_skip_by_dep=None, packages_skip_up_to=None, packages_select_build_failed=False, packages_skip_build_finished=False, packages_select_test_failures=False, packages_skip_test_passed=False, packages_select=None, packages_skip=None, packages_select_regex=None, packages_skip_regex=None, packages_start=None, packages_end=None, allow_overriding=[], cmake_args=['-DCMAKE_EXPORT_COMPILE_COMMANDS=1'], cmake_target=None, cmake_target_skip_unavailable=False, cmake_clean_cache=False, cmake_clean_first=False, cmake_force_configure=False, ament_cmake_args=None, catkin_cmake_args=None, catkin_skip_building_tests=False, verb_parser=<colcon_defaults.argument_parser.defaults.DefaultArgumentsDecorator object at 0x7fd5387eb850>, verb_extension=<colcon_core.verb.build.BuildVerb object at 0x7fd5387e8ac0>, main=<bound method BuildVerb.main of <colcon_core.verb.build.BuildVerb object at 0x7fd5387e8ac0>>)
[0.761s] Level 1:colcon.colcon_core.package_discovery:discover_packages(colcon_meta) check parameters
[0.761s] Level 1:colcon.colcon_core.package_discovery:discover_packages(recursive) check parameters
[0.761s] Level 1:colcon.colcon_core.package_discovery:discover_packages(ignore) check parameters
[0.762s] Level 1:colcon.colcon_core.package_discovery:discover_packages(path) check parameters
[0.762s] Level 1:colcon.colcon_core.package_discovery:discover_packages(colcon_meta) discover
[0.762s] Level 1:colcon.colcon_core.package_discovery:discover_packages(recursive) discover
[0.762s] INFO:colcon.colcon_core.package_discovery:Crawling recursively for packages in '/home/yuan/rm/code/Ros/my_ros2_control'
[0.762s] Level 1:colcon.colcon_core.package_identification:_identify(.) by extensions ['ignore', 'ignore_ament_install']
[0.762s] Level 1:colcon.colcon_core.package_identification:_identify(.) by extension 'ignore'
[0.762s] Level 1:colcon.colcon_core.package_identification:_identify(.) by extension 'ignore_ament_install'
[0.762s] Level 1:colcon.colcon_core.package_identification:_identify(.) by extensions ['colcon_pkg']
[0.762s] Level 1:colcon.colcon_core.package_identification:_identify(.) by extension 'colcon_pkg'
[0.762s] Level 1:colcon.colcon_core.package_identification:_identify(.) by extensions ['colcon_meta']
[0.762s] Level 1:colcon.colcon_core.package_identification:_identify(.) by extension 'colcon_meta'
[0.762s] Level 1:colcon.colcon_core.package_identification:_identify(.) by extensions ['ros']
[0.762s] Level 1:colcon.colcon_core.package_identification:_identify(.) by extension 'ros'
[0.770s] Level 1:colcon.colcon_core.package_identification:_identify(.) by extensions ['cmake', 'python']
[0.770s] Level 1:colcon.colcon_core.package_identification:_identify(.) by extension 'cmake'
[0.770s] Level 1:colcon.colcon_core.package_identification:_identify(.) by extension 'python'
[0.770s] Level 1:colcon.colcon_core.package_identification:_identify(.) by extensions ['python_setup_py']
[0.770s] Level 1:colcon.colcon_core.package_identification:_identify(.) by extension 'python_setup_py'
[0.770s] Level 1:colcon.colcon_core.package_identification:_identify(build) by extensions ['ignore', 'ignore_ament_install']
[0.770s] Level 1:colcon.colcon_core.package_identification:_identify(build) by extension 'ignore'
[0.770s] Level 1:colcon.colcon_core.package_identification:_identify(build) ignored
[0.771s] Level 1:colcon.colcon_core.package_identification:_identify(install) by extensions ['ignore', 'ignore_ament_install']
[0.771s] Level 1:colcon.colcon_core.package_identification:_identify(install) by extension 'ignore'
[0.771s] Level 1:colcon.colcon_core.package_identification:_identify(install) ignored
[0.771s] Level 1:colcon.colcon_core.package_identification:_identify(launch) by extensions ['ignore', 'ignore_ament_install']
[0.771s] Level 1:colcon.colcon_core.package_identification:_identify(launch) by extension 'ignore'
[0.771s] Level 1:colcon.colcon_core.package_identification:_identify(launch) by extension 'ignore_ament_install'
[0.771s] Level 1:colcon.colcon_core.package_identification:_identify(launch) by extensions ['colcon_pkg']
[0.771s] Level 1:colcon.colcon_core.package_identification:_identify(launch) by extension 'colcon_pkg'
[0.771s] Level 1:colcon.colcon_core.package_identification:_identify(launch) by extensions ['colcon_meta']
[0.771s] Level 1:colcon.colcon_core.package_identification:_identify(launch) by extension 'colcon_meta'
[0.771s] Level 1:colcon.colcon_core.package_identification:_identify(launch) by extensions ['ros']
[0.771s] Level 1:colcon.colcon_core.package_identification:_identify(launch) by extension 'ros'
[0.771s] Level 1:colcon.colcon_core.package_identification:_identify(launch) by extensions ['cmake', 'python']
[0.771s] Level 1:colcon.colcon_core.package_identification:_identify(launch) by extension 'cmake'
[0.771s] Level 1:colcon.colcon_core.package_identification:_identify(launch) by extension 'python'
[0.771s] Level 1:colcon.colcon_core.package_identification:_identify(launch) by extensions ['python_setup_py']
[0.771s] Level 1:colcon.colcon_core.package_identification:_identify(launch) by extension 'python_setup_py'
[0.771s] Level 1:colcon.colcon_core.package_identification:_identify(log) by extensions ['ignore', 'ignore_ament_install']
[0.771s] Level 1:colcon.colcon_core.package_identification:_identify(log) by extension 'ignore'
[0.772s] Level 1:colcon.colcon_core.package_identification:_identify(log) ignored
[0.772s] Level 1:colcon.colcon_core.package_identification:_identify(src) by extensions ['ignore', 'ignore_ament_install']
[0.772s] Level 1:colcon.colcon_core.package_identification:_identify(src) by extension 'ignore'
[0.772s] Level 1:colcon.colcon_core.package_identification:_identify(src) by extension 'ignore_ament_install'
[0.772s] Level 1:colcon.colcon_core.package_identification:_identify(src) by extensions ['colcon_pkg']
[0.772s] Level 1:colcon.colcon_core.package_identification:_identify(src) by extension 'colcon_pkg'
[0.772s] Level 1:colcon.colcon_core.package_identification:_identify(src) by extensions ['colcon_meta']
[0.772s] Level 1:colcon.colcon_core.package_identification:_identify(src) by extension 'colcon_meta'
[0.772s] Level 1:colcon.colcon_core.package_identification:_identify(src) by extensions ['ros']
[0.772s] Level 1:colcon.colcon_core.package_identification:_identify(src) by extension 'ros'
[0.772s] Level 1:colcon.colcon_core.package_identification:_identify(src) by extensions ['cmake', 'python']
[0.772s] Level 1:colcon.colcon_core.package_identification:_identify(src) by extension 'cmake'
[0.772s] Level 1:colcon.colcon_core.package_identification:_identify(src) by extension 'python'
[0.772s] Level 1:colcon.colcon_core.package_identification:_identify(src) by extensions ['python_setup_py']
[0.772s] Level 1:colcon.colcon_core.package_identification:_identify(src) by extension 'python_setup_py'
[0.772s] Level 1:colcon.colcon_core.package_identification:_identify(src/gimbal_controller) by extensions ['ignore', 'ignore_ament_install']
[0.772s] Level 1:colcon.colcon_core.package_identification:_identify(src/gimbal_controller) by extension 'ignore'
[0.772s] Level 1:colcon.colcon_core.package_identification:_identify(src/gimbal_controller) by extension 'ignore_ament_install'
[0.772s] Level 1:colcon.colcon_core.package_identification:_identify(src/gimbal_controller) by extensions ['colcon_pkg']
[0.772s] Level 1:colcon.colcon_core.package_identification:_identify(src/gimbal_controller) by extension 'colcon_pkg'
[0.772s] Level 1:colcon.colcon_core.package_identification:_identify(src/gimbal_controller) by extensions ['colcon_meta']
[0.772s] Level 1:colcon.colcon_core.package_identification:_identify(src/gimbal_controller) by extension 'colcon_meta'
[0.772s] Level 1:colcon.colcon_core.package_identification:_identify(src/gimbal_controller) by extensions ['ros']
[0.773s] Level 1:colcon.colcon_core.package_identification:_identify(src/gimbal_controller) by extension 'ros'
[0.775s] DEBUG:colcon.colcon_core.package_identification:Package 'src/gimbal_controller' with type 'ros.ament_cmake' and name 'gimbal_controller'
[0.775s] Level 1:colcon.colcon_core.package_identification:_identify(src/motor_interface) by extensions ['ignore', 'ignore_ament_install']
[0.775s] Level 1:colcon.colcon_core.package_identification:_identify(src/motor_interface) by extension 'ignore'
[0.775s] Level 1:colcon.colcon_core.package_identification:_identify(src/motor_interface) by extension 'ignore_ament_install'
[0.775s] Level 1:colcon.colcon_core.package_identification:_identify(src/motor_interface) by extensions ['colcon_pkg']
[0.775s] Level 1:colcon.colcon_core.package_identification:_identify(src/motor_interface) by extension 'colcon_pkg'
[0.775s] Level 1:colcon.colcon_core.package_identification:_identify(src/motor_interface) by extensions ['colcon_meta']
[0.775s] Level 1:colcon.colcon_core.package_identification:_identify(src/motor_interface) by extension 'colcon_meta'
[0.775s] Level 1:colcon.colcon_core.package_identification:_identify(src/motor_interface) by extensions ['ros']
[0.775s] Level 1:colcon.colcon_core.package_identification:_identify(src/motor_interface) by extension 'ros'
[0.776s] DEBUG:colcon.colcon_core.package_identification:Package 'src/motor_interface' with type 'ros.ament_cmake' and name 'motor_interface'
[0.776s] Level 1:colcon.colcon_core.package_discovery:discover_packages(recursive) using defaults
[0.776s] Level 1:colcon.colcon_core.package_discovery:discover_packages(ignore) discover
[0.776s] Level 1:colcon.colcon_core.package_discovery:discover_packages(ignore) using defaults
[0.776s] Level 1:colcon.colcon_core.package_discovery:discover_packages(path) discover
[0.776s] Level 1:colcon.colcon_core.package_discovery:discover_packages(path) using defaults
[0.842s] Level 1:colcon.colcon_core.package_discovery:discover_packages(prefix_path) check parameters
[0.842s] Level 1:colcon.colcon_core.package_discovery:discover_packages(prefix_path) discover
[0.863s] DEBUG:colcon.colcon_installed_package_information.package_discovery:Found 2 installed packages in /home/yuan/rm/code/Ros/my_ros2_control/install
[0.874s] DEBUG:colcon.colcon_installed_package_information.package_discovery:Found 334 installed packages in /opt/ros/humble
[0.875s] Level 1:colcon.colcon_core.package_discovery:discover_packages(prefix_path) using defaults
[0.947s] Level 5:colcon.colcon_core.verb:set package 'gimbal_controller' build argument 'cmake_args' from command line to '['-DCMAKE_EXPORT_COMPILE_COMMANDS=1']'
[0.947s] Level 5:colcon.colcon_core.verb:set package 'gimbal_controller' build argument 'cmake_target' from command line to 'None'
[0.947s] Level 5:colcon.colcon_core.verb:set package 'gimbal_controller' build argument 'cmake_target_skip_unavailable' from command line to 'False'
[0.948s] Level 5:colcon.colcon_core.verb:set package 'gimbal_controller' build argument 'cmake_clean_cache' from command line to 'False'
[0.948s] Level 5:colcon.colcon_core.verb:set package 'gimbal_controller' build argument 'cmake_clean_first' from command line to 'False'
[0.948s] Level 5:colcon.colcon_core.verb:set package 'gimbal_controller' build argument 'cmake_force_configure' from command line to 'False'
[0.948s] Level 5:colcon.colcon_core.verb:set package 'gimbal_controller' build argument 'ament_cmake_args' from command line to 'None'
[0.948s] Level 5:colcon.colcon_core.verb:set package 'gimbal_controller' build argument 'catkin_cmake_args' from command line to 'None'
[0.948s] Level 5:colcon.colcon_core.verb:set package 'gimbal_controller' build argument 'catkin_skip_building_tests' from command line to 'False'
[0.948s] DEBUG:colcon.colcon_core.verb:Building package 'gimbal_controller' with the following arguments: {'ament_cmake_args': None, 'build_base': '/home/yuan/rm/code/Ros/my_ros2_control/build/gimbal_controller', 'catkin_cmake_args': None, 'catkin_skip_building_tests': False, 'cmake_args': ['-DCMAKE_EXPORT_COMPILE_COMMANDS=1'], 'cmake_clean_cache': False, 'cmake_clean_first': False, 'cmake_force_configure': False, 'cmake_target': None, 'cmake_target_skip_unavailable': False, 'install_base': '/home/yuan/rm/code/Ros/my_ros2_control/install/gimbal_controller', 'merge_install': False, 'path': '/home/yuan/rm/code/Ros/my_ros2_control/src/gimbal_controller', 'symlink_install': True, 'test_result_base': None}
[0.958s] Level 5:colcon.colcon_core.verb:set package 'motor_interface' build argument 'cmake_args' from command line to '['-DCMAKE_EXPORT_COMPILE_COMMANDS=1']'
[0.958s] Level 5:colcon.colcon_core.verb:set package 'motor_interface' build argument 'cmake_target' from command line to 'None'
[0.958s] Level 5:colcon.colcon_core.verb:set package 'motor_interface' build argument 'cmake_target_skip_unavailable' from command line to 'False'
[0.958s] Level 5:colcon.colcon_core.verb:set package 'motor_interface' build argument 'cmake_clean_cache' from command line to 'False'
[0.958s] Level 5:colcon.colcon_core.verb:set package 'motor_interface' build argument 'cmake_clean_first' from command line to 'False'
[0.958s] Level 5:colcon.colcon_core.verb:set package 'motor_interface' build argument 'cmake_force_configure' from command line to 'False'
[0.958s] Level 5:colcon.colcon_core.verb:set package 'motor_interface' build argument 'ament_cmake_args' from command line to 'None'
[0.958s] Level 5:colcon.colcon_core.verb:set package 'motor_interface' build argument 'catkin_cmake_args' from command line to 'None'
[0.958s] Level 5:colcon.colcon_core.verb:set package 'motor_interface' build argument 'catkin_skip_building_tests' from command line to 'False'
[0.958s] DEBUG:colcon.colcon_core.verb:Building package 'motor_interface' with the following arguments: {'ament_cmake_args': None, 'build_base': '/home/yuan/rm/code/Ros/my_ros2_control/build/motor_interface', 'catkin_cmake_args': None, 'catkin_skip_building_tests': False, 'cmake_args': ['-DCMAKE_EXPORT_COMPILE_COMMANDS=1'], 'cmake_clean_cache': False, 'cmake_clean_first': False, 'cmake_force_configure': False, 'cmake_target': None, 'cmake_target_skip_unavailable': False, 'install_base': '/home/yuan/rm/code/Ros/my_ros2_control/install/motor_interface', 'merge_install': False, 'path': '/home/yuan/rm/code/Ros/my_ros2_control/src/motor_interface', 'symlink_install': True, 'test_result_base': None}
[0.968s] INFO:colcon.colcon_core.executor:Executing jobs using 'parallel' executor
[0.979s] DEBUG:colcon.colcon_parallel_executor.executor.parallel:run_until_complete
[0.979s] INFO:colcon.colcon_ros.task.ament_cmake.build:Building ROS package in '/home/yuan/rm/code/Ros/my_ros2_control/src/gimbal_controller' with build type 'ament_cmake'
[0.979s] INFO:colcon.colcon_cmake.task.cmake.build:Building CMake package in '/home/yuan/rm/code/Ros/my_ros2_control/src/gimbal_controller'
[0.991s] INFO:colcon.colcon_core.plugin_system:Skipping extension 'colcon_core.shell.bat': Not used on non-Windows systems
[0.991s] INFO:colcon.colcon_core.shell:Skip shell extension 'powershell' for command environment: Not usable outside of PowerShell
[0.991s] DEBUG:colcon.colcon_core.shell:Skip shell extension 'dsv' for command environment
[1.024s] INFO:colcon.colcon_ros.task.ament_cmake.build:Building ROS package in '/home/yuan/rm/code/Ros/my_ros2_control/src/motor_interface' with build type 'ament_cmake'
[1.024s] INFO:colcon.colcon_cmake.task.cmake.build:Building CMake package in '/home/yuan/rm/code/Ros/my_ros2_control/src/motor_interface'
[1.035s] INFO:colcon.colcon_core.shell:Skip shell extension 'powershell' for command environment: Not usable outside of PowerShell
[1.035s] DEBUG:colcon.colcon_core.shell:Skip shell extension 'dsv' for command environment
[1.073s] DEBUG:colcon.colcon_core.event_handler.log_command:Invoking command in '/home/yuan/rm/code/Ros/my_ros2_control/build/gimbal_controller': CMAKE_PREFIX_PATH=${CMAKE_PREFIX_PATH}:/opt/ros/humble /usr/bin/cmake --build /home/yuan/rm/code/Ros/my_ros2_control/build/gimbal_controller -- -j16 -l16
[1.075s] DEBUG:colcon.colcon_core.event_handler.log_command:Invoking command in '/home/yuan/rm/code/Ros/my_ros2_control/build/motor_interface': CMAKE_PREFIX_PATH=${CMAKE_PREFIX_PATH}:/opt/ros/humble /usr/bin/cmake --build /home/yuan/rm/code/Ros/my_ros2_control/build/motor_interface -- -j16 -l16
[1.157s] DEBUG:colcon.colcon_core.event_handler.log_command:Invoked command in '/home/yuan/rm/code/Ros/my_ros2_control/build/motor_interface' returned '0': CMAKE_PREFIX_PATH=${CMAKE_PREFIX_PATH}:/opt/ros/humble /usr/bin/cmake --build /home/yuan/rm/code/Ros/my_ros2_control/build/motor_interface -- -j16 -l16
[1.205s] DEBUG:colcon.colcon_core.event_handler.log_command:Invoking command in '/home/yuan/rm/code/Ros/my_ros2_control/build/motor_interface': CMAKE_PREFIX_PATH=${CMAKE_PREFIX_PATH}:/opt/ros/humble /usr/bin/cmake --install /home/yuan/rm/code/Ros/my_ros2_control/build/motor_interface
[1.230s] Level 1:colcon.colcon_core.environment:create_environment_scripts_only(motor_interface)
[1.230s] DEBUG:colcon.colcon_core.event_handler.log_command:Invoked command in '/home/yuan/rm/code/Ros/my_ros2_control/build/motor_interface' returned '0': CMAKE_PREFIX_PATH=${CMAKE_PREFIX_PATH}:/opt/ros/humble /usr/bin/cmake --install /home/yuan/rm/code/Ros/my_ros2_control/build/motor_interface
[1.248s] Level 1:colcon.colcon_core.environment:checking '/home/yuan/rm/code/Ros/my_ros2_control/install/motor_interface' for CMake module files
[1.248s] Level 1:colcon.colcon_core.environment:checking '/home/yuan/rm/code/Ros/my_ros2_control/install/motor_interface' for CMake config files
[1.249s] Level 1:colcon.colcon_core.shell:create_environment_hook('motor_interface', 'cmake_prefix_path')
[1.264s] INFO:colcon.colcon_core.shell:Creating environment hook '/home/yuan/rm/code/Ros/my_ros2_control/install/motor_interface/share/motor_interface/hook/cmake_prefix_path.ps1'
[1.265s] INFO:colcon.colcon_core.shell:Creating environment descriptor '/home/yuan/rm/code/Ros/my_ros2_control/install/motor_interface/share/motor_interface/hook/cmake_prefix_path.dsv'
[1.265s] INFO:colcon.colcon_core.shell:Creating environment hook '/home/yuan/rm/code/Ros/my_ros2_control/install/motor_interface/share/motor_interface/hook/cmake_prefix_path.sh'
[1.266s] Level 1:colcon.colcon_core.environment:checking '/home/yuan/rm/code/Ros/my_ros2_control/install/motor_interface/lib'
[1.266s] Level 1:colcon.colcon_core.shell:create_environment_hook('motor_interface', 'ld_library_path_lib')
[1.279s] INFO:colcon.colcon_core.shell:Creating environment hook '/home/yuan/rm/code/Ros/my_ros2_control/install/motor_interface/share/motor_interface/hook/ld_library_path_lib.ps1'
[1.280s] INFO:colcon.colcon_core.shell:Creating environment descriptor '/home/yuan/rm/code/Ros/my_ros2_control/install/motor_interface/share/motor_interface/hook/ld_library_path_lib.dsv'
[1.280s] INFO:colcon.colcon_core.shell:Creating environment hook '/home/yuan/rm/code/Ros/my_ros2_control/install/motor_interface/share/motor_interface/hook/ld_library_path_lib.sh'
[1.280s] Level 1:colcon.colcon_core.environment:checking '/home/yuan/rm/code/Ros/my_ros2_control/install/motor_interface/bin'
[1.280s] Level 1:colcon.colcon_core.environment:checking '/home/yuan/rm/code/Ros/my_ros2_control/install/motor_interface/lib/pkgconfig/motor_interface.pc'
[1.281s] Level 1:colcon.colcon_core.environment:checking '/home/yuan/rm/code/Ros/my_ros2_control/install/motor_interface/lib/python3.10/site-packages'
[1.281s] Level 1:colcon.colcon_core.environment:checking '/home/yuan/rm/code/Ros/my_ros2_control/install/motor_interface/bin'
[1.291s] INFO:colcon.colcon_core.shell:Creating package script '/home/yuan/rm/code/Ros/my_ros2_control/install/motor_interface/share/motor_interface/package.ps1'
[1.292s] INFO:colcon.colcon_core.shell:Creating package descriptor '/home/yuan/rm/code/Ros/my_ros2_control/install/motor_interface/share/motor_interface/package.dsv'
[1.292s] INFO:colcon.colcon_core.shell:Creating package script '/home/yuan/rm/code/Ros/my_ros2_control/install/motor_interface/share/motor_interface/package.sh'
[1.293s] INFO:colcon.colcon_core.shell:Creating package script '/home/yuan/rm/code/Ros/my_ros2_control/install/motor_interface/share/motor_interface/package.bash'
[1.294s] INFO:colcon.colcon_core.shell:Creating package script '/home/yuan/rm/code/Ros/my_ros2_control/install/motor_interface/share/motor_interface/package.zsh'
[1.294s] Level 1:colcon.colcon_core.environment:create_file_with_runtime_dependencies(/home/yuan/rm/code/Ros/my_ros2_control/install/motor_interface/share/colcon-core/packages/motor_interface)
[1.354s] Level 1:colcon.colcon_core.environment:create_environment_scripts_only(motor_interface)
[1.365s] Level 1:colcon.colcon_core.environment:checking '/home/yuan/rm/code/Ros/my_ros2_control/install/motor_interface' for CMake module files
[1.366s] Level 1:colcon.colcon_core.environment:checking '/home/yuan/rm/code/Ros/my_ros2_control/install/motor_interface' for CMake config files
[1.366s] Level 1:colcon.colcon_core.shell:create_environment_hook('motor_interface', 'cmake_prefix_path')
[1.377s] INFO:colcon.colcon_core.shell:Creating environment hook '/home/yuan/rm/code/Ros/my_ros2_control/install/motor_interface/share/motor_interface/hook/cmake_prefix_path.ps1'
[1.377s] INFO:colcon.colcon_core.shell:Creating environment descriptor '/home/yuan/rm/code/Ros/my_ros2_control/install/motor_interface/share/motor_interface/hook/cmake_prefix_path.dsv'
[1.378s] INFO:colcon.colcon_core.shell:Creating environment hook '/home/yuan/rm/code/Ros/my_ros2_control/install/motor_interface/share/motor_interface/hook/cmake_prefix_path.sh'
[1.378s] Level 1:colcon.colcon_core.environment:checking '/home/yuan/rm/code/Ros/my_ros2_control/install/motor_interface/lib'
[1.378s] Level 1:colcon.colcon_core.shell:create_environment_hook('motor_interface', 'ld_library_path_lib')
[1.389s] INFO:colcon.colcon_core.shell:Creating environment hook '/home/yuan/rm/code/Ros/my_ros2_control/install/motor_interface/share/motor_interface/hook/ld_library_path_lib.ps1'
[1.389s] INFO:colcon.colcon_core.shell:Creating environment descriptor '/home/yuan/rm/code/Ros/my_ros2_control/install/motor_interface/share/motor_interface/hook/ld_library_path_lib.dsv'
[1.390s] INFO:colcon.colcon_core.shell:Creating environment hook '/home/yuan/rm/code/Ros/my_ros2_control/install/motor_interface/share/motor_interface/hook/ld_library_path_lib.sh'
[1.390s] Level 1:colcon.colcon_core.environment:checking '/home/yuan/rm/code/Ros/my_ros2_control/install/motor_interface/bin'
[1.390s] Level 1:colcon.colcon_core.environment:checking '/home/yuan/rm/code/Ros/my_ros2_control/install/motor_interface/lib/pkgconfig/motor_interface.pc'
[1.390s] Level 1:colcon.colcon_core.environment:checking '/home/yuan/rm/code/Ros/my_ros2_control/install/motor_interface/lib/python3.10/site-packages'
[1.390s] Level 1:colcon.colcon_core.environment:checking '/home/yuan/rm/code/Ros/my_ros2_control/install/motor_interface/bin'
[1.401s] INFO:colcon.colcon_core.shell:Creating package script '/home/yuan/rm/code/Ros/my_ros2_control/install/motor_interface/share/motor_interface/package.ps1'
[1.402s] INFO:colcon.colcon_core.shell:Creating package descriptor '/home/yuan/rm/code/Ros/my_ros2_control/install/motor_interface/share/motor_interface/package.dsv'
[1.402s] INFO:colcon.colcon_core.shell:Creating package script '/home/yuan/rm/code/Ros/my_ros2_control/install/motor_interface/share/motor_interface/package.sh'
[1.403s] INFO:colcon.colcon_core.shell:Creating package script '/home/yuan/rm/code/Ros/my_ros2_control/install/motor_interface/share/motor_interface/package.bash'
[1.403s] INFO:colcon.colcon_core.shell:Creating package script '/home/yuan/rm/code/Ros/my_ros2_control/install/motor_interface/share/motor_interface/package.zsh'
[1.403s] Level 1:colcon.colcon_core.environment:create_file_with_runtime_dependencies(/home/yuan/rm/code/Ros/my_ros2_control/install/motor_interface/share/colcon-core/packages/motor_interface)
[10.252s] DEBUG:colcon.colcon_core.event_handler.log_command:Invoked command in '/home/yuan/rm/code/Ros/my_ros2_control/build/gimbal_controller' returned '0': CMAKE_PREFIX_PATH=${CMAKE_PREFIX_PATH}:/opt/ros/humble /usr/bin/cmake --build /home/yuan/rm/code/Ros/my_ros2_control/build/gimbal_controller -- -j16 -l16
[10.281s] DEBUG:colcon.colcon_core.event_handler.log_command:Invoking command in '/home/yuan/rm/code/Ros/my_ros2_control/build/gimbal_controller': CMAKE_PREFIX_PATH=${CMAKE_PREFIX_PATH}:/opt/ros/humble /usr/bin/cmake --install /home/yuan/rm/code/Ros/my_ros2_control/build/gimbal_controller
[10.304s] Level 1:colcon.colcon_core.environment:create_environment_scripts_only(gimbal_controller)
[10.304s] DEBUG:colcon.colcon_core.event_handler.log_command:Invoked command in '/home/yuan/rm/code/Ros/my_ros2_control/build/gimbal_controller' returned '0': CMAKE_PREFIX_PATH=${CMAKE_PREFIX_PATH}:/opt/ros/humble /usr/bin/cmake --install /home/yuan/rm/code/Ros/my_ros2_control/build/gimbal_controller
[10.315s] Level 1:colcon.colcon_core.environment:checking '/home/yuan/rm/code/Ros/my_ros2_control/install/gimbal_controller' for CMake module files
[10.315s] Level 1:colcon.colcon_core.environment:checking '/home/yuan/rm/code/Ros/my_ros2_control/install/gimbal_controller' for CMake config files
[10.315s] Level 1:colcon.colcon_core.shell:create_environment_hook('gimbal_controller', 'cmake_prefix_path')
[10.326s] INFO:colcon.colcon_core.shell:Creating environment hook '/home/yuan/rm/code/Ros/my_ros2_control/install/gimbal_controller/share/gimbal_controller/hook/cmake_prefix_path.ps1'
[10.326s] INFO:colcon.colcon_core.shell:Creating environment descriptor '/home/yuan/rm/code/Ros/my_ros2_control/install/gimbal_controller/share/gimbal_controller/hook/cmake_prefix_path.dsv'
[10.326s] INFO:colcon.colcon_core.shell:Creating environment hook '/home/yuan/rm/code/Ros/my_ros2_control/install/gimbal_controller/share/gimbal_controller/hook/cmake_prefix_path.sh'
[10.327s] Level 1:colcon.colcon_core.environment:checking '/home/yuan/rm/code/Ros/my_ros2_control/install/gimbal_controller/lib'
[10.327s] Level 1:colcon.colcon_core.shell:create_environment_hook('gimbal_controller', 'ld_library_path_lib')
[10.337s] INFO:colcon.colcon_core.shell:Creating environment hook '/home/yuan/rm/code/Ros/my_ros2_control/install/gimbal_controller/share/gimbal_controller/hook/ld_library_path_lib.ps1'
[10.337s] INFO:colcon.colcon_core.shell:Creating environment descriptor '/home/yuan/rm/code/Ros/my_ros2_control/install/gimbal_controller/share/gimbal_controller/hook/ld_library_path_lib.dsv'
[10.338s] INFO:colcon.colcon_core.shell:Creating environment hook '/home/yuan/rm/code/Ros/my_ros2_control/install/gimbal_controller/share/gimbal_controller/hook/ld_library_path_lib.sh'
[10.338s] Level 1:colcon.colcon_core.environment:checking '/home/yuan/rm/code/Ros/my_ros2_control/install/gimbal_controller/bin'
[10.338s] Level 1:colcon.colcon_core.environment:checking '/home/yuan/rm/code/Ros/my_ros2_control/install/gimbal_controller/lib/pkgconfig/gimbal_controller.pc'
[10.338s] Level 1:colcon.colcon_core.environment:checking '/home/yuan/rm/code/Ros/my_ros2_control/install/gimbal_controller/lib/python3.10/site-packages'
[10.338s] Level 1:colcon.colcon_core.environment:checking '/home/yuan/rm/code/Ros/my_ros2_control/install/gimbal_controller/bin'
[10.349s] INFO:colcon.colcon_core.shell:Creating package script '/home/yuan/rm/code/Ros/my_ros2_control/install/gimbal_controller/share/gimbal_controller/package.ps1'
[10.350s] INFO:colcon.colcon_core.shell:Creating package descriptor '/home/yuan/rm/code/Ros/my_ros2_control/install/gimbal_controller/share/gimbal_controller/package.dsv'
[10.350s] INFO:colcon.colcon_core.shell:Creating package script '/home/yuan/rm/code/Ros/my_ros2_control/install/gimbal_controller/share/gimbal_controller/package.sh'
[10.350s] INFO:colcon.colcon_core.shell:Creating package script '/home/yuan/rm/code/Ros/my_ros2_control/install/gimbal_controller/share/gimbal_controller/package.bash'
[10.351s] INFO:colcon.colcon_core.shell:Creating package script '/home/yuan/rm/code/Ros/my_ros2_control/install/gimbal_controller/share/gimbal_controller/package.zsh'
[10.351s] Level 1:colcon.colcon_core.environment:create_file_with_runtime_dependencies(/home/yuan/rm/code/Ros/my_ros2_control/install/gimbal_controller/share/colcon-core/packages/gimbal_controller)
[10.389s] Level 1:colcon.colcon_core.environment:create_environment_scripts_only(gimbal_controller)
[10.400s] Level 1:colcon.colcon_core.environment:checking '/home/yuan/rm/code/Ros/my_ros2_control/install/gimbal_controller' for CMake module files
[10.400s] Level 1:colcon.colcon_core.environment:checking '/home/yuan/rm/code/Ros/my_ros2_control/install/gimbal_controller' for CMake config files
[10.400s] Level 1:colcon.colcon_core.shell:create_environment_hook('gimbal_controller', 'cmake_prefix_path')
[10.411s] INFO:colcon.colcon_core.shell:Creating environment hook '/home/yuan/rm/code/Ros/my_ros2_control/install/gimbal_controller/share/gimbal_controller/hook/cmake_prefix_path.ps1'
[10.411s] INFO:colcon.colcon_core.shell:Creating environment descriptor '/home/yuan/rm/code/Ros/my_ros2_control/install/gimbal_controller/share/gimbal_controller/hook/cmake_prefix_path.dsv'
[10.411s] INFO:colcon.colcon_core.shell:Creating environment hook '/home/yuan/rm/code/Ros/my_ros2_control/install/gimbal_controller/share/gimbal_controller/hook/cmake_prefix_path.sh'
[10.412s] Level 1:colcon.colcon_core.environment:checking '/home/yuan/rm/code/Ros/my_ros2_control/install/gimbal_controller/lib'
[10.412s] Level 1:colcon.colcon_core.shell:create_environment_hook('gimbal_controller', 'ld_library_path_lib')
[10.422s] INFO:colcon.colcon_core.shell:Creating environment hook '/home/yuan/rm/code/Ros/my_ros2_control/install/gimbal_controller/share/gimbal_controller/hook/ld_library_path_lib.ps1'
[10.422s] INFO:colcon.colcon_core.shell:Creating environment descriptor '/home/yuan/rm/code/Ros/my_ros2_control/install/gimbal_controller/share/gimbal_controller/hook/ld_library_path_lib.dsv'
[10.423s] INFO:colcon.colcon_core.shell:Creating environment hook '/home/yuan/rm/code/Ros/my_ros2_control/install/gimbal_controller/share/gimbal_controller/hook/ld_library_path_lib.sh'
[10.423s] Level 1:colcon.colcon_core.environment:checking '/home/yuan/rm/code/Ros/my_ros2_control/install/gimbal_controller/bin'
[10.423s] Level 1:colcon.colcon_core.environment:checking '/home/yuan/rm/code/Ros/my_ros2_control/install/gimbal_controller/lib/pkgconfig/gimbal_controller.pc'
[10.423s] Level 1:colcon.colcon_core.environment:checking '/home/yuan/rm/code/Ros/my_ros2_control/install/gimbal_controller/lib/python3.10/site-packages'
[10.423s] Level 1:colcon.colcon_core.environment:checking '/home/yuan/rm/code/Ros/my_ros2_control/install/gimbal_controller/bin'
[10.434s] INFO:colcon.colcon_core.shell:Creating package script '/home/yuan/rm/code/Ros/my_ros2_control/install/gimbal_controller/share/gimbal_controller/package.ps1'
[10.434s] INFO:colcon.colcon_core.shell:Creating package descriptor '/home/yuan/rm/code/Ros/my_ros2_control/install/gimbal_controller/share/gimbal_controller/package.dsv'
[10.435s] INFO:colcon.colcon_core.shell:Creating package script '/home/yuan/rm/code/Ros/my_ros2_control/install/gimbal_controller/share/gimbal_controller/package.sh'
[10.435s] INFO:colcon.colcon_core.shell:Creating package script '/home/yuan/rm/code/Ros/my_ros2_control/install/gimbal_controller/share/gimbal_controller/package.bash'
[10.435s] INFO:colcon.colcon_core.shell:Creating package script '/home/yuan/rm/code/Ros/my_ros2_control/install/gimbal_controller/share/gimbal_controller/package.zsh'
[10.436s] Level 1:colcon.colcon_core.environment:create_file_with_runtime_dependencies(/home/yuan/rm/code/Ros/my_ros2_control/install/gimbal_controller/share/colcon-core/packages/gimbal_controller)
[10.436s] DEBUG:colcon.colcon_parallel_executor.executor.parallel:closing loop
[10.436s] DEBUG:colcon.colcon_parallel_executor.executor.parallel:loop closed
[10.436s] DEBUG:colcon.colcon_parallel_executor.executor.parallel:run_until_complete finished with '0'
[10.436s] DEBUG:colcon.colcon_core.event_reactor:joining thread
[10.456s] INFO:colcon.colcon_core.plugin_system:Skipping extension 'colcon_notification.desktop_notification.terminal_notifier': Not used on non-Darwin systems
[10.456s] INFO:colcon.colcon_core.plugin_system:Skipping extension 'colcon_notification.desktop_notification.win32': Not used on non-Windows systems
[10.456s] INFO:colcon.colcon_notification.desktop_notification:Sending desktop notification using 'notify2'
[10.460s] DEBUG:colcon.colcon_core.event_reactor:joined thread
[10.471s] INFO:colcon.colcon_core.shell:Creating prefix script '/home/yuan/rm/code/Ros/my_ros2_control/install/local_setup.ps1'
[10.472s] INFO:colcon.colcon_core.shell:Creating prefix util module '/home/yuan/rm/code/Ros/my_ros2_control/install/_local_setup_util_ps1.py'
[10.473s] INFO:colcon.colcon_core.shell:Creating prefix chain script '/home/yuan/rm/code/Ros/my_ros2_control/install/setup.ps1'
[10.484s] INFO:colcon.colcon_core.shell:Creating prefix script '/home/yuan/rm/code/Ros/my_ros2_control/install/local_setup.sh'
[10.485s] INFO:colcon.colcon_core.shell:Creating prefix util module '/home/yuan/rm/code/Ros/my_ros2_control/install/_local_setup_util_sh.py'
[10.485s] INFO:colcon.colcon_core.shell:Creating prefix chain script '/home/yuan/rm/code/Ros/my_ros2_control/install/setup.sh'
[10.497s] INFO:colcon.colcon_core.shell:Creating prefix script '/home/yuan/rm/code/Ros/my_ros2_control/install/local_setup.bash'
[10.498s] INFO:colcon.colcon_core.shell:Creating prefix chain script '/home/yuan/rm/code/Ros/my_ros2_control/install/setup.bash'
[10.510s] INFO:colcon.colcon_core.shell:Creating prefix script '/home/yuan/rm/code/Ros/my_ros2_control/install/local_setup.zsh'
[10.510s] INFO:colcon.colcon_core.shell:Creating prefix chain script '/home/yuan/rm/code/Ros/my_ros2_control/install/setup.zsh'
