[01m[K/home/yuan/rm/code/Ros/my_ros2_control/src/motor_interface/src/motor_instance.cpp:1:10:[m[K [01;31m[Kfatal error: [m[Kmotor_instance.hpp: 没有那个文件或目录
    1 | #include [01;31m[K"motor_instance.hpp"[m[K
      |          [01;31m[K^~~~~~~~~~~~~~~~~~~~[m[K
compilation terminated.
[01m[K/home/yuan/rm/code/Ros/my_ros2_control/src/motor_interface/src/can_instance.cpp:1:10:[m[K [01;31m[Kfatal error: [m[Kcan_instance.hpp: 没有那个文件或目录
    1 | #include [01;31m[K"can_instance.hpp"[m[K
      |          [01;31m[K^~~~~~~~~~~~~~~~~~[m[K
compilation terminated.
gmake[2]: *** [CMakeFiles/motor_interface.dir/build.make:104：CMakeFiles/motor_interface.dir/src/motor_instance.cpp.o] 错误 1
gmake[2]: *** 正在等待未完成的任务....
gmake[2]: *** [CMakeFiles/motor_interface.dir/build.make:76：CMakeFiles/motor_interface.dir/src/can_instance.cpp.o] 错误 1
In file included from [01m[K/opt/ros/humble/include/rclcpp/rclcpp/logging.hpp:24[m[K,
                 from [01m[K/opt/ros/humble/include/rclcpp/rclcpp/client.hpp:40[m[K,
                 from [01m[K/opt/ros/humble/include/rclcpp/rclcpp/callback_group.hpp:24[m[K,
                 from [01m[K/opt/ros/humble/include/rclcpp/rclcpp/any_executable.hpp:20[m[K,
                 from [01m[K/opt/ros/humble/include/rclcpp/rclcpp/memory_strategy.hpp:25[m[K,
                 from [01m[K/opt/ros/humble/include/rclcpp/rclcpp/memory_strategies.hpp:18[m[K,
                 from [01m[K/opt/ros/humble/include/rclcpp/rclcpp/executor_options.hpp:20[m[K,
                 from [01m[K/opt/ros/humble/include/rclcpp/rclcpp/executor.hpp:37[m[K,
                 from [01m[K/opt/ros/humble/include/rclcpp/rclcpp/executors/multi_threaded_executor.hpp:25[m[K,
                 from [01m[K/opt/ros/humble/include/rclcpp/rclcpp/executors.hpp:21[m[K,
                 from [01m[K/opt/ros/humble/include/rclcpp/rclcpp/rclcpp.hpp:155[m[K,
                 from [01m[K/home/yuan/rm/code/Ros/my_ros2_control/src/motor_interface/src/motor.cpp:20[m[K:
[01m[K/home/yuan/rm/code/Ros/my_ros2_control/src/motor_interface/src/motor.cpp:[m[K In member function ‘[01m[Kvirtual hardware_interface::CallbackReturn motor_interface::Motor::on_init(const hardware_interface::HardwareInfo&)[m[K’:
[01m[K/home/yuan/rm/code/Ros/my_ros2_control/src/motor_interface/src/motor.cpp:42:58:[m[K [01;35m[Kwarning: [m[Kformat ‘[01m[K%d[m[K’ expects argument of type ‘[01m[Kint[m[K’, but argument 5 has type ‘[01m[Kstd::vector<hardware_interface::InterfaceInfo>::size_type[m[K’ {aka ‘[01m[Klong unsigned int[m[K’} [[01;35m[K]8;;https://gcc.gnu.org/onlinedocs/gcc/Warning-Options.html#index-Wformat=-Wformat=]8;;[m[K]
   42 |       RCLCPP_INFO(rclcpp::get_logger("motor_interface"), [01;35m[K"joint.command_interfaces.size=%d \n"[m[K, [32m[Kjoint.command_interfaces.size()[m[K);
      |                                                          [01;35m[K^~~~~~~~~~~~~~~~~~~~~~~~~~~~~~~~~~~~~[m[K  [32m[K~~~~~~~~~~~~~~~~~~~~~~~~~~~~~~~[m[K
      |                                                                                                                              [32m[K|[m[K
      |                                                                                                                              [32m[Kstd::vector<hardware_interface::InterfaceInfo>::size_type {aka long unsigned int}[m[K
[01m[K/home/yuan/rm/code/Ros/my_ros2_control/src/motor_interface/src/motor.cpp:42:90:[m[K [01;36m[Knote: [m[Kformat string is defined here
   42 |       RCLCPP_INFO(rclcpp::get_logger("motor_interface"), "joint.command_interfaces.size=[01;36m[K%d[m[K \n", joint.command_interfaces.size());
      |                                                                                         [01;36m[K~^[m[K
      |                                                                                          [01;36m[K|[m[K
      |                                                                                          [01;36m[Kint[m[K
      |                                                                                         [32m[K%ld[m[K
In file included from [01m[K/opt/ros/humble/include/rclcpp/rclcpp/logging.hpp:24[m[K,
                 from [01m[K/opt/ros/humble/include/rclcpp/rclcpp/client.hpp:40[m[K,
                 from [01m[K/opt/ros/humble/include/rclcpp/rclcpp/callback_group.hpp:24[m[K,
                 from [01m[K/opt/ros/humble/include/rclcpp/rclcpp/any_executable.hpp:20[m[K,
                 from [01m[K/opt/ros/humble/include/rclcpp/rclcpp/memory_strategy.hpp:25[m[K,
                 from [01m[K/opt/ros/humble/include/rclcpp/rclcpp/memory_strategies.hpp:18[m[K,
                 from [01m[K/opt/ros/humble/include/rclcpp/rclcpp/executor_options.hpp:20[m[K,
                 from [01m[K/opt/ros/humble/include/rclcpp/rclcpp/executor.hpp:37[m[K,
                 from [01m[K/opt/ros/humble/include/rclcpp/rclcpp/executors/multi_threaded_executor.hpp:25[m[K,
                 from [01m[K/opt/ros/humble/include/rclcpp/rclcpp/executors.hpp:21[m[K,
                 from [01m[K/opt/ros/humble/include/rclcpp/rclcpp/rclcpp.hpp:155[m[K,
                 from [01m[K/home/yuan/rm/code/Ros/my_ros2_control/src/motor_interface/src/motor.cpp:20[m[K:
[01m[K/home/yuan/rm/code/Ros/my_ros2_control/src/motor_interface/src/motor.cpp:45:58:[m[K [01;35m[Kwarning: [m[Kformat ‘[01m[K%d[m[K’ expects argument of type ‘[01m[Kint[m[K’, but argument 5 has type ‘[01m[Kstd::vector<hardware_interface::InterfaceInfo>::size_type[m[K’ {aka ‘[01m[Klong unsigned int[m[K’} [[01;35m[K]8;;https://gcc.gnu.org/onlinedocs/gcc/Warning-Options.html#index-Wformat=-Wformat=]8;;[m[K]
   45 |       RCLCPP_INFO(rclcpp::get_logger("motor_interface"), [01;35m[K"joint.state_interfaces.size=%d \n"[m[K, [32m[Kjoint.state_interfaces.size()[m[K);
      |                                                          [01;35m[K^~~~~~~~~~~~~~~~~~~~~~~~~~~~~~~~~~~[m[K  [32m[K~~~~~~~~~~~~~~~~~~~~~~~~~~~~~[m[K
      |                                                                                                                          [32m[K|[m[K
      |                                                                                                                          [32m[Kstd::vector<hardware_interface::InterfaceInfo>::size_type {aka long unsigned int}[m[K
[01m[K/home/yuan/rm/code/Ros/my_ros2_control/src/motor_interface/src/motor.cpp:45:88:[m[K [01;36m[Knote: [m[Kformat string is defined here
   45 |       RCLCPP_INFO(rclcpp::get_logger("motor_interface"), "joint.state_interfaces.size=[01;36m[K%d[m[K \n", joint.state_interfaces.size());
      |                                                                                       [01;36m[K~^[m[K
      |                                                                                        [01;36m[K|[m[K
      |                                                                                        [01;36m[Kint[m[K
      |                                                                                       [32m[K%ld[m[K
[01m[K/home/yuan/rm/code/Ros/my_ros2_control/src/motor_interface/src/motor.cpp:[m[K In member function ‘[01m[Kvirtual std::vector<hardware_interface::StateInterface> motor_interface::Motor::export_state_interfaces()[m[K’:
[01m[K/home/yuan/rm/code/Ros/my_ros2_control/src/motor_interface/src/motor.cpp:66:70:[m[K [01;31m[Kerror: [m[K‘[01m[Khw_states_[m[K’ was not declared in this scope
   66 |           info_.joints[i].name, hardware_interface::HW_IF_POSITION, &[01;31m[Khw_states_[m[K[i]));
      |                                                                      [01;31m[K^~~~~~~~~~[m[K
[01m[K/home/yuan/rm/code/Ros/my_ros2_control/src/motor_interface/src/motor.cpp:[m[K In member function ‘[01m[Kvirtual std::vector<hardware_interface::CommandInterface> motor_interface::Motor::export_command_interfaces()[m[K’:
[01m[K/home/yuan/rm/code/Ros/my_ros2_control/src/motor_interface/src/motor.cpp:79:70:[m[K [01;31m[Kerror: [m[K‘[01m[Khw_commands_[m[K’ was not declared in this scope
   79 |           info_.joints[i].name, hardware_interface::HW_IF_POSITION, &[01;31m[Khw_commands_[m[K[i]));
      |                                                                      [01;31m[K^~~~~~~~~~~~[m[K
gmake[2]: *** [CMakeFiles/motor_interface.dir/build.make:90：CMakeFiles/motor_interface.dir/src/motor.cpp.o] 错误 1
gmake[1]: *** [CMakeFiles/Makefile2:176：CMakeFiles/motor_interface.dir/all] 错误 2
gmake: *** [Makefile:146：all] 错误 2
