-- Found ament_cmake: 1.3.5 (/opt/ros/humble/share/ament_cmake/cmake)
-- Override CMake install command with custom implementation using symlinks instead of copying resources
-- Found hardware_interface: 2.31.0 (/opt/ros/humble/share/hardware_interface/cmake)
-- Found rosidl_generator_c: 3.1.5 (/opt/ros/humble/share/rosidl_generator_c/cmake)
-- Found rosidl_adapter: 3.1.5 (/opt/ros/humble/share/rosidl_adapter/cmake)
-- Found rosidl_generator_cpp: 3.1.5 (/opt/ros/humble/share/rosidl_generator_cpp/cmake)
-- Using all available rosidl_typesupport_c: rosidl_typesupport_fastrtps_c;rosidl_typesupport_introspection_c
-- Using all available rosidl_typesupport_cpp: rosidl_typesupport_fastrtps_cpp;rosidl_typesupport_introspection_cpp
-- Found rmw_implementation_cmake: 6.1.1 (/opt/ros/humble/share/rmw_implementation_cmake/cmake)
-- Found rmw_fastrtps_cpp: 6.2.4 (/opt/ros/humble/share/rmw_fastrtps_cpp/cmake)
-- Using RMW implementation 'rmw_fastrtps_cpp' as default
-- Found ament_lint_auto: 0.12.8 (/opt/ros/humble/share/ament_lint_auto/cmake)
-- Found gmock sources under '/opt/ros/humble/src/gmock_vendor': C++ tests using 'Google Mock' will be built
-- Found ament_cmake_gtest: 1.3.5 (/opt/ros/humble/share/ament_cmake_gtest/cmake)
-- Found gtest sources under '/opt/ros/humble/src/gtest_vendor': C++ tests using 'Google Test' will be built
-- Added test 'cppcheck' to perform static code analysis on C / C++ code
-- Configured cppcheck include dirs: /home/yuan/rm/code/Ros/my_ros2_control/src/motor_interface/include
-- Configured cppcheck exclude dirs and/or files: 
-- Added test 'flake8' to check Python code syntax and style conventions
-- Added test 'lint_cmake' to check CMake code style
-- Added test 'pep257' to check Python code against some of the docstring style conventions in PEP 257
-- Added test 'uncrustify' to check C / C++ code style
-- Configured uncrustify additional arguments: 
-- Added test 'xmllint' to check XML markup files
-- Configuring done
-- Generating done
-- Build files have been written to: /home/yuan/rm/code/Ros/my_ros2_control/build/motor_interface
[35m[1mConsolidate compiler generated dependencies of target gmock_main[0m
[35m[1mConsolidate compiler generated dependencies of target motor_interface[0m
[35m[1mConsolidate compiler generated dependencies of target gmock[0m
[ 18%] Built target gmock_main
[ 45%] [32mBuilding CXX object CMakeFiles/motor_interface.dir/src/can_instance.cpp.o[0m
[ 54%] Built target gmock
[ 72%] [32mBuilding CXX object CMakeFiles/motor_interface.dir/src/motor.cpp.o[0m
[ 72%] [32mBuilding CXX object CMakeFiles/motor_interface.dir/src/motor_instance.cpp.o[0m
[01m[K/home/yuan/rm/code/Ros/my_ros2_control/src/motor_interface/src/motor_instance.cpp:1:10:[m[K [01;31m[Kfatal error: [m[Kmotor_instance.hpp: 没有那个文件或目录
    1 | #include [01;31m[K"motor_instance.hpp"[m[K
      |          [01;31m[K^~~~~~~~~~~~~~~~~~~~[m[K
compilation terminated.
[01m[K/home/yuan/rm/code/Ros/my_ros2_control/src/motor_interface/src/can_instance.cpp:1:10:[m[K [01;31m[Kfatal error: [m[Kcan_instance.hpp: 没有那个文件或目录
    1 | #include [01;31m[K"can_instance.hpp"[m[K
      |          [01;31m[K^~~~~~~~~~~~~~~~~~[m[K
compilation terminated.
gmake[2]: *** [CMakeFiles/motor_interface.dir/build.make:104：CMakeFiles/motor_interface.dir/src/motor_instance.cpp.o] 错误 1
gmake[2]: *** 正在等待未完成的任务....
gmake[2]: *** [CMakeFiles/motor_interface.dir/build.make:76：CMakeFiles/motor_interface.dir/src/can_instance.cpp.o] 错误 1
[35m[1mConsolidate compiler generated dependencies of target test_motor[0m
[ 90%] Built target test_motor
In file included from [01m[K/opt/ros/humble/include/rclcpp/rclcpp/logging.hpp:24[m[K,
                 from [01m[K/opt/ros/humble/include/rclcpp/rclcpp/client.hpp:40[m[K,
                 from [01m[K/opt/ros/humble/include/rclcpp/rclcpp/callback_group.hpp:24[m[K,
                 from [01m[K/opt/ros/humble/include/rclcpp/rclcpp/any_executable.hpp:20[m[K,
                 from [01m[K/opt/ros/humble/include/rclcpp/rclcpp/memory_strategy.hpp:25[m[K,
                 from [01m[K/opt/ros/humble/include/rclcpp/rclcpp/memory_strategies.hpp:18[m[K,
                 from [01m[K/opt/ros/humble/include/rclcpp/rclcpp/executor_options.hpp:20[m[K,
                 from [01m[K/opt/ros/humble/include/rclcpp/rclcpp/executor.hpp:37[m[K,
                 from [01m[K/opt/ros/humble/include/rclcpp/rclcpp/executors/multi_threaded_executor.hpp:25[m[K,
                 from [01m[K/opt/ros/humble/include/rclcpp/rclcpp/executors.hpp:21[m[K,
                 from [01m[K/opt/ros/humble/include/rclcpp/rclcpp/rclcpp.hpp:155[m[K,
                 from [01m[K/home/yuan/rm/code/Ros/my_ros2_control/src/motor_interface/src/motor.cpp:20[m[K:
[01m[K/home/yuan/rm/code/Ros/my_ros2_control/src/motor_interface/src/motor.cpp:[m[K In member function ‘[01m[Kvirtual hardware_interface::CallbackReturn motor_interface::Motor::on_init(const hardware_interface::HardwareInfo&)[m[K’:
[01m[K/home/yuan/rm/code/Ros/my_ros2_control/src/motor_interface/src/motor.cpp:42:58:[m[K [01;35m[Kwarning: [m[Kformat ‘[01m[K%d[m[K’ expects argument of type ‘[01m[Kint[m[K’, but argument 5 has type ‘[01m[Kstd::vector<hardware_interface::InterfaceInfo>::size_type[m[K’ {aka ‘[01m[Klong unsigned int[m[K’} [[01;35m[K]8;;https://gcc.gnu.org/onlinedocs/gcc/Warning-Options.html#index-Wformat=-Wformat=]8;;[m[K]
   42 |       RCLCPP_INFO(rclcpp::get_logger("motor_interface"), [01;35m[K"joint.command_interfaces.size=%d \n"[m[K, [32m[Kjoint.command_interfaces.size()[m[K);
      |                                                          [01;35m[K^~~~~~~~~~~~~~~~~~~~~~~~~~~~~~~~~~~~~[m[K  [32m[K~~~~~~~~~~~~~~~~~~~~~~~~~~~~~~~[m[K
      |                                                                                                                              [32m[K|[m[K
      |                                                                                                                              [32m[Kstd::vector<hardware_interface::InterfaceInfo>::size_type {aka long unsigned int}[m[K
[01m[K/home/yuan/rm/code/Ros/my_ros2_control/src/motor_interface/src/motor.cpp:42:90:[m[K [01;36m[Knote: [m[Kformat string is defined here
   42 |       RCLCPP_INFO(rclcpp::get_logger("motor_interface"), "joint.command_interfaces.size=[01;36m[K%d[m[K \n", joint.command_interfaces.size());
      |                                                                                         [01;36m[K~^[m[K
      |                                                                                          [01;36m[K|[m[K
      |                                                                                          [01;36m[Kint[m[K
      |                                                                                         [32m[K%ld[m[K
In file included from [01m[K/opt/ros/humble/include/rclcpp/rclcpp/logging.hpp:24[m[K,
                 from [01m[K/opt/ros/humble/include/rclcpp/rclcpp/client.hpp:40[m[K,
                 from [01m[K/opt/ros/humble/include/rclcpp/rclcpp/callback_group.hpp:24[m[K,
                 from [01m[K/opt/ros/humble/include/rclcpp/rclcpp/any_executable.hpp:20[m[K,
                 from [01m[K/opt/ros/humble/include/rclcpp/rclcpp/memory_strategy.hpp:25[m[K,
                 from [01m[K/opt/ros/humble/include/rclcpp/rclcpp/memory_strategies.hpp:18[m[K,
                 from [01m[K/opt/ros/humble/include/rclcpp/rclcpp/executor_options.hpp:20[m[K,
                 from [01m[K/opt/ros/humble/include/rclcpp/rclcpp/executor.hpp:37[m[K,
                 from [01m[K/opt/ros/humble/include/rclcpp/rclcpp/executors/multi_threaded_executor.hpp:25[m[K,
                 from [01m[K/opt/ros/humble/include/rclcpp/rclcpp/executors.hpp:21[m[K,
                 from [01m[K/opt/ros/humble/include/rclcpp/rclcpp/rclcpp.hpp:155[m[K,
                 from [01m[K/home/yuan/rm/code/Ros/my_ros2_control/src/motor_interface/src/motor.cpp:20[m[K:
[01m[K/home/yuan/rm/code/Ros/my_ros2_control/src/motor_interface/src/motor.cpp:45:58:[m[K [01;35m[Kwarning: [m[Kformat ‘[01m[K%d[m[K’ expects argument of type ‘[01m[Kint[m[K’, but argument 5 has type ‘[01m[Kstd::vector<hardware_interface::InterfaceInfo>::size_type[m[K’ {aka ‘[01m[Klong unsigned int[m[K’} [[01;35m[K]8;;https://gcc.gnu.org/onlinedocs/gcc/Warning-Options.html#index-Wformat=-Wformat=]8;;[m[K]
   45 |       RCLCPP_INFO(rclcpp::get_logger("motor_interface"), [01;35m[K"joint.state_interfaces.size=%d \n"[m[K, [32m[Kjoint.state_interfaces.size()[m[K);
      |                                                          [01;35m[K^~~~~~~~~~~~~~~~~~~~~~~~~~~~~~~~~~~[m[K  [32m[K~~~~~~~~~~~~~~~~~~~~~~~~~~~~~[m[K
      |                                                                                                                          [32m[K|[m[K
      |                                                                                                                          [32m[Kstd::vector<hardware_interface::InterfaceInfo>::size_type {aka long unsigned int}[m[K
[01m[K/home/yuan/rm/code/Ros/my_ros2_control/src/motor_interface/src/motor.cpp:45:88:[m[K [01;36m[Knote: [m[Kformat string is defined here
   45 |       RCLCPP_INFO(rclcpp::get_logger("motor_interface"), "joint.state_interfaces.size=[01;36m[K%d[m[K \n", joint.state_interfaces.size());
      |                                                                                       [01;36m[K~^[m[K
      |                                                                                        [01;36m[K|[m[K
      |                                                                                        [01;36m[Kint[m[K
      |                                                                                       [32m[K%ld[m[K
[01m[K/home/yuan/rm/code/Ros/my_ros2_control/src/motor_interface/src/motor.cpp:[m[K In member function ‘[01m[Kvirtual std::vector<hardware_interface::StateInterface> motor_interface::Motor::export_state_interfaces()[m[K’:
[01m[K/home/yuan/rm/code/Ros/my_ros2_control/src/motor_interface/src/motor.cpp:66:70:[m[K [01;31m[Kerror: [m[K‘[01m[Khw_states_[m[K’ was not declared in this scope
   66 |           info_.joints[i].name, hardware_interface::HW_IF_POSITION, &[01;31m[Khw_states_[m[K[i]));
      |                                                                      [01;31m[K^~~~~~~~~~[m[K
[01m[K/home/yuan/rm/code/Ros/my_ros2_control/src/motor_interface/src/motor.cpp:[m[K In member function ‘[01m[Kvirtual std::vector<hardware_interface::CommandInterface> motor_interface::Motor::export_command_interfaces()[m[K’:
[01m[K/home/yuan/rm/code/Ros/my_ros2_control/src/motor_interface/src/motor.cpp:79:70:[m[K [01;31m[Kerror: [m[K‘[01m[Khw_commands_[m[K’ was not declared in this scope
   79 |           info_.joints[i].name, hardware_interface::HW_IF_POSITION, &[01;31m[Khw_commands_[m[K[i]));
      |                                                                      [01;31m[K^~~~~~~~~~~~[m[K
gmake[2]: *** [CMakeFiles/motor_interface.dir/build.make:90：CMakeFiles/motor_interface.dir/src/motor.cpp.o] 错误 1
gmake[1]: *** [CMakeFiles/Makefile2:176：CMakeFiles/motor_interface.dir/all] 错误 2
gmake: *** [Makefile:146：all] 错误 2
