[0.000000] (-) TimerEvent: {}
[0.000570] (motor_interface) JobQueued: {'identifier': 'motor_interface', 'dependencies': OrderedDict()}
[0.000655] (motor_interface) JobStarted: {'identifier': 'motor_interface'}
[0.069179] (motor_interface) JobProgress: {'identifier': 'motor_interface', 'progress': 'cmake'}
[0.069879] (motor_interface) JobProgress: {'identifier': 'motor_interface', 'progress': 'build'}
[0.070615] (motor_interface) Command: {'cmd': ['/usr/bin/cmake', '--build', '/home/yuan/rm/code/Ros/my_ros2_control/build/motor_interface', '--', '-j16', '-l16'], 'cwd': '/home/yuan/rm/code/Ros/my_ros2_control/build/motor_interface', 'env': OrderedDict([('LESSOPEN', '| /usr/bin/lesspipe %s'), ('LANGUAGE', 'zh_CN:zh'), ('USER', 'yuan'), ('XDG_SEAT', 'seat0'), ('SSH_AGENT_PID', '1226'), ('XDG_SESSION_TYPE', 'x11'), ('GIT_ASKPASS', '/usr/share/code/resources/app/extensions/git/dist/askpass.sh'), ('SHLVL', '1'), ('LD_LIBRARY_PATH', '/home/yuan/rm/code/Ros/my_ros2_control/install/motor_interface/lib:/opt/ros/humble/opt/rviz_ogre_vendor/lib:/opt/ros/humble/lib/x86_64-linux-gnu:/opt/ros/humble/lib'), ('HOME', '/home/yuan'), ('CHROME_DESKTOP', 'code-url-handler.desktop'), ('OLDPWD', '/home/yuan/rm/code/Ros/my_ros2_control'), ('TERM_PROGRAM_VERSION', '1.83.1'), ('DESKTOP_SESSION', 'xfce'), ('GIO_LAUNCHED_DESKTOP_FILE', '/usr/share/applications/code.desktop'), ('ROS_PYTHON_VERSION', '3'), ('XDG_SEAT_PATH', '/org/freedesktop/DisplayManager/Seat0'), ('VSCODE_GIT_ASKPASS_MAIN', '/usr/share/code/resources/app/extensions/git/dist/askpass-main.js'), ('VSCODE_GIT_ASKPASS_NODE', '/usr/share/code/code'), ('DBUS_SESSION_BUS_ADDRESS', 'unix:path=/run/user/1000/bus'), ('COLORTERM', 'truecolor'), ('GIO_LAUNCHED_DESKTOP_FILE_PID', '16962'), ('COLCON_PREFIX_PATH', '/home/yuan/rm/code/Ros/my_ros2_control/install'), ('ROS_DISTRO', 'humble'), ('GTK_IM_MODULE', 'fcitx'), ('LOGNAME', 'yuan'), ('_', '/usr/bin/colcon'), ('ROS_VERSION', '2'), ('XDG_SESSION_CLASS', 'user'), ('TERM', 'xterm-256color'), ('XDG_SESSION_ID', 'c1'), ('ROS_LOCALHOST_ONLY', '0'), ('PATH', '/home/yuan/rm/arm-gnu-toolchain-12.3.rel1-x86_64-arm-none-eabi/bin:/opt/ros/humble/bin:/usr/local/sbin:/usr/local/bin:/usr/sbin:/usr/bin:/sbin:/bin:/usr/games:/usr/local/games:/snap/bin:/home/yuan/.fzf/bin'), ('SESSION_MANAGER', 'local/yuan:@/tmp/.ICE-unix/1055,unix/yuan:/tmp/.ICE-unix/1055'), ('GDM_LANG', 'zh_CN'), ('XDG_SESSION_PATH', '/org/freedesktop/DisplayManager/Session0'), ('XDG_MENU_PREFIX', 'xfce-'), ('XDG_RUNTIME_DIR', '/run/user/1000'), ('GDK_BACKEND', 'x11'), ('DISPLAY', ':0.0'), ('LANG', 'zh_CN.UTF-8'), ('XDG_CURRENT_DESKTOP', 'XFCE'), ('XMODIFIERS', '@im=fcitx'), ('XDG_SESSION_DESKTOP', 'xfce'), ('XAUTHORITY', '/home/yuan/.Xauthority'), ('LS_COLORS', ''), ('VSCODE_GIT_IPC_HANDLE', '/run/user/1000/vscode-git-be293a297e.sock'), ('TERM_PROGRAM', 'vscode'), ('SSH_AUTH_SOCK', '/tmp/ssh-XXXXXXGZxlgD/agent.1225'), ('GSETTINGS_SCHEMA_DIR', '/home/yuan/data'), ('XDG_GREETER_DATA_DIR', '/var/lib/lightdm-data/yuan'), ('AMENT_PREFIX_PATH', '/home/yuan/rm/code/Ros/my_ros2_control/install/motor_interface:/opt/ros/humble'), ('ORIGINAL_XDG_CURRENT_DESKTOP', 'XFCE'), ('SHELL', '/bin/bash'), ('QT_ACCESSIBILITY', '1'), ('GDMSESSION', 'xfce'), ('LESSCLOSE', '/usr/bin/lesspipe %s %s'), ('VSCODE_GIT_ASKPASS_EXTRA_ARGS', '--ms-enable-electron-run-as-node'), ('QT_IM_MODULE', 'fcitx'), ('XDG_VTNR', '7'), ('PWD', '/home/yuan/rm/code/Ros/my_ros2_control/build/motor_interface'), ('XDG_CONFIG_DIRS', '/etc/xdg/xdg-xfce:/etc/xdg:/etc/xdg'), ('CLUTTER_IM_MODULE', 'xim'), ('XDG_DATA_DIRS', '/usr/share/xfce4:/usr/local/share:/usr/share:/var/lib/snapd/desktop:/usr/share'), ('PYTHONPATH', '/opt/ros/humble/lib/python3.10/site-packages:/opt/ros/humble/local/lib/python3.10/dist-packages'), ('COLCON', '1'), ('CMAKE_PREFIX_PATH', '/home/yuan/rm/code/Ros/my_ros2_control/install/motor_interface:/opt/ros/humble')]), 'shell': False}
[0.099627] (-) TimerEvent: {}
[0.126818] (motor_interface) StdoutLine: {'line': b'-- Found ament_cmake: 1.3.5 (/opt/ros/humble/share/ament_cmake/cmake)\n'}
[0.199739] (-) TimerEvent: {}
[0.285798] (motor_interface) StdoutLine: {'line': b'-- Override CMake install command with custom implementation using symlinks instead of copying resources\n'}
[0.299865] (-) TimerEvent: {}
[0.302039] (motor_interface) StdoutLine: {'line': b'-- Found hardware_interface: 2.31.0 (/opt/ros/humble/share/hardware_interface/cmake)\n'}
[0.337471] (motor_interface) StdoutLine: {'line': b'-- Found rosidl_generator_c: 3.1.5 (/opt/ros/humble/share/rosidl_generator_c/cmake)\n'}
[0.340459] (motor_interface) StdoutLine: {'line': b'-- Found rosidl_adapter: 3.1.5 (/opt/ros/humble/share/rosidl_adapter/cmake)\n'}
[0.349431] (motor_interface) StdoutLine: {'line': b'-- Found rosidl_generator_cpp: 3.1.5 (/opt/ros/humble/share/rosidl_generator_cpp/cmake)\n'}
[0.368784] (motor_interface) StdoutLine: {'line': b'-- Using all available rosidl_typesupport_c: rosidl_typesupport_fastrtps_c;rosidl_typesupport_introspection_c\n'}
[0.390506] (motor_interface) StdoutLine: {'line': b'-- Using all available rosidl_typesupport_cpp: rosidl_typesupport_fastrtps_cpp;rosidl_typesupport_introspection_cpp\n'}
[0.400020] (-) TimerEvent: {}
[0.500585] (-) TimerEvent: {}
[0.601008] (-) TimerEvent: {}
[0.701561] (-) TimerEvent: {}
[0.802065] (-) TimerEvent: {}
[0.902526] (-) TimerEvent: {}
[1.002897] (-) TimerEvent: {}
[1.022660] (motor_interface) StdoutLine: {'line': b'-- Found rmw_implementation_cmake: 6.1.1 (/opt/ros/humble/share/rmw_implementation_cmake/cmake)\n'}
[1.024708] (motor_interface) StdoutLine: {'line': b'-- Found rmw_fastrtps_cpp: 6.2.4 (/opt/ros/humble/share/rmw_fastrtps_cpp/cmake)\n'}
[1.103064] (-) TimerEvent: {}
[1.169602] (motor_interface) StdoutLine: {'line': b"-- Using RMW implementation 'rmw_fastrtps_cpp' as default\n"}
[1.203160] (-) TimerEvent: {}
[1.303489] (-) TimerEvent: {}
[1.369638] (motor_interface) StdoutLine: {'line': b'-- Found ament_lint_auto: 0.12.8 (/opt/ros/humble/share/ament_lint_auto/cmake)\n'}
[1.403588] (-) TimerEvent: {}
[1.438616] (motor_interface) StdoutLine: {'line': b"-- Found gmock sources under '/opt/ros/humble/src/gmock_vendor': C++ tests using 'Google Mock' will be built\n"}
[1.440784] (motor_interface) StdoutLine: {'line': b'-- Found ament_cmake_gtest: 1.3.5 (/opt/ros/humble/share/ament_cmake_gtest/cmake)\n'}
[1.441757] (motor_interface) StdoutLine: {'line': b"-- Found gtest sources under '/opt/ros/humble/src/gtest_vendor': C++ tests using 'Google Test' will be built\n"}
[1.493834] (motor_interface) StdoutLine: {'line': b"-- Added test 'cppcheck' to perform static code analysis on C / C++ code\n"}
[1.494058] (motor_interface) StdoutLine: {'line': b'-- Configured cppcheck include dirs: /home/yuan/rm/code/Ros/my_ros2_control/src/motor_interface/include\n'}
[1.494144] (motor_interface) StdoutLine: {'line': b'-- Configured cppcheck exclude dirs and/or files: \n'}
[1.494545] (motor_interface) StdoutLine: {'line': b"-- Added test 'flake8' to check Python code syntax and style conventions\n"}
[1.495394] (motor_interface) StdoutLine: {'line': b"-- Added test 'lint_cmake' to check CMake code style\n"}
[1.495907] (motor_interface) StdoutLine: {'line': b"-- Added test 'pep257' to check Python code against some of the docstring style conventions in PEP 257\n"}
[1.497928] (motor_interface) StdoutLine: {'line': b"-- Added test 'uncrustify' to check C / C++ code style\n"}
[1.498159] (motor_interface) StdoutLine: {'line': b'-- Configured uncrustify additional arguments: \n'}
[1.498474] (motor_interface) StdoutLine: {'line': b"-- Added test 'xmllint' to check XML markup files\n"}
[1.501852] (motor_interface) StdoutLine: {'line': b'-- Configuring done\n'}
[1.503671] (-) TimerEvent: {}
[1.578393] (motor_interface) StdoutLine: {'line': b'-- Generating done\n'}
[1.581826] (motor_interface) StdoutLine: {'line': b'-- Build files have been written to: /home/yuan/rm/code/Ros/my_ros2_control/build/motor_interface\n'}
[1.603837] (-) TimerEvent: {}
[1.616370] (motor_interface) StdoutLine: {'line': b'\x1b[35m\x1b[1mConsolidate compiler generated dependencies of target gmock_main\x1b[0m\n'}
[1.616729] (motor_interface) StdoutLine: {'line': b'\x1b[35m\x1b[1mConsolidate compiler generated dependencies of target motor_interface\x1b[0m\n'}
[1.616852] (motor_interface) StdoutLine: {'line': b'\x1b[35m\x1b[1mConsolidate compiler generated dependencies of target gmock\x1b[0m\n'}
[1.635896] (motor_interface) StdoutLine: {'line': b'[ 18%] Built target gmock_main\n'}
[1.638679] (motor_interface) StdoutLine: {'line': b'[ 45%] \x1b[32mBuilding CXX object CMakeFiles/motor_interface.dir/src/can_instance.cpp.o\x1b[0m\n'}
[1.638976] (motor_interface) StdoutLine: {'line': b'[ 54%] Built target gmock\n'}
[1.639811] (motor_interface) StdoutLine: {'line': b'[ 72%] \x1b[32mBuilding CXX object CMakeFiles/motor_interface.dir/src/motor.cpp.o\x1b[0m\n'}
[1.639948] (motor_interface) StdoutLine: {'line': b'[ 72%] \x1b[32mBuilding CXX object CMakeFiles/motor_interface.dir/src/motor_instance.cpp.o\x1b[0m\n'}
[1.649515] (motor_interface) StderrLine: {'line': b'\x1b[01m\x1b[K/home/yuan/rm/code/Ros/my_ros2_control/src/motor_interface/src/motor_instance.cpp:1:10:\x1b[m\x1b[K \x1b[01;31m\x1b[Kfatal error: \x1b[m\x1b[Kmotor_instance.hpp: \xe6\xb2\xa1\xe6\x9c\x89\xe9\x82\xa3\xe4\xb8\xaa\xe6\x96\x87\xe4\xbb\xb6\xe6\x88\x96\xe7\x9b\xae\xe5\xbd\x95\n'}
[1.649754] (motor_interface) StderrLine: {'line': b'    1 | #include \x1b[01;31m\x1b[K"motor_instance.hpp"\x1b[m\x1b[K\n'}
[1.649822] (motor_interface) StderrLine: {'line': b'      |          \x1b[01;31m\x1b[K^~~~~~~~~~~~~~~~~~~~\x1b[m\x1b[K\n'}
[1.649884] (motor_interface) StderrLine: {'line': b'compilation terminated.\n'}
[1.650045] (motor_interface) StderrLine: {'line': b'\x1b[01m\x1b[K/home/yuan/rm/code/Ros/my_ros2_control/src/motor_interface/src/can_instance.cpp:1:10:\x1b[m\x1b[K \x1b[01;31m\x1b[Kfatal error: \x1b[m\x1b[Kcan_instance.hpp: \xe6\xb2\xa1\xe6\x9c\x89\xe9\x82\xa3\xe4\xb8\xaa\xe6\x96\x87\xe4\xbb\xb6\xe6\x88\x96\xe7\x9b\xae\xe5\xbd\x95\n'}
[1.650137] (motor_interface) StderrLine: {'line': b'    1 | #include \x1b[01;31m\x1b[K"can_instance.hpp"\x1b[m\x1b[K\n'}
[1.650221] (motor_interface) StderrLine: {'line': b'      |          \x1b[01;31m\x1b[K^~~~~~~~~~~~~~~~~~\x1b[m\x1b[K\n'}
[1.650300] (motor_interface) StderrLine: {'line': b'compilation terminated.\n'}
[1.650783] (motor_interface) StderrLine: {'line': b'gmake[2]: *** [CMakeFiles/motor_interface.dir/build.make:104\xef\xbc\x9aCMakeFiles/motor_interface.dir/src/motor_instance.cpp.o] \xe9\x94\x99\xe8\xaf\xaf 1\n'}
[1.650875] (motor_interface) StderrLine: {'line': b'gmake[2]: *** \xe6\xad\xa3\xe5\x9c\xa8\xe7\xad\x89\xe5\xbe\x85\xe6\x9c\xaa\xe5\xae\x8c\xe6\x88\x90\xe7\x9a\x84\xe4\xbb\xbb\xe5\x8a\xa1....\n'}
[1.651210] (motor_interface) StderrLine: {'line': b'gmake[2]: *** [CMakeFiles/motor_interface.dir/build.make:76\xef\xbc\x9aCMakeFiles/motor_interface.dir/src/can_instance.cpp.o] \xe9\x94\x99\xe8\xaf\xaf 1\n'}
[1.652595] (motor_interface) StdoutLine: {'line': b'\x1b[35m\x1b[1mConsolidate compiler generated dependencies of target test_motor\x1b[0m\n'}
[1.673384] (motor_interface) StdoutLine: {'line': b'[ 90%] Built target test_motor\n'}
[1.703941] (-) TimerEvent: {}
[1.804308] (-) TimerEvent: {}
[1.904672] (-) TimerEvent: {}
[2.005016] (-) TimerEvent: {}
[2.105494] (-) TimerEvent: {}
[2.205840] (-) TimerEvent: {}
[2.306152] (-) TimerEvent: {}
[2.406494] (-) TimerEvent: {}
[2.506839] (-) TimerEvent: {}
[2.607148] (-) TimerEvent: {}
[2.707478] (-) TimerEvent: {}
[2.807815] (-) TimerEvent: {}
[2.908149] (-) TimerEvent: {}
[3.008458] (-) TimerEvent: {}
[3.108764] (-) TimerEvent: {}
[3.209090] (-) TimerEvent: {}
[3.309408] (-) TimerEvent: {}
[3.409739] (-) TimerEvent: {}
[3.510049] (-) TimerEvent: {}
[3.610386] (-) TimerEvent: {}
[3.710714] (-) TimerEvent: {}
[3.811053] (-) TimerEvent: {}
[3.911351] (-) TimerEvent: {}
[4.011830] (-) TimerEvent: {}
[4.112598] (-) TimerEvent: {}
[4.213444] (-) TimerEvent: {}
[4.314054] (-) TimerEvent: {}
[4.414581] (-) TimerEvent: {}
[4.515161] (-) TimerEvent: {}
[4.615593] (-) TimerEvent: {}
[4.635502] (motor_interface) StderrLine: {'line': b'In file included from \x1b[01m\x1b[K/opt/ros/humble/include/rclcpp/rclcpp/logging.hpp:24\x1b[m\x1b[K,\n'}
[4.635837] (motor_interface) StderrLine: {'line': b'                 from \x1b[01m\x1b[K/opt/ros/humble/include/rclcpp/rclcpp/client.hpp:40\x1b[m\x1b[K,\n'}
[4.635996] (motor_interface) StderrLine: {'line': b'                 from \x1b[01m\x1b[K/opt/ros/humble/include/rclcpp/rclcpp/callback_group.hpp:24\x1b[m\x1b[K,\n'}
[4.636098] (motor_interface) StderrLine: {'line': b'                 from \x1b[01m\x1b[K/opt/ros/humble/include/rclcpp/rclcpp/any_executable.hpp:20\x1b[m\x1b[K,\n'}
[4.636205] (motor_interface) StderrLine: {'line': b'                 from \x1b[01m\x1b[K/opt/ros/humble/include/rclcpp/rclcpp/memory_strategy.hpp:25\x1b[m\x1b[K,\n'}
[4.636321] (motor_interface) StderrLine: {'line': b'                 from \x1b[01m\x1b[K/opt/ros/humble/include/rclcpp/rclcpp/memory_strategies.hpp:18\x1b[m\x1b[K,\n'}
[4.636430] (motor_interface) StderrLine: {'line': b'                 from \x1b[01m\x1b[K/opt/ros/humble/include/rclcpp/rclcpp/executor_options.hpp:20\x1b[m\x1b[K,\n'}
[4.636538] (motor_interface) StderrLine: {'line': b'                 from \x1b[01m\x1b[K/opt/ros/humble/include/rclcpp/rclcpp/executor.hpp:37\x1b[m\x1b[K,\n'}
[4.636646] (motor_interface) StderrLine: {'line': b'                 from \x1b[01m\x1b[K/opt/ros/humble/include/rclcpp/rclcpp/executors/multi_threaded_executor.hpp:25\x1b[m\x1b[K,\n'}
[4.636748] (motor_interface) StderrLine: {'line': b'                 from \x1b[01m\x1b[K/opt/ros/humble/include/rclcpp/rclcpp/executors.hpp:21\x1b[m\x1b[K,\n'}
[4.636828] (motor_interface) StderrLine: {'line': b'                 from \x1b[01m\x1b[K/opt/ros/humble/include/rclcpp/rclcpp/rclcpp.hpp:155\x1b[m\x1b[K,\n'}
[4.637075] (motor_interface) StderrLine: {'line': b'                 from \x1b[01m\x1b[K/home/yuan/rm/code/Ros/my_ros2_control/src/motor_interface/src/motor.cpp:20\x1b[m\x1b[K:\n'}
[4.637195] (motor_interface) StderrLine: {'line': b'\x1b[01m\x1b[K/home/yuan/rm/code/Ros/my_ros2_control/src/motor_interface/src/motor.cpp:\x1b[m\x1b[K In member function \xe2\x80\x98\x1b[01m\x1b[Kvirtual hardware_interface::CallbackReturn motor_interface::Motor::on_init(const hardware_interface::HardwareInfo&)\x1b[m\x1b[K\xe2\x80\x99:\n'}
[4.637312] (motor_interface) StderrLine: {'line': b'\x1b[01m\x1b[K/home/yuan/rm/code/Ros/my_ros2_control/src/motor_interface/src/motor.cpp:42:58:\x1b[m\x1b[K \x1b[01;35m\x1b[Kwarning: \x1b[m\x1b[Kformat \xe2\x80\x98\x1b[01m\x1b[K%d\x1b[m\x1b[K\xe2\x80\x99 expects argument of type \xe2\x80\x98\x1b[01m\x1b[Kint\x1b[m\x1b[K\xe2\x80\x99, but argument 5 has type \xe2\x80\x98\x1b[01m\x1b[Kstd::vector<hardware_interface::InterfaceInfo>::size_type\x1b[m\x1b[K\xe2\x80\x99 {aka \xe2\x80\x98\x1b[01m\x1b[Klong unsigned int\x1b[m\x1b[K\xe2\x80\x99} [\x1b[01;35m\x1b[K\x1b]8;;https://gcc.gnu.org/onlinedocs/gcc/Warning-Options.html#index-Wformat=\x07-Wformat=\x1b]8;;\x07\x1b[m\x1b[K]\n'}
[4.637431] (motor_interface) StderrLine: {'line': b'   42 |       RCLCPP_INFO(rclcpp::get_logger("motor_interface"), \x1b[01;35m\x1b[K"joint.command_interfaces.size=%d \\n"\x1b[m\x1b[K, \x1b[32m\x1b[Kjoint.command_interfaces.size()\x1b[m\x1b[K);\n'}
[4.637531] (motor_interface) StderrLine: {'line': b'      |                                                          \x1b[01;35m\x1b[K^~~~~~~~~~~~~~~~~~~~~~~~~~~~~~~~~~~~~\x1b[m\x1b[K  \x1b[32m\x1b[K~~~~~~~~~~~~~~~~~~~~~~~~~~~~~~~\x1b[m\x1b[K\n'}
[4.637615] (motor_interface) StderrLine: {'line': b'      |                                                                                                                              \x1b[32m\x1b[K|\x1b[m\x1b[K\n'}
[4.637697] (motor_interface) StderrLine: {'line': b'      |                                                                                                                              \x1b[32m\x1b[Kstd::vector<hardware_interface::InterfaceInfo>::size_type {aka long unsigned int}\x1b[m\x1b[K\n'}
[4.637778] (motor_interface) StderrLine: {'line': b'\x1b[01m\x1b[K/home/yuan/rm/code/Ros/my_ros2_control/src/motor_interface/src/motor.cpp:42:90:\x1b[m\x1b[K \x1b[01;36m\x1b[Knote: \x1b[m\x1b[Kformat string is defined here\n'}
[4.637859] (motor_interface) StderrLine: {'line': b'   42 |       RCLCPP_INFO(rclcpp::get_logger("motor_interface"), "joint.command_interfaces.size=\x1b[01;36m\x1b[K%d\x1b[m\x1b[K \\n", joint.command_interfaces.size());\n'}
[4.637956] (motor_interface) StderrLine: {'line': b'      |                                                                                         \x1b[01;36m\x1b[K~^\x1b[m\x1b[K\n'}
[4.638040] (motor_interface) StderrLine: {'line': b'      |                                                                                          \x1b[01;36m\x1b[K|\x1b[m\x1b[K\n'}
[4.638127] (motor_interface) StderrLine: {'line': b'      |                                                                                          \x1b[01;36m\x1b[Kint\x1b[m\x1b[K\n'}
[4.638231] (motor_interface) StderrLine: {'line': b'      |                                                                                         \x1b[32m\x1b[K%ld\x1b[m\x1b[K\n'}
[4.638324] (motor_interface) StderrLine: {'line': b'In file included from \x1b[01m\x1b[K/opt/ros/humble/include/rclcpp/rclcpp/logging.hpp:24\x1b[m\x1b[K,\n'}
[4.638414] (motor_interface) StderrLine: {'line': b'                 from \x1b[01m\x1b[K/opt/ros/humble/include/rclcpp/rclcpp/client.hpp:40\x1b[m\x1b[K,\n'}
[4.638486] (motor_interface) StderrLine: {'line': b'                 from \x1b[01m\x1b[K/opt/ros/humble/include/rclcpp/rclcpp/callback_group.hpp:24\x1b[m\x1b[K,\n'}
[4.638569] (motor_interface) StderrLine: {'line': b'                 from \x1b[01m\x1b[K/opt/ros/humble/include/rclcpp/rclcpp/any_executable.hpp:20\x1b[m\x1b[K,\n'}
[4.638653] (motor_interface) StderrLine: {'line': b'                 from \x1b[01m\x1b[K/opt/ros/humble/include/rclcpp/rclcpp/memory_strategy.hpp:25\x1b[m\x1b[K,\n'}
[4.638742] (motor_interface) StderrLine: {'line': b'                 from \x1b[01m\x1b[K/opt/ros/humble/include/rclcpp/rclcpp/memory_strategies.hpp:18\x1b[m\x1b[K,\n'}
[4.638835] (motor_interface) StderrLine: {'line': b'                 from \x1b[01m\x1b[K/opt/ros/humble/include/rclcpp/rclcpp/executor_options.hpp:20\x1b[m\x1b[K,\n'}
[4.638907] (motor_interface) StderrLine: {'line': b'                 from \x1b[01m\x1b[K/opt/ros/humble/include/rclcpp/rclcpp/executor.hpp:37\x1b[m\x1b[K,\n'}
[4.638972] (motor_interface) StderrLine: {'line': b'                 from \x1b[01m\x1b[K/opt/ros/humble/include/rclcpp/rclcpp/executors/multi_threaded_executor.hpp:25\x1b[m\x1b[K,\n'}
[4.639045] (motor_interface) StderrLine: {'line': b'                 from \x1b[01m\x1b[K/opt/ros/humble/include/rclcpp/rclcpp/executors.hpp:21\x1b[m\x1b[K,\n'}
[4.639133] (motor_interface) StderrLine: {'line': b'                 from \x1b[01m\x1b[K/opt/ros/humble/include/rclcpp/rclcpp/rclcpp.hpp:155\x1b[m\x1b[K,\n'}
[4.639223] (motor_interface) StderrLine: {'line': b'                 from \x1b[01m\x1b[K/home/yuan/rm/code/Ros/my_ros2_control/src/motor_interface/src/motor.cpp:20\x1b[m\x1b[K:\n'}
[4.639332] (motor_interface) StderrLine: {'line': b'\x1b[01m\x1b[K/home/yuan/rm/code/Ros/my_ros2_control/src/motor_interface/src/motor.cpp:45:58:\x1b[m\x1b[K \x1b[01;35m\x1b[Kwarning: \x1b[m\x1b[Kformat \xe2\x80\x98\x1b[01m\x1b[K%d\x1b[m\x1b[K\xe2\x80\x99 expects argument of type \xe2\x80\x98\x1b[01m\x1b[Kint\x1b[m\x1b[K\xe2\x80\x99, but argument 5 has type \xe2\x80\x98\x1b[01m\x1b[Kstd::vector<hardware_interface::InterfaceInfo>::size_type\x1b[m\x1b[K\xe2\x80\x99 {aka \xe2\x80\x98\x1b[01m\x1b[Klong unsigned int\x1b[m\x1b[K\xe2\x80\x99} [\x1b[01;35m\x1b[K\x1b]8;;https://gcc.gnu.org/onlinedocs/gcc/Warning-Options.html#index-Wformat=\x07-Wformat=\x1b]8;;\x07\x1b[m\x1b[K]\n'}
[4.639432] (motor_interface) StderrLine: {'line': b'   45 |       RCLCPP_INFO(rclcpp::get_logger("motor_interface"), \x1b[01;35m\x1b[K"joint.state_interfaces.size=%d \\n"\x1b[m\x1b[K, \x1b[32m\x1b[Kjoint.state_interfaces.size()\x1b[m\x1b[K);\n'}
[4.639531] (motor_interface) StderrLine: {'line': b'      |                                                          \x1b[01;35m\x1b[K^~~~~~~~~~~~~~~~~~~~~~~~~~~~~~~~~~~\x1b[m\x1b[K  \x1b[32m\x1b[K~~~~~~~~~~~~~~~~~~~~~~~~~~~~~\x1b[m\x1b[K\n'}
[4.639633] (motor_interface) StderrLine: {'line': b'      |                                                                                                                          \x1b[32m\x1b[K|\x1b[m\x1b[K\n'}
[4.639736] (motor_interface) StderrLine: {'line': b'      |                                                                                                                          \x1b[32m\x1b[Kstd::vector<hardware_interface::InterfaceInfo>::size_type {aka long unsigned int}\x1b[m\x1b[K\n'}
[4.639831] (motor_interface) StderrLine: {'line': b'\x1b[01m\x1b[K/home/yuan/rm/code/Ros/my_ros2_control/src/motor_interface/src/motor.cpp:45:88:\x1b[m\x1b[K \x1b[01;36m\x1b[Knote: \x1b[m\x1b[Kformat string is defined here\n'}
[4.639984] (motor_interface) StderrLine: {'line': b'   45 |       RCLCPP_INFO(rclcpp::get_logger("motor_interface"), "joint.state_interfaces.size=\x1b[01;36m\x1b[K%d\x1b[m\x1b[K \\n", joint.state_interfaces.size());\n'}
[4.640057] (motor_interface) StderrLine: {'line': b'      |                                                                                       \x1b[01;36m\x1b[K~^\x1b[m\x1b[K\n'}
[4.640114] (motor_interface) StderrLine: {'line': b'      |                                                                                        \x1b[01;36m\x1b[K|\x1b[m\x1b[K\n'}
[4.640168] (motor_interface) StderrLine: {'line': b'      |                                                                                        \x1b[01;36m\x1b[Kint\x1b[m\x1b[K\n'}
[4.640223] (motor_interface) StderrLine: {'line': b'      |                                                                                       \x1b[32m\x1b[K%ld\x1b[m\x1b[K\n'}
[4.648682] (motor_interface) StderrLine: {'line': b'\x1b[01m\x1b[K/home/yuan/rm/code/Ros/my_ros2_control/src/motor_interface/src/motor.cpp:\x1b[m\x1b[K In member function \xe2\x80\x98\x1b[01m\x1b[Kvirtual std::vector<hardware_interface::StateInterface> motor_interface::Motor::export_state_interfaces()\x1b[m\x1b[K\xe2\x80\x99:\n'}
[4.648891] (motor_interface) StderrLine: {'line': b'\x1b[01m\x1b[K/home/yuan/rm/code/Ros/my_ros2_control/src/motor_interface/src/motor.cpp:66:70:\x1b[m\x1b[K \x1b[01;31m\x1b[Kerror: \x1b[m\x1b[K\xe2\x80\x98\x1b[01m\x1b[Khw_states_\x1b[m\x1b[K\xe2\x80\x99 was not declared in this scope\n'}
[4.648970] (motor_interface) StderrLine: {'line': b'   66 |           info_.joints[i].name, hardware_interface::HW_IF_POSITION, &\x1b[01;31m\x1b[Khw_states_\x1b[m\x1b[K[i]));\n'}
[4.649045] (motor_interface) StderrLine: {'line': b'      |                                                                      \x1b[01;31m\x1b[K^~~~~~~~~~\x1b[m\x1b[K\n'}
[4.663129] (motor_interface) StderrLine: {'line': b'\x1b[01m\x1b[K/home/yuan/rm/code/Ros/my_ros2_control/src/motor_interface/src/motor.cpp:\x1b[m\x1b[K In member function \xe2\x80\x98\x1b[01m\x1b[Kvirtual std::vector<hardware_interface::CommandInterface> motor_interface::Motor::export_command_interfaces()\x1b[m\x1b[K\xe2\x80\x99:\n'}
[4.663698] (motor_interface) StderrLine: {'line': b'\x1b[01m\x1b[K/home/yuan/rm/code/Ros/my_ros2_control/src/motor_interface/src/motor.cpp:79:70:\x1b[m\x1b[K \x1b[01;31m\x1b[Kerror: \x1b[m\x1b[K\xe2\x80\x98\x1b[01m\x1b[Khw_commands_\x1b[m\x1b[K\xe2\x80\x99 was not declared in this scope\n'}
[4.663800] (motor_interface) StderrLine: {'line': b'   79 |           info_.joints[i].name, hardware_interface::HW_IF_POSITION, &\x1b[01;31m\x1b[Khw_commands_\x1b[m\x1b[K[i]));\n'}
[4.663903] (motor_interface) StderrLine: {'line': b'      |                                                                      \x1b[01;31m\x1b[K^~~~~~~~~~~~\x1b[m\x1b[K\n'}
[4.715721] (-) TimerEvent: {}
[4.816124] (-) TimerEvent: {}
[4.916511] (-) TimerEvent: {}
[5.016868] (-) TimerEvent: {}
[5.117274] (-) TimerEvent: {}
[5.217671] (-) TimerEvent: {}
[5.318044] (-) TimerEvent: {}
[5.418624] (-) TimerEvent: {}
[5.519148] (-) TimerEvent: {}
[5.619689] (-) TimerEvent: {}
[5.720327] (-) TimerEvent: {}
[5.820784] (-) TimerEvent: {}
[5.831160] (motor_interface) StderrLine: {'line': b'gmake[2]: *** [CMakeFiles/motor_interface.dir/build.make:90\xef\xbc\x9aCMakeFiles/motor_interface.dir/src/motor.cpp.o] \xe9\x94\x99\xe8\xaf\xaf 1\n'}
[5.831507] (motor_interface) StderrLine: {'line': b'gmake[1]: *** [CMakeFiles/Makefile2:176\xef\xbc\x9aCMakeFiles/motor_interface.dir/all] \xe9\x94\x99\xe8\xaf\xaf 2\n'}
[5.831824] (motor_interface) StderrLine: {'line': b'gmake: *** [Makefile:146\xef\xbc\x9aall] \xe9\x94\x99\xe8\xaf\xaf 2\n'}
[5.834389] (motor_interface) CommandEnded: {'returncode': 2}
[5.920934] (-) TimerEvent: {}
[5.963457] (motor_interface) JobEnded: {'identifier': 'motor_interface', 'rc': 2}
[5.974273] (-) EventReactorShutdown: {}
