[35m[1mConsolidate compiler generated dependencies of target PROJECT_NAME[0m
[100%] Built target PROJECT_NAME
-- Install configuration: ""
-- Execute custom install script
-- Up-to-date symlink: /home/yuan/rm/code/Ros/my_ros2_control/install/tool_pid/lib/libPROJECT_NAME.so
-- Up-to-date symlink: /home/yuan/rm/code/Ros/my_ros2_control/install/tool_pid/include/tool_pid/tool_pid/pid.hpp
-- Up-to-date symlink: /home/yuan/rm/code/Ros/my_ros2_control/install/tool_pid/share/ament_index/resource_index/package_run_dependencies/tool_pid
-- Up-to-date symlink: /home/yuan/rm/code/Ros/my_ros2_control/install/tool_pid/share/ament_index/resource_index/parent_prefix_path/tool_pid
-- Up-to-date symlink: /home/yuan/rm/code/Ros/my_ros2_control/install/tool_pid/share/tool_pid/environment/ament_prefix_path.sh
-- Up-to-date symlink: /home/yuan/rm/code/Ros/my_ros2_control/install/tool_pid/share/tool_pid/environment/ament_prefix_path.dsv
-- Up-to-date symlink: /home/yuan/rm/code/Ros/my_ros2_control/install/tool_pid/share/tool_pid/environment/path.sh
-- Up-to-date symlink: /home/yuan/rm/code/Ros/my_ros2_control/install/tool_pid/share/tool_pid/environment/path.dsv
-- Up-to-date symlink: /home/yuan/rm/code/Ros/my_ros2_control/install/tool_pid/share/tool_pid/local_setup.bash
-- Up-to-date symlink: /home/yuan/rm/code/Ros/my_ros2_control/install/tool_pid/share/tool_pid/local_setup.sh
-- Up-to-date symlink: /home/yuan/rm/code/Ros/my_ros2_control/install/tool_pid/share/tool_pid/local_setup.zsh
-- Up-to-date symlink: /home/yuan/rm/code/Ros/my_ros2_control/install/tool_pid/share/tool_pid/local_setup.dsv
-- Symlinking: /home/yuan/rm/code/Ros/my_ros2_control/install/tool_pid/share/tool_pid/package.dsv
-- Up-to-date symlink: /home/yuan/rm/code/Ros/my_ros2_control/install/tool_pid/share/ament_index/resource_index/packages/tool_pid
-- Up-to-date symlink: /home/yuan/rm/code/Ros/my_ros2_control/install/tool_pid/share/tool_pid/cmake/tool_pidConfig.cmake
-- Up-to-date symlink: /home/yuan/rm/code/Ros/my_ros2_control/install/tool_pid/share/tool_pid/cmake/tool_pidConfig-version.cmake
-- Up-to-date symlink: /home/yuan/rm/code/Ros/my_ros2_control/install/tool_pid/share/tool_pid/package.xml
