[0.709s] DEBUG:colcon:Command line arguments: ['/usr/bin/colcon', 'build', '--symlink-install', '--cmake-args', '-DCMAKE_EXPORT_COMPILE_COMMANDS=1']
[0.709s] DEBUG:colcon:Parsed command line arguments: Namespace(log_base=None, log_level=None, verb_name='build', build_base='build', install_base='install', merge_install=False, symlink_install=True, test_result_base=None, continue_on_error=False, executor='parallel', parallel_workers=16, event_handlers=None, ignore_user_meta=False, metas=['./colcon.meta'], base_paths=['.'], packages_ignore=None, packages_ignore_regex=None, paths=None, packages_up_to=None, packages_up_to_regex=None, packages_above=None, packages_above_and_dependencies=None, packages_above_depth=None, packages_select_by_dep=None, packages_skip_by_dep=None, packages_skip_up_to=None, packages_select_build_failed=False, packages_skip_build_finished=False, packages_select_test_failures=False, packages_skip_test_passed=False, packages_select=None, packages_skip=None, packages_select_regex=None, packages_skip_regex=None, packages_start=None, packages_end=None, allow_overriding=[], cmake_args=['-DCMAKE_EXPORT_COMPILE_COMMANDS=1'], cmake_target=None, cmake_target_skip_unavailable=False, cmake_clean_cache=False, cmake_clean_first=False, cmake_force_configure=False, ament_cmake_args=None, catkin_cmake_args=None, catkin_skip_building_tests=False, verb_parser=<colcon_defaults.argument_parser.defaults.DefaultArgumentsDecorator object at 0x7f837a5eb8b0>, verb_extension=<colcon_core.verb.build.BuildVerb object at 0x7f837a5e8850>, main=<bound method BuildVerb.main of <colcon_core.verb.build.BuildVerb object at 0x7f837a5e8850>>)
[0.744s] Level 1:colcon.colcon_core.package_discovery:discover_packages(colcon_meta) check parameters
[0.744s] Level 1:colcon.colcon_core.package_discovery:discover_packages(recursive) check parameters
[0.744s] Level 1:colcon.colcon_core.package_discovery:discover_packages(ignore) check parameters
[0.744s] Level 1:colcon.colcon_core.package_discovery:discover_packages(path) check parameters
[0.744s] Level 1:colcon.colcon_core.package_discovery:discover_packages(colcon_meta) discover
[0.744s] Level 1:colcon.colcon_core.package_discovery:discover_packages(recursive) discover
[0.744s] INFO:colcon.colcon_core.package_discovery:Crawling recursively for packages in '/home/yuan/rm/code/Ros/my_ros2_control'
[0.744s] Level 1:colcon.colcon_core.package_identification:_identify(.) by extensions ['ignore', 'ignore_ament_install']
[0.744s] Level 1:colcon.colcon_core.package_identification:_identify(.) by extension 'ignore'
[0.744s] Level 1:colcon.colcon_core.package_identification:_identify(.) by extension 'ignore_ament_install'
[0.744s] Level 1:colcon.colcon_core.package_identification:_identify(.) by extensions ['colcon_pkg']
[0.744s] Level 1:colcon.colcon_core.package_identification:_identify(.) by extension 'colcon_pkg'
[0.744s] Level 1:colcon.colcon_core.package_identification:_identify(.) by extensions ['colcon_meta']
[0.744s] Level 1:colcon.colcon_core.package_identification:_identify(.) by extension 'colcon_meta'
[0.744s] Level 1:colcon.colcon_core.package_identification:_identify(.) by extensions ['ros']
[0.744s] Level 1:colcon.colcon_core.package_identification:_identify(.) by extension 'ros'
[0.752s] Level 1:colcon.colcon_core.package_identification:_identify(.) by extensions ['cmake', 'python']
[0.752s] Level 1:colcon.colcon_core.package_identification:_identify(.) by extension 'cmake'
[0.752s] Level 1:colcon.colcon_core.package_identification:_identify(.) by extension 'python'
[0.753s] Level 1:colcon.colcon_core.package_identification:_identify(.) by extensions ['python_setup_py']
[0.753s] Level 1:colcon.colcon_core.package_identification:_identify(.) by extension 'python_setup_py'
[0.753s] Level 1:colcon.colcon_core.package_identification:_identify(build) by extensions ['ignore', 'ignore_ament_install']
[0.753s] Level 1:colcon.colcon_core.package_identification:_identify(build) by extension 'ignore'
[0.753s] Level 1:colcon.colcon_core.package_identification:_identify(build) ignored
[0.753s] Level 1:colcon.colcon_core.package_identification:_identify(install) by extensions ['ignore', 'ignore_ament_install']
[0.753s] Level 1:colcon.colcon_core.package_identification:_identify(install) by extension 'ignore'
[0.753s] Level 1:colcon.colcon_core.package_identification:_identify(install) ignored
[0.753s] Level 1:colcon.colcon_core.package_identification:_identify(launch) by extensions ['ignore', 'ignore_ament_install']
[0.753s] Level 1:colcon.colcon_core.package_identification:_identify(launch) by extension 'ignore'
[0.753s] Level 1:colcon.colcon_core.package_identification:_identify(launch) by extension 'ignore_ament_install'
[0.753s] Level 1:colcon.colcon_core.package_identification:_identify(launch) by extensions ['colcon_pkg']
[0.753s] Level 1:colcon.colcon_core.package_identification:_identify(launch) by extension 'colcon_pkg'
[0.753s] Level 1:colcon.colcon_core.package_identification:_identify(launch) by extensions ['colcon_meta']
[0.753s] Level 1:colcon.colcon_core.package_identification:_identify(launch) by extension 'colcon_meta'
[0.753s] Level 1:colcon.colcon_core.package_identification:_identify(launch) by extensions ['ros']
[0.753s] Level 1:colcon.colcon_core.package_identification:_identify(launch) by extension 'ros'
[0.753s] Level 1:colcon.colcon_core.package_identification:_identify(launch) by extensions ['cmake', 'python']
[0.753s] Level 1:colcon.colcon_core.package_identification:_identify(launch) by extension 'cmake'
[0.753s] Level 1:colcon.colcon_core.package_identification:_identify(launch) by extension 'python'
[0.754s] Level 1:colcon.colcon_core.package_identification:_identify(launch) by extensions ['python_setup_py']
[0.754s] Level 1:colcon.colcon_core.package_identification:_identify(launch) by extension 'python_setup_py'
[0.754s] Level 1:colcon.colcon_core.package_identification:_identify(log) by extensions ['ignore', 'ignore_ament_install']
[0.754s] Level 1:colcon.colcon_core.package_identification:_identify(log) by extension 'ignore'
[0.754s] Level 1:colcon.colcon_core.package_identification:_identify(log) ignored
[0.754s] Level 1:colcon.colcon_core.package_identification:_identify(src) by extensions ['ignore', 'ignore_ament_install']
[0.754s] Level 1:colcon.colcon_core.package_identification:_identify(src) by extension 'ignore'
[0.754s] Level 1:colcon.colcon_core.package_identification:_identify(src) by extension 'ignore_ament_install'
[0.754s] Level 1:colcon.colcon_core.package_identification:_identify(src) by extensions ['colcon_pkg']
[0.754s] Level 1:colcon.colcon_core.package_identification:_identify(src) by extension 'colcon_pkg'
[0.754s] Level 1:colcon.colcon_core.package_identification:_identify(src) by extensions ['colcon_meta']
[0.754s] Level 1:colcon.colcon_core.package_identification:_identify(src) by extension 'colcon_meta'
[0.754s] Level 1:colcon.colcon_core.package_identification:_identify(src) by extensions ['ros']
[0.754s] Level 1:colcon.colcon_core.package_identification:_identify(src) by extension 'ros'
[0.754s] Level 1:colcon.colcon_core.package_identification:_identify(src) by extensions ['cmake', 'python']
[0.754s] Level 1:colcon.colcon_core.package_identification:_identify(src) by extension 'cmake'
[0.754s] Level 1:colcon.colcon_core.package_identification:_identify(src) by extension 'python'
[0.754s] Level 1:colcon.colcon_core.package_identification:_identify(src) by extensions ['python_setup_py']
[0.754s] Level 1:colcon.colcon_core.package_identification:_identify(src) by extension 'python_setup_py'
[0.754s] Level 1:colcon.colcon_core.package_identification:_identify(src/gimbal_controller) by extensions ['ignore', 'ignore_ament_install']
[0.755s] Level 1:colcon.colcon_core.package_identification:_identify(src/gimbal_controller) by extension 'ignore'
[0.755s] Level 1:colcon.colcon_core.package_identification:_identify(src/gimbal_controller) by extension 'ignore_ament_install'
[0.755s] Level 1:colcon.colcon_core.package_identification:_identify(src/gimbal_controller) by extensions ['colcon_pkg']
[0.755s] Level 1:colcon.colcon_core.package_identification:_identify(src/gimbal_controller) by extension 'colcon_pkg'
[0.755s] Level 1:colcon.colcon_core.package_identification:_identify(src/gimbal_controller) by extensions ['colcon_meta']
[0.755s] Level 1:colcon.colcon_core.package_identification:_identify(src/gimbal_controller) by extension 'colcon_meta'
[0.755s] Level 1:colcon.colcon_core.package_identification:_identify(src/gimbal_controller) by extensions ['ros']
[0.755s] Level 1:colcon.colcon_core.package_identification:_identify(src/gimbal_controller) by extension 'ros'
[0.757s] DEBUG:colcon.colcon_core.package_identification:Package 'src/gimbal_controller' with type 'ros.ament_cmake' and name 'gimbal_controller'
[0.757s] Level 1:colcon.colcon_core.package_identification:_identify(src/motor_interface) by extensions ['ignore', 'ignore_ament_install']
[0.757s] Level 1:colcon.colcon_core.package_identification:_identify(src/motor_interface) by extension 'ignore'
[0.757s] Level 1:colcon.colcon_core.package_identification:_identify(src/motor_interface) by extension 'ignore_ament_install'
[0.757s] Level 1:colcon.colcon_core.package_identification:_identify(src/motor_interface) by extensions ['colcon_pkg']
[0.757s] Level 1:colcon.colcon_core.package_identification:_identify(src/motor_interface) by extension 'colcon_pkg'
[0.757s] Level 1:colcon.colcon_core.package_identification:_identify(src/motor_interface) by extensions ['colcon_meta']
[0.757s] Level 1:colcon.colcon_core.package_identification:_identify(src/motor_interface) by extension 'colcon_meta'
[0.757s] Level 1:colcon.colcon_core.package_identification:_identify(src/motor_interface) by extensions ['ros']
[0.757s] Level 1:colcon.colcon_core.package_identification:_identify(src/motor_interface) by extension 'ros'
[0.758s] DEBUG:colcon.colcon_core.package_identification:Package 'src/motor_interface' with type 'ros.ament_cmake' and name 'motor_interface'
[0.758s] Level 1:colcon.colcon_core.package_identification:_identify(src/tool_pid) by extensions ['ignore', 'ignore_ament_install']
[0.758s] Level 1:colcon.colcon_core.package_identification:_identify(src/tool_pid) by extension 'ignore'
[0.758s] Level 1:colcon.colcon_core.package_identification:_identify(src/tool_pid) by extension 'ignore_ament_install'
[0.758s] Level 1:colcon.colcon_core.package_identification:_identify(src/tool_pid) by extensions ['colcon_pkg']
[0.758s] Level 1:colcon.colcon_core.package_identification:_identify(src/tool_pid) by extension 'colcon_pkg'
[0.758s] Level 1:colcon.colcon_core.package_identification:_identify(src/tool_pid) by extensions ['colcon_meta']
[0.758s] Level 1:colcon.colcon_core.package_identification:_identify(src/tool_pid) by extension 'colcon_meta'
[0.758s] Level 1:colcon.colcon_core.package_identification:_identify(src/tool_pid) by extensions ['ros']
[0.758s] Level 1:colcon.colcon_core.package_identification:_identify(src/tool_pid) by extension 'ros'
[0.759s] DEBUG:colcon.colcon_core.package_identification:Package 'src/tool_pid' with type 'ros.ament_cmake' and name 'tool_pid'
[0.759s] Level 1:colcon.colcon_core.package_discovery:discover_packages(recursive) using defaults
[0.759s] Level 1:colcon.colcon_core.package_discovery:discover_packages(ignore) discover
[0.759s] Level 1:colcon.colcon_core.package_discovery:discover_packages(ignore) using defaults
[0.759s] Level 1:colcon.colcon_core.package_discovery:discover_packages(path) discover
[0.759s] Level 1:colcon.colcon_core.package_discovery:discover_packages(path) using defaults
[0.824s] Level 1:colcon.colcon_core.package_discovery:discover_packages(prefix_path) check parameters
[0.824s] Level 1:colcon.colcon_core.package_discovery:discover_packages(prefix_path) discover
[0.845s] DEBUG:colcon.colcon_installed_package_information.package_discovery:Found 4 installed packages in /home/yuan/rm/code/Ros/my_ros2_control/install
[0.856s] DEBUG:colcon.colcon_installed_package_information.package_discovery:Found 334 installed packages in /opt/ros/humble
[0.857s] Level 1:colcon.colcon_core.package_discovery:discover_packages(prefix_path) using defaults
[0.927s] Level 5:colcon.colcon_core.verb:set package 'tool_pid' build argument 'cmake_args' from command line to '['-DCMAKE_EXPORT_COMPILE_COMMANDS=1']'
[0.928s] Level 5:colcon.colcon_core.verb:set package 'tool_pid' build argument 'cmake_target' from command line to 'None'
[0.928s] Level 5:colcon.colcon_core.verb:set package 'tool_pid' build argument 'cmake_target_skip_unavailable' from command line to 'False'
[0.928s] Level 5:colcon.colcon_core.verb:set package 'tool_pid' build argument 'cmake_clean_cache' from command line to 'False'
[0.928s] Level 5:colcon.colcon_core.verb:set package 'tool_pid' build argument 'cmake_clean_first' from command line to 'False'
[0.928s] Level 5:colcon.colcon_core.verb:set package 'tool_pid' build argument 'cmake_force_configure' from command line to 'False'
[0.928s] Level 5:colcon.colcon_core.verb:set package 'tool_pid' build argument 'ament_cmake_args' from command line to 'None'
[0.928s] Level 5:colcon.colcon_core.verb:set package 'tool_pid' build argument 'catkin_cmake_args' from command line to 'None'
[0.928s] Level 5:colcon.colcon_core.verb:set package 'tool_pid' build argument 'catkin_skip_building_tests' from command line to 'False'
[0.928s] DEBUG:colcon.colcon_core.verb:Building package 'tool_pid' with the following arguments: {'ament_cmake_args': None, 'build_base': '/home/yuan/rm/code/Ros/my_ros2_control/build/tool_pid', 'catkin_cmake_args': None, 'catkin_skip_building_tests': False, 'cmake_args': ['-DCMAKE_EXPORT_COMPILE_COMMANDS=1'], 'cmake_clean_cache': False, 'cmake_clean_first': False, 'cmake_force_configure': False, 'cmake_target': None, 'cmake_target_skip_unavailable': False, 'install_base': '/home/yuan/rm/code/Ros/my_ros2_control/install/tool_pid', 'merge_install': False, 'path': '/home/yuan/rm/code/Ros/my_ros2_control/src/tool_pid', 'symlink_install': True, 'test_result_base': None}
[0.938s] Level 5:colcon.colcon_core.verb:set package 'gimbal_controller' build argument 'cmake_args' from command line to '['-DCMAKE_EXPORT_COMPILE_COMMANDS=1']'
[0.938s] Level 5:colcon.colcon_core.verb:set package 'gimbal_controller' build argument 'cmake_target' from command line to 'None'
[0.938s] Level 5:colcon.colcon_core.verb:set package 'gimbal_controller' build argument 'cmake_target_skip_unavailable' from command line to 'False'
[0.938s] Level 5:colcon.colcon_core.verb:set package 'gimbal_controller' build argument 'cmake_clean_cache' from command line to 'False'
[0.938s] Level 5:colcon.colcon_core.verb:set package 'gimbal_controller' build argument 'cmake_clean_first' from command line to 'False'
[0.938s] Level 5:colcon.colcon_core.verb:set package 'gimbal_controller' build argument 'cmake_force_configure' from command line to 'False'
[0.938s] Level 5:colcon.colcon_core.verb:set package 'gimbal_controller' build argument 'ament_cmake_args' from command line to 'None'
[0.938s] Level 5:colcon.colcon_core.verb:set package 'gimbal_controller' build argument 'catkin_cmake_args' from command line to 'None'
[0.938s] Level 5:colcon.colcon_core.verb:set package 'gimbal_controller' build argument 'catkin_skip_building_tests' from command line to 'False'
[0.938s] DEBUG:colcon.colcon_core.verb:Building package 'gimbal_controller' with the following arguments: {'ament_cmake_args': None, 'build_base': '/home/yuan/rm/code/Ros/my_ros2_control/build/gimbal_controller', 'catkin_cmake_args': None, 'catkin_skip_building_tests': False, 'cmake_args': ['-DCMAKE_EXPORT_COMPILE_COMMANDS=1'], 'cmake_clean_cache': False, 'cmake_clean_first': False, 'cmake_force_configure': False, 'cmake_target': None, 'cmake_target_skip_unavailable': False, 'install_base': '/home/yuan/rm/code/Ros/my_ros2_control/install/gimbal_controller', 'merge_install': False, 'path': '/home/yuan/rm/code/Ros/my_ros2_control/src/gimbal_controller', 'symlink_install': True, 'test_result_base': None}
[0.948s] Level 5:colcon.colcon_core.verb:set package 'motor_interface' build argument 'cmake_args' from command line to '['-DCMAKE_EXPORT_COMPILE_COMMANDS=1']'
[0.948s] Level 5:colcon.colcon_core.verb:set package 'motor_interface' build argument 'cmake_target' from command line to 'None'
[0.948s] Level 5:colcon.colcon_core.verb:set package 'motor_interface' build argument 'cmake_target_skip_unavailable' from command line to 'False'
[0.948s] Level 5:colcon.colcon_core.verb:set package 'motor_interface' build argument 'cmake_clean_cache' from command line to 'False'
[0.948s] Level 5:colcon.colcon_core.verb:set package 'motor_interface' build argument 'cmake_clean_first' from command line to 'False'
[0.948s] Level 5:colcon.colcon_core.verb:set package 'motor_interface' build argument 'cmake_force_configure' from command line to 'False'
[0.948s] Level 5:colcon.colcon_core.verb:set package 'motor_interface' build argument 'ament_cmake_args' from command line to 'None'
[0.948s] Level 5:colcon.colcon_core.verb:set package 'motor_interface' build argument 'catkin_cmake_args' from command line to 'None'
[0.948s] Level 5:colcon.colcon_core.verb:set package 'motor_interface' build argument 'catkin_skip_building_tests' from command line to 'False'
[0.948s] DEBUG:colcon.colcon_core.verb:Building package 'motor_interface' with the following arguments: {'ament_cmake_args': None, 'build_base': '/home/yuan/rm/code/Ros/my_ros2_control/build/motor_interface', 'catkin_cmake_args': None, 'catkin_skip_building_tests': False, 'cmake_args': ['-DCMAKE_EXPORT_COMPILE_COMMANDS=1'], 'cmake_clean_cache': False, 'cmake_clean_first': False, 'cmake_force_configure': False, 'cmake_target': None, 'cmake_target_skip_unavailable': False, 'install_base': '/home/yuan/rm/code/Ros/my_ros2_control/install/motor_interface', 'merge_install': False, 'path': '/home/yuan/rm/code/Ros/my_ros2_control/src/motor_interface', 'symlink_install': True, 'test_result_base': None}
[0.958s] INFO:colcon.colcon_core.executor:Executing jobs using 'parallel' executor
[0.969s] DEBUG:colcon.colcon_parallel_executor.executor.parallel:run_until_complete
[0.969s] INFO:colcon.colcon_ros.task.ament_cmake.build:Building ROS package in '/home/yuan/rm/code/Ros/my_ros2_control/src/tool_pid' with build type 'ament_cmake'
[0.969s] INFO:colcon.colcon_cmake.task.cmake.build:Building CMake package in '/home/yuan/rm/code/Ros/my_ros2_control/src/tool_pid'
[0.980s] INFO:colcon.colcon_core.plugin_system:Skipping extension 'colcon_core.shell.bat': Not used on non-Windows systems
[0.980s] INFO:colcon.colcon_core.shell:Skip shell extension 'powershell' for command environment: Not usable outside of PowerShell
[0.980s] DEBUG:colcon.colcon_core.shell:Skip shell extension 'dsv' for command environment
[1.019s] DEBUG:colcon.colcon_core.event_handler.log_command:Invoking command in '/home/yuan/rm/code/Ros/my_ros2_control/build/tool_pid': CMAKE_PREFIX_PATH=${CMAKE_PREFIX_PATH}:/opt/ros/humble /usr/bin/cmake --build /home/yuan/rm/code/Ros/my_ros2_control/build/tool_pid -- -j16 -l16
[1.078s] DEBUG:colcon.colcon_core.event_handler.log_command:Invoked command in '/home/yuan/rm/code/Ros/my_ros2_control/build/tool_pid' returned '0': CMAKE_PREFIX_PATH=${CMAKE_PREFIX_PATH}:/opt/ros/humble /usr/bin/cmake --build /home/yuan/rm/code/Ros/my_ros2_control/build/tool_pid -- -j16 -l16
[1.114s] DEBUG:colcon.colcon_core.event_handler.log_command:Invoking command in '/home/yuan/rm/code/Ros/my_ros2_control/build/tool_pid': CMAKE_PREFIX_PATH=${CMAKE_PREFIX_PATH}:/opt/ros/humble /usr/bin/cmake --install /home/yuan/rm/code/Ros/my_ros2_control/build/tool_pid
[1.135s] Level 1:colcon.colcon_core.environment:create_environment_scripts_only(tool_pid)
[1.136s] DEBUG:colcon.colcon_core.event_handler.log_command:Invoked command in '/home/yuan/rm/code/Ros/my_ros2_control/build/tool_pid' returned '0': CMAKE_PREFIX_PATH=${CMAKE_PREFIX_PATH}:/opt/ros/humble /usr/bin/cmake --install /home/yuan/rm/code/Ros/my_ros2_control/build/tool_pid
[1.147s] Level 1:colcon.colcon_core.environment:checking '/home/yuan/rm/code/Ros/my_ros2_control/install/tool_pid' for CMake module files
[1.147s] Level 1:colcon.colcon_core.environment:checking '/home/yuan/rm/code/Ros/my_ros2_control/install/tool_pid' for CMake config files
[1.147s] Level 1:colcon.colcon_core.shell:create_environment_hook('tool_pid', 'cmake_prefix_path')
[1.158s] INFO:colcon.colcon_core.shell:Creating environment hook '/home/yuan/rm/code/Ros/my_ros2_control/install/tool_pid/share/tool_pid/hook/cmake_prefix_path.ps1'
[1.158s] INFO:colcon.colcon_core.shell:Creating environment descriptor '/home/yuan/rm/code/Ros/my_ros2_control/install/tool_pid/share/tool_pid/hook/cmake_prefix_path.dsv'
[1.158s] INFO:colcon.colcon_core.shell:Creating environment hook '/home/yuan/rm/code/Ros/my_ros2_control/install/tool_pid/share/tool_pid/hook/cmake_prefix_path.sh'
[1.159s] Level 1:colcon.colcon_core.environment:checking '/home/yuan/rm/code/Ros/my_ros2_control/install/tool_pid/lib'
[1.159s] Level 1:colcon.colcon_core.shell:create_environment_hook('tool_pid', 'ld_library_path_lib')
[1.169s] INFO:colcon.colcon_core.shell:Creating environment hook '/home/yuan/rm/code/Ros/my_ros2_control/install/tool_pid/share/tool_pid/hook/ld_library_path_lib.ps1'
[1.170s] INFO:colcon.colcon_core.shell:Creating environment descriptor '/home/yuan/rm/code/Ros/my_ros2_control/install/tool_pid/share/tool_pid/hook/ld_library_path_lib.dsv'
[1.170s] INFO:colcon.colcon_core.shell:Creating environment hook '/home/yuan/rm/code/Ros/my_ros2_control/install/tool_pid/share/tool_pid/hook/ld_library_path_lib.sh'
[1.170s] Level 1:colcon.colcon_core.environment:checking '/home/yuan/rm/code/Ros/my_ros2_control/install/tool_pid/bin'
[1.170s] Level 1:colcon.colcon_core.environment:checking '/home/yuan/rm/code/Ros/my_ros2_control/install/tool_pid/lib/pkgconfig/tool_pid.pc'
[1.171s] Level 1:colcon.colcon_core.environment:checking '/home/yuan/rm/code/Ros/my_ros2_control/install/tool_pid/lib/python3.10/site-packages'
[1.171s] Level 1:colcon.colcon_core.environment:checking '/home/yuan/rm/code/Ros/my_ros2_control/install/tool_pid/bin'
[1.181s] INFO:colcon.colcon_core.shell:Creating package script '/home/yuan/rm/code/Ros/my_ros2_control/install/tool_pid/share/tool_pid/package.ps1'
[1.182s] INFO:colcon.colcon_core.shell:Creating package descriptor '/home/yuan/rm/code/Ros/my_ros2_control/install/tool_pid/share/tool_pid/package.dsv'
[1.182s] INFO:colcon.colcon_core.shell:Creating package script '/home/yuan/rm/code/Ros/my_ros2_control/install/tool_pid/share/tool_pid/package.sh'
[1.183s] INFO:colcon.colcon_core.shell:Creating package script '/home/yuan/rm/code/Ros/my_ros2_control/install/tool_pid/share/tool_pid/package.bash'
[1.183s] INFO:colcon.colcon_core.shell:Creating package script '/home/yuan/rm/code/Ros/my_ros2_control/install/tool_pid/share/tool_pid/package.zsh'
[1.183s] Level 1:colcon.colcon_core.environment:create_file_with_runtime_dependencies(/home/yuan/rm/code/Ros/my_ros2_control/install/tool_pid/share/colcon-core/packages/tool_pid)
[1.220s] Level 1:colcon.colcon_core.environment:create_environment_scripts_only(tool_pid)
[1.230s] Level 1:colcon.colcon_core.environment:checking '/home/yuan/rm/code/Ros/my_ros2_control/install/tool_pid' for CMake module files
[1.231s] Level 1:colcon.colcon_core.environment:checking '/home/yuan/rm/code/Ros/my_ros2_control/install/tool_pid' for CMake config files
[1.231s] Level 1:colcon.colcon_core.shell:create_environment_hook('tool_pid', 'cmake_prefix_path')
[1.241s] INFO:colcon.colcon_core.shell:Creating environment hook '/home/yuan/rm/code/Ros/my_ros2_control/install/tool_pid/share/tool_pid/hook/cmake_prefix_path.ps1'
[1.241s] INFO:colcon.colcon_core.shell:Creating environment descriptor '/home/yuan/rm/code/Ros/my_ros2_control/install/tool_pid/share/tool_pid/hook/cmake_prefix_path.dsv'
[1.241s] INFO:colcon.colcon_core.shell:Creating environment hook '/home/yuan/rm/code/Ros/my_ros2_control/install/tool_pid/share/tool_pid/hook/cmake_prefix_path.sh'
[1.242s] Level 1:colcon.colcon_core.environment:checking '/home/yuan/rm/code/Ros/my_ros2_control/install/tool_pid/lib'
[1.242s] Level 1:colcon.colcon_core.shell:create_environment_hook('tool_pid', 'ld_library_path_lib')
[1.252s] INFO:colcon.colcon_core.shell:Creating environment hook '/home/yuan/rm/code/Ros/my_ros2_control/install/tool_pid/share/tool_pid/hook/ld_library_path_lib.ps1'
[1.253s] INFO:colcon.colcon_core.shell:Creating environment descriptor '/home/yuan/rm/code/Ros/my_ros2_control/install/tool_pid/share/tool_pid/hook/ld_library_path_lib.dsv'
[1.253s] INFO:colcon.colcon_core.shell:Creating environment hook '/home/yuan/rm/code/Ros/my_ros2_control/install/tool_pid/share/tool_pid/hook/ld_library_path_lib.sh'
[1.253s] Level 1:colcon.colcon_core.environment:checking '/home/yuan/rm/code/Ros/my_ros2_control/install/tool_pid/bin'
[1.253s] Level 1:colcon.colcon_core.environment:checking '/home/yuan/rm/code/Ros/my_ros2_control/install/tool_pid/lib/pkgconfig/tool_pid.pc'
[1.253s] Level 1:colcon.colcon_core.environment:checking '/home/yuan/rm/code/Ros/my_ros2_control/install/tool_pid/lib/python3.10/site-packages'
[1.253s] Level 1:colcon.colcon_core.environment:checking '/home/yuan/rm/code/Ros/my_ros2_control/install/tool_pid/bin'
[1.273s] INFO:colcon.colcon_core.shell:Creating package script '/home/yuan/rm/code/Ros/my_ros2_control/install/tool_pid/share/tool_pid/package.ps1'
[1.274s] INFO:colcon.colcon_core.shell:Creating package descriptor '/home/yuan/rm/code/Ros/my_ros2_control/install/tool_pid/share/tool_pid/package.dsv'
[1.274s] INFO:colcon.colcon_core.shell:Creating package script '/home/yuan/rm/code/Ros/my_ros2_control/install/tool_pid/share/tool_pid/package.sh'
[1.274s] INFO:colcon.colcon_core.shell:Creating package script '/home/yuan/rm/code/Ros/my_ros2_control/install/tool_pid/share/tool_pid/package.bash'
[1.275s] INFO:colcon.colcon_core.shell:Creating package script '/home/yuan/rm/code/Ros/my_ros2_control/install/tool_pid/share/tool_pid/package.zsh'
[1.275s] Level 1:colcon.colcon_core.environment:create_file_with_runtime_dependencies(/home/yuan/rm/code/Ros/my_ros2_control/install/tool_pid/share/colcon-core/packages/tool_pid)
[1.275s] INFO:colcon.colcon_ros.task.ament_cmake.build:Building ROS package in '/home/yuan/rm/code/Ros/my_ros2_control/src/gimbal_controller' with build type 'ament_cmake'
[1.276s] INFO:colcon.colcon_cmake.task.cmake.build:Building CMake package in '/home/yuan/rm/code/Ros/my_ros2_control/src/gimbal_controller'
[1.286s] INFO:colcon.colcon_core.shell:Skip shell extension 'powershell' for command environment: Not usable outside of PowerShell
[1.286s] DEBUG:colcon.colcon_core.shell:Skip shell extension 'dsv' for command environment
[1.335s] DEBUG:colcon.colcon_core.event_handler.log_command:Invoking command in '/home/yuan/rm/code/Ros/my_ros2_control/build/gimbal_controller': CMAKE_PREFIX_PATH=${CMAKE_PREFIX_PATH}:/opt/ros/humble /usr/bin/cmake --build /home/yuan/rm/code/Ros/my_ros2_control/build/gimbal_controller -- -j16 -l16
[2.489s] DEBUG:colcon.colcon_core.event_handler.log_command:Invoked command in '/home/yuan/rm/code/Ros/my_ros2_control/build/gimbal_controller' returned '2': CMAKE_PREFIX_PATH=${CMAKE_PREFIX_PATH}:/opt/ros/humble /usr/bin/cmake --build /home/yuan/rm/code/Ros/my_ros2_control/build/gimbal_controller -- -j16 -l16
[2.528s] Level 1:colcon.colcon_core.environment:create_environment_scripts_only(gimbal_controller)
[2.538s] Level 1:colcon.colcon_core.environment:checking '/home/yuan/rm/code/Ros/my_ros2_control/install/gimbal_controller' for CMake module files
[2.538s] Level 1:colcon.colcon_core.environment:checking '/home/yuan/rm/code/Ros/my_ros2_control/install/gimbal_controller' for CMake config files
[2.538s] Level 1:colcon.colcon_core.shell:create_environment_hook('gimbal_controller', 'cmake_prefix_path')
[2.549s] INFO:colcon.colcon_core.shell:Creating environment hook '/home/yuan/rm/code/Ros/my_ros2_control/install/gimbal_controller/share/gimbal_controller/hook/cmake_prefix_path.ps1'
[2.549s] INFO:colcon.colcon_core.shell:Creating environment descriptor '/home/yuan/rm/code/Ros/my_ros2_control/install/gimbal_controller/share/gimbal_controller/hook/cmake_prefix_path.dsv'
[2.549s] INFO:colcon.colcon_core.shell:Creating environment hook '/home/yuan/rm/code/Ros/my_ros2_control/install/gimbal_controller/share/gimbal_controller/hook/cmake_prefix_path.sh'
[2.550s] Level 1:colcon.colcon_core.environment:checking '/home/yuan/rm/code/Ros/my_ros2_control/install/gimbal_controller/lib'
[2.550s] Level 1:colcon.colcon_core.shell:create_environment_hook('gimbal_controller', 'ld_library_path_lib')
[2.560s] INFO:colcon.colcon_core.shell:Creating environment hook '/home/yuan/rm/code/Ros/my_ros2_control/install/gimbal_controller/share/gimbal_controller/hook/ld_library_path_lib.ps1'
[2.560s] INFO:colcon.colcon_core.shell:Creating environment descriptor '/home/yuan/rm/code/Ros/my_ros2_control/install/gimbal_controller/share/gimbal_controller/hook/ld_library_path_lib.dsv'
[2.561s] INFO:colcon.colcon_core.shell:Creating environment hook '/home/yuan/rm/code/Ros/my_ros2_control/install/gimbal_controller/share/gimbal_controller/hook/ld_library_path_lib.sh'
[2.561s] Level 1:colcon.colcon_core.environment:checking '/home/yuan/rm/code/Ros/my_ros2_control/install/gimbal_controller/bin'
[2.561s] Level 1:colcon.colcon_core.environment:checking '/home/yuan/rm/code/Ros/my_ros2_control/install/gimbal_controller/lib/pkgconfig/gimbal_controller.pc'
[2.561s] Level 1:colcon.colcon_core.environment:checking '/home/yuan/rm/code/Ros/my_ros2_control/install/gimbal_controller/lib/python3.10/site-packages'
[2.561s] Level 1:colcon.colcon_core.environment:checking '/home/yuan/rm/code/Ros/my_ros2_control/install/gimbal_controller/bin'
[2.571s] INFO:colcon.colcon_core.shell:Creating package script '/home/yuan/rm/code/Ros/my_ros2_control/install/gimbal_controller/share/gimbal_controller/package.ps1'
[2.572s] INFO:colcon.colcon_core.shell:Creating package descriptor '/home/yuan/rm/code/Ros/my_ros2_control/install/gimbal_controller/share/gimbal_controller/package.dsv'
[2.573s] INFO:colcon.colcon_core.shell:Creating package script '/home/yuan/rm/code/Ros/my_ros2_control/install/gimbal_controller/share/gimbal_controller/package.sh'
[2.573s] INFO:colcon.colcon_core.shell:Creating package script '/home/yuan/rm/code/Ros/my_ros2_control/install/gimbal_controller/share/gimbal_controller/package.bash'
[2.573s] INFO:colcon.colcon_core.shell:Creating package script '/home/yuan/rm/code/Ros/my_ros2_control/install/gimbal_controller/share/gimbal_controller/package.zsh'
[2.573s] Level 1:colcon.colcon_core.environment:create_file_with_runtime_dependencies(/home/yuan/rm/code/Ros/my_ros2_control/install/gimbal_controller/share/colcon-core/packages/gimbal_controller)
[2.584s] DEBUG:colcon.colcon_parallel_executor.executor.parallel:closing loop
[2.584s] DEBUG:colcon.colcon_parallel_executor.executor.parallel:loop closed
[2.584s] DEBUG:colcon.colcon_parallel_executor.executor.parallel:run_until_complete finished with '2'
[2.584s] DEBUG:colcon.colcon_core.event_reactor:joining thread
[2.599s] INFO:colcon.colcon_core.plugin_system:Skipping extension 'colcon_notification.desktop_notification.terminal_notifier': Not used on non-Darwin systems
[2.599s] INFO:colcon.colcon_core.plugin_system:Skipping extension 'colcon_notification.desktop_notification.win32': Not used on non-Windows systems
[2.599s] INFO:colcon.colcon_notification.desktop_notification:Sending desktop notification using 'notify2'
[2.603s] DEBUG:colcon.colcon_core.event_reactor:joined thread
[2.614s] INFO:colcon.colcon_core.shell:Creating prefix script '/home/yuan/rm/code/Ros/my_ros2_control/install/local_setup.ps1'
[2.615s] INFO:colcon.colcon_core.shell:Creating prefix util module '/home/yuan/rm/code/Ros/my_ros2_control/install/_local_setup_util_ps1.py'
[2.616s] INFO:colcon.colcon_core.shell:Creating prefix chain script '/home/yuan/rm/code/Ros/my_ros2_control/install/setup.ps1'
[2.627s] INFO:colcon.colcon_core.shell:Creating prefix script '/home/yuan/rm/code/Ros/my_ros2_control/install/local_setup.sh'
[2.627s] INFO:colcon.colcon_core.shell:Creating prefix util module '/home/yuan/rm/code/Ros/my_ros2_control/install/_local_setup_util_sh.py'
[2.628s] INFO:colcon.colcon_core.shell:Creating prefix chain script '/home/yuan/rm/code/Ros/my_ros2_control/install/setup.sh'
[2.639s] INFO:colcon.colcon_core.shell:Creating prefix script '/home/yuan/rm/code/Ros/my_ros2_control/install/local_setup.bash'
[2.639s] INFO:colcon.colcon_core.shell:Creating prefix chain script '/home/yuan/rm/code/Ros/my_ros2_control/install/setup.bash'
[2.650s] INFO:colcon.colcon_core.shell:Creating prefix script '/home/yuan/rm/code/Ros/my_ros2_control/install/local_setup.zsh'
[2.650s] INFO:colcon.colcon_core.shell:Creating prefix chain script '/home/yuan/rm/code/Ros/my_ros2_control/install/setup.zsh'
