[0.705s] DEBUG:colcon:Command line arguments: ['/usr/bin/colcon', 'build', '--symlink-install']
[0.705s] DEBUG:colcon:Parsed command line arguments: Namespace(log_base=None, log_level=None, verb_name='build', build_base='build', install_base='install', merge_install=False, symlink_install=True, test_result_base=None, continue_on_error=False, executor='parallel', parallel_workers=16, event_handlers=None, ignore_user_meta=False, metas=['./colcon.meta'], base_paths=['.'], packages_ignore=None, packages_ignore_regex=None, paths=None, packages_up_to=None, packages_up_to_regex=None, packages_above=None, packages_above_and_dependencies=None, packages_above_depth=None, packages_select_by_dep=None, packages_skip_by_dep=None, packages_skip_up_to=None, packages_select_build_failed=False, packages_skip_build_finished=False, packages_select_test_failures=False, packages_skip_test_passed=False, packages_select=None, packages_skip=None, packages_select_regex=None, packages_skip_regex=None, packages_start=None, packages_end=None, allow_overriding=[], cmake_args=None, cmake_target=None, cmake_target_skip_unavailable=False, cmake_clean_cache=False, cmake_clean_first=False, cmake_force_configure=False, ament_cmake_args=None, catkin_cmake_args=None, catkin_skip_building_tests=False, verb_parser=<colcon_defaults.argument_parser.defaults.DefaultArgumentsDecorator object at 0x7fb01669d870>, verb_extension=<colcon_core.verb.build.BuildVerb object at 0x7fb0166624a0>, main=<bound method BuildVerb.main of <colcon_core.verb.build.BuildVerb object at 0x7fb0166624a0>>)
[0.740s] Level 1:colcon.colcon_core.package_discovery:discover_packages(colcon_meta) check parameters
[0.740s] Level 1:colcon.colcon_core.package_discovery:discover_packages(recursive) check parameters
[0.740s] Level 1:colcon.colcon_core.package_discovery:discover_packages(ignore) check parameters
[0.740s] Level 1:colcon.colcon_core.package_discovery:discover_packages(path) check parameters
[0.740s] Level 1:colcon.colcon_core.package_discovery:discover_packages(colcon_meta) discover
[0.740s] Level 1:colcon.colcon_core.package_discovery:discover_packages(recursive) discover
[0.740s] INFO:colcon.colcon_core.package_discovery:Crawling recursively for packages in '/home/yuan/rm/code/Ros/my_ros2_control'
[0.740s] Level 1:colcon.colcon_core.package_identification:_identify(.) by extensions ['ignore', 'ignore_ament_install']
[0.740s] Level 1:colcon.colcon_core.package_identification:_identify(.) by extension 'ignore'
[0.740s] Level 1:colcon.colcon_core.package_identification:_identify(.) by extension 'ignore_ament_install'
[0.740s] Level 1:colcon.colcon_core.package_identification:_identify(.) by extensions ['colcon_pkg']
[0.740s] Level 1:colcon.colcon_core.package_identification:_identify(.) by extension 'colcon_pkg'
[0.740s] Level 1:colcon.colcon_core.package_identification:_identify(.) by extensions ['colcon_meta']
[0.740s] Level 1:colcon.colcon_core.package_identification:_identify(.) by extension 'colcon_meta'
[0.740s] Level 1:colcon.colcon_core.package_identification:_identify(.) by extensions ['ros']
[0.740s] Level 1:colcon.colcon_core.package_identification:_identify(.) by extension 'ros'
[0.749s] Level 1:colcon.colcon_core.package_identification:_identify(.) by extensions ['cmake', 'python']
[0.749s] Level 1:colcon.colcon_core.package_identification:_identify(.) by extension 'cmake'
[0.749s] Level 1:colcon.colcon_core.package_identification:_identify(.) by extension 'python'
[0.749s] Level 1:colcon.colcon_core.package_identification:_identify(.) by extensions ['python_setup_py']
[0.749s] Level 1:colcon.colcon_core.package_identification:_identify(.) by extension 'python_setup_py'
[0.749s] Level 1:colcon.colcon_core.package_identification:_identify(build) by extensions ['ignore', 'ignore_ament_install']
[0.749s] Level 1:colcon.colcon_core.package_identification:_identify(build) by extension 'ignore'
[0.749s] Level 1:colcon.colcon_core.package_identification:_identify(build) ignored
[0.749s] Level 1:colcon.colcon_core.package_identification:_identify(install) by extensions ['ignore', 'ignore_ament_install']
[0.749s] Level 1:colcon.colcon_core.package_identification:_identify(install) by extension 'ignore'
[0.749s] Level 1:colcon.colcon_core.package_identification:_identify(install) ignored
[0.749s] Level 1:colcon.colcon_core.package_identification:_identify(launch) by extensions ['ignore', 'ignore_ament_install']
[0.749s] Level 1:colcon.colcon_core.package_identification:_identify(launch) by extension 'ignore'
[0.749s] Level 1:colcon.colcon_core.package_identification:_identify(launch) by extension 'ignore_ament_install'
[0.749s] Level 1:colcon.colcon_core.package_identification:_identify(launch) by extensions ['colcon_pkg']
[0.749s] Level 1:colcon.colcon_core.package_identification:_identify(launch) by extension 'colcon_pkg'
[0.749s] Level 1:colcon.colcon_core.package_identification:_identify(launch) by extensions ['colcon_meta']
[0.749s] Level 1:colcon.colcon_core.package_identification:_identify(launch) by extension 'colcon_meta'
[0.750s] Level 1:colcon.colcon_core.package_identification:_identify(launch) by extensions ['ros']
[0.750s] Level 1:colcon.colcon_core.package_identification:_identify(launch) by extension 'ros'
[0.750s] Level 1:colcon.colcon_core.package_identification:_identify(launch) by extensions ['cmake', 'python']
[0.750s] Level 1:colcon.colcon_core.package_identification:_identify(launch) by extension 'cmake'
[0.750s] Level 1:colcon.colcon_core.package_identification:_identify(launch) by extension 'python'
[0.750s] Level 1:colcon.colcon_core.package_identification:_identify(launch) by extensions ['python_setup_py']
[0.750s] Level 1:colcon.colcon_core.package_identification:_identify(launch) by extension 'python_setup_py'
[0.750s] Level 1:colcon.colcon_core.package_identification:_identify(log) by extensions ['ignore', 'ignore_ament_install']
[0.750s] Level 1:colcon.colcon_core.package_identification:_identify(log) by extension 'ignore'
[0.750s] Level 1:colcon.colcon_core.package_identification:_identify(log) ignored
[0.750s] Level 1:colcon.colcon_core.package_identification:_identify(src) by extensions ['ignore', 'ignore_ament_install']
[0.750s] Level 1:colcon.colcon_core.package_identification:_identify(src) by extension 'ignore'
[0.750s] Level 1:colcon.colcon_core.package_identification:_identify(src) by extension 'ignore_ament_install'
[0.750s] Level 1:colcon.colcon_core.package_identification:_identify(src) by extensions ['colcon_pkg']
[0.750s] Level 1:colcon.colcon_core.package_identification:_identify(src) by extension 'colcon_pkg'
[0.750s] Level 1:colcon.colcon_core.package_identification:_identify(src) by extensions ['colcon_meta']
[0.750s] Level 1:colcon.colcon_core.package_identification:_identify(src) by extension 'colcon_meta'
[0.750s] Level 1:colcon.colcon_core.package_identification:_identify(src) by extensions ['ros']
[0.750s] Level 1:colcon.colcon_core.package_identification:_identify(src) by extension 'ros'
[0.750s] Level 1:colcon.colcon_core.package_identification:_identify(src) by extensions ['cmake', 'python']
[0.751s] Level 1:colcon.colcon_core.package_identification:_identify(src) by extension 'cmake'
[0.751s] Level 1:colcon.colcon_core.package_identification:_identify(src) by extension 'python'
[0.751s] Level 1:colcon.colcon_core.package_identification:_identify(src) by extensions ['python_setup_py']
[0.751s] Level 1:colcon.colcon_core.package_identification:_identify(src) by extension 'python_setup_py'
[0.751s] Level 1:colcon.colcon_core.package_identification:_identify(src/gimbal_controller) by extensions ['ignore', 'ignore_ament_install']
[0.751s] Level 1:colcon.colcon_core.package_identification:_identify(src/gimbal_controller) by extension 'ignore'
[0.751s] Level 1:colcon.colcon_core.package_identification:_identify(src/gimbal_controller) by extension 'ignore_ament_install'
[0.751s] Level 1:colcon.colcon_core.package_identification:_identify(src/gimbal_controller) by extensions ['colcon_pkg']
[0.751s] Level 1:colcon.colcon_core.package_identification:_identify(src/gimbal_controller) by extension 'colcon_pkg'
[0.751s] Level 1:colcon.colcon_core.package_identification:_identify(src/gimbal_controller) by extensions ['colcon_meta']
[0.751s] Level 1:colcon.colcon_core.package_identification:_identify(src/gimbal_controller) by extension 'colcon_meta'
[0.751s] Level 1:colcon.colcon_core.package_identification:_identify(src/gimbal_controller) by extensions ['ros']
[0.751s] Level 1:colcon.colcon_core.package_identification:_identify(src/gimbal_controller) by extension 'ros'
[0.753s] DEBUG:colcon.colcon_core.package_identification:Package 'src/gimbal_controller' with type 'ros.ament_cmake' and name 'gimbal_controller'
[0.753s] Level 1:colcon.colcon_core.package_identification:_identify(src/motor_interface) by extensions ['ignore', 'ignore_ament_install']
[0.753s] Level 1:colcon.colcon_core.package_identification:_identify(src/motor_interface) by extension 'ignore'
[0.753s] Level 1:colcon.colcon_core.package_identification:_identify(src/motor_interface) by extension 'ignore_ament_install'
[0.753s] Level 1:colcon.colcon_core.package_identification:_identify(src/motor_interface) by extensions ['colcon_pkg']
[0.753s] Level 1:colcon.colcon_core.package_identification:_identify(src/motor_interface) by extension 'colcon_pkg'
[0.754s] Level 1:colcon.colcon_core.package_identification:_identify(src/motor_interface) by extensions ['colcon_meta']
[0.754s] Level 1:colcon.colcon_core.package_identification:_identify(src/motor_interface) by extension 'colcon_meta'
[0.754s] Level 1:colcon.colcon_core.package_identification:_identify(src/motor_interface) by extensions ['ros']
[0.754s] Level 1:colcon.colcon_core.package_identification:_identify(src/motor_interface) by extension 'ros'
[0.754s] DEBUG:colcon.colcon_core.package_identification:Package 'src/motor_interface' with type 'ros.ament_cmake' and name 'motor_interface'
[0.754s] Level 1:colcon.colcon_core.package_discovery:discover_packages(recursive) using defaults
[0.754s] Level 1:colcon.colcon_core.package_discovery:discover_packages(ignore) discover
[0.754s] Level 1:colcon.colcon_core.package_discovery:discover_packages(ignore) using defaults
[0.754s] Level 1:colcon.colcon_core.package_discovery:discover_packages(path) discover
[0.754s] Level 1:colcon.colcon_core.package_discovery:discover_packages(path) using defaults
[0.822s] Level 1:colcon.colcon_core.package_discovery:discover_packages(prefix_path) check parameters
[0.822s] Level 1:colcon.colcon_core.package_discovery:discover_packages(prefix_path) discover
[0.856s] DEBUG:colcon.colcon_installed_package_information.package_discovery:Found 3 installed packages in /home/yuan/rm/code/Ros/my_ros2_control/install
[0.868s] DEBUG:colcon.colcon_installed_package_information.package_discovery:Found 55 installed packages in /home/yuan/rm/code/Ros/ros2_control_learning/install
[0.879s] DEBUG:colcon.colcon_installed_package_information.package_discovery:Found 334 installed packages in /opt/ros/humble
[0.882s] Level 1:colcon.colcon_core.package_discovery:discover_packages(prefix_path) using defaults
[0.959s] Level 5:colcon.colcon_core.verb:set package 'gimbal_controller' build argument 'cmake_args' from command line to 'None'
[0.959s] Level 5:colcon.colcon_core.verb:set package 'gimbal_controller' build argument 'cmake_target' from command line to 'None'
[0.959s] Level 5:colcon.colcon_core.verb:set package 'gimbal_controller' build argument 'cmake_target_skip_unavailable' from command line to 'False'
[0.959s] Level 5:colcon.colcon_core.verb:set package 'gimbal_controller' build argument 'cmake_clean_cache' from command line to 'False'
[0.959s] Level 5:colcon.colcon_core.verb:set package 'gimbal_controller' build argument 'cmake_clean_first' from command line to 'False'
[0.960s] Level 5:colcon.colcon_core.verb:set package 'gimbal_controller' build argument 'cmake_force_configure' from command line to 'False'
[0.960s] Level 5:colcon.colcon_core.verb:set package 'gimbal_controller' build argument 'ament_cmake_args' from command line to 'None'
[0.960s] Level 5:colcon.colcon_core.verb:set package 'gimbal_controller' build argument 'catkin_cmake_args' from command line to 'None'
[0.960s] Level 5:colcon.colcon_core.verb:set package 'gimbal_controller' build argument 'catkin_skip_building_tests' from command line to 'False'
[0.960s] DEBUG:colcon.colcon_core.verb:Building package 'gimbal_controller' with the following arguments: {'ament_cmake_args': None, 'build_base': '/home/yuan/rm/code/Ros/my_ros2_control/build/gimbal_controller', 'catkin_cmake_args': None, 'catkin_skip_building_tests': False, 'cmake_args': None, 'cmake_clean_cache': False, 'cmake_clean_first': False, 'cmake_force_configure': False, 'cmake_target': None, 'cmake_target_skip_unavailable': False, 'install_base': '/home/yuan/rm/code/Ros/my_ros2_control/install/gimbal_controller', 'merge_install': False, 'path': '/home/yuan/rm/code/Ros/my_ros2_control/src/gimbal_controller', 'symlink_install': True, 'test_result_base': None}
[0.970s] Level 5:colcon.colcon_core.verb:set package 'motor_interface' build argument 'cmake_args' from command line to 'None'
[0.970s] Level 5:colcon.colcon_core.verb:set package 'motor_interface' build argument 'cmake_target' from command line to 'None'
[0.970s] Level 5:colcon.colcon_core.verb:set package 'motor_interface' build argument 'cmake_target_skip_unavailable' from command line to 'False'
[0.970s] Level 5:colcon.colcon_core.verb:set package 'motor_interface' build argument 'cmake_clean_cache' from command line to 'False'
[0.970s] Level 5:colcon.colcon_core.verb:set package 'motor_interface' build argument 'cmake_clean_first' from command line to 'False'
[0.970s] Level 5:colcon.colcon_core.verb:set package 'motor_interface' build argument 'cmake_force_configure' from command line to 'False'
[0.970s] Level 5:colcon.colcon_core.verb:set package 'motor_interface' build argument 'ament_cmake_args' from command line to 'None'
[0.971s] Level 5:colcon.colcon_core.verb:set package 'motor_interface' build argument 'catkin_cmake_args' from command line to 'None'
[0.971s] Level 5:colcon.colcon_core.verb:set package 'motor_interface' build argument 'catkin_skip_building_tests' from command line to 'False'
[0.971s] DEBUG:colcon.colcon_core.verb:Building package 'motor_interface' with the following arguments: {'ament_cmake_args': None, 'build_base': '/home/yuan/rm/code/Ros/my_ros2_control/build/motor_interface', 'catkin_cmake_args': None, 'catkin_skip_building_tests': False, 'cmake_args': None, 'cmake_clean_cache': False, 'cmake_clean_first': False, 'cmake_force_configure': False, 'cmake_target': None, 'cmake_target_skip_unavailable': False, 'install_base': '/home/yuan/rm/code/Ros/my_ros2_control/install/motor_interface', 'merge_install': False, 'path': '/home/yuan/rm/code/Ros/my_ros2_control/src/motor_interface', 'symlink_install': True, 'test_result_base': None}
[0.981s] INFO:colcon.colcon_core.executor:Executing jobs using 'parallel' executor
[0.993s] DEBUG:colcon.colcon_parallel_executor.executor.parallel:run_until_complete
[0.993s] INFO:colcon.colcon_ros.task.ament_cmake.build:Building ROS package in '/home/yuan/rm/code/Ros/my_ros2_control/src/gimbal_controller' with build type 'ament_cmake'
[0.993s] INFO:colcon.colcon_cmake.task.cmake.build:Building CMake package in '/home/yuan/rm/code/Ros/my_ros2_control/src/gimbal_controller'
[1.005s] INFO:colcon.colcon_core.plugin_system:Skipping extension 'colcon_core.shell.bat': Not used on non-Windows systems
[1.005s] INFO:colcon.colcon_core.shell:Skip shell extension 'powershell' for command environment: Not usable outside of PowerShell
[1.005s] DEBUG:colcon.colcon_core.shell:Skip shell extension 'dsv' for command environment
[1.071s] DEBUG:colcon.colcon_core.event_handler.log_command:Invoking command in '/home/yuan/rm/code/Ros/my_ros2_control/build/gimbal_controller': CMAKE_PREFIX_PATH=${CMAKE_PREFIX_PATH}:/home/yuan/rm/code/Ros/ros2_control_learning/install/rqt_joint_trajectory_controller:/home/yuan/rm/code/Ros/ros2_control_learning/install/rqt_controller_manager:/home/yuan/rm/code/Ros/ros2_control_learning/install/ros2controlcli:/home/yuan/rm/code/Ros/ros2_control_learning/install/ros2_controllers_test_nodes:/opt/ros/humble /usr/bin/cmake /home/yuan/rm/code/Ros/my_ros2_control/src/gimbal_controller -DAMENT_CMAKE_SYMLINK_INSTALL=1 -DCMAKE_INSTALL_PREFIX=/home/yuan/rm/code/Ros/my_ros2_control/install/gimbal_controller
[2.295s] DEBUG:colcon.colcon_core.event_handler.log_command:Invoked command in '/home/yuan/rm/code/Ros/my_ros2_control/build/gimbal_controller' returned '0': CMAKE_PREFIX_PATH=${CMAKE_PREFIX_PATH}:/home/yuan/rm/code/Ros/ros2_control_learning/install/rqt_joint_trajectory_controller:/home/yuan/rm/code/Ros/ros2_control_learning/install/rqt_controller_manager:/home/yuan/rm/code/Ros/ros2_control_learning/install/ros2controlcli:/home/yuan/rm/code/Ros/ros2_control_learning/install/ros2_controllers_test_nodes:/opt/ros/humble /usr/bin/cmake /home/yuan/rm/code/Ros/my_ros2_control/src/gimbal_controller -DAMENT_CMAKE_SYMLINK_INSTALL=1 -DCMAKE_INSTALL_PREFIX=/home/yuan/rm/code/Ros/my_ros2_control/install/gimbal_controller
[2.297s] DEBUG:colcon.colcon_core.event_handler.log_command:Invoking command in '/home/yuan/rm/code/Ros/my_ros2_control/build/gimbal_controller': CMAKE_PREFIX_PATH=${CMAKE_PREFIX_PATH}:/home/yuan/rm/code/Ros/ros2_control_learning/install/rqt_joint_trajectory_controller:/home/yuan/rm/code/Ros/ros2_control_learning/install/rqt_controller_manager:/home/yuan/rm/code/Ros/ros2_control_learning/install/ros2controlcli:/home/yuan/rm/code/Ros/ros2_control_learning/install/ros2_controllers_test_nodes:/opt/ros/humble /usr/bin/cmake --build /home/yuan/rm/code/Ros/my_ros2_control/build/gimbal_controller -- -j16 -l16
[2.449s] DEBUG:colcon.colcon_core.event_handler.log_command:Invoked command in '/home/yuan/rm/code/Ros/my_ros2_control/build/gimbal_controller' returned '0': CMAKE_PREFIX_PATH=${CMAKE_PREFIX_PATH}:/home/yuan/rm/code/Ros/ros2_control_learning/install/rqt_joint_trajectory_controller:/home/yuan/rm/code/Ros/ros2_control_learning/install/rqt_controller_manager:/home/yuan/rm/code/Ros/ros2_control_learning/install/ros2controlcli:/home/yuan/rm/code/Ros/ros2_control_learning/install/ros2_controllers_test_nodes:/opt/ros/humble /usr/bin/cmake --build /home/yuan/rm/code/Ros/my_ros2_control/build/gimbal_controller -- -j16 -l16
[2.523s] DEBUG:colcon.colcon_core.event_handler.log_command:Invoking command in '/home/yuan/rm/code/Ros/my_ros2_control/build/gimbal_controller': CMAKE_PREFIX_PATH=${CMAKE_PREFIX_PATH}:/home/yuan/rm/code/Ros/ros2_control_learning/install/rqt_joint_trajectory_controller:/home/yuan/rm/code/Ros/ros2_control_learning/install/rqt_controller_manager:/home/yuan/rm/code/Ros/ros2_control_learning/install/ros2controlcli:/home/yuan/rm/code/Ros/ros2_control_learning/install/ros2_controllers_test_nodes:/opt/ros/humble /usr/bin/cmake --install /home/yuan/rm/code/Ros/my_ros2_control/build/gimbal_controller
[2.555s] Level 1:colcon.colcon_core.environment:create_environment_scripts_only(gimbal_controller)
[2.556s] DEBUG:colcon.colcon_core.event_handler.log_command:Invoked command in '/home/yuan/rm/code/Ros/my_ros2_control/build/gimbal_controller' returned '0': CMAKE_PREFIX_PATH=${CMAKE_PREFIX_PATH}:/home/yuan/rm/code/Ros/ros2_control_learning/install/rqt_joint_trajectory_controller:/home/yuan/rm/code/Ros/ros2_control_learning/install/rqt_controller_manager:/home/yuan/rm/code/Ros/ros2_control_learning/install/ros2controlcli:/home/yuan/rm/code/Ros/ros2_control_learning/install/ros2_controllers_test_nodes:/opt/ros/humble /usr/bin/cmake --install /home/yuan/rm/code/Ros/my_ros2_control/build/gimbal_controller
[2.568s] Level 1:colcon.colcon_core.environment:checking '/home/yuan/rm/code/Ros/my_ros2_control/install/gimbal_controller' for CMake module files
[2.568s] Level 1:colcon.colcon_core.environment:checking '/home/yuan/rm/code/Ros/my_ros2_control/install/gimbal_controller' for CMake config files
[2.568s] Level 1:colcon.colcon_core.shell:create_environment_hook('gimbal_controller', 'cmake_prefix_path')
[2.579s] INFO:colcon.colcon_core.shell:Creating environment hook '/home/yuan/rm/code/Ros/my_ros2_control/install/gimbal_controller/share/gimbal_controller/hook/cmake_prefix_path.ps1'
[2.579s] INFO:colcon.colcon_core.shell:Creating environment descriptor '/home/yuan/rm/code/Ros/my_ros2_control/install/gimbal_controller/share/gimbal_controller/hook/cmake_prefix_path.dsv'
[2.579s] INFO:colcon.colcon_core.shell:Creating environment hook '/home/yuan/rm/code/Ros/my_ros2_control/install/gimbal_controller/share/gimbal_controller/hook/cmake_prefix_path.sh'
[2.580s] Level 1:colcon.colcon_core.environment:checking '/home/yuan/rm/code/Ros/my_ros2_control/install/gimbal_controller/lib'
[2.580s] Level 1:colcon.colcon_core.shell:create_environment_hook('gimbal_controller', 'ld_library_path_lib')
[2.591s] INFO:colcon.colcon_core.shell:Creating environment hook '/home/yuan/rm/code/Ros/my_ros2_control/install/gimbal_controller/share/gimbal_controller/hook/ld_library_path_lib.ps1'
[2.591s] INFO:colcon.colcon_core.shell:Creating environment descriptor '/home/yuan/rm/code/Ros/my_ros2_control/install/gimbal_controller/share/gimbal_controller/hook/ld_library_path_lib.dsv'
[2.591s] INFO:colcon.colcon_core.shell:Creating environment hook '/home/yuan/rm/code/Ros/my_ros2_control/install/gimbal_controller/share/gimbal_controller/hook/ld_library_path_lib.sh'
[2.592s] Level 1:colcon.colcon_core.environment:checking '/home/yuan/rm/code/Ros/my_ros2_control/install/gimbal_controller/bin'
[2.592s] Level 1:colcon.colcon_core.environment:checking '/home/yuan/rm/code/Ros/my_ros2_control/install/gimbal_controller/lib/pkgconfig/gimbal_controller.pc'
[2.592s] Level 1:colcon.colcon_core.environment:checking '/home/yuan/rm/code/Ros/my_ros2_control/install/gimbal_controller/lib/python3.10/site-packages'
[2.592s] Level 1:colcon.colcon_core.environment:checking '/home/yuan/rm/code/Ros/my_ros2_control/install/gimbal_controller/bin'
[2.603s] INFO:colcon.colcon_core.shell:Creating package script '/home/yuan/rm/code/Ros/my_ros2_control/install/gimbal_controller/share/gimbal_controller/package.ps1'
[2.604s] INFO:colcon.colcon_core.shell:Creating package descriptor '/home/yuan/rm/code/Ros/my_ros2_control/install/gimbal_controller/share/gimbal_controller/package.dsv'
[2.604s] INFO:colcon.colcon_core.shell:Creating package script '/home/yuan/rm/code/Ros/my_ros2_control/install/gimbal_controller/share/gimbal_controller/package.sh'
[2.605s] INFO:colcon.colcon_core.shell:Creating package script '/home/yuan/rm/code/Ros/my_ros2_control/install/gimbal_controller/share/gimbal_controller/package.bash'
[2.605s] INFO:colcon.colcon_core.shell:Creating package script '/home/yuan/rm/code/Ros/my_ros2_control/install/gimbal_controller/share/gimbal_controller/package.zsh'
[2.606s] Level 1:colcon.colcon_core.environment:create_file_with_runtime_dependencies(/home/yuan/rm/code/Ros/my_ros2_control/install/gimbal_controller/share/colcon-core/packages/gimbal_controller)
[2.676s] Level 1:colcon.colcon_core.environment:create_environment_scripts_only(gimbal_controller)
[2.686s] Level 1:colcon.colcon_core.environment:checking '/home/yuan/rm/code/Ros/my_ros2_control/install/gimbal_controller' for CMake module files
[2.687s] Level 1:colcon.colcon_core.environment:checking '/home/yuan/rm/code/Ros/my_ros2_control/install/gimbal_controller' for CMake config files
[2.687s] Level 1:colcon.colcon_core.shell:create_environment_hook('gimbal_controller', 'cmake_prefix_path')
[2.697s] INFO:colcon.colcon_core.shell:Creating environment hook '/home/yuan/rm/code/Ros/my_ros2_control/install/gimbal_controller/share/gimbal_controller/hook/cmake_prefix_path.ps1'
[2.698s] INFO:colcon.colcon_core.shell:Creating environment descriptor '/home/yuan/rm/code/Ros/my_ros2_control/install/gimbal_controller/share/gimbal_controller/hook/cmake_prefix_path.dsv'
[2.698s] INFO:colcon.colcon_core.shell:Creating environment hook '/home/yuan/rm/code/Ros/my_ros2_control/install/gimbal_controller/share/gimbal_controller/hook/cmake_prefix_path.sh'
[2.698s] Level 1:colcon.colcon_core.environment:checking '/home/yuan/rm/code/Ros/my_ros2_control/install/gimbal_controller/lib'
[2.698s] Level 1:colcon.colcon_core.shell:create_environment_hook('gimbal_controller', 'ld_library_path_lib')
[2.709s] INFO:colcon.colcon_core.shell:Creating environment hook '/home/yuan/rm/code/Ros/my_ros2_control/install/gimbal_controller/share/gimbal_controller/hook/ld_library_path_lib.ps1'
[2.710s] INFO:colcon.colcon_core.shell:Creating environment descriptor '/home/yuan/rm/code/Ros/my_ros2_control/install/gimbal_controller/share/gimbal_controller/hook/ld_library_path_lib.dsv'
[2.710s] INFO:colcon.colcon_core.shell:Creating environment hook '/home/yuan/rm/code/Ros/my_ros2_control/install/gimbal_controller/share/gimbal_controller/hook/ld_library_path_lib.sh'
[2.710s] Level 1:colcon.colcon_core.environment:checking '/home/yuan/rm/code/Ros/my_ros2_control/install/gimbal_controller/bin'
[2.710s] Level 1:colcon.colcon_core.environment:checking '/home/yuan/rm/code/Ros/my_ros2_control/install/gimbal_controller/lib/pkgconfig/gimbal_controller.pc'
[2.710s] Level 1:colcon.colcon_core.environment:checking '/home/yuan/rm/code/Ros/my_ros2_control/install/gimbal_controller/lib/python3.10/site-packages'
[2.711s] Level 1:colcon.colcon_core.environment:checking '/home/yuan/rm/code/Ros/my_ros2_control/install/gimbal_controller/bin'
[2.721s] INFO:colcon.colcon_core.shell:Creating package script '/home/yuan/rm/code/Ros/my_ros2_control/install/gimbal_controller/share/gimbal_controller/package.ps1'
[2.721s] INFO:colcon.colcon_core.shell:Creating package descriptor '/home/yuan/rm/code/Ros/my_ros2_control/install/gimbal_controller/share/gimbal_controller/package.dsv'
[2.722s] INFO:colcon.colcon_core.shell:Creating package script '/home/yuan/rm/code/Ros/my_ros2_control/install/gimbal_controller/share/gimbal_controller/package.sh'
[2.722s] INFO:colcon.colcon_core.shell:Creating package script '/home/yuan/rm/code/Ros/my_ros2_control/install/gimbal_controller/share/gimbal_controller/package.bash'
[2.722s] INFO:colcon.colcon_core.shell:Creating package script '/home/yuan/rm/code/Ros/my_ros2_control/install/gimbal_controller/share/gimbal_controller/package.zsh'
[2.723s] Level 1:colcon.colcon_core.environment:create_file_with_runtime_dependencies(/home/yuan/rm/code/Ros/my_ros2_control/install/gimbal_controller/share/colcon-core/packages/gimbal_controller)
[2.723s] INFO:colcon.colcon_ros.task.ament_cmake.build:Building ROS package in '/home/yuan/rm/code/Ros/my_ros2_control/src/motor_interface' with build type 'ament_cmake'
[2.723s] INFO:colcon.colcon_cmake.task.cmake.build:Building CMake package in '/home/yuan/rm/code/Ros/my_ros2_control/src/motor_interface'
[2.734s] INFO:colcon.colcon_core.shell:Skip shell extension 'powershell' for command environment: Not usable outside of PowerShell
[2.734s] DEBUG:colcon.colcon_core.shell:Skip shell extension 'dsv' for command environment
[2.793s] DEBUG:colcon.colcon_core.event_handler.log_command:Invoking command in '/home/yuan/rm/code/Ros/my_ros2_control/build/motor_interface': CMAKE_PREFIX_PATH=/home/yuan/rm/code/Ros/my_ros2_control/install/gimbal_controller:/home/yuan/rm/code/Ros/ros2_control_learning/install/gazebo_ros2_control_demos:/home/yuan/rm/code/Ros/ros2_control_learning/install/ros2_controllers:/home/yuan/rm/code/Ros/ros2_control_learning/install/ign_ros2_control_demos:/home/yuan/rm/code/Ros/ros2_control_learning/install/velocity_controllers:/home/yuan/rm/code/Ros/ros2_control_learning/install/tricycle_steering_controller:/home/yuan/rm/code/Ros/ros2_control_learning/install/tricycle_controller:/home/yuan/rm/code/Ros/ros2_control_learning/install/ros2_control_demos:/home/yuan/rm/code/Ros/ros2_control_learning/install/ros2_control_demo_example_8:/home/yuan/rm/code/Ros/ros2_control_learning/install/ros2_control:/home/yuan/rm/code/Ros/ros2_control_learning/install/transmission_interface:/home/yuan/rm/code/Ros/ros2_control_learning/install/bicycle_steering_controller:/home/yuan/rm/code/Ros/ros2_control_learning/install/ackermann_steering_controller:/home/yuan/rm/code/Ros/ros2_control_learning/install/steering_controllers_library:/home/yuan/rm/code/Ros/ros2_control_learning/install/ros2_control_demo_example_9:/home/yuan/rm/code/Ros/ros2_control_learning/install/ros2_control_demo_example_7:/home/yuan/rm/code/Ros/ros2_control_learning/install/ros2_control_demo_example_6:/home/yuan/rm/code/Ros/ros2_control_learning/install/ros2_control_demo_example_5:/home/yuan/rm/code/Ros/ros2_control_learning/install/ros2_control_demo_example_4:/home/yuan/rm/code/Ros/ros2_control_learning/install/ros2_control_demo_example_3:/home/yuan/rm/code/Ros/ros2_control_learning/install/ros2_control_demo_example_2:/home/yuan/rm/code/Ros/ros2_control_learning/install/ros2_control_demo_example_14:/home/yuan/rm/code/Ros/ros2_control_learning/install/ros2_control_demo_example_12:/home/yuan/rm/code/Ros/ros2_control_learning/install/ros2_control_demo_example_10:/home/yuan/rm/code/Ros/ros2_control_learning/install/ros2_control_demo_example_1:/home/yuan/rm/code/Ros/ros2_control_learning/install/gz_ros2_control_tests:/home/yuan/rm/code/Ros/ros2_control_learning/install/ign_ros2_control:/home/yuan/rm/code/Ros/ros2_control_learning/install/gazebo_ros2_control:/home/yuan/rm/code/Ros/ros2_control_learning/install/controller_manager:/home/yuan/rm/code/Ros/ros2_control_learning/install/ros2_control_test_assets:/home/yuan/rm/code/Ros/ros2_control_learning/install/ros2_control_demo_description:/home/yuan/rm/code/Ros/ros2_control_learning/install/range_sensor_broadcaster:/home/yuan/rm/code/Ros/ros2_control_learning/install/position_controllers:/home/yuan/rm/code/Ros/ros2_control_learning/install/admittance_controller:/home/yuan/rm/code/Ros/ros2_control_learning/install/joint_trajectory_controller:/home/yuan/rm/code/Ros/ros2_control_learning/install/joint_state_broadcaster:/home/yuan/rm/code/Ros/ros2_control_learning/install/imu_sensor_broadcaster:/home/yuan/rm/code/Ros/ros2_control_learning/install/gripper_controllers:/home/yuan/rm/code/Ros/ros2_control_learning/install/effort_controllers:/home/yuan/rm/code/Ros/ros2_control_learning/install/forward_command_controller:/home/yuan/rm/code/Ros/ros2_control_learning/install/force_torque_sensor_broadcaster:/home/yuan/rm/code/Ros/ros2_control_learning/install/diff_drive_controller:/home/yuan/rm/code/Ros/ros2_control_learning/install/control_toolbox:/home/yuan/rm/code/Ros/ros2_control_learning/install/realtime_tools:/home/yuan/rm/code/Ros/ros2_control_learning/install/motor_interface:/home/yuan/rm/code/Ros/ros2_control_learning/install/kinematics_interface_kdl:/home/yuan/rm/code/Ros/ros2_control_learning/install/kinematics_interface:/home/yuan/rm/code/Ros/ros2_control_learning/install/joint_limits:/home/yuan/rm/code/Ros/ros2_control_learning/install/controller_interface:/home/yuan/rm/code/Ros/ros2_control_learning/install/hardware_interface:/home/yuan/rm/code/Ros/ros2_control_learning/install/controller_manager_msgs:/home/yuan/rm/code/Ros/ros2_control_learning/install/control_msgs:/home/yuan/rm/code/Ros/my_ros2_control/install/test:/home/yuan/rm/code/Ros/my_ros2_control/install/motor_interface:/home/yuan/rm/code/Ros/ros2_control_learning/install/rqt_joint_trajectory_controller:/home/yuan/rm/code/Ros/ros2_control_learning/install/rqt_controller_manager:/home/yuan/rm/code/Ros/ros2_control_learning/install/ros2controlcli:/home/yuan/rm/code/Ros/ros2_control_learning/install/ros2_controllers_test_nodes:/opt/ros/humble LD_LIBRARY_PATH=/home/yuan/rm/code/Ros/my_ros2_control/install/gimbal_controller/lib:/home/yuan/rm/code/Ros/ros2_control_learning/install/velocity_controllers/lib:/home/yuan/rm/code/Ros/ros2_control_learning/install/tricycle_steering_controller/lib:/home/yuan/rm/code/Ros/ros2_control_learning/install/tricycle_controller/lib:/home/yuan/rm/code/Ros/ros2_control_learning/install/ros2_control_demo_example_8/lib:/home/yuan/rm/code/Ros/ros2_control_learning/install/transmission_interface/lib:/home/yuan/rm/code/Ros/ros2_control_learning/install/bicycle_steering_controller/lib:/home/yuan/rm/code/Ros/ros2_control_learning/install/ackermann_steering_controller/lib:/home/yuan/rm/code/Ros/ros2_control_learning/install/steering_controllers_library/lib:/home/yuan/rm/code/Ros/ros2_control_learning/install/ros2_control_demo_example_9/lib:/home/yuan/rm/code/Ros/ros2_control_learning/install/ros2_control_demo_example_7/lib:/home/yuan/rm/code/Ros/ros2_control_learning/install/ros2_control_demo_example_6/lib:/home/yuan/rm/code/Ros/ros2_control_learning/install/ros2_control_demo_example_5/lib:/home/yuan/rm/code/Ros/ros2_control_learning/install/ros2_control_demo_example_4/lib:/home/yuan/rm/code/Ros/ros2_control_learning/install/ros2_control_demo_example_3/lib:/home/yuan/rm/code/Ros/ros2_control_learning/install/ros2_control_demo_example_2/lib:/home/yuan/rm/code/Ros/ros2_control_learning/install/ros2_control_demo_example_14/lib:/home/yuan/rm/code/Ros/ros2_control_learning/install/ros2_control_demo_example_12/lib:/home/yuan/rm/code/Ros/ros2_control_learning/install/ros2_control_demo_example_10/lib:/home/yuan/rm/code/Ros/ros2_control_learning/install/ros2_control_demo_example_1/lib:/home/yuan/rm/code/Ros/ros2_control_learning/install/ign_ros2_control/lib:/home/yuan/rm/code/Ros/ros2_control_learning/install/gazebo_ros2_control/lib:/home/yuan/rm/code/Ros/ros2_control_learning/install/controller_manager/lib:/home/yuan/rm/code/Ros/ros2_control_learning/install/range_sensor_broadcaster/lib:/home/yuan/rm/code/Ros/ros2_control_learning/install/position_controllers/lib:/home/yuan/rm/code/Ros/ros2_control_learning/install/admittance_controller/lib:/home/yuan/rm/code/Ros/ros2_control_learning/install/joint_trajectory_controller/lib:/home/yuan/rm/code/Ros/ros2_control_learning/install/joint_state_broadcaster/lib:/home/yuan/rm/code/Ros/ros2_control_learning/install/imu_sensor_broadcaster/lib:/home/yuan/rm/code/Ros/ros2_control_learning/install/gripper_controllers/lib:/home/yuan/rm/code/Ros/ros2_control_learning/install/effort_controllers/lib:/home/yuan/rm/code/Ros/ros2_control_learning/install/forward_command_controller/lib:/home/yuan/rm/code/Ros/ros2_control_learning/install/force_torque_sensor_broadcaster/lib:/home/yuan/rm/code/Ros/ros2_control_learning/install/diff_drive_controller/lib:/home/yuan/rm/code/Ros/ros2_control_learning/install/control_toolbox/lib:/home/yuan/rm/code/Ros/ros2_control_learning/install/realtime_tools/lib:/home/yuan/rm/code/Ros/ros2_control_learning/install/motor_interface/lib:/home/yuan/rm/code/Ros/ros2_control_learning/install/kinematics_interface_kdl/lib:/home/yuan/rm/code/Ros/ros2_control_learning/install/kinematics_interface/lib:/home/yuan/rm/code/Ros/ros2_control_learning/install/controller_interface/lib:/home/yuan/rm/code/Ros/ros2_control_learning/install/hardware_interface/lib:/home/yuan/rm/code/Ros/ros2_control_learning/install/controller_manager_msgs/lib:/home/yuan/rm/code/Ros/ros2_control_learning/install/control_msgs/lib:/home/yuan/rm/code/Ros/my_ros2_control/install/motor_interface/lib:/opt/ros/humble/opt/rviz_ogre_vendor/lib:/opt/ros/humble/lib/x86_64-linux-gnu:/opt/ros/humble/lib /usr/bin/cmake /home/yuan/rm/code/Ros/my_ros2_control/src/motor_interface -DAMENT_CMAKE_SYMLINK_INSTALL=1 -DCMAKE_INSTALL_PREFIX=/home/yuan/rm/code/Ros/my_ros2_control/install/motor_interface
[3.978s] DEBUG:colcon.colcon_core.event_handler.log_command:Invoked command in '/home/yuan/rm/code/Ros/my_ros2_control/build/motor_interface' returned '0': CMAKE_PREFIX_PATH=/home/yuan/rm/code/Ros/my_ros2_control/install/gimbal_controller:/home/yuan/rm/code/Ros/ros2_control_learning/install/gazebo_ros2_control_demos:/home/yuan/rm/code/Ros/ros2_control_learning/install/ros2_controllers:/home/yuan/rm/code/Ros/ros2_control_learning/install/ign_ros2_control_demos:/home/yuan/rm/code/Ros/ros2_control_learning/install/velocity_controllers:/home/yuan/rm/code/Ros/ros2_control_learning/install/tricycle_steering_controller:/home/yuan/rm/code/Ros/ros2_control_learning/install/tricycle_controller:/home/yuan/rm/code/Ros/ros2_control_learning/install/ros2_control_demos:/home/yuan/rm/code/Ros/ros2_control_learning/install/ros2_control_demo_example_8:/home/yuan/rm/code/Ros/ros2_control_learning/install/ros2_control:/home/yuan/rm/code/Ros/ros2_control_learning/install/transmission_interface:/home/yuan/rm/code/Ros/ros2_control_learning/install/bicycle_steering_controller:/home/yuan/rm/code/Ros/ros2_control_learning/install/ackermann_steering_controller:/home/yuan/rm/code/Ros/ros2_control_learning/install/steering_controllers_library:/home/yuan/rm/code/Ros/ros2_control_learning/install/ros2_control_demo_example_9:/home/yuan/rm/code/Ros/ros2_control_learning/install/ros2_control_demo_example_7:/home/yuan/rm/code/Ros/ros2_control_learning/install/ros2_control_demo_example_6:/home/yuan/rm/code/Ros/ros2_control_learning/install/ros2_control_demo_example_5:/home/yuan/rm/code/Ros/ros2_control_learning/install/ros2_control_demo_example_4:/home/yuan/rm/code/Ros/ros2_control_learning/install/ros2_control_demo_example_3:/home/yuan/rm/code/Ros/ros2_control_learning/install/ros2_control_demo_example_2:/home/yuan/rm/code/Ros/ros2_control_learning/install/ros2_control_demo_example_14:/home/yuan/rm/code/Ros/ros2_control_learning/install/ros2_control_demo_example_12:/home/yuan/rm/code/Ros/ros2_control_learning/install/ros2_control_demo_example_10:/home/yuan/rm/code/Ros/ros2_control_learning/install/ros2_control_demo_example_1:/home/yuan/rm/code/Ros/ros2_control_learning/install/gz_ros2_control_tests:/home/yuan/rm/code/Ros/ros2_control_learning/install/ign_ros2_control:/home/yuan/rm/code/Ros/ros2_control_learning/install/gazebo_ros2_control:/home/yuan/rm/code/Ros/ros2_control_learning/install/controller_manager:/home/yuan/rm/code/Ros/ros2_control_learning/install/ros2_control_test_assets:/home/yuan/rm/code/Ros/ros2_control_learning/install/ros2_control_demo_description:/home/yuan/rm/code/Ros/ros2_control_learning/install/range_sensor_broadcaster:/home/yuan/rm/code/Ros/ros2_control_learning/install/position_controllers:/home/yuan/rm/code/Ros/ros2_control_learning/install/admittance_controller:/home/yuan/rm/code/Ros/ros2_control_learning/install/joint_trajectory_controller:/home/yuan/rm/code/Ros/ros2_control_learning/install/joint_state_broadcaster:/home/yuan/rm/code/Ros/ros2_control_learning/install/imu_sensor_broadcaster:/home/yuan/rm/code/Ros/ros2_control_learning/install/gripper_controllers:/home/yuan/rm/code/Ros/ros2_control_learning/install/effort_controllers:/home/yuan/rm/code/Ros/ros2_control_learning/install/forward_command_controller:/home/yuan/rm/code/Ros/ros2_control_learning/install/force_torque_sensor_broadcaster:/home/yuan/rm/code/Ros/ros2_control_learning/install/diff_drive_controller:/home/yuan/rm/code/Ros/ros2_control_learning/install/control_toolbox:/home/yuan/rm/code/Ros/ros2_control_learning/install/realtime_tools:/home/yuan/rm/code/Ros/ros2_control_learning/install/motor_interface:/home/yuan/rm/code/Ros/ros2_control_learning/install/kinematics_interface_kdl:/home/yuan/rm/code/Ros/ros2_control_learning/install/kinematics_interface:/home/yuan/rm/code/Ros/ros2_control_learning/install/joint_limits:/home/yuan/rm/code/Ros/ros2_control_learning/install/controller_interface:/home/yuan/rm/code/Ros/ros2_control_learning/install/hardware_interface:/home/yuan/rm/code/Ros/ros2_control_learning/install/controller_manager_msgs:/home/yuan/rm/code/Ros/ros2_control_learning/install/control_msgs:/home/yuan/rm/code/Ros/my_ros2_control/install/test:/home/yuan/rm/code/Ros/my_ros2_control/install/motor_interface:/home/yuan/rm/code/Ros/ros2_control_learning/install/rqt_joint_trajectory_controller:/home/yuan/rm/code/Ros/ros2_control_learning/install/rqt_controller_manager:/home/yuan/rm/code/Ros/ros2_control_learning/install/ros2controlcli:/home/yuan/rm/code/Ros/ros2_control_learning/install/ros2_controllers_test_nodes:/opt/ros/humble LD_LIBRARY_PATH=/home/yuan/rm/code/Ros/my_ros2_control/install/gimbal_controller/lib:/home/yuan/rm/code/Ros/ros2_control_learning/install/velocity_controllers/lib:/home/yuan/rm/code/Ros/ros2_control_learning/install/tricycle_steering_controller/lib:/home/yuan/rm/code/Ros/ros2_control_learning/install/tricycle_controller/lib:/home/yuan/rm/code/Ros/ros2_control_learning/install/ros2_control_demo_example_8/lib:/home/yuan/rm/code/Ros/ros2_control_learning/install/transmission_interface/lib:/home/yuan/rm/code/Ros/ros2_control_learning/install/bicycle_steering_controller/lib:/home/yuan/rm/code/Ros/ros2_control_learning/install/ackermann_steering_controller/lib:/home/yuan/rm/code/Ros/ros2_control_learning/install/steering_controllers_library/lib:/home/yuan/rm/code/Ros/ros2_control_learning/install/ros2_control_demo_example_9/lib:/home/yuan/rm/code/Ros/ros2_control_learning/install/ros2_control_demo_example_7/lib:/home/yuan/rm/code/Ros/ros2_control_learning/install/ros2_control_demo_example_6/lib:/home/yuan/rm/code/Ros/ros2_control_learning/install/ros2_control_demo_example_5/lib:/home/yuan/rm/code/Ros/ros2_control_learning/install/ros2_control_demo_example_4/lib:/home/yuan/rm/code/Ros/ros2_control_learning/install/ros2_control_demo_example_3/lib:/home/yuan/rm/code/Ros/ros2_control_learning/install/ros2_control_demo_example_2/lib:/home/yuan/rm/code/Ros/ros2_control_learning/install/ros2_control_demo_example_14/lib:/home/yuan/rm/code/Ros/ros2_control_learning/install/ros2_control_demo_example_12/lib:/home/yuan/rm/code/Ros/ros2_control_learning/install/ros2_control_demo_example_10/lib:/home/yuan/rm/code/Ros/ros2_control_learning/install/ros2_control_demo_example_1/lib:/home/yuan/rm/code/Ros/ros2_control_learning/install/ign_ros2_control/lib:/home/yuan/rm/code/Ros/ros2_control_learning/install/gazebo_ros2_control/lib:/home/yuan/rm/code/Ros/ros2_control_learning/install/controller_manager/lib:/home/yuan/rm/code/Ros/ros2_control_learning/install/range_sensor_broadcaster/lib:/home/yuan/rm/code/Ros/ros2_control_learning/install/position_controllers/lib:/home/yuan/rm/code/Ros/ros2_control_learning/install/admittance_controller/lib:/home/yuan/rm/code/Ros/ros2_control_learning/install/joint_trajectory_controller/lib:/home/yuan/rm/code/Ros/ros2_control_learning/install/joint_state_broadcaster/lib:/home/yuan/rm/code/Ros/ros2_control_learning/install/imu_sensor_broadcaster/lib:/home/yuan/rm/code/Ros/ros2_control_learning/install/gripper_controllers/lib:/home/yuan/rm/code/Ros/ros2_control_learning/install/effort_controllers/lib:/home/yuan/rm/code/Ros/ros2_control_learning/install/forward_command_controller/lib:/home/yuan/rm/code/Ros/ros2_control_learning/install/force_torque_sensor_broadcaster/lib:/home/yuan/rm/code/Ros/ros2_control_learning/install/diff_drive_controller/lib:/home/yuan/rm/code/Ros/ros2_control_learning/install/control_toolbox/lib:/home/yuan/rm/code/Ros/ros2_control_learning/install/realtime_tools/lib:/home/yuan/rm/code/Ros/ros2_control_learning/install/motor_interface/lib:/home/yuan/rm/code/Ros/ros2_control_learning/install/kinematics_interface_kdl/lib:/home/yuan/rm/code/Ros/ros2_control_learning/install/kinematics_interface/lib:/home/yuan/rm/code/Ros/ros2_control_learning/install/controller_interface/lib:/home/yuan/rm/code/Ros/ros2_control_learning/install/hardware_interface/lib:/home/yuan/rm/code/Ros/ros2_control_learning/install/controller_manager_msgs/lib:/home/yuan/rm/code/Ros/ros2_control_learning/install/control_msgs/lib:/home/yuan/rm/code/Ros/my_ros2_control/install/motor_interface/lib:/opt/ros/humble/opt/rviz_ogre_vendor/lib:/opt/ros/humble/lib/x86_64-linux-gnu:/opt/ros/humble/lib /usr/bin/cmake /home/yuan/rm/code/Ros/my_ros2_control/src/motor_interface -DAMENT_CMAKE_SYMLINK_INSTALL=1 -DCMAKE_INSTALL_PREFIX=/home/yuan/rm/code/Ros/my_ros2_control/install/motor_interface
[3.979s] DEBUG:colcon.colcon_core.event_handler.log_command:Invoking command in '/home/yuan/rm/code/Ros/my_ros2_control/build/motor_interface': CMAKE_PREFIX_PATH=/home/yuan/rm/code/Ros/my_ros2_control/install/gimbal_controller:/home/yuan/rm/code/Ros/ros2_control_learning/install/gazebo_ros2_control_demos:/home/yuan/rm/code/Ros/ros2_control_learning/install/ros2_controllers:/home/yuan/rm/code/Ros/ros2_control_learning/install/ign_ros2_control_demos:/home/yuan/rm/code/Ros/ros2_control_learning/install/velocity_controllers:/home/yuan/rm/code/Ros/ros2_control_learning/install/tricycle_steering_controller:/home/yuan/rm/code/Ros/ros2_control_learning/install/tricycle_controller:/home/yuan/rm/code/Ros/ros2_control_learning/install/ros2_control_demos:/home/yuan/rm/code/Ros/ros2_control_learning/install/ros2_control_demo_example_8:/home/yuan/rm/code/Ros/ros2_control_learning/install/ros2_control:/home/yuan/rm/code/Ros/ros2_control_learning/install/transmission_interface:/home/yuan/rm/code/Ros/ros2_control_learning/install/bicycle_steering_controller:/home/yuan/rm/code/Ros/ros2_control_learning/install/ackermann_steering_controller:/home/yuan/rm/code/Ros/ros2_control_learning/install/steering_controllers_library:/home/yuan/rm/code/Ros/ros2_control_learning/install/ros2_control_demo_example_9:/home/yuan/rm/code/Ros/ros2_control_learning/install/ros2_control_demo_example_7:/home/yuan/rm/code/Ros/ros2_control_learning/install/ros2_control_demo_example_6:/home/yuan/rm/code/Ros/ros2_control_learning/install/ros2_control_demo_example_5:/home/yuan/rm/code/Ros/ros2_control_learning/install/ros2_control_demo_example_4:/home/yuan/rm/code/Ros/ros2_control_learning/install/ros2_control_demo_example_3:/home/yuan/rm/code/Ros/ros2_control_learning/install/ros2_control_demo_example_2:/home/yuan/rm/code/Ros/ros2_control_learning/install/ros2_control_demo_example_14:/home/yuan/rm/code/Ros/ros2_control_learning/install/ros2_control_demo_example_12:/home/yuan/rm/code/Ros/ros2_control_learning/install/ros2_control_demo_example_10:/home/yuan/rm/code/Ros/ros2_control_learning/install/ros2_control_demo_example_1:/home/yuan/rm/code/Ros/ros2_control_learning/install/gz_ros2_control_tests:/home/yuan/rm/code/Ros/ros2_control_learning/install/ign_ros2_control:/home/yuan/rm/code/Ros/ros2_control_learning/install/gazebo_ros2_control:/home/yuan/rm/code/Ros/ros2_control_learning/install/controller_manager:/home/yuan/rm/code/Ros/ros2_control_learning/install/ros2_control_test_assets:/home/yuan/rm/code/Ros/ros2_control_learning/install/ros2_control_demo_description:/home/yuan/rm/code/Ros/ros2_control_learning/install/range_sensor_broadcaster:/home/yuan/rm/code/Ros/ros2_control_learning/install/position_controllers:/home/yuan/rm/code/Ros/ros2_control_learning/install/admittance_controller:/home/yuan/rm/code/Ros/ros2_control_learning/install/joint_trajectory_controller:/home/yuan/rm/code/Ros/ros2_control_learning/install/joint_state_broadcaster:/home/yuan/rm/code/Ros/ros2_control_learning/install/imu_sensor_broadcaster:/home/yuan/rm/code/Ros/ros2_control_learning/install/gripper_controllers:/home/yuan/rm/code/Ros/ros2_control_learning/install/effort_controllers:/home/yuan/rm/code/Ros/ros2_control_learning/install/forward_command_controller:/home/yuan/rm/code/Ros/ros2_control_learning/install/force_torque_sensor_broadcaster:/home/yuan/rm/code/Ros/ros2_control_learning/install/diff_drive_controller:/home/yuan/rm/code/Ros/ros2_control_learning/install/control_toolbox:/home/yuan/rm/code/Ros/ros2_control_learning/install/realtime_tools:/home/yuan/rm/code/Ros/ros2_control_learning/install/motor_interface:/home/yuan/rm/code/Ros/ros2_control_learning/install/kinematics_interface_kdl:/home/yuan/rm/code/Ros/ros2_control_learning/install/kinematics_interface:/home/yuan/rm/code/Ros/ros2_control_learning/install/joint_limits:/home/yuan/rm/code/Ros/ros2_control_learning/install/controller_interface:/home/yuan/rm/code/Ros/ros2_control_learning/install/hardware_interface:/home/yuan/rm/code/Ros/ros2_control_learning/install/controller_manager_msgs:/home/yuan/rm/code/Ros/ros2_control_learning/install/control_msgs:/home/yuan/rm/code/Ros/my_ros2_control/install/test:/home/yuan/rm/code/Ros/my_ros2_control/install/motor_interface:/home/yuan/rm/code/Ros/ros2_control_learning/install/rqt_joint_trajectory_controller:/home/yuan/rm/code/Ros/ros2_control_learning/install/rqt_controller_manager:/home/yuan/rm/code/Ros/ros2_control_learning/install/ros2controlcli:/home/yuan/rm/code/Ros/ros2_control_learning/install/ros2_controllers_test_nodes:/opt/ros/humble LD_LIBRARY_PATH=/home/yuan/rm/code/Ros/my_ros2_control/install/gimbal_controller/lib:/home/yuan/rm/code/Ros/ros2_control_learning/install/velocity_controllers/lib:/home/yuan/rm/code/Ros/ros2_control_learning/install/tricycle_steering_controller/lib:/home/yuan/rm/code/Ros/ros2_control_learning/install/tricycle_controller/lib:/home/yuan/rm/code/Ros/ros2_control_learning/install/ros2_control_demo_example_8/lib:/home/yuan/rm/code/Ros/ros2_control_learning/install/transmission_interface/lib:/home/yuan/rm/code/Ros/ros2_control_learning/install/bicycle_steering_controller/lib:/home/yuan/rm/code/Ros/ros2_control_learning/install/ackermann_steering_controller/lib:/home/yuan/rm/code/Ros/ros2_control_learning/install/steering_controllers_library/lib:/home/yuan/rm/code/Ros/ros2_control_learning/install/ros2_control_demo_example_9/lib:/home/yuan/rm/code/Ros/ros2_control_learning/install/ros2_control_demo_example_7/lib:/home/yuan/rm/code/Ros/ros2_control_learning/install/ros2_control_demo_example_6/lib:/home/yuan/rm/code/Ros/ros2_control_learning/install/ros2_control_demo_example_5/lib:/home/yuan/rm/code/Ros/ros2_control_learning/install/ros2_control_demo_example_4/lib:/home/yuan/rm/code/Ros/ros2_control_learning/install/ros2_control_demo_example_3/lib:/home/yuan/rm/code/Ros/ros2_control_learning/install/ros2_control_demo_example_2/lib:/home/yuan/rm/code/Ros/ros2_control_learning/install/ros2_control_demo_example_14/lib:/home/yuan/rm/code/Ros/ros2_control_learning/install/ros2_control_demo_example_12/lib:/home/yuan/rm/code/Ros/ros2_control_learning/install/ros2_control_demo_example_10/lib:/home/yuan/rm/code/Ros/ros2_control_learning/install/ros2_control_demo_example_1/lib:/home/yuan/rm/code/Ros/ros2_control_learning/install/ign_ros2_control/lib:/home/yuan/rm/code/Ros/ros2_control_learning/install/gazebo_ros2_control/lib:/home/yuan/rm/code/Ros/ros2_control_learning/install/controller_manager/lib:/home/yuan/rm/code/Ros/ros2_control_learning/install/range_sensor_broadcaster/lib:/home/yuan/rm/code/Ros/ros2_control_learning/install/position_controllers/lib:/home/yuan/rm/code/Ros/ros2_control_learning/install/admittance_controller/lib:/home/yuan/rm/code/Ros/ros2_control_learning/install/joint_trajectory_controller/lib:/home/yuan/rm/code/Ros/ros2_control_learning/install/joint_state_broadcaster/lib:/home/yuan/rm/code/Ros/ros2_control_learning/install/imu_sensor_broadcaster/lib:/home/yuan/rm/code/Ros/ros2_control_learning/install/gripper_controllers/lib:/home/yuan/rm/code/Ros/ros2_control_learning/install/effort_controllers/lib:/home/yuan/rm/code/Ros/ros2_control_learning/install/forward_command_controller/lib:/home/yuan/rm/code/Ros/ros2_control_learning/install/force_torque_sensor_broadcaster/lib:/home/yuan/rm/code/Ros/ros2_control_learning/install/diff_drive_controller/lib:/home/yuan/rm/code/Ros/ros2_control_learning/install/control_toolbox/lib:/home/yuan/rm/code/Ros/ros2_control_learning/install/realtime_tools/lib:/home/yuan/rm/code/Ros/ros2_control_learning/install/motor_interface/lib:/home/yuan/rm/code/Ros/ros2_control_learning/install/kinematics_interface_kdl/lib:/home/yuan/rm/code/Ros/ros2_control_learning/install/kinematics_interface/lib:/home/yuan/rm/code/Ros/ros2_control_learning/install/controller_interface/lib:/home/yuan/rm/code/Ros/ros2_control_learning/install/hardware_interface/lib:/home/yuan/rm/code/Ros/ros2_control_learning/install/controller_manager_msgs/lib:/home/yuan/rm/code/Ros/ros2_control_learning/install/control_msgs/lib:/home/yuan/rm/code/Ros/my_ros2_control/install/motor_interface/lib:/opt/ros/humble/opt/rviz_ogre_vendor/lib:/opt/ros/humble/lib/x86_64-linux-gnu:/opt/ros/humble/lib /usr/bin/cmake --build /home/yuan/rm/code/Ros/my_ros2_control/build/motor_interface -- -j16 -l16
[4.134s] DEBUG:colcon.colcon_core.event_handler.log_command:Invoked command in '/home/yuan/rm/code/Ros/my_ros2_control/build/motor_interface' returned '0': CMAKE_PREFIX_PATH=/home/yuan/rm/code/Ros/my_ros2_control/install/gimbal_controller:/home/yuan/rm/code/Ros/ros2_control_learning/install/gazebo_ros2_control_demos:/home/yuan/rm/code/Ros/ros2_control_learning/install/ros2_controllers:/home/yuan/rm/code/Ros/ros2_control_learning/install/ign_ros2_control_demos:/home/yuan/rm/code/Ros/ros2_control_learning/install/velocity_controllers:/home/yuan/rm/code/Ros/ros2_control_learning/install/tricycle_steering_controller:/home/yuan/rm/code/Ros/ros2_control_learning/install/tricycle_controller:/home/yuan/rm/code/Ros/ros2_control_learning/install/ros2_control_demos:/home/yuan/rm/code/Ros/ros2_control_learning/install/ros2_control_demo_example_8:/home/yuan/rm/code/Ros/ros2_control_learning/install/ros2_control:/home/yuan/rm/code/Ros/ros2_control_learning/install/transmission_interface:/home/yuan/rm/code/Ros/ros2_control_learning/install/bicycle_steering_controller:/home/yuan/rm/code/Ros/ros2_control_learning/install/ackermann_steering_controller:/home/yuan/rm/code/Ros/ros2_control_learning/install/steering_controllers_library:/home/yuan/rm/code/Ros/ros2_control_learning/install/ros2_control_demo_example_9:/home/yuan/rm/code/Ros/ros2_control_learning/install/ros2_control_demo_example_7:/home/yuan/rm/code/Ros/ros2_control_learning/install/ros2_control_demo_example_6:/home/yuan/rm/code/Ros/ros2_control_learning/install/ros2_control_demo_example_5:/home/yuan/rm/code/Ros/ros2_control_learning/install/ros2_control_demo_example_4:/home/yuan/rm/code/Ros/ros2_control_learning/install/ros2_control_demo_example_3:/home/yuan/rm/code/Ros/ros2_control_learning/install/ros2_control_demo_example_2:/home/yuan/rm/code/Ros/ros2_control_learning/install/ros2_control_demo_example_14:/home/yuan/rm/code/Ros/ros2_control_learning/install/ros2_control_demo_example_12:/home/yuan/rm/code/Ros/ros2_control_learning/install/ros2_control_demo_example_10:/home/yuan/rm/code/Ros/ros2_control_learning/install/ros2_control_demo_example_1:/home/yuan/rm/code/Ros/ros2_control_learning/install/gz_ros2_control_tests:/home/yuan/rm/code/Ros/ros2_control_learning/install/ign_ros2_control:/home/yuan/rm/code/Ros/ros2_control_learning/install/gazebo_ros2_control:/home/yuan/rm/code/Ros/ros2_control_learning/install/controller_manager:/home/yuan/rm/code/Ros/ros2_control_learning/install/ros2_control_test_assets:/home/yuan/rm/code/Ros/ros2_control_learning/install/ros2_control_demo_description:/home/yuan/rm/code/Ros/ros2_control_learning/install/range_sensor_broadcaster:/home/yuan/rm/code/Ros/ros2_control_learning/install/position_controllers:/home/yuan/rm/code/Ros/ros2_control_learning/install/admittance_controller:/home/yuan/rm/code/Ros/ros2_control_learning/install/joint_trajectory_controller:/home/yuan/rm/code/Ros/ros2_control_learning/install/joint_state_broadcaster:/home/yuan/rm/code/Ros/ros2_control_learning/install/imu_sensor_broadcaster:/home/yuan/rm/code/Ros/ros2_control_learning/install/gripper_controllers:/home/yuan/rm/code/Ros/ros2_control_learning/install/effort_controllers:/home/yuan/rm/code/Ros/ros2_control_learning/install/forward_command_controller:/home/yuan/rm/code/Ros/ros2_control_learning/install/force_torque_sensor_broadcaster:/home/yuan/rm/code/Ros/ros2_control_learning/install/diff_drive_controller:/home/yuan/rm/code/Ros/ros2_control_learning/install/control_toolbox:/home/yuan/rm/code/Ros/ros2_control_learning/install/realtime_tools:/home/yuan/rm/code/Ros/ros2_control_learning/install/motor_interface:/home/yuan/rm/code/Ros/ros2_control_learning/install/kinematics_interface_kdl:/home/yuan/rm/code/Ros/ros2_control_learning/install/kinematics_interface:/home/yuan/rm/code/Ros/ros2_control_learning/install/joint_limits:/home/yuan/rm/code/Ros/ros2_control_learning/install/controller_interface:/home/yuan/rm/code/Ros/ros2_control_learning/install/hardware_interface:/home/yuan/rm/code/Ros/ros2_control_learning/install/controller_manager_msgs:/home/yuan/rm/code/Ros/ros2_control_learning/install/control_msgs:/home/yuan/rm/code/Ros/my_ros2_control/install/test:/home/yuan/rm/code/Ros/my_ros2_control/install/motor_interface:/home/yuan/rm/code/Ros/ros2_control_learning/install/rqt_joint_trajectory_controller:/home/yuan/rm/code/Ros/ros2_control_learning/install/rqt_controller_manager:/home/yuan/rm/code/Ros/ros2_control_learning/install/ros2controlcli:/home/yuan/rm/code/Ros/ros2_control_learning/install/ros2_controllers_test_nodes:/opt/ros/humble LD_LIBRARY_PATH=/home/yuan/rm/code/Ros/my_ros2_control/install/gimbal_controller/lib:/home/yuan/rm/code/Ros/ros2_control_learning/install/velocity_controllers/lib:/home/yuan/rm/code/Ros/ros2_control_learning/install/tricycle_steering_controller/lib:/home/yuan/rm/code/Ros/ros2_control_learning/install/tricycle_controller/lib:/home/yuan/rm/code/Ros/ros2_control_learning/install/ros2_control_demo_example_8/lib:/home/yuan/rm/code/Ros/ros2_control_learning/install/transmission_interface/lib:/home/yuan/rm/code/Ros/ros2_control_learning/install/bicycle_steering_controller/lib:/home/yuan/rm/code/Ros/ros2_control_learning/install/ackermann_steering_controller/lib:/home/yuan/rm/code/Ros/ros2_control_learning/install/steering_controllers_library/lib:/home/yuan/rm/code/Ros/ros2_control_learning/install/ros2_control_demo_example_9/lib:/home/yuan/rm/code/Ros/ros2_control_learning/install/ros2_control_demo_example_7/lib:/home/yuan/rm/code/Ros/ros2_control_learning/install/ros2_control_demo_example_6/lib:/home/yuan/rm/code/Ros/ros2_control_learning/install/ros2_control_demo_example_5/lib:/home/yuan/rm/code/Ros/ros2_control_learning/install/ros2_control_demo_example_4/lib:/home/yuan/rm/code/Ros/ros2_control_learning/install/ros2_control_demo_example_3/lib:/home/yuan/rm/code/Ros/ros2_control_learning/install/ros2_control_demo_example_2/lib:/home/yuan/rm/code/Ros/ros2_control_learning/install/ros2_control_demo_example_14/lib:/home/yuan/rm/code/Ros/ros2_control_learning/install/ros2_control_demo_example_12/lib:/home/yuan/rm/code/Ros/ros2_control_learning/install/ros2_control_demo_example_10/lib:/home/yuan/rm/code/Ros/ros2_control_learning/install/ros2_control_demo_example_1/lib:/home/yuan/rm/code/Ros/ros2_control_learning/install/ign_ros2_control/lib:/home/yuan/rm/code/Ros/ros2_control_learning/install/gazebo_ros2_control/lib:/home/yuan/rm/code/Ros/ros2_control_learning/install/controller_manager/lib:/home/yuan/rm/code/Ros/ros2_control_learning/install/range_sensor_broadcaster/lib:/home/yuan/rm/code/Ros/ros2_control_learning/install/position_controllers/lib:/home/yuan/rm/code/Ros/ros2_control_learning/install/admittance_controller/lib:/home/yuan/rm/code/Ros/ros2_control_learning/install/joint_trajectory_controller/lib:/home/yuan/rm/code/Ros/ros2_control_learning/install/joint_state_broadcaster/lib:/home/yuan/rm/code/Ros/ros2_control_learning/install/imu_sensor_broadcaster/lib:/home/yuan/rm/code/Ros/ros2_control_learning/install/gripper_controllers/lib:/home/yuan/rm/code/Ros/ros2_control_learning/install/effort_controllers/lib:/home/yuan/rm/code/Ros/ros2_control_learning/install/forward_command_controller/lib:/home/yuan/rm/code/Ros/ros2_control_learning/install/force_torque_sensor_broadcaster/lib:/home/yuan/rm/code/Ros/ros2_control_learning/install/diff_drive_controller/lib:/home/yuan/rm/code/Ros/ros2_control_learning/install/control_toolbox/lib:/home/yuan/rm/code/Ros/ros2_control_learning/install/realtime_tools/lib:/home/yuan/rm/code/Ros/ros2_control_learning/install/motor_interface/lib:/home/yuan/rm/code/Ros/ros2_control_learning/install/kinematics_interface_kdl/lib:/home/yuan/rm/code/Ros/ros2_control_learning/install/kinematics_interface/lib:/home/yuan/rm/code/Ros/ros2_control_learning/install/controller_interface/lib:/home/yuan/rm/code/Ros/ros2_control_learning/install/hardware_interface/lib:/home/yuan/rm/code/Ros/ros2_control_learning/install/controller_manager_msgs/lib:/home/yuan/rm/code/Ros/ros2_control_learning/install/control_msgs/lib:/home/yuan/rm/code/Ros/my_ros2_control/install/motor_interface/lib:/opt/ros/humble/opt/rviz_ogre_vendor/lib:/opt/ros/humble/lib/x86_64-linux-gnu:/opt/ros/humble/lib /usr/bin/cmake --build /home/yuan/rm/code/Ros/my_ros2_control/build/motor_interface -- -j16 -l16
[4.225s] DEBUG:colcon.colcon_core.event_handler.log_command:Invoking command in '/home/yuan/rm/code/Ros/my_ros2_control/build/motor_interface': CMAKE_PREFIX_PATH=/home/yuan/rm/code/Ros/my_ros2_control/install/gimbal_controller:/home/yuan/rm/code/Ros/ros2_control_learning/install/gazebo_ros2_control_demos:/home/yuan/rm/code/Ros/ros2_control_learning/install/ros2_controllers:/home/yuan/rm/code/Ros/ros2_control_learning/install/ign_ros2_control_demos:/home/yuan/rm/code/Ros/ros2_control_learning/install/velocity_controllers:/home/yuan/rm/code/Ros/ros2_control_learning/install/tricycle_steering_controller:/home/yuan/rm/code/Ros/ros2_control_learning/install/tricycle_controller:/home/yuan/rm/code/Ros/ros2_control_learning/install/ros2_control_demos:/home/yuan/rm/code/Ros/ros2_control_learning/install/ros2_control_demo_example_8:/home/yuan/rm/code/Ros/ros2_control_learning/install/ros2_control:/home/yuan/rm/code/Ros/ros2_control_learning/install/transmission_interface:/home/yuan/rm/code/Ros/ros2_control_learning/install/bicycle_steering_controller:/home/yuan/rm/code/Ros/ros2_control_learning/install/ackermann_steering_controller:/home/yuan/rm/code/Ros/ros2_control_learning/install/steering_controllers_library:/home/yuan/rm/code/Ros/ros2_control_learning/install/ros2_control_demo_example_9:/home/yuan/rm/code/Ros/ros2_control_learning/install/ros2_control_demo_example_7:/home/yuan/rm/code/Ros/ros2_control_learning/install/ros2_control_demo_example_6:/home/yuan/rm/code/Ros/ros2_control_learning/install/ros2_control_demo_example_5:/home/yuan/rm/code/Ros/ros2_control_learning/install/ros2_control_demo_example_4:/home/yuan/rm/code/Ros/ros2_control_learning/install/ros2_control_demo_example_3:/home/yuan/rm/code/Ros/ros2_control_learning/install/ros2_control_demo_example_2:/home/yuan/rm/code/Ros/ros2_control_learning/install/ros2_control_demo_example_14:/home/yuan/rm/code/Ros/ros2_control_learning/install/ros2_control_demo_example_12:/home/yuan/rm/code/Ros/ros2_control_learning/install/ros2_control_demo_example_10:/home/yuan/rm/code/Ros/ros2_control_learning/install/ros2_control_demo_example_1:/home/yuan/rm/code/Ros/ros2_control_learning/install/gz_ros2_control_tests:/home/yuan/rm/code/Ros/ros2_control_learning/install/ign_ros2_control:/home/yuan/rm/code/Ros/ros2_control_learning/install/gazebo_ros2_control:/home/yuan/rm/code/Ros/ros2_control_learning/install/controller_manager:/home/yuan/rm/code/Ros/ros2_control_learning/install/ros2_control_test_assets:/home/yuan/rm/code/Ros/ros2_control_learning/install/ros2_control_demo_description:/home/yuan/rm/code/Ros/ros2_control_learning/install/range_sensor_broadcaster:/home/yuan/rm/code/Ros/ros2_control_learning/install/position_controllers:/home/yuan/rm/code/Ros/ros2_control_learning/install/admittance_controller:/home/yuan/rm/code/Ros/ros2_control_learning/install/joint_trajectory_controller:/home/yuan/rm/code/Ros/ros2_control_learning/install/joint_state_broadcaster:/home/yuan/rm/code/Ros/ros2_control_learning/install/imu_sensor_broadcaster:/home/yuan/rm/code/Ros/ros2_control_learning/install/gripper_controllers:/home/yuan/rm/code/Ros/ros2_control_learning/install/effort_controllers:/home/yuan/rm/code/Ros/ros2_control_learning/install/forward_command_controller:/home/yuan/rm/code/Ros/ros2_control_learning/install/force_torque_sensor_broadcaster:/home/yuan/rm/code/Ros/ros2_control_learning/install/diff_drive_controller:/home/yuan/rm/code/Ros/ros2_control_learning/install/control_toolbox:/home/yuan/rm/code/Ros/ros2_control_learning/install/realtime_tools:/home/yuan/rm/code/Ros/ros2_control_learning/install/motor_interface:/home/yuan/rm/code/Ros/ros2_control_learning/install/kinematics_interface_kdl:/home/yuan/rm/code/Ros/ros2_control_learning/install/kinematics_interface:/home/yuan/rm/code/Ros/ros2_control_learning/install/joint_limits:/home/yuan/rm/code/Ros/ros2_control_learning/install/controller_interface:/home/yuan/rm/code/Ros/ros2_control_learning/install/hardware_interface:/home/yuan/rm/code/Ros/ros2_control_learning/install/controller_manager_msgs:/home/yuan/rm/code/Ros/ros2_control_learning/install/control_msgs:/home/yuan/rm/code/Ros/my_ros2_control/install/test:/home/yuan/rm/code/Ros/my_ros2_control/install/motor_interface:/home/yuan/rm/code/Ros/ros2_control_learning/install/rqt_joint_trajectory_controller:/home/yuan/rm/code/Ros/ros2_control_learning/install/rqt_controller_manager:/home/yuan/rm/code/Ros/ros2_control_learning/install/ros2controlcli:/home/yuan/rm/code/Ros/ros2_control_learning/install/ros2_controllers_test_nodes:/opt/ros/humble LD_LIBRARY_PATH=/home/yuan/rm/code/Ros/my_ros2_control/install/gimbal_controller/lib:/home/yuan/rm/code/Ros/ros2_control_learning/install/velocity_controllers/lib:/home/yuan/rm/code/Ros/ros2_control_learning/install/tricycle_steering_controller/lib:/home/yuan/rm/code/Ros/ros2_control_learning/install/tricycle_controller/lib:/home/yuan/rm/code/Ros/ros2_control_learning/install/ros2_control_demo_example_8/lib:/home/yuan/rm/code/Ros/ros2_control_learning/install/transmission_interface/lib:/home/yuan/rm/code/Ros/ros2_control_learning/install/bicycle_steering_controller/lib:/home/yuan/rm/code/Ros/ros2_control_learning/install/ackermann_steering_controller/lib:/home/yuan/rm/code/Ros/ros2_control_learning/install/steering_controllers_library/lib:/home/yuan/rm/code/Ros/ros2_control_learning/install/ros2_control_demo_example_9/lib:/home/yuan/rm/code/Ros/ros2_control_learning/install/ros2_control_demo_example_7/lib:/home/yuan/rm/code/Ros/ros2_control_learning/install/ros2_control_demo_example_6/lib:/home/yuan/rm/code/Ros/ros2_control_learning/install/ros2_control_demo_example_5/lib:/home/yuan/rm/code/Ros/ros2_control_learning/install/ros2_control_demo_example_4/lib:/home/yuan/rm/code/Ros/ros2_control_learning/install/ros2_control_demo_example_3/lib:/home/yuan/rm/code/Ros/ros2_control_learning/install/ros2_control_demo_example_2/lib:/home/yuan/rm/code/Ros/ros2_control_learning/install/ros2_control_demo_example_14/lib:/home/yuan/rm/code/Ros/ros2_control_learning/install/ros2_control_demo_example_12/lib:/home/yuan/rm/code/Ros/ros2_control_learning/install/ros2_control_demo_example_10/lib:/home/yuan/rm/code/Ros/ros2_control_learning/install/ros2_control_demo_example_1/lib:/home/yuan/rm/code/Ros/ros2_control_learning/install/ign_ros2_control/lib:/home/yuan/rm/code/Ros/ros2_control_learning/install/gazebo_ros2_control/lib:/home/yuan/rm/code/Ros/ros2_control_learning/install/controller_manager/lib:/home/yuan/rm/code/Ros/ros2_control_learning/install/range_sensor_broadcaster/lib:/home/yuan/rm/code/Ros/ros2_control_learning/install/position_controllers/lib:/home/yuan/rm/code/Ros/ros2_control_learning/install/admittance_controller/lib:/home/yuan/rm/code/Ros/ros2_control_learning/install/joint_trajectory_controller/lib:/home/yuan/rm/code/Ros/ros2_control_learning/install/joint_state_broadcaster/lib:/home/yuan/rm/code/Ros/ros2_control_learning/install/imu_sensor_broadcaster/lib:/home/yuan/rm/code/Ros/ros2_control_learning/install/gripper_controllers/lib:/home/yuan/rm/code/Ros/ros2_control_learning/install/effort_controllers/lib:/home/yuan/rm/code/Ros/ros2_control_learning/install/forward_command_controller/lib:/home/yuan/rm/code/Ros/ros2_control_learning/install/force_torque_sensor_broadcaster/lib:/home/yuan/rm/code/Ros/ros2_control_learning/install/diff_drive_controller/lib:/home/yuan/rm/code/Ros/ros2_control_learning/install/control_toolbox/lib:/home/yuan/rm/code/Ros/ros2_control_learning/install/realtime_tools/lib:/home/yuan/rm/code/Ros/ros2_control_learning/install/motor_interface/lib:/home/yuan/rm/code/Ros/ros2_control_learning/install/kinematics_interface_kdl/lib:/home/yuan/rm/code/Ros/ros2_control_learning/install/kinematics_interface/lib:/home/yuan/rm/code/Ros/ros2_control_learning/install/controller_interface/lib:/home/yuan/rm/code/Ros/ros2_control_learning/install/hardware_interface/lib:/home/yuan/rm/code/Ros/ros2_control_learning/install/controller_manager_msgs/lib:/home/yuan/rm/code/Ros/ros2_control_learning/install/control_msgs/lib:/home/yuan/rm/code/Ros/my_ros2_control/install/motor_interface/lib:/opt/ros/humble/opt/rviz_ogre_vendor/lib:/opt/ros/humble/lib/x86_64-linux-gnu:/opt/ros/humble/lib /usr/bin/cmake --install /home/yuan/rm/code/Ros/my_ros2_control/build/motor_interface
[4.259s] Level 1:colcon.colcon_core.environment:create_environment_scripts_only(motor_interface)
[4.259s] DEBUG:colcon.colcon_core.event_handler.log_command:Invoked command in '/home/yuan/rm/code/Ros/my_ros2_control/build/motor_interface' returned '0': CMAKE_PREFIX_PATH=/home/yuan/rm/code/Ros/my_ros2_control/install/gimbal_controller:/home/yuan/rm/code/Ros/ros2_control_learning/install/gazebo_ros2_control_demos:/home/yuan/rm/code/Ros/ros2_control_learning/install/ros2_controllers:/home/yuan/rm/code/Ros/ros2_control_learning/install/ign_ros2_control_demos:/home/yuan/rm/code/Ros/ros2_control_learning/install/velocity_controllers:/home/yuan/rm/code/Ros/ros2_control_learning/install/tricycle_steering_controller:/home/yuan/rm/code/Ros/ros2_control_learning/install/tricycle_controller:/home/yuan/rm/code/Ros/ros2_control_learning/install/ros2_control_demos:/home/yuan/rm/code/Ros/ros2_control_learning/install/ros2_control_demo_example_8:/home/yuan/rm/code/Ros/ros2_control_learning/install/ros2_control:/home/yuan/rm/code/Ros/ros2_control_learning/install/transmission_interface:/home/yuan/rm/code/Ros/ros2_control_learning/install/bicycle_steering_controller:/home/yuan/rm/code/Ros/ros2_control_learning/install/ackermann_steering_controller:/home/yuan/rm/code/Ros/ros2_control_learning/install/steering_controllers_library:/home/yuan/rm/code/Ros/ros2_control_learning/install/ros2_control_demo_example_9:/home/yuan/rm/code/Ros/ros2_control_learning/install/ros2_control_demo_example_7:/home/yuan/rm/code/Ros/ros2_control_learning/install/ros2_control_demo_example_6:/home/yuan/rm/code/Ros/ros2_control_learning/install/ros2_control_demo_example_5:/home/yuan/rm/code/Ros/ros2_control_learning/install/ros2_control_demo_example_4:/home/yuan/rm/code/Ros/ros2_control_learning/install/ros2_control_demo_example_3:/home/yuan/rm/code/Ros/ros2_control_learning/install/ros2_control_demo_example_2:/home/yuan/rm/code/Ros/ros2_control_learning/install/ros2_control_demo_example_14:/home/yuan/rm/code/Ros/ros2_control_learning/install/ros2_control_demo_example_12:/home/yuan/rm/code/Ros/ros2_control_learning/install/ros2_control_demo_example_10:/home/yuan/rm/code/Ros/ros2_control_learning/install/ros2_control_demo_example_1:/home/yuan/rm/code/Ros/ros2_control_learning/install/gz_ros2_control_tests:/home/yuan/rm/code/Ros/ros2_control_learning/install/ign_ros2_control:/home/yuan/rm/code/Ros/ros2_control_learning/install/gazebo_ros2_control:/home/yuan/rm/code/Ros/ros2_control_learning/install/controller_manager:/home/yuan/rm/code/Ros/ros2_control_learning/install/ros2_control_test_assets:/home/yuan/rm/code/Ros/ros2_control_learning/install/ros2_control_demo_description:/home/yuan/rm/code/Ros/ros2_control_learning/install/range_sensor_broadcaster:/home/yuan/rm/code/Ros/ros2_control_learning/install/position_controllers:/home/yuan/rm/code/Ros/ros2_control_learning/install/admittance_controller:/home/yuan/rm/code/Ros/ros2_control_learning/install/joint_trajectory_controller:/home/yuan/rm/code/Ros/ros2_control_learning/install/joint_state_broadcaster:/home/yuan/rm/code/Ros/ros2_control_learning/install/imu_sensor_broadcaster:/home/yuan/rm/code/Ros/ros2_control_learning/install/gripper_controllers:/home/yuan/rm/code/Ros/ros2_control_learning/install/effort_controllers:/home/yuan/rm/code/Ros/ros2_control_learning/install/forward_command_controller:/home/yuan/rm/code/Ros/ros2_control_learning/install/force_torque_sensor_broadcaster:/home/yuan/rm/code/Ros/ros2_control_learning/install/diff_drive_controller:/home/yuan/rm/code/Ros/ros2_control_learning/install/control_toolbox:/home/yuan/rm/code/Ros/ros2_control_learning/install/realtime_tools:/home/yuan/rm/code/Ros/ros2_control_learning/install/motor_interface:/home/yuan/rm/code/Ros/ros2_control_learning/install/kinematics_interface_kdl:/home/yuan/rm/code/Ros/ros2_control_learning/install/kinematics_interface:/home/yuan/rm/code/Ros/ros2_control_learning/install/joint_limits:/home/yuan/rm/code/Ros/ros2_control_learning/install/controller_interface:/home/yuan/rm/code/Ros/ros2_control_learning/install/hardware_interface:/home/yuan/rm/code/Ros/ros2_control_learning/install/controller_manager_msgs:/home/yuan/rm/code/Ros/ros2_control_learning/install/control_msgs:/home/yuan/rm/code/Ros/my_ros2_control/install/test:/home/yuan/rm/code/Ros/my_ros2_control/install/motor_interface:/home/yuan/rm/code/Ros/ros2_control_learning/install/rqt_joint_trajectory_controller:/home/yuan/rm/code/Ros/ros2_control_learning/install/rqt_controller_manager:/home/yuan/rm/code/Ros/ros2_control_learning/install/ros2controlcli:/home/yuan/rm/code/Ros/ros2_control_learning/install/ros2_controllers_test_nodes:/opt/ros/humble LD_LIBRARY_PATH=/home/yuan/rm/code/Ros/my_ros2_control/install/gimbal_controller/lib:/home/yuan/rm/code/Ros/ros2_control_learning/install/velocity_controllers/lib:/home/yuan/rm/code/Ros/ros2_control_learning/install/tricycle_steering_controller/lib:/home/yuan/rm/code/Ros/ros2_control_learning/install/tricycle_controller/lib:/home/yuan/rm/code/Ros/ros2_control_learning/install/ros2_control_demo_example_8/lib:/home/yuan/rm/code/Ros/ros2_control_learning/install/transmission_interface/lib:/home/yuan/rm/code/Ros/ros2_control_learning/install/bicycle_steering_controller/lib:/home/yuan/rm/code/Ros/ros2_control_learning/install/ackermann_steering_controller/lib:/home/yuan/rm/code/Ros/ros2_control_learning/install/steering_controllers_library/lib:/home/yuan/rm/code/Ros/ros2_control_learning/install/ros2_control_demo_example_9/lib:/home/yuan/rm/code/Ros/ros2_control_learning/install/ros2_control_demo_example_7/lib:/home/yuan/rm/code/Ros/ros2_control_learning/install/ros2_control_demo_example_6/lib:/home/yuan/rm/code/Ros/ros2_control_learning/install/ros2_control_demo_example_5/lib:/home/yuan/rm/code/Ros/ros2_control_learning/install/ros2_control_demo_example_4/lib:/home/yuan/rm/code/Ros/ros2_control_learning/install/ros2_control_demo_example_3/lib:/home/yuan/rm/code/Ros/ros2_control_learning/install/ros2_control_demo_example_2/lib:/home/yuan/rm/code/Ros/ros2_control_learning/install/ros2_control_demo_example_14/lib:/home/yuan/rm/code/Ros/ros2_control_learning/install/ros2_control_demo_example_12/lib:/home/yuan/rm/code/Ros/ros2_control_learning/install/ros2_control_demo_example_10/lib:/home/yuan/rm/code/Ros/ros2_control_learning/install/ros2_control_demo_example_1/lib:/home/yuan/rm/code/Ros/ros2_control_learning/install/ign_ros2_control/lib:/home/yuan/rm/code/Ros/ros2_control_learning/install/gazebo_ros2_control/lib:/home/yuan/rm/code/Ros/ros2_control_learning/install/controller_manager/lib:/home/yuan/rm/code/Ros/ros2_control_learning/install/range_sensor_broadcaster/lib:/home/yuan/rm/code/Ros/ros2_control_learning/install/position_controllers/lib:/home/yuan/rm/code/Ros/ros2_control_learning/install/admittance_controller/lib:/home/yuan/rm/code/Ros/ros2_control_learning/install/joint_trajectory_controller/lib:/home/yuan/rm/code/Ros/ros2_control_learning/install/joint_state_broadcaster/lib:/home/yuan/rm/code/Ros/ros2_control_learning/install/imu_sensor_broadcaster/lib:/home/yuan/rm/code/Ros/ros2_control_learning/install/gripper_controllers/lib:/home/yuan/rm/code/Ros/ros2_control_learning/install/effort_controllers/lib:/home/yuan/rm/code/Ros/ros2_control_learning/install/forward_command_controller/lib:/home/yuan/rm/code/Ros/ros2_control_learning/install/force_torque_sensor_broadcaster/lib:/home/yuan/rm/code/Ros/ros2_control_learning/install/diff_drive_controller/lib:/home/yuan/rm/code/Ros/ros2_control_learning/install/control_toolbox/lib:/home/yuan/rm/code/Ros/ros2_control_learning/install/realtime_tools/lib:/home/yuan/rm/code/Ros/ros2_control_learning/install/motor_interface/lib:/home/yuan/rm/code/Ros/ros2_control_learning/install/kinematics_interface_kdl/lib:/home/yuan/rm/code/Ros/ros2_control_learning/install/kinematics_interface/lib:/home/yuan/rm/code/Ros/ros2_control_learning/install/controller_interface/lib:/home/yuan/rm/code/Ros/ros2_control_learning/install/hardware_interface/lib:/home/yuan/rm/code/Ros/ros2_control_learning/install/controller_manager_msgs/lib:/home/yuan/rm/code/Ros/ros2_control_learning/install/control_msgs/lib:/home/yuan/rm/code/Ros/my_ros2_control/install/motor_interface/lib:/opt/ros/humble/opt/rviz_ogre_vendor/lib:/opt/ros/humble/lib/x86_64-linux-gnu:/opt/ros/humble/lib /usr/bin/cmake --install /home/yuan/rm/code/Ros/my_ros2_control/build/motor_interface
[4.270s] Level 1:colcon.colcon_core.environment:checking '/home/yuan/rm/code/Ros/my_ros2_control/install/motor_interface' for CMake module files
[4.270s] Level 1:colcon.colcon_core.environment:checking '/home/yuan/rm/code/Ros/my_ros2_control/install/motor_interface' for CMake config files
[4.271s] Level 1:colcon.colcon_core.shell:create_environment_hook('motor_interface', 'cmake_prefix_path')
[4.281s] INFO:colcon.colcon_core.shell:Creating environment hook '/home/yuan/rm/code/Ros/my_ros2_control/install/motor_interface/share/motor_interface/hook/cmake_prefix_path.ps1'
[4.281s] INFO:colcon.colcon_core.shell:Creating environment descriptor '/home/yuan/rm/code/Ros/my_ros2_control/install/motor_interface/share/motor_interface/hook/cmake_prefix_path.dsv'
[4.282s] INFO:colcon.colcon_core.shell:Creating environment hook '/home/yuan/rm/code/Ros/my_ros2_control/install/motor_interface/share/motor_interface/hook/cmake_prefix_path.sh'
[4.282s] Level 1:colcon.colcon_core.environment:checking '/home/yuan/rm/code/Ros/my_ros2_control/install/motor_interface/lib'
[4.282s] Level 1:colcon.colcon_core.shell:create_environment_hook('motor_interface', 'ld_library_path_lib')
[4.293s] INFO:colcon.colcon_core.shell:Creating environment hook '/home/yuan/rm/code/Ros/my_ros2_control/install/motor_interface/share/motor_interface/hook/ld_library_path_lib.ps1'
[4.293s] INFO:colcon.colcon_core.shell:Creating environment descriptor '/home/yuan/rm/code/Ros/my_ros2_control/install/motor_interface/share/motor_interface/hook/ld_library_path_lib.dsv'
[4.293s] INFO:colcon.colcon_core.shell:Creating environment hook '/home/yuan/rm/code/Ros/my_ros2_control/install/motor_interface/share/motor_interface/hook/ld_library_path_lib.sh'
[4.293s] Level 1:colcon.colcon_core.environment:checking '/home/yuan/rm/code/Ros/my_ros2_control/install/motor_interface/bin'
[4.293s] Level 1:colcon.colcon_core.environment:checking '/home/yuan/rm/code/Ros/my_ros2_control/install/motor_interface/lib/pkgconfig/motor_interface.pc'
[4.294s] Level 1:colcon.colcon_core.environment:checking '/home/yuan/rm/code/Ros/my_ros2_control/install/motor_interface/lib/python3.10/site-packages'
[4.294s] Level 1:colcon.colcon_core.environment:checking '/home/yuan/rm/code/Ros/my_ros2_control/install/motor_interface/bin'
[4.304s] INFO:colcon.colcon_core.shell:Creating package script '/home/yuan/rm/code/Ros/my_ros2_control/install/motor_interface/share/motor_interface/package.ps1'
[4.305s] INFO:colcon.colcon_core.shell:Creating package descriptor '/home/yuan/rm/code/Ros/my_ros2_control/install/motor_interface/share/motor_interface/package.dsv'
[4.305s] INFO:colcon.colcon_core.shell:Creating package script '/home/yuan/rm/code/Ros/my_ros2_control/install/motor_interface/share/motor_interface/package.sh'
[4.305s] INFO:colcon.colcon_core.shell:Creating package script '/home/yuan/rm/code/Ros/my_ros2_control/install/motor_interface/share/motor_interface/package.bash'
[4.306s] INFO:colcon.colcon_core.shell:Creating package script '/home/yuan/rm/code/Ros/my_ros2_control/install/motor_interface/share/motor_interface/package.zsh'
[4.306s] Level 1:colcon.colcon_core.environment:create_file_with_runtime_dependencies(/home/yuan/rm/code/Ros/my_ros2_control/install/motor_interface/share/colcon-core/packages/motor_interface)
[4.407s] Level 1:colcon.colcon_core.environment:create_environment_scripts_only(motor_interface)
[4.417s] Level 1:colcon.colcon_core.environment:checking '/home/yuan/rm/code/Ros/my_ros2_control/install/motor_interface' for CMake module files
[4.418s] Level 1:colcon.colcon_core.environment:checking '/home/yuan/rm/code/Ros/my_ros2_control/install/motor_interface' for CMake config files
[4.418s] Level 1:colcon.colcon_core.shell:create_environment_hook('motor_interface', 'cmake_prefix_path')
[4.428s] INFO:colcon.colcon_core.shell:Creating environment hook '/home/yuan/rm/code/Ros/my_ros2_control/install/motor_interface/share/motor_interface/hook/cmake_prefix_path.ps1'
[4.429s] INFO:colcon.colcon_core.shell:Creating environment descriptor '/home/yuan/rm/code/Ros/my_ros2_control/install/motor_interface/share/motor_interface/hook/cmake_prefix_path.dsv'
[4.429s] INFO:colcon.colcon_core.shell:Creating environment hook '/home/yuan/rm/code/Ros/my_ros2_control/install/motor_interface/share/motor_interface/hook/cmake_prefix_path.sh'
[4.430s] Level 1:colcon.colcon_core.environment:checking '/home/yuan/rm/code/Ros/my_ros2_control/install/motor_interface/lib'
[4.430s] Level 1:colcon.colcon_core.shell:create_environment_hook('motor_interface', 'ld_library_path_lib')
[4.440s] INFO:colcon.colcon_core.shell:Creating environment hook '/home/yuan/rm/code/Ros/my_ros2_control/install/motor_interface/share/motor_interface/hook/ld_library_path_lib.ps1'
[4.441s] INFO:colcon.colcon_core.shell:Creating environment descriptor '/home/yuan/rm/code/Ros/my_ros2_control/install/motor_interface/share/motor_interface/hook/ld_library_path_lib.dsv'
[4.441s] INFO:colcon.colcon_core.shell:Creating environment hook '/home/yuan/rm/code/Ros/my_ros2_control/install/motor_interface/share/motor_interface/hook/ld_library_path_lib.sh'
[4.442s] Level 1:colcon.colcon_core.environment:checking '/home/yuan/rm/code/Ros/my_ros2_control/install/motor_interface/bin'
[4.442s] Level 1:colcon.colcon_core.environment:checking '/home/yuan/rm/code/Ros/my_ros2_control/install/motor_interface/lib/pkgconfig/motor_interface.pc'
[4.442s] Level 1:colcon.colcon_core.environment:checking '/home/yuan/rm/code/Ros/my_ros2_control/install/motor_interface/lib/python3.10/site-packages'
[4.442s] Level 1:colcon.colcon_core.environment:checking '/home/yuan/rm/code/Ros/my_ros2_control/install/motor_interface/bin'
[4.453s] INFO:colcon.colcon_core.shell:Creating package script '/home/yuan/rm/code/Ros/my_ros2_control/install/motor_interface/share/motor_interface/package.ps1'
[4.453s] INFO:colcon.colcon_core.shell:Creating package descriptor '/home/yuan/rm/code/Ros/my_ros2_control/install/motor_interface/share/motor_interface/package.dsv'
[4.454s] INFO:colcon.colcon_core.shell:Creating package script '/home/yuan/rm/code/Ros/my_ros2_control/install/motor_interface/share/motor_interface/package.sh'
[4.454s] INFO:colcon.colcon_core.shell:Creating package script '/home/yuan/rm/code/Ros/my_ros2_control/install/motor_interface/share/motor_interface/package.bash'
[4.454s] INFO:colcon.colcon_core.shell:Creating package script '/home/yuan/rm/code/Ros/my_ros2_control/install/motor_interface/share/motor_interface/package.zsh'
[4.455s] Level 1:colcon.colcon_core.environment:create_file_with_runtime_dependencies(/home/yuan/rm/code/Ros/my_ros2_control/install/motor_interface/share/colcon-core/packages/motor_interface)
[4.455s] DEBUG:colcon.colcon_parallel_executor.executor.parallel:closing loop
[4.455s] DEBUG:colcon.colcon_parallel_executor.executor.parallel:loop closed
[4.455s] DEBUG:colcon.colcon_parallel_executor.executor.parallel:run_until_complete finished with '0'
[4.455s] DEBUG:colcon.colcon_core.event_reactor:joining thread
[4.472s] INFO:colcon.colcon_core.plugin_system:Skipping extension 'colcon_notification.desktop_notification.terminal_notifier': Not used on non-Darwin systems
[4.472s] INFO:colcon.colcon_core.plugin_system:Skipping extension 'colcon_notification.desktop_notification.win32': Not used on non-Windows systems
[4.472s] INFO:colcon.colcon_notification.desktop_notification:Sending desktop notification using 'notify2'
[4.476s] DEBUG:colcon.colcon_core.event_reactor:joined thread
[4.487s] INFO:colcon.colcon_core.shell:Creating prefix script '/home/yuan/rm/code/Ros/my_ros2_control/install/local_setup.ps1'
[4.487s] INFO:colcon.colcon_core.shell:Creating prefix util module '/home/yuan/rm/code/Ros/my_ros2_control/install/_local_setup_util_ps1.py'
[4.488s] INFO:colcon.colcon_core.shell:Creating prefix chain script '/home/yuan/rm/code/Ros/my_ros2_control/install/setup.ps1'
[4.501s] INFO:colcon.colcon_core.shell:Creating prefix script '/home/yuan/rm/code/Ros/my_ros2_control/install/local_setup.sh'
[4.502s] INFO:colcon.colcon_core.shell:Creating prefix util module '/home/yuan/rm/code/Ros/my_ros2_control/install/_local_setup_util_sh.py'
[4.502s] INFO:colcon.colcon_core.shell:Creating prefix chain script '/home/yuan/rm/code/Ros/my_ros2_control/install/setup.sh'
[4.515s] INFO:colcon.colcon_core.shell:Creating prefix script '/home/yuan/rm/code/Ros/my_ros2_control/install/local_setup.bash'
[4.515s] INFO:colcon.colcon_core.shell:Creating prefix chain script '/home/yuan/rm/code/Ros/my_ros2_control/install/setup.bash'
[4.528s] INFO:colcon.colcon_core.shell:Creating prefix script '/home/yuan/rm/code/Ros/my_ros2_control/install/local_setup.zsh'
[4.528s] INFO:colcon.colcon_core.shell:Creating prefix chain script '/home/yuan/rm/code/Ros/my_ros2_control/install/setup.zsh'
