[0.000000] (-) TimerEvent: {}
[0.000464] (motor_interface) JobQueued: {'identifier': 'motor_interface', 'dependencies': OrderedDict()}
[0.000517] (motor_interface) JobStarted: {'identifier': 'motor_interface'}
[0.048027] (motor_interface) JobProgress: {'identifier': 'motor_interface', 'progress': 'cmake'}
[0.048543] (motor_interface) JobProgress: {'identifier': 'motor_interface', 'progress': 'build'}
[0.049077] (motor_interface) Command: {'cmd': ['/usr/bin/cmake', '--build', '/home/yuan/rm/code/Ros/my_ros2_control/build/motor_interface', '--', '-j16', '-l16'], 'cwd': '/home/yuan/rm/code/Ros/my_ros2_control/build/motor_interface', 'env': OrderedDict([('LESSOPEN', '| /usr/bin/lesspipe %s'), ('LANGUAGE', 'zh_CN:zh'), ('USER', 'yuan'), ('XDG_SEAT', 'seat0'), ('SSH_AGENT_PID', '1246'), ('XDG_SESSION_TYPE', 'x11'), ('GIT_ASKPASS', '/usr/share/code/resources/app/extensions/git/dist/askpass.sh'), ('SHLVL', '1'), ('LD_LIBRARY_PATH', '/home/yuan/rm/code/Ros/my_ros2_control/install/motor_interface/lib:/opt/ros/humble/opt/rviz_ogre_vendor/lib:/opt/ros/humble/lib/x86_64-linux-gnu:/opt/ros/humble/lib'), ('HOME', '/home/yuan'), ('CHROME_DESKTOP', 'code-url-handler.desktop'), ('OLDPWD', '/home/yuan/rm/code/Ros/my_ros2_control'), ('TERM_PROGRAM_VERSION', '1.83.1'), ('DESKTOP_SESSION', 'xfce'), ('GIO_LAUNCHED_DESKTOP_FILE', '/usr/share/applications/code.desktop'), ('ROS_PYTHON_VERSION', '3'), ('XDG_SEAT_PATH', '/org/freedesktop/DisplayManager/Seat0'), ('VSCODE_GIT_ASKPASS_MAIN', '/usr/share/code/resources/app/extensions/git/dist/askpass-main.js'), ('VSCODE_GIT_ASKPASS_NODE', '/usr/share/code/code'), ('DBUS_SESSION_BUS_ADDRESS', 'unix:path=/run/user/1000/bus'), ('COLORTERM', 'truecolor'), ('GIO_LAUNCHED_DESKTOP_FILE_PID', '3179'), ('COLCON_PREFIX_PATH', '/home/yuan/rm/code/Ros/my_ros2_control/install'), ('ROS_DISTRO', 'humble'), ('GTK_IM_MODULE', 'fcitx'), ('LOGNAME', 'yuan'), ('_', '/usr/bin/colcon'), ('ROS_VERSION', '2'), ('XDG_SESSION_CLASS', 'user'), ('TERM', 'xterm-256color'), ('XDG_SESSION_ID', 'c1'), ('ROS_LOCALHOST_ONLY', '0'), ('PATH', '/home/yuan/rm/arm-gnu-toolchain-12.3.rel1-x86_64-arm-none-eabi/bin:/opt/ros/humble/bin:/usr/local/sbin:/usr/local/bin:/usr/sbin:/usr/bin:/sbin:/bin:/usr/games:/usr/local/games:/snap/bin:/home/yuan/.fzf/bin'), ('SESSION_MANAGER', 'local/yuan:@/tmp/.ICE-unix/1055,unix/yuan:/tmp/.ICE-unix/1055'), ('GDM_LANG', 'zh_CN'), ('XDG_SESSION_PATH', '/org/freedesktop/DisplayManager/Session0'), ('XDG_MENU_PREFIX', 'xfce-'), ('XDG_RUNTIME_DIR', '/run/user/1000'), ('GDK_BACKEND', 'x11'), ('DISPLAY', ':0.0'), ('LANG', 'zh_CN.UTF-8'), ('XDG_CURRENT_DESKTOP', 'XFCE'), ('XMODIFIERS', '@im=fcitx'), ('XDG_SESSION_DESKTOP', 'xfce'), ('XAUTHORITY', '/home/yuan/.Xauthority'), ('LS_COLORS', ''), ('VSCODE_GIT_IPC_HANDLE', '/run/user/1000/vscode-git-be293a297e.sock'), ('TERM_PROGRAM', 'vscode'), ('SSH_AUTH_SOCK', '/tmp/ssh-XXXXXX8tNtcz/agent.1239'), ('GSETTINGS_SCHEMA_DIR', '/home/yuan/data'), ('XDG_GREETER_DATA_DIR', '/var/lib/lightdm-data/yuan'), ('AMENT_PREFIX_PATH', '/home/yuan/rm/code/Ros/my_ros2_control/install/motor_interface:/opt/ros/humble'), ('ORIGINAL_XDG_CURRENT_DESKTOP', 'XFCE'), ('SHELL', '/bin/bash'), ('QT_ACCESSIBILITY', '1'), ('GDMSESSION', 'xfce'), ('LESSCLOSE', '/usr/bin/lesspipe %s %s'), ('VSCODE_GIT_ASKPASS_EXTRA_ARGS', '--ms-enable-electron-run-as-node'), ('QT_IM_MODULE', 'fcitx'), ('XDG_VTNR', '7'), ('PWD', '/home/yuan/rm/code/Ros/my_ros2_control/build/motor_interface'), ('XDG_CONFIG_DIRS', '/etc/xdg/xdg-xfce:/etc/xdg:/etc/xdg'), ('CLUTTER_IM_MODULE', 'xim'), ('XDG_DATA_DIRS', '/usr/share/xfce4:/usr/local/share:/usr/share:/var/lib/snapd/desktop:/usr/share'), ('PYTHONPATH', '/opt/ros/humble/lib/python3.10/site-packages:/opt/ros/humble/local/lib/python3.10/dist-packages'), ('COLCON', '1'), ('CMAKE_PREFIX_PATH', '/home/yuan/rm/code/Ros/my_ros2_control/install/motor_interface:/opt/ros/humble')]), 'shell': False}
[0.099683] (-) TimerEvent: {}
[0.108877] (motor_interface) StdoutLine: {'line': b'\x1b[35m\x1b[1mConsolidate compiler generated dependencies of target motor_interface\x1b[0m\n'}
[0.119579] (motor_interface) StdoutLine: {'line': b'[ 36%] Built target gmock_main\n'}
[0.119797] (motor_interface) StdoutLine: {'line': b'[ 45%] Built target gmock\n'}
[0.130883] (motor_interface) StdoutLine: {'line': b'[ 54%] \x1b[32mBuilding CXX object CMakeFiles/motor_interface.dir/src/can_instance.cpp.o\x1b[0m\n'}
[0.131798] (motor_interface) StdoutLine: {'line': b'[ 63%] \x1b[32mBuilding CXX object CMakeFiles/motor_interface.dir/src/motor.cpp.o\x1b[0m\n'}
[0.132182] (motor_interface) StdoutLine: {'line': b'[ 72%] \x1b[32mBuilding CXX object CMakeFiles/motor_interface.dir/src/motor_instance.cpp.o\x1b[0m\n'}
[0.142683] (motor_interface) StdoutLine: {'line': b'[ 90%] Built target test_motor\n'}
[0.199808] (-) TimerEvent: {}
[0.300102] (-) TimerEvent: {}
[0.400404] (-) TimerEvent: {}
[0.494775] (motor_interface) StderrLine: {'line': b'In file included from \x1b[01m\x1b[K/home/yuan/rm/code/Ros/my_ros2_control/src/motor_interface/src/can_instance.cpp:1\x1b[m\x1b[K:\n'}
[0.495091] (motor_interface) StderrLine: {'line': b'\x1b[01m\x1b[K/home/yuan/rm/code/Ros/my_ros2_control/src/motor_interface/include/motor_interface/can_instance.hpp:29:14:\x1b[m\x1b[K \x1b[01;31m\x1b[Kerror: \x1b[m\x1b[K\xe2\x80\x98\x1b[01m\x1b[Kvector\x1b[m\x1b[K\xe2\x80\x99 in namespace \xe2\x80\x98\x1b[01m\x1b[Kstd\x1b[m\x1b[K\xe2\x80\x99 does not name a template type\n'}
[0.495240] (motor_interface) StderrLine: {'line': b'   29 |         std::\x1b[01;31m\x1b[Kvector\x1b[m\x1b[K<std::shared_ptr<motor_instance::Motor_Instance>> motor_instance_ptr_vector_;\n'}
[0.495362] (motor_interface) StderrLine: {'line': b'      |              \x1b[01;31m\x1b[K^~~~~~\x1b[m\x1b[K\n'}
[0.495478] (motor_interface) StderrLine: {'line': b'\x1b[01m\x1b[K/home/yuan/rm/code/Ros/my_ros2_control/src/motor_interface/include/motor_interface/can_instance.hpp:14:1:\x1b[m\x1b[K \x1b[01;36m\x1b[Knote: \x1b[m\x1b[K\xe2\x80\x98\x1b[01m\x1b[Kstd::vector\x1b[m\x1b[K\xe2\x80\x99 is defined in header \xe2\x80\x98\x1b[01m\x1b[K<vector>\x1b[m\x1b[K\xe2\x80\x99; did you forget to \xe2\x80\x98\x1b[01m\x1b[K#include <vector>\x1b[m\x1b[K\xe2\x80\x99?\n'}
[0.495594] (motor_interface) StderrLine: {'line': b'   13 | #include "motor_instance.hpp"\n'}
[0.495708] (motor_interface) StderrLine: {'line': b'  +++ |+\x1b[32m\x1b[K#include <vector>\x1b[m\x1b[K\n'}
[0.495826] (motor_interface) StderrLine: {'line': b'   14 | \n'}
[0.500498] (-) TimerEvent: {}
[0.600801] (-) TimerEvent: {}
[0.701215] (-) TimerEvent: {}
[0.801559] (-) TimerEvent: {}
[0.901943] (-) TimerEvent: {}
[1.002319] (-) TimerEvent: {}
[1.102734] (-) TimerEvent: {}
[1.203063] (-) TimerEvent: {}
[1.277278] (motor_interface) StderrLine: {'line': b'In file included from \x1b[01m\x1b[K/home/yuan/rm/code/Ros/my_ros2_control/src/motor_interface/src/motor.cpp:20\x1b[m\x1b[K:\n'}
[1.277475] (motor_interface) StderrLine: {'line': b'\x1b[01m\x1b[K/home/yuan/rm/code/Ros/my_ros2_control/src/motor_interface/include/motor_interface/motor.hpp:74:37:\x1b[m\x1b[K \x1b[01;31m\x1b[Kerror: \x1b[m\x1b[K\xe2\x80\x98\x1b[01m\x1b[Kmotor_instance\x1b[m\x1b[K\xe2\x80\x99 was not declared in this scope; did you mean \xe2\x80\x98\x1b[01m\x1b[Kmotor_interface\x1b[m\x1b[K\xe2\x80\x99?\n'}
[1.277559] (motor_interface) StderrLine: {'line': b'   74 |         std::vector<std::shared_ptr<\x1b[01;31m\x1b[Kmotor_instance\x1b[m\x1b[K::Motor_Instance>> motor_instance_vector_;\n'}
[1.277676] (motor_interface) StderrLine: {'line': b'      |                                     \x1b[01;31m\x1b[K^~~~~~~~~~~~~~\x1b[m\x1b[K\n'}
[1.277754] (motor_interface) StderrLine: {'line': b'      |                                     \x1b[32m\x1b[Kmotor_interface\x1b[m\x1b[K\n'}
[1.277820] (motor_interface) StderrLine: {'line': b'\x1b[01m\x1b[K/home/yuan/rm/code/Ros/my_ros2_control/src/motor_interface/include/motor_interface/motor.hpp:74:67:\x1b[m\x1b[K \x1b[01;31m\x1b[Kerror: \x1b[m\x1b[Ktemplate argument 1 is invalid\n'}
[1.277889] (motor_interface) StderrLine: {'line': b'   74 |         std::vector<std::shared_ptr<motor_instance::Motor_Instance\x1b[01;31m\x1b[K>>\x1b[m\x1b[K motor_instance_vector_;\n'}
[1.277955] (motor_interface) StderrLine: {'line': b'      |                                                                   \x1b[01;31m\x1b[K^~\x1b[m\x1b[K\n'}
[1.278032] (motor_interface) StderrLine: {'line': b'\x1b[01m\x1b[K/home/yuan/rm/code/Ros/my_ros2_control/src/motor_interface/include/motor_interface/motor.hpp:74:70:\x1b[m\x1b[K \x1b[01;31m\x1b[Kerror: \x1b[m\x1b[Ktemplate argument 1 is invalid\n'}
[1.278097] (motor_interface) StderrLine: {'line': b'   74 |         std::vector<std::shared_ptr<motor_instance::Motor_Instance>> \x1b[01;31m\x1b[Kmotor_instance_vector_\x1b[m\x1b[K;\n'}
[1.278159] (motor_interface) StderrLine: {'line': b'      |                                                                      \x1b[01;31m\x1b[K^~~~~~~~~~~~~~~~~~~~~~\x1b[m\x1b[K\n'}
[1.278222] (motor_interface) StderrLine: {'line': b'\x1b[01m\x1b[K/home/yuan/rm/code/Ros/my_ros2_control/src/motor_interface/include/motor_interface/motor.hpp:74:70:\x1b[m\x1b[K \x1b[01;31m\x1b[Kerror: \x1b[m\x1b[Ktemplate argument 2 is invalid\n'}
[1.284193] (motor_interface) StderrLine: {'line': b'\x1b[01m\x1b[K/home/yuan/rm/code/Ros/my_ros2_control/src/motor_interface/include/motor_interface/motor.hpp:76:25:\x1b[m\x1b[K \x1b[01;31m\x1b[Kerror: \x1b[m\x1b[K\xe2\x80\x98\x1b[01m\x1b[Kcan_instance\x1b[m\x1b[K\xe2\x80\x99 was not declared in this scope\n'}
[1.284363] (motor_interface) StderrLine: {'line': b'   76 |         std::unique_ptr<\x1b[01;31m\x1b[Kcan_instance\x1b[m\x1b[K::Can_Instance> can_instance_;\n'}
[1.284429] (motor_interface) StderrLine: {'line': b'      |                         \x1b[01;31m\x1b[K^~~~~~~~~~~~\x1b[m\x1b[K\n'}
[1.284488] (motor_interface) StderrLine: {'line': b'\x1b[01m\x1b[K/home/yuan/rm/code/Ros/my_ros2_control/src/motor_interface/include/motor_interface/motor.hpp:76:51:\x1b[m\x1b[K \x1b[01;31m\x1b[Kerror: \x1b[m\x1b[Ktemplate argument 1 is invalid\n'}
[1.284545] (motor_interface) StderrLine: {'line': b'   76 |         std::unique_ptr<can_instance::Can_Instance\x1b[01;31m\x1b[K>\x1b[m\x1b[K can_instance_;\n'}
[1.284598] (motor_interface) StderrLine: {'line': b'      |                                                   \x1b[01;31m\x1b[K^\x1b[m\x1b[K\n'}
[1.284663] (motor_interface) StderrLine: {'line': b'\x1b[01m\x1b[K/home/yuan/rm/code/Ros/my_ros2_control/src/motor_interface/include/motor_interface/motor.hpp:76:51:\x1b[m\x1b[K \x1b[01;31m\x1b[Kerror: \x1b[m\x1b[Ktemplate argument 2 is invalid\n'}
[1.303173] (-) TimerEvent: {}
[1.403461] (-) TimerEvent: {}
[1.503792] (-) TimerEvent: {}
[1.604089] (-) TimerEvent: {}
[1.704406] (-) TimerEvent: {}
[1.804701] (-) TimerEvent: {}
[1.904995] (-) TimerEvent: {}
[2.005284] (-) TimerEvent: {}
[2.077594] (motor_interface) StderrLine: {'line': b'\x1b[01m\x1b[K/home/yuan/rm/code/Ros/my_ros2_control/src/motor_interface/src/can_instance.cpp:\x1b[m\x1b[K In constructor \xe2\x80\x98\x1b[01m\x1b[Kcan_instance::Can_Instance::Can_Instance(std::string, const char*, uint16_t)\x1b[m\x1b[K\xe2\x80\x99:\n'}
[2.077781] (motor_interface) StderrLine: {'line': b'\x1b[01m\x1b[K/home/yuan/rm/code/Ros/my_ros2_control/src/motor_interface/src/can_instance.cpp:19:21:\x1b[m\x1b[K \x1b[01;35m\x1b[Kwarning: \x1b[m\x1b[Kmissing initializer for member \xe2\x80\x98\x1b[01m\x1b[Ksockaddr_in::sin_port\x1b[m\x1b[K\xe2\x80\x99 [\x1b[01;35m\x1b[K\x1b]8;;https://gcc.gnu.org/onlinedocs/gcc/Warning-Options.html#index-Wmissing-field-initializers\x07-Wmissing-field-initializers\x1b]8;;\x07\x1b[m\x1b[K]\n'}
[2.077875] (motor_interface) StderrLine: {'line': b'   19 |     serverAddr_ = {0\x1b[01;35m\x1b[K}\x1b[m\x1b[K;\n'}
[2.077946] (motor_interface) StderrLine: {'line': b'      |                     \x1b[01;35m\x1b[K^\x1b[m\x1b[K\n'}
[2.078010] (motor_interface) StderrLine: {'line': b'\x1b[01m\x1b[K/home/yuan/rm/code/Ros/my_ros2_control/src/motor_interface/src/can_instance.cpp:19:21:\x1b[m\x1b[K \x1b[01;35m\x1b[Kwarning: \x1b[m\x1b[Kmissing initializer for member \xe2\x80\x98\x1b[01m\x1b[Ksockaddr_in::sin_addr\x1b[m\x1b[K\xe2\x80\x99 [\x1b[01;35m\x1b[K\x1b]8;;https://gcc.gnu.org/onlinedocs/gcc/Warning-Options.html#index-Wmissing-field-initializers\x07-Wmissing-field-initializers\x1b]8;;\x07\x1b[m\x1b[K]\n'}
[2.078093] (motor_interface) StderrLine: {'line': b'\x1b[01m\x1b[K/home/yuan/rm/code/Ros/my_ros2_control/src/motor_interface/src/can_instance.cpp:19:21:\x1b[m\x1b[K \x1b[01;35m\x1b[Kwarning: \x1b[m\x1b[Kmissing initializer for member \xe2\x80\x98\x1b[01m\x1b[Ksockaddr_in::sin_zero\x1b[m\x1b[K\xe2\x80\x99 [\x1b[01;35m\x1b[K\x1b]8;;https://gcc.gnu.org/onlinedocs/gcc/Warning-Options.html#index-Wmissing-field-initializers\x07-Wmissing-field-initializers\x1b]8;;\x07\x1b[m\x1b[K]\n'}
[2.088274] (motor_interface) StderrLine: {'line': b'\x1b[01m\x1b[K/home/yuan/rm/code/Ros/my_ros2_control/src/motor_interface/src/can_instance.cpp:\x1b[m\x1b[K In member function \xe2\x80\x98\x1b[01m\x1b[Kvoid can_instance::Can_Instance::Add_Motor_Instance(std::shared_ptr<motor_instance::Motor_Instance>)\x1b[m\x1b[K\xe2\x80\x99:\n'}
[2.088470] (motor_interface) StderrLine: {'line': b'\x1b[01m\x1b[K/home/yuan/rm/code/Ros/my_ros2_control/src/motor_interface/src/can_instance.cpp:39:9:\x1b[m\x1b[K \x1b[01;31m\x1b[Kerror: \x1b[m\x1b[K\xe2\x80\x98\x1b[01m\x1b[Kmotor_instance_ptr_vector_\x1b[m\x1b[K\xe2\x80\x99 was not declared in this scope; did you mean \xe2\x80\x98\x1b[01m\x1b[Kmotor_instance_ptr\x1b[m\x1b[K\xe2\x80\x99?\n'}
[2.088547] (motor_interface) StderrLine: {'line': b'   39 |     if (\x1b[01;31m\x1b[Kmotor_instance_ptr_vector_\x1b[m\x1b[K.size() <= Can_Amount_Max)\n'}
[2.088615] (motor_interface) StderrLine: {'line': b'      |         \x1b[01;31m\x1b[K^~~~~~~~~~~~~~~~~~~~~~~~~~\x1b[m\x1b[K\n'}
[2.088686] (motor_interface) StderrLine: {'line': b'      |         \x1b[32m\x1b[Kmotor_instance_ptr\x1b[m\x1b[K\n'}
[2.088844] (motor_interface) StderrLine: {'line': b'In file included from \x1b[01m\x1b[K/opt/ros/humble/include/rclcpp/rclcpp/logging.hpp:24\x1b[m\x1b[K,\n'}
[2.088931] (motor_interface) StderrLine: {'line': b'                 from \x1b[01m\x1b[K/opt/ros/humble/include/rclcpp/rclcpp/client.hpp:40\x1b[m\x1b[K,\n'}
[2.089009] (motor_interface) StderrLine: {'line': b'                 from \x1b[01m\x1b[K/opt/ros/humble/include/rclcpp/rclcpp/callback_group.hpp:24\x1b[m\x1b[K,\n'}
[2.089069] (motor_interface) StderrLine: {'line': b'                 from \x1b[01m\x1b[K/opt/ros/humble/include/rclcpp/rclcpp/any_executable.hpp:20\x1b[m\x1b[K,\n'}
[2.089134] (motor_interface) StderrLine: {'line': b'                 from \x1b[01m\x1b[K/opt/ros/humble/include/rclcpp/rclcpp/memory_strategy.hpp:25\x1b[m\x1b[K,\n'}
[2.089200] (motor_interface) StderrLine: {'line': b'                 from \x1b[01m\x1b[K/opt/ros/humble/include/rclcpp/rclcpp/memory_strategies.hpp:18\x1b[m\x1b[K,\n'}
[2.089253] (motor_interface) StderrLine: {'line': b'                 from \x1b[01m\x1b[K/opt/ros/humble/include/rclcpp/rclcpp/executor_options.hpp:20\x1b[m\x1b[K,\n'}
[2.089304] (motor_interface) StderrLine: {'line': b'                 from \x1b[01m\x1b[K/opt/ros/humble/include/rclcpp/rclcpp/executor.hpp:37\x1b[m\x1b[K,\n'}
[2.089354] (motor_interface) StderrLine: {'line': b'                 from \x1b[01m\x1b[K/opt/ros/humble/include/rclcpp/rclcpp/executors/multi_threaded_executor.hpp:25\x1b[m\x1b[K,\n'}
[2.089406] (motor_interface) StderrLine: {'line': b'                 from \x1b[01m\x1b[K/opt/ros/humble/include/rclcpp/rclcpp/executors.hpp:21\x1b[m\x1b[K,\n'}
[2.089462] (motor_interface) StderrLine: {'line': b'                 from \x1b[01m\x1b[K/opt/ros/humble/include/rclcpp/rclcpp/rclcpp.hpp:155\x1b[m\x1b[K,\n'}
[2.089516] (motor_interface) StderrLine: {'line': b'                 from \x1b[01m\x1b[K/home/yuan/rm/code/Ros/my_ros2_control/src/motor_interface/src/can_instance.cpp:2\x1b[m\x1b[K:\n'}
[2.089568] (motor_interface) StderrLine: {'line': b'\x1b[01m\x1b[K/home/yuan/rm/code/Ros/my_ros2_control/src/motor_interface/src/can_instance.cpp:42:60:\x1b[m\x1b[K \x1b[01;35m\x1b[Kwarning: \x1b[m\x1b[Kformat \xe2\x80\x98\x1b[01m\x1b[K%llX\x1b[m\x1b[K\xe2\x80\x99 expects argument of type \xe2\x80\x98\x1b[01m\x1b[Klong long unsigned int\x1b[m\x1b[K\xe2\x80\x99, but argument 6 has type \xe2\x80\x98\x1b[01m\x1b[Kuint64_t\x1b[m\x1b[K\xe2\x80\x99 {aka \xe2\x80\x98\x1b[01m\x1b[Klong unsigned int\x1b[m\x1b[K\xe2\x80\x99} [\x1b[01;35m\x1b[K\x1b]8;;https://gcc.gnu.org/onlinedocs/gcc/Warning-Options.html#index-Wformat=\x07-Wformat=\x1b]8;;\x07\x1b[m\x1b[K]\n'}
[2.089640] (motor_interface) StderrLine: {'line': b'   42 |         RCLCPP_INFO(rclcpp::get_logger("motor_interface"), \x1b[01;35m\x1b[K"%s add 0X%llX \\n"\x1b[m\x1b[K,\n'}
[2.089694] (motor_interface) StderrLine: {'line': b'      |                                                            \x1b[01;35m\x1b[K^~~~~~~~~~~~~~~~~~\x1b[m\x1b[K\n'}
[2.089745] (motor_interface) StderrLine: {'line': b'   43 |                     name_.c_str(), \x1b[32m\x1b[Kmotor_instance_ptr->Get_Id()\x1b[m\x1b[K);\n'}
[2.089795] (motor_interface) StderrLine: {'line': b'      |                                    \x1b[32m\x1b[K~~~~~~~~~~~~~~~~~~~~~~~~~~~~\x1b[m\x1b[K\n'}
[2.089844] (motor_interface) StderrLine: {'line': b'      |                                                              \x1b[32m\x1b[K|\x1b[m\x1b[K\n'}
[2.089894] (motor_interface) StderrLine: {'line': b'      |                                                              \x1b[32m\x1b[Kuint64_t {aka long unsigned int}\x1b[m\x1b[K\n'}
[2.089943] (motor_interface) StderrLine: {'line': b'\x1b[01m\x1b[K/home/yuan/rm/code/Ros/my_ros2_control/src/motor_interface/src/can_instance.cpp:42:73:\x1b[m\x1b[K \x1b[01;36m\x1b[Knote: \x1b[m\x1b[Kformat string is defined here\n'}
[2.089994] (motor_interface) StderrLine: {'line': b'   42 |         RCLCPP_INFO(rclcpp::get_logger("motor_interface"), "%s add 0X\x1b[01;36m\x1b[K%llX\x1b[m\x1b[K \\n",\n'}
[2.090050] (motor_interface) StderrLine: {'line': b'      |                                                                      \x1b[01;36m\x1b[K~~~^\x1b[m\x1b[K\n'}
[2.090101] (motor_interface) StderrLine: {'line': b'      |                                                                         \x1b[01;36m\x1b[K|\x1b[m\x1b[K\n'}
[2.090150] (motor_interface) StderrLine: {'line': b'      |                                                                         \x1b[01;36m\x1b[Klong long unsigned int\x1b[m\x1b[K\n'}
[2.090201] (motor_interface) StderrLine: {'line': b'      |                                                                      \x1b[32m\x1b[K%lX\x1b[m\x1b[K\n'}
[2.096387] (motor_interface) StderrLine: {'line': b'\x1b[01m\x1b[K/home/yuan/rm/code/Ros/my_ros2_control/src/motor_interface/src/can_instance.cpp:\x1b[m\x1b[K In member function \xe2\x80\x98\x1b[01m\x1b[Kvoid can_instance::Can_Instance::Read()\x1b[m\x1b[K\xe2\x80\x99:\n'}
[2.096513] (motor_interface) StderrLine: {'line': b'\x1b[01m\x1b[K/home/yuan/rm/code/Ros/my_ros2_control/src/motor_interface/src/can_instance.cpp:67:50:\x1b[m\x1b[K \x1b[01;31m\x1b[Kerror: \x1b[m\x1b[K\xe2\x80\x98\x1b[01m\x1b[Kmotor_instance_ptr_vector_\x1b[m\x1b[K\xe2\x80\x99 was not declared in this scope; did you mean \xe2\x80\x98\x1b[01m\x1b[Kmotor_instance_ptr_item\x1b[m\x1b[K\xe2\x80\x99?\n'}
[2.096581] (motor_interface) StderrLine: {'line': b'   67 |             for (auto &motor_instance_ptr_item : \x1b[01;31m\x1b[Kmotor_instance_ptr_vector_\x1b[m\x1b[K)\n'}
[2.096645] (motor_interface) StderrLine: {'line': b'      |                                                  \x1b[01;31m\x1b[K^~~~~~~~~~~~~~~~~~~~~~~~~~\x1b[m\x1b[K\n'}
[2.096706] (motor_interface) StderrLine: {'line': b'      |                                                  \x1b[32m\x1b[Kmotor_instance_ptr_item\x1b[m\x1b[K\n'}
[2.103772] (motor_interface) StderrLine: {'line': b'\x1b[01m\x1b[K/home/yuan/rm/code/Ros/my_ros2_control/src/motor_interface/src/can_instance.cpp:\x1b[m\x1b[K In member function \xe2\x80\x98\x1b[01m\x1b[Kvoid can_instance::Can_Instance::Write()\x1b[m\x1b[K\xe2\x80\x99:\n'}
[2.103970] (motor_interface) StderrLine: {'line': b'\x1b[01m\x1b[K/home/yuan/rm/code/Ros/my_ros2_control/src/motor_interface/src/can_instance.cpp:91:46:\x1b[m\x1b[K \x1b[01;31m\x1b[Kerror: \x1b[m\x1b[K\xe2\x80\x98\x1b[01m\x1b[Kmotor_instance_ptr_vector_\x1b[m\x1b[K\xe2\x80\x99 was not declared in this scope; did you mean \xe2\x80\x98\x1b[01m\x1b[Kmotor_instance_ptr_item\x1b[m\x1b[K\xe2\x80\x99?\n'}
[2.104057] (motor_interface) StderrLine: {'line': b'   91 |         for (auto &motor_instance_ptr_item : \x1b[01;31m\x1b[Kmotor_instance_ptr_vector_\x1b[m\x1b[K)\n'}
[2.104125] (motor_interface) StderrLine: {'line': b'      |                                              \x1b[01;31m\x1b[K^~~~~~~~~~~~~~~~~~~~~~~~~~\x1b[m\x1b[K\n'}
[2.104190] (motor_interface) StderrLine: {'line': b'      |                                              \x1b[32m\x1b[Kmotor_instance_ptr_item\x1b[m\x1b[K\n'}
[2.104253] (motor_interface) StderrLine: {'line': b"\x1b[01m\x1b[K/home/yuan/rm/code/Ros/my_ros2_control/src/motor_interface/src/can_instance.cpp:125:29:\x1b[m\x1b[K \x1b[01;35m\x1b[Kwarning: \x1b[m\x1b[Koverflow in conversion from \xe2\x80\x98\x1b[01m\x1b[Kint\x1b[m\x1b[K\xe2\x80\x99 to \xe2\x80\x98\x1b[01m\x1b[Kchar\x1b[m\x1b[K\xe2\x80\x99 changes value from \xe2\x80\x98\x1b[01m\x1b[K255\x1b[m\x1b[K\xe2\x80\x99 to \xe2\x80\x98\x1b[01m\x1b[K'\\37777777777'\x1b[m\x1b[K\xe2\x80\x99 [\x1b[01;35m\x1b[K\x1b]8;;https://gcc.gnu.org/onlinedocs/gcc/Warning-Options.html#index-Woverflow\x07-Woverflow\x1b]8;;\x07\x1b[m\x1b[K]\n"}
[2.104320] (motor_interface) StderrLine: {'line': b'  125 |             write_buf_[4] = \x1b[01;35m\x1b[K0xff\x1b[m\x1b[K;\n'}
[2.104383] (motor_interface) StderrLine: {'line': b'      |                             \x1b[01;35m\x1b[K^~~~\x1b[m\x1b[K\n'}
[2.105349] (-) TimerEvent: {}
[2.205626] (-) TimerEvent: {}
[2.306023] (-) TimerEvent: {}
[2.406359] (-) TimerEvent: {}
[2.475226] (motor_interface) StderrLine: {'line': b'gmake[2]: *** [CMakeFiles/motor_interface.dir/build.make:76\xef\xbc\x9aCMakeFiles/motor_interface.dir/src/can_instance.cpp.o] \xe9\x94\x99\xe8\xaf\xaf 1\n'}
[2.475465] (motor_interface) StderrLine: {'line': b'gmake[2]: *** \xe6\xad\xa3\xe5\x9c\xa8\xe7\xad\x89\xe5\xbe\x85\xe6\x9c\xaa\xe5\xae\x8c\xe6\x88\x90\xe7\x9a\x84\xe4\xbb\xbb\xe5\x8a\xa1....\n'}
[2.506477] (-) TimerEvent: {}
[2.576309] (motor_interface) StderrLine: {'line': b'\x1b[01m\x1b[K/home/yuan/rm/code/Ros/my_ros2_control/src/motor_interface/src/motor.cpp:\x1b[m\x1b[K In member function \xe2\x80\x98\x1b[01m\x1b[Kvirtual hardware_interface::CallbackReturn motor_interface::Motor::on_init(const hardware_interface::HardwareInfo&)\x1b[m\x1b[K\xe2\x80\x99:\n'}
[2.576560] (motor_interface) StderrLine: {'line': b'\x1b[01m\x1b[K/home/yuan/rm/code/Ros/my_ros2_control/src/motor_interface/src/motor.cpp:68:9:\x1b[m\x1b[K \x1b[01;35m\x1b[Kwarning: \x1b[m\x1b[KC++ designated initializers only available with \xe2\x80\x98\x1b[01m\x1b[K-std=c++20\x1b[m\x1b[K\xe2\x80\x99 or \xe2\x80\x98\x1b[01m\x1b[K-std=gnu++20\x1b[m\x1b[K\xe2\x80\x99 [\x1b[01;35m\x1b[K\x1b]8;;https://gcc.gnu.org/onlinedocs/gcc/Warning-Options.html#index-Wpedantic\x07-Wpedantic\x1b]8;;\x07\x1b[m\x1b[K]\n'}
[2.576680] (motor_interface) StderrLine: {'line': b'   68 |         \x1b[01;35m\x1b[K.\x1b[m\x1b[KserverPort = (uint16_t)std::stoul(info_.hardware_parameters["serverPort"]),\n'}
[2.576770] (motor_interface) StderrLine: {'line': b'      |         \x1b[01;35m\x1b[K^\x1b[m\x1b[K\n'}
[2.576850] (motor_interface) StderrLine: {'line': b'\x1b[01m\x1b[K/home/yuan/rm/code/Ros/my_ros2_control/src/motor_interface/src/motor.cpp:69:9:\x1b[m\x1b[K \x1b[01;35m\x1b[Kwarning: \x1b[m\x1b[KC++ designated initializers only available with \xe2\x80\x98\x1b[01m\x1b[K-std=c++20\x1b[m\x1b[K\xe2\x80\x99 or \xe2\x80\x98\x1b[01m\x1b[K-std=gnu++20\x1b[m\x1b[K\xe2\x80\x99 [\x1b[01;35m\x1b[K\x1b]8;;https://gcc.gnu.org/onlinedocs/gcc/Warning-Options.html#index-Wpedantic\x07-Wpedantic\x1b]8;;\x07\x1b[m\x1b[K]\n'}
[2.576930] (motor_interface) StderrLine: {'line': b'   69 |         \x1b[01;35m\x1b[K.\x1b[m\x1b[KserverIP = info_.hardware_parameters["serverIP"]};\n'}
[2.577004] (motor_interface) StderrLine: {'line': b'      |         \x1b[01;35m\x1b[K^\x1b[m\x1b[K\n'}
[2.577079] (motor_interface) StderrLine: {'line': b'\x1b[01m\x1b[K/home/yuan/rm/code/Ros/my_ros2_control/src/motor_interface/src/motor.cpp:71:19:\x1b[m\x1b[K \x1b[01;31m\x1b[Kerror: \x1b[m\x1b[Krequest for member \xe2\x80\x98\x1b[01m\x1b[Kreset\x1b[m\x1b[K\xe2\x80\x99 in \xe2\x80\x98\x1b[01m\x1b[K((motor_interface::Motor*)this)->motor_interface::Motor::can_instance_\x1b[m\x1b[K\xe2\x80\x99, which is of non-class type \xe2\x80\x98\x1b[01m\x1b[Kint\x1b[m\x1b[K\xe2\x80\x99\n'}
[2.577170] (motor_interface) StderrLine: {'line': b'   71 |     can_instance_.\x1b[01;31m\x1b[Kreset\x1b[m\x1b[K(new can_instance::Can_Instance(name_, ip1_can1.serverIP.c_str(), ip1_can1.serverPort));\n'}
[2.577247] (motor_interface) StderrLine: {'line': b'      |                   \x1b[01;31m\x1b[K^~~~~\x1b[m\x1b[K\n'}
[2.590863] (motor_interface) StderrLine: {'line': b'\x1b[01m\x1b[K/home/yuan/rm/code/Ros/my_ros2_control/src/motor_interface/src/motor.cpp:73:5:\x1b[m\x1b[K \x1b[01;31m\x1b[Kerror: \x1b[m\x1b[K\xe2\x80\x98\x1b[01m\x1b[Kmotor_instance_vector_\x1b[m\x1b[K\xe2\x80\x99 was not declared in this scope; did you mean \xe2\x80\x98\x1b[01m\x1b[Kmotor_instance\x1b[m\x1b[K\xe2\x80\x99?\n'}
[2.591072] (motor_interface) StderrLine: {'line': b'   73 |     \x1b[01;31m\x1b[Kmotor_instance_vector_\x1b[m\x1b[K.resize(info_.joints.size(), std::numeric_limits<std::shared_ptr<motor_instance::Motor_Instance>>::quiet_NaN());\n'}
[2.591173] (motor_interface) StderrLine: {'line': b'      |     \x1b[01;31m\x1b[K^~~~~~~~~~~~~~~~~~~~~~\x1b[m\x1b[K\n'}
[2.591255] (motor_interface) StderrLine: {'line': b'      |     \x1b[32m\x1b[Kmotor_instance\x1b[m\x1b[K\n'}
[2.594097] (motor_interface) StderrLine: {'line': b'\x1b[01m\x1b[K/home/yuan/rm/code/Ros/my_ros2_control/src/motor_interface/src/motor.cpp:96:20:\x1b[m\x1b[K \x1b[01;31m\x1b[Kerror: \x1b[m\x1b[Kbase operand of \xe2\x80\x98\x1b[01m\x1b[K->\x1b[m\x1b[K\xe2\x80\x99 is not a pointer\n'}
[2.594232] (motor_interface) StderrLine: {'line': b'   96 |       can_instance_\x1b[01;31m\x1b[K->\x1b[m\x1b[KAdd_Motor_Instance(motor_instance_vector_[i]);\n'}
[2.594321] (motor_interface) StderrLine: {'line': b'      |                    \x1b[01;31m\x1b[K^~\x1b[m\x1b[K\n'}
[2.594918] (motor_interface) StderrLine: {'line': b'In file included from \x1b[01m\x1b[K/opt/ros/humble/include/rclcpp/rclcpp/logging.hpp:24\x1b[m\x1b[K,\n'}
[2.595014] (motor_interface) StderrLine: {'line': b'                 from \x1b[01m\x1b[K/opt/ros/humble/include/rclcpp/rclcpp/client.hpp:40\x1b[m\x1b[K,\n'}
[2.595090] (motor_interface) StderrLine: {'line': b'                 from \x1b[01m\x1b[K/opt/ros/humble/include/rclcpp/rclcpp/callback_group.hpp:24\x1b[m\x1b[K,\n'}
[2.595167] (motor_interface) StderrLine: {'line': b'                 from \x1b[01m\x1b[K/opt/ros/humble/include/rclcpp/rclcpp/any_executable.hpp:20\x1b[m\x1b[K,\n'}
[2.595243] (motor_interface) StderrLine: {'line': b'                 from \x1b[01m\x1b[K/opt/ros/humble/include/rclcpp/rclcpp/memory_strategy.hpp:25\x1b[m\x1b[K,\n'}
[2.595316] (motor_interface) StderrLine: {'line': b'                 from \x1b[01m\x1b[K/opt/ros/humble/include/rclcpp/rclcpp/memory_strategies.hpp:18\x1b[m\x1b[K,\n'}
[2.595390] (motor_interface) StderrLine: {'line': b'                 from \x1b[01m\x1b[K/opt/ros/humble/include/rclcpp/rclcpp/executor_options.hpp:20\x1b[m\x1b[K,\n'}
[2.595462] (motor_interface) StderrLine: {'line': b'                 from \x1b[01m\x1b[K/opt/ros/humble/include/rclcpp/rclcpp/executor.hpp:37\x1b[m\x1b[K,\n'}
[2.595536] (motor_interface) StderrLine: {'line': b'                 from \x1b[01m\x1b[K/opt/ros/humble/include/rclcpp/rclcpp/executors/multi_threaded_executor.hpp:25\x1b[m\x1b[K,\n'}
[2.595708] (motor_interface) StderrLine: {'line': b'                 from \x1b[01m\x1b[K/opt/ros/humble/include/rclcpp/rclcpp/executors.hpp:21\x1b[m\x1b[K,\n'}
[2.595803] (motor_interface) StderrLine: {'line': b'                 from \x1b[01m\x1b[K/opt/ros/humble/include/rclcpp/rclcpp/rclcpp.hpp:155\x1b[m\x1b[K,\n'}
[2.595880] (motor_interface) StderrLine: {'line': b'                 from \x1b[01m\x1b[K/home/yuan/rm/code/Ros/my_ros2_control/src/motor_interface/src/motor.cpp:22\x1b[m\x1b[K:\n'}
[2.595953] (motor_interface) StderrLine: {'line': b'\x1b[01m\x1b[K/home/yuan/rm/code/Ros/my_ros2_control/src/motor_interface/src/motor.cpp:99:58:\x1b[m\x1b[K \x1b[01;35m\x1b[Kwarning: \x1b[m\x1b[Kformat \xe2\x80\x98\x1b[01m\x1b[K%d\x1b[m\x1b[K\xe2\x80\x99 expects argument of type \xe2\x80\x98\x1b[01m\x1b[Kint\x1b[m\x1b[K\xe2\x80\x99, but argument 5 has type \xe2\x80\x98\x1b[01m\x1b[Kstd::vector<hardware_interface::InterfaceInfo>::size_type\x1b[m\x1b[K\xe2\x80\x99 {aka \xe2\x80\x98\x1b[01m\x1b[Klong unsigned int\x1b[m\x1b[K\xe2\x80\x99} [\x1b[01;35m\x1b[K\x1b]8;;https://gcc.gnu.org/onlinedocs/gcc/Warning-Options.html#index-Wformat=\x07-Wformat=\x1b]8;;\x07\x1b[m\x1b[K]\n'}
[2.596047] (motor_interface) StderrLine: {'line': b'   99 |       RCLCPP_INFO(rclcpp::get_logger("motor_interface"), \x1b[01;35m\x1b[K"joint.command_interfaces.size=%d \\n"\x1b[m\x1b[K, \x1b[32m\x1b[Kjoint.command_interfaces.size()\x1b[m\x1b[K);\n'}
[2.596130] (motor_interface) StderrLine: {'line': b'      |                                                          \x1b[01;35m\x1b[K^~~~~~~~~~~~~~~~~~~~~~~~~~~~~~~~~~~~~\x1b[m\x1b[K  \x1b[32m\x1b[K~~~~~~~~~~~~~~~~~~~~~~~~~~~~~~~\x1b[m\x1b[K\n'}
[2.596208] (motor_interface) StderrLine: {'line': b'      |                                                                                                                              \x1b[32m\x1b[K|\x1b[m\x1b[K\n'}
[2.596281] (motor_interface) StderrLine: {'line': b'      |                                                                                                                              \x1b[32m\x1b[Kstd::vector<hardware_interface::InterfaceInfo>::size_type {aka long unsigned int}\x1b[m\x1b[K\n'}
[2.596357] (motor_interface) StderrLine: {'line': b'\x1b[01m\x1b[K/home/yuan/rm/code/Ros/my_ros2_control/src/motor_interface/src/motor.cpp:99:90:\x1b[m\x1b[K \x1b[01;36m\x1b[Knote: \x1b[m\x1b[Kformat string is defined here\n'}
[2.596430] (motor_interface) StderrLine: {'line': b'   99 |       RCLCPP_INFO(rclcpp::get_logger("motor_interface"), "joint.command_interfaces.size=\x1b[01;36m\x1b[K%d\x1b[m\x1b[K \\n", joint.command_interfaces.size());\n'}
[2.596503] (motor_interface) StderrLine: {'line': b'      |                                                                                         \x1b[01;36m\x1b[K~^\x1b[m\x1b[K\n'}
[2.596578] (motor_interface) StderrLine: {'line': b'      |                                                                                          \x1b[01;36m\x1b[K|\x1b[m\x1b[K\n'}
[2.596652] (motor_interface) StderrLine: {'line': b'      |                                                                                          \x1b[01;36m\x1b[Kint\x1b[m\x1b[K\n'}
[2.596726] (motor_interface) StderrLine: {'line': b'      |                                                                                         \x1b[32m\x1b[K%ld\x1b[m\x1b[K\n'}
[2.596806] (motor_interface) StderrLine: {'line': b'In file included from \x1b[01m\x1b[K/opt/ros/humble/include/rclcpp/rclcpp/logging.hpp:24\x1b[m\x1b[K,\n'}
[2.596880] (motor_interface) StderrLine: {'line': b'                 from \x1b[01m\x1b[K/opt/ros/humble/include/rclcpp/rclcpp/client.hpp:40\x1b[m\x1b[K,\n'}
[2.596953] (motor_interface) StderrLine: {'line': b'                 from \x1b[01m\x1b[K/opt/ros/humble/include/rclcpp/rclcpp/callback_group.hpp:24\x1b[m\x1b[K,\n'}
[2.597025] (motor_interface) StderrLine: {'line': b'                 from \x1b[01m\x1b[K/opt/ros/humble/include/rclcpp/rclcpp/any_executable.hpp:20\x1b[m\x1b[K,\n'}
[2.597105] (motor_interface) StderrLine: {'line': b'                 from \x1b[01m\x1b[K/opt/ros/humble/include/rclcpp/rclcpp/memory_strategy.hpp:25\x1b[m\x1b[K,\n'}
[2.597178] (motor_interface) StderrLine: {'line': b'                 from \x1b[01m\x1b[K/opt/ros/humble/include/rclcpp/rclcpp/memory_strategies.hpp:18\x1b[m\x1b[K,\n'}
[2.597250] (motor_interface) StderrLine: {'line': b'                 from \x1b[01m\x1b[K/opt/ros/humble/include/rclcpp/rclcpp/executor_options.hpp:20\x1b[m\x1b[K,\n'}
[2.597322] (motor_interface) StderrLine: {'line': b'                 from \x1b[01m\x1b[K/opt/ros/humble/include/rclcpp/rclcpp/executor.hpp:37\x1b[m\x1b[K,\n'}
[2.597395] (motor_interface) StderrLine: {'line': b'                 from \x1b[01m\x1b[K/opt/ros/humble/include/rclcpp/rclcpp/executors/multi_threaded_executor.hpp:25\x1b[m\x1b[K,\n'}
[2.597473] (motor_interface) StderrLine: {'line': b'                 from \x1b[01m\x1b[K/opt/ros/humble/include/rclcpp/rclcpp/executors.hpp:21\x1b[m\x1b[K,\n'}
[2.597547] (motor_interface) StderrLine: {'line': b'                 from \x1b[01m\x1b[K/opt/ros/humble/include/rclcpp/rclcpp/rclcpp.hpp:155\x1b[m\x1b[K,\n'}
[2.597622] (motor_interface) StderrLine: {'line': b'                 from \x1b[01m\x1b[K/home/yuan/rm/code/Ros/my_ros2_control/src/motor_interface/src/motor.cpp:22\x1b[m\x1b[K:\n'}
[2.597695] (motor_interface) StderrLine: {'line': b'\x1b[01m\x1b[K/home/yuan/rm/code/Ros/my_ros2_control/src/motor_interface/src/motor.cpp:102:58:\x1b[m\x1b[K \x1b[01;35m\x1b[Kwarning: \x1b[m\x1b[Kformat \xe2\x80\x98\x1b[01m\x1b[K%d\x1b[m\x1b[K\xe2\x80\x99 expects argument of type \xe2\x80\x98\x1b[01m\x1b[Kint\x1b[m\x1b[K\xe2\x80\x99, but argument 5 has type \xe2\x80\x98\x1b[01m\x1b[Kstd::vector<hardware_interface::InterfaceInfo>::size_type\x1b[m\x1b[K\xe2\x80\x99 {aka \xe2\x80\x98\x1b[01m\x1b[Klong unsigned int\x1b[m\x1b[K\xe2\x80\x99} [\x1b[01;35m\x1b[K\x1b]8;;https://gcc.gnu.org/onlinedocs/gcc/Warning-Options.html#index-Wformat=\x07-Wformat=\x1b]8;;\x07\x1b[m\x1b[K]\n'}
[2.597777] (motor_interface) StderrLine: {'line': b'  102 |       RCLCPP_INFO(rclcpp::get_logger("motor_interface"), \x1b[01;35m\x1b[K"joint.state_interfaces.size=%d \\n"\x1b[m\x1b[K, \x1b[32m\x1b[Kjoint.state_interfaces.size()\x1b[m\x1b[K);\n'}
[2.597851] (motor_interface) StderrLine: {'line': b'      |                                                          \x1b[01;35m\x1b[K^~~~~~~~~~~~~~~~~~~~~~~~~~~~~~~~~~~\x1b[m\x1b[K  \x1b[32m\x1b[K~~~~~~~~~~~~~~~~~~~~~~~~~~~~~\x1b[m\x1b[K\n'}
[2.597924] (motor_interface) StderrLine: {'line': b'      |                                                                                                                          \x1b[32m\x1b[K|\x1b[m\x1b[K\n'}
[2.597997] (motor_interface) StderrLine: {'line': b'      |                                                                                                                          \x1b[32m\x1b[Kstd::vector<hardware_interface::InterfaceInfo>::size_type {aka long unsigned int}\x1b[m\x1b[K\n'}
[2.598071] (motor_interface) StderrLine: {'line': b'\x1b[01m\x1b[K/home/yuan/rm/code/Ros/my_ros2_control/src/motor_interface/src/motor.cpp:102:88:\x1b[m\x1b[K \x1b[01;36m\x1b[Knote: \x1b[m\x1b[Kformat string is defined here\n'}
[2.598144] (motor_interface) StderrLine: {'line': b'  102 |       RCLCPP_INFO(rclcpp::get_logger("motor_interface"), "joint.state_interfaces.size=\x1b[01;36m\x1b[K%d\x1b[m\x1b[K \\n", joint.state_interfaces.size());\n'}
[2.598222] (motor_interface) StderrLine: {'line': b'      |                                                                                       \x1b[01;36m\x1b[K~^\x1b[m\x1b[K\n'}
[2.598295] (motor_interface) StderrLine: {'line': b'      |                                                                                        \x1b[01;36m\x1b[K|\x1b[m\x1b[K\n'}
[2.598368] (motor_interface) StderrLine: {'line': b'      |                                                                                        \x1b[01;36m\x1b[Kint\x1b[m\x1b[K\n'}
[2.598440] (motor_interface) StderrLine: {'line': b'      |                                                                                       \x1b[32m\x1b[K%ld\x1b[m\x1b[K\n'}
[2.601299] (motor_interface) StderrLine: {'line': b'\x1b[01m\x1b[K/home/yuan/rm/code/Ros/my_ros2_control/src/motor_interface/src/motor.cpp:\x1b[m\x1b[K In member function \xe2\x80\x98\x1b[01m\x1b[Kvirtual std::vector<hardware_interface::CommandInterface> motor_interface::Motor::export_command_interfaces()\x1b[m\x1b[K\xe2\x80\x99:\n'}
[2.601423] (motor_interface) StderrLine: {'line': b'\x1b[01m\x1b[K/home/yuan/rm/code/Ros/my_ros2_control/src/motor_interface/src/motor.cpp:148:18:\x1b[m\x1b[K \x1b[01;31m\x1b[Kerror: \x1b[m\x1b[Kbase operand of \xe2\x80\x98\x1b[01m\x1b[K->\x1b[m\x1b[K\xe2\x80\x99 is not a pointer\n'}
[2.601670] (motor_interface) StderrLine: {'line': b'  148 |     can_instance_\x1b[01;31m\x1b[K->\x1b[m\x1b[KWrite();\n'}
[2.601757] (motor_interface) StderrLine: {'line': b'      |                  \x1b[01;31m\x1b[K^~\x1b[m\x1b[K\n'}
[2.601835] (motor_interface) StderrLine: {'line': b'\x1b[01m\x1b[K/home/yuan/rm/code/Ros/my_ros2_control/src/motor_interface/src/motor.cpp:\x1b[m\x1b[K In member function \xe2\x80\x98\x1b[01m\x1b[Kvirtual hardware_interface::CallbackReturn motor_interface::Motor::on_activate(const rclcpp_lifecycle::State&)\x1b[m\x1b[K\xe2\x80\x99:\n'}
[2.601914] (motor_interface) StderrLine: {'line': b'\x1b[01m\x1b[K/home/yuan/rm/code/Ros/my_ros2_control/src/motor_interface/src/motor.cpp:156:18:\x1b[m\x1b[K \x1b[01;31m\x1b[Kerror: \x1b[m\x1b[Kbase operand of \xe2\x80\x98\x1b[01m\x1b[K->\x1b[m\x1b[K\xe2\x80\x99 is not a pointer\n'}
[2.601991] (motor_interface) StderrLine: {'line': b'  156 |     can_instance_\x1b[01;31m\x1b[K->\x1b[m\x1b[KActive();\n'}
[2.602121] (motor_interface) StderrLine: {'line': b'      |                  \x1b[01;31m\x1b[K^~\x1b[m\x1b[K\n'}
[2.602199] (motor_interface) StderrLine: {'line': b'\x1b[01m\x1b[K/home/yuan/rm/code/Ros/my_ros2_control/src/motor_interface/src/motor.cpp:157:21:\x1b[m\x1b[K \x1b[01;35m\x1b[Kwarning: \x1b[m\x1b[Kstatement has no effect [\x1b[01;35m\x1b[K\x1b]8;;https://gcc.gnu.org/onlinedocs/gcc/Warning-Options.html#index-Wunused-value\x07-Wunused-value\x1b]8;;\x07\x1b[m\x1b[K]\n'}
[2.602272] (motor_interface) StderrLine: {'line': b'  157 |     \x1b[01;35m\x1b[KCallbackReturn::SUCCESS\x1b[m\x1b[K;\n'}
[2.602343] (motor_interface) StderrLine: {'line': b'      |     \x1b[01;35m\x1b[K~~~~~~~~~~~~~~~~^~~~~~~\x1b[m\x1b[K\n'}
[2.602422] (motor_interface) StderrLine: {'line': b'\x1b[01m\x1b[K/home/yuan/rm/code/Ros/my_ros2_control/src/motor_interface/src/motor.cpp:158:3:\x1b[m\x1b[K \x1b[01;35m\x1b[Kwarning: \x1b[m\x1b[Kno return statement in function returning non-void [\x1b[01;35m\x1b[K\x1b]8;;https://gcc.gnu.org/onlinedocs/gcc/Warning-Options.html#index-Wreturn-type\x07-Wreturn-type\x1b]8;;\x07\x1b[m\x1b[K]\n'}
[2.602497] (motor_interface) StderrLine: {'line': b'  158 |   \x1b[01;35m\x1b[K}\x1b[m\x1b[K\n'}
[2.602568] (motor_interface) StderrLine: {'line': b'      |   \x1b[01;35m\x1b[K^\x1b[m\x1b[K\n'}
[2.602640] (motor_interface) StderrLine: {'line': b'\x1b[01m\x1b[K/home/yuan/rm/code/Ros/my_ros2_control/src/motor_interface/src/motor.cpp:\x1b[m\x1b[K In member function \xe2\x80\x98\x1b[01m\x1b[Kvirtual hardware_interface::CallbackReturn motor_interface::Motor::on_deactivate(const rclcpp_lifecycle::State&)\x1b[m\x1b[K\xe2\x80\x99:\n'}
[2.602714] (motor_interface) StderrLine: {'line': b'\x1b[01m\x1b[K/home/yuan/rm/code/Ros/my_ros2_control/src/motor_interface/src/motor.cpp:164:18:\x1b[m\x1b[K \x1b[01;31m\x1b[Kerror: \x1b[m\x1b[Kbase operand of \xe2\x80\x98\x1b[01m\x1b[K->\x1b[m\x1b[K\xe2\x80\x99 is not a pointer\n'}
[2.602786] (motor_interface) StderrLine: {'line': b'  164 |     can_instance_\x1b[01;31m\x1b[K->\x1b[m\x1b[KDeactive();\n'}
[2.602860] (motor_interface) StderrLine: {'line': b'      |                  \x1b[01;31m\x1b[K^~\x1b[m\x1b[K\n'}
[2.602931] (motor_interface) StderrLine: {'line': b'\x1b[01m\x1b[K/home/yuan/rm/code/Ros/my_ros2_control/src/motor_interface/src/motor.cpp:\x1b[m\x1b[K In member function \xe2\x80\x98\x1b[01m\x1b[Kvirtual hardware_interface::return_type motor_interface::Motor::read(const rclcpp::Time&, const rclcpp::Duration&)\x1b[m\x1b[K\xe2\x80\x99:\n'}
[2.603005] (motor_interface) StderrLine: {'line': b'\x1b[01m\x1b[K/home/yuan/rm/code/Ros/my_ros2_control/src/motor_interface/src/motor.cpp:172:18:\x1b[m\x1b[K \x1b[01;31m\x1b[Kerror: \x1b[m\x1b[Kbase operand of \xe2\x80\x98\x1b[01m\x1b[K->\x1b[m\x1b[K\xe2\x80\x99 is not a pointer\n'}
[2.603077] (motor_interface) StderrLine: {'line': b'  172 |     can_instance_\x1b[01;31m\x1b[K->\x1b[m\x1b[KRead();\n'}
[2.603148] (motor_interface) StderrLine: {'line': b'      |                  \x1b[01;31m\x1b[K^~\x1b[m\x1b[K\n'}
[2.606550] (-) TimerEvent: {}
[2.616627] (motor_interface) StderrLine: {'line': b'\x1b[01m\x1b[K/home/yuan/rm/code/Ros/my_ros2_control/src/motor_interface/src/motor.cpp:173:33:\x1b[m\x1b[K \x1b[01;31m\x1b[Kerror: \x1b[m\x1b[K\xe2\x80\x98\x1b[01m\x1b[Kmotor_instance_vector_\x1b[m\x1b[K\xe2\x80\x99 was not declared in this scope; did you mean \xe2\x80\x98\x1b[01m\x1b[Kmotor_instance\x1b[m\x1b[K\xe2\x80\x99?\n'}
[2.616826] (motor_interface) StderrLine: {'line': b'  173 |     for (std::size_t i = 0; i < \x1b[01;31m\x1b[Kmotor_instance_vector_\x1b[m\x1b[K.size(); i++)\n'}
[2.616931] (motor_interface) StderrLine: {'line': b'      |                                 \x1b[01;31m\x1b[K^~~~~~~~~~~~~~~~~~~~~~\x1b[m\x1b[K\n'}
[2.617014] (motor_interface) StderrLine: {'line': b'      |                                 \x1b[32m\x1b[Kmotor_instance\x1b[m\x1b[K\n'}
[2.631328] (motor_interface) StderrLine: {'line': b'\x1b[01m\x1b[K/home/yuan/rm/code/Ros/my_ros2_control/src/motor_interface/src/motor.cpp:\x1b[m\x1b[K In member function \xe2\x80\x98\x1b[01m\x1b[Kvirtual hardware_interface::return_type motor_interface::Motor::write(const rclcpp::Time&, const rclcpp::Duration&)\x1b[m\x1b[K\xe2\x80\x99:\n'}
[2.631509] (motor_interface) StderrLine: {'line': b'\x1b[01m\x1b[K/home/yuan/rm/code/Ros/my_ros2_control/src/motor_interface/src/motor.cpp:185:33:\x1b[m\x1b[K \x1b[01;31m\x1b[Kerror: \x1b[m\x1b[K\xe2\x80\x98\x1b[01m\x1b[Kmotor_instance_vector_\x1b[m\x1b[K\xe2\x80\x99 was not declared in this scope; did you mean \xe2\x80\x98\x1b[01m\x1b[Kmotor_instance\x1b[m\x1b[K\xe2\x80\x99?\n'}
[2.631611] (motor_interface) StderrLine: {'line': b'  185 |     for (std::size_t i = 0; i < \x1b[01;31m\x1b[Kmotor_instance_vector_\x1b[m\x1b[K.size(); i++)\n'}
[2.631693] (motor_interface) StderrLine: {'line': b'      |                                 \x1b[01;31m\x1b[K^~~~~~~~~~~~~~~~~~~~~~\x1b[m\x1b[K\n'}
[2.631784] (motor_interface) StderrLine: {'line': b'      |                                 \x1b[32m\x1b[Kmotor_instance\x1b[m\x1b[K\n'}
[2.706679] (-) TimerEvent: {}
[2.806978] (-) TimerEvent: {}
[2.907295] (-) TimerEvent: {}
[3.007619] (-) TimerEvent: {}
[3.107953] (-) TimerEvent: {}
[3.208239] (-) TimerEvent: {}
[3.308518] (-) TimerEvent: {}
[3.408791] (-) TimerEvent: {}
[3.454430] (motor_interface) StderrLine: {'line': b'gmake[2]: *** [CMakeFiles/motor_interface.dir/build.make:90\xef\xbc\x9aCMakeFiles/motor_interface.dir/src/motor.cpp.o] \xe9\x94\x99\xe8\xaf\xaf 1\n'}
[3.454754] (motor_interface) StderrLine: {'line': b'gmake[1]: *** [CMakeFiles/Makefile2:176\xef\xbc\x9aCMakeFiles/motor_interface.dir/all] \xe9\x94\x99\xe8\xaf\xaf 2\n'}
[3.455001] (motor_interface) StderrLine: {'line': b'gmake: *** [Makefile:146\xef\xbc\x9aall] \xe9\x94\x99\xe8\xaf\xaf 2\n'}
[3.457386] (motor_interface) CommandEnded: {'returncode': 2}
[3.509093] (-) TimerEvent: {}
[3.556508] (motor_interface) JobEnded: {'identifier': 'motor_interface', 'rc': 2}
[3.567065] (-) EventReactorShutdown: {}
