[0.050s] Invoking command in '/home/yuan/rm/code/Ros/my_ros2_control/build/gimbal_controller': CMAKE_PREFIX_PATH=/home/yuan/rm/code/Ros/my_ros2_control/install/tool_pid:/home/yuan/rm/code/Ros/my_ros2_control/install/motor_interface:/home/yuan/rm/code/Ros/my_ros2_control/install/gimbal_controller:/home/yuan/rm/code/Ros/my_ros2_control/install/test:/opt/ros/humble LD_LIBRARY_PATH=/home/yuan/rm/code/Ros/my_ros2_control/install/tool_pid/lib:/home/yuan/rm/code/Ros/my_ros2_control/install/motor_interface/lib:/home/yuan/rm/code/Ros/my_ros2_control/install/gimbal_controller/lib:/opt/ros/humble/opt/rviz_ogre_vendor/lib:/opt/ros/humble/lib/x86_64-linux-gnu:/opt/ros/humble/lib /usr/bin/cmake --build /home/yuan/rm/code/Ros/my_ros2_control/build/gimbal_controller -- -j16 -l16
[0.074s] -- Found ament_cmake: 1.3.5 (/opt/ros/humble/share/ament_cmake/cmake)
[0.180s] -- Override CMake install command with custom implementation using symlinks instead of copying resources
[0.186s] -- Found generate_parameter_library: 0.3.6 (/opt/ros/humble/share/generate_parameter_library/cmake)
[0.187s] -- Found parameter_traits: 0.3.6 (/opt/ros/humble/share/parameter_traits/cmake)
[0.213s] -- Found rosidl_generator_c: 3.1.5 (/opt/ros/humble/share/rosidl_generator_c/cmake)
[0.215s] -- Found rosidl_adapter: 3.1.5 (/opt/ros/humble/share/rosidl_adapter/cmake)
[0.220s] -- Found rosidl_generator_cpp: 3.1.5 (/opt/ros/humble/share/rosidl_generator_cpp/cmake)
[0.229s] -- Using all available rosidl_typesupport_c: rosidl_typesupport_fastrtps_c;rosidl_typesupport_introspection_c
[0.241s] -- Using all available rosidl_typesupport_cpp: rosidl_typesupport_fastrtps_cpp;rosidl_typesupport_introspection_cpp
[0.285s] -- Found rmw_implementation_cmake: 6.1.1 (/opt/ros/humble/share/rmw_implementation_cmake/cmake)
[0.286s] -- Found rmw_fastrtps_cpp: 6.2.4 (/opt/ros/humble/share/rmw_fastrtps_cpp/cmake)
[0.400s] -- Using RMW implementation 'rmw_fastrtps_cpp' as default
[0.540s] -- Found rclcpp_lifecycle: 16.0.6 (/opt/ros/humble/share/rclcpp_lifecycle/cmake)
[0.570s] -- Found control_msgs: 4.4.0 (/opt/ros/humble/share/control_msgs/cmake)
[0.925s] -- Found controller_interface: 2.32.0 (/opt/ros/humble/share/controller_interface/cmake)
[0.992s] -- Found realtime_tools: 2.5.0 (/opt/ros/humble/share/realtime_tools/cmake)
[1.020s] -- Found std_srvs: 4.2.3 (/opt/ros/humble/share/std_srvs/cmake)
[1.033s] -- Found tool_pid: 0.0.0 (/home/yuan/rm/code/Ros/my_ros2_control/install/tool_pid/share/tool_pid/cmake)
[1.166s] -- Configuring done
[1.173s] [31mCMake Error at /opt/ros/humble/share/ament_cmake_core/cmake/symlink_install/ament_cmake_symlink_install_targets.cmake:102 (file):
[1.173s]   Error evaluating generator expression:
[1.173s] 
[1.173s]     $<TARGET_FILE:gimbal_controller_parameters>
[1.173s] 
[1.173s]   Target "gimbal_controller_parameters" is not an executable or library.
[1.173s] Call Stack (most recent call first):
[1.173s]   /opt/ros/humble/share/ament_cmake_core/cmake/symlink_install/install.cmake:37 (ament_cmake_symlink_install_targets)
[1.173s]   CMakeLists.txt:58 (install)
[1.173s] 
[1.173s] [0m
[1.173s] [31mCMake Error at /opt/ros/humble/share/ament_cmake_core/cmake/symlink_install/ament_cmake_symlink_install_targets.cmake:102 (file):
[1.174s]   Error evaluating generator expression:
[1.174s] 
[1.174s]     $<TARGET_FILE:gimbal_controller_parameters>
[1.174s] 
[1.174s]   Target "gimbal_controller_parameters" is not an executable or library.
[1.174s] Call Stack (most recent call first):
[1.174s]   /opt/ros/humble/share/ament_cmake_core/cmake/symlink_install/install.cmake:37 (ament_cmake_symlink_install_targets)
[1.174s]   CMakeLists.txt:58 (install)
[1.174s] 
[1.174s] [0m
[1.183s] -- Generating done
[1.185s] [0mCMake Generate step failed.  Build files cannot be regenerated correctly.[0m
[1.193s] gmake: *** [Makefile:281：cmake_check_build_system] 错误 1
[1.196s] Invoked command in '/home/yuan/rm/code/Ros/my_ros2_control/build/gimbal_controller' returned '2': CMAKE_PREFIX_PATH=/home/yuan/rm/code/Ros/my_ros2_control/install/tool_pid:/home/yuan/rm/code/Ros/my_ros2_control/install/motor_interface:/home/yuan/rm/code/Ros/my_ros2_control/install/gimbal_controller:/home/yuan/rm/code/Ros/my_ros2_control/install/test:/opt/ros/humble LD_LIBRARY_PATH=/home/yuan/rm/code/Ros/my_ros2_control/install/tool_pid/lib:/home/yuan/rm/code/Ros/my_ros2_control/install/motor_interface/lib:/home/yuan/rm/code/Ros/my_ros2_control/install/gimbal_controller/lib:/opt/ros/humble/opt/rviz_ogre_vendor/lib:/opt/ros/humble/lib/x86_64-linux-gnu:/opt/ros/humble/lib /usr/bin/cmake --build /home/yuan/rm/code/Ros/my_ros2_control/build/gimbal_controller -- -j16 -l16
