[0.748s] DEBUG:colcon:Command line arguments: ['/usr/bin/colcon', 'build', '--symlink-install', '--cmake-args', '-DCMAKE_EXPORT_COMPILE_COMMANDS=1']
[0.748s] DEBUG:colcon:Parsed command line arguments: Namespace(log_base=None, log_level=None, verb_name='build', build_base='build', install_base='install', merge_install=False, symlink_install=True, test_result_base=None, continue_on_error=False, executor='parallel', parallel_workers=16, event_handlers=None, ignore_user_meta=False, metas=['./colcon.meta'], base_paths=['.'], packages_ignore=None, packages_ignore_regex=None, paths=None, packages_up_to=None, packages_up_to_regex=None, packages_above=None, packages_above_and_dependencies=None, packages_above_depth=None, packages_select_by_dep=None, packages_skip_by_dep=None, packages_skip_up_to=None, packages_select_build_failed=False, packages_skip_build_finished=False, packages_select_test_failures=False, packages_skip_test_passed=False, packages_select=None, packages_skip=None, packages_select_regex=None, packages_skip_regex=None, packages_start=None, packages_end=None, allow_overriding=[], cmake_args=['-DCMAKE_EXPORT_COMPILE_COMMANDS=1'], cmake_target=None, cmake_target_skip_unavailable=False, cmake_clean_cache=False, cmake_clean_first=False, cmake_force_configure=False, ament_cmake_args=None, catkin_cmake_args=None, catkin_skip_building_tests=False, verb_parser=<colcon_defaults.argument_parser.defaults.DefaultArgumentsDecorator object at 0x7f876303b880>, verb_extension=<colcon_core.verb.build.BuildVerb object at 0x7f8763038820>, main=<bound method BuildVerb.main of <colcon_core.verb.build.BuildVerb object at 0x7f8763038820>>)
[0.783s] Level 1:colcon.colcon_core.package_discovery:discover_packages(colcon_meta) check parameters
[0.784s] Level 1:colcon.colcon_core.package_discovery:discover_packages(recursive) check parameters
[0.784s] Level 1:colcon.colcon_core.package_discovery:discover_packages(ignore) check parameters
[0.784s] Level 1:colcon.colcon_core.package_discovery:discover_packages(path) check parameters
[0.784s] Level 1:colcon.colcon_core.package_discovery:discover_packages(colcon_meta) discover
[0.784s] Level 1:colcon.colcon_core.package_discovery:discover_packages(recursive) discover
[0.784s] INFO:colcon.colcon_core.package_discovery:Crawling recursively for packages in '/home/yuan/rm/code/Ros/my_ros2_control'
[0.784s] Level 1:colcon.colcon_core.package_identification:_identify(.) by extensions ['ignore', 'ignore_ament_install']
[0.784s] Level 1:colcon.colcon_core.package_identification:_identify(.) by extension 'ignore'
[0.784s] Level 1:colcon.colcon_core.package_identification:_identify(.) by extension 'ignore_ament_install'
[0.784s] Level 1:colcon.colcon_core.package_identification:_identify(.) by extensions ['colcon_pkg']
[0.784s] Level 1:colcon.colcon_core.package_identification:_identify(.) by extension 'colcon_pkg'
[0.784s] Level 1:colcon.colcon_core.package_identification:_identify(.) by extensions ['colcon_meta']
[0.784s] Level 1:colcon.colcon_core.package_identification:_identify(.) by extension 'colcon_meta'
[0.784s] Level 1:colcon.colcon_core.package_identification:_identify(.) by extensions ['ros']
[0.784s] Level 1:colcon.colcon_core.package_identification:_identify(.) by extension 'ros'
[0.793s] Level 1:colcon.colcon_core.package_identification:_identify(.) by extensions ['cmake', 'python']
[0.793s] Level 1:colcon.colcon_core.package_identification:_identify(.) by extension 'cmake'
[0.793s] Level 1:colcon.colcon_core.package_identification:_identify(.) by extension 'python'
[0.793s] Level 1:colcon.colcon_core.package_identification:_identify(.) by extensions ['python_setup_py']
[0.793s] Level 1:colcon.colcon_core.package_identification:_identify(.) by extension 'python_setup_py'
[0.793s] Level 1:colcon.colcon_core.package_identification:_identify(build) by extensions ['ignore', 'ignore_ament_install']
[0.793s] Level 1:colcon.colcon_core.package_identification:_identify(build) by extension 'ignore'
[0.793s] Level 1:colcon.colcon_core.package_identification:_identify(build) ignored
[0.793s] Level 1:colcon.colcon_core.package_identification:_identify(install) by extensions ['ignore', 'ignore_ament_install']
[0.793s] Level 1:colcon.colcon_core.package_identification:_identify(install) by extension 'ignore'
[0.793s] Level 1:colcon.colcon_core.package_identification:_identify(install) ignored
[0.793s] Level 1:colcon.colcon_core.package_identification:_identify(launch) by extensions ['ignore', 'ignore_ament_install']
[0.793s] Level 1:colcon.colcon_core.package_identification:_identify(launch) by extension 'ignore'
[0.793s] Level 1:colcon.colcon_core.package_identification:_identify(launch) by extension 'ignore_ament_install'
[0.793s] Level 1:colcon.colcon_core.package_identification:_identify(launch) by extensions ['colcon_pkg']
[0.793s] Level 1:colcon.colcon_core.package_identification:_identify(launch) by extension 'colcon_pkg'
[0.793s] Level 1:colcon.colcon_core.package_identification:_identify(launch) by extensions ['colcon_meta']
[0.793s] Level 1:colcon.colcon_core.package_identification:_identify(launch) by extension 'colcon_meta'
[0.794s] Level 1:colcon.colcon_core.package_identification:_identify(launch) by extensions ['ros']
[0.794s] Level 1:colcon.colcon_core.package_identification:_identify(launch) by extension 'ros'
[0.794s] Level 1:colcon.colcon_core.package_identification:_identify(launch) by extensions ['cmake', 'python']
[0.794s] Level 1:colcon.colcon_core.package_identification:_identify(launch) by extension 'cmake'
[0.794s] Level 1:colcon.colcon_core.package_identification:_identify(launch) by extension 'python'
[0.794s] Level 1:colcon.colcon_core.package_identification:_identify(launch) by extensions ['python_setup_py']
[0.794s] Level 1:colcon.colcon_core.package_identification:_identify(launch) by extension 'python_setup_py'
[0.794s] Level 1:colcon.colcon_core.package_identification:_identify(log) by extensions ['ignore', 'ignore_ament_install']
[0.794s] Level 1:colcon.colcon_core.package_identification:_identify(log) by extension 'ignore'
[0.794s] Level 1:colcon.colcon_core.package_identification:_identify(log) ignored
[0.794s] Level 1:colcon.colcon_core.package_identification:_identify(src) by extensions ['ignore', 'ignore_ament_install']
[0.794s] Level 1:colcon.colcon_core.package_identification:_identify(src) by extension 'ignore'
[0.794s] Level 1:colcon.colcon_core.package_identification:_identify(src) by extension 'ignore_ament_install'
[0.794s] Level 1:colcon.colcon_core.package_identification:_identify(src) by extensions ['colcon_pkg']
[0.794s] Level 1:colcon.colcon_core.package_identification:_identify(src) by extension 'colcon_pkg'
[0.794s] Level 1:colcon.colcon_core.package_identification:_identify(src) by extensions ['colcon_meta']
[0.794s] Level 1:colcon.colcon_core.package_identification:_identify(src) by extension 'colcon_meta'
[0.794s] Level 1:colcon.colcon_core.package_identification:_identify(src) by extensions ['ros']
[0.794s] Level 1:colcon.colcon_core.package_identification:_identify(src) by extension 'ros'
[0.794s] Level 1:colcon.colcon_core.package_identification:_identify(src) by extensions ['cmake', 'python']
[0.794s] Level 1:colcon.colcon_core.package_identification:_identify(src) by extension 'cmake'
[0.795s] Level 1:colcon.colcon_core.package_identification:_identify(src) by extension 'python'
[0.795s] Level 1:colcon.colcon_core.package_identification:_identify(src) by extensions ['python_setup_py']
[0.795s] Level 1:colcon.colcon_core.package_identification:_identify(src) by extension 'python_setup_py'
[0.795s] Level 1:colcon.colcon_core.package_identification:_identify(src/gimbal_controller) by extensions ['ignore', 'ignore_ament_install']
[0.795s] Level 1:colcon.colcon_core.package_identification:_identify(src/gimbal_controller) by extension 'ignore'
[0.795s] Level 1:colcon.colcon_core.package_identification:_identify(src/gimbal_controller) by extension 'ignore_ament_install'
[0.795s] Level 1:colcon.colcon_core.package_identification:_identify(src/gimbal_controller) by extensions ['colcon_pkg']
[0.795s] Level 1:colcon.colcon_core.package_identification:_identify(src/gimbal_controller) by extension 'colcon_pkg'
[0.795s] Level 1:colcon.colcon_core.package_identification:_identify(src/gimbal_controller) by extensions ['colcon_meta']
[0.795s] Level 1:colcon.colcon_core.package_identification:_identify(src/gimbal_controller) by extension 'colcon_meta'
[0.795s] Level 1:colcon.colcon_core.package_identification:_identify(src/gimbal_controller) by extensions ['ros']
[0.795s] Level 1:colcon.colcon_core.package_identification:_identify(src/gimbal_controller) by extension 'ros'
[0.797s] DEBUG:colcon.colcon_core.package_identification:Package 'src/gimbal_controller' with type 'ros.ament_cmake' and name 'gimbal_controller'
[0.797s] Level 1:colcon.colcon_core.package_identification:_identify(src/motor_interface) by extensions ['ignore', 'ignore_ament_install']
[0.798s] Level 1:colcon.colcon_core.package_identification:_identify(src/motor_interface) by extension 'ignore'
[0.798s] Level 1:colcon.colcon_core.package_identification:_identify(src/motor_interface) by extension 'ignore_ament_install'
[0.798s] Level 1:colcon.colcon_core.package_identification:_identify(src/motor_interface) by extensions ['colcon_pkg']
[0.798s] Level 1:colcon.colcon_core.package_identification:_identify(src/motor_interface) by extension 'colcon_pkg'
[0.798s] Level 1:colcon.colcon_core.package_identification:_identify(src/motor_interface) by extensions ['colcon_meta']
[0.798s] Level 1:colcon.colcon_core.package_identification:_identify(src/motor_interface) by extension 'colcon_meta'
[0.798s] Level 1:colcon.colcon_core.package_identification:_identify(src/motor_interface) by extensions ['ros']
[0.798s] Level 1:colcon.colcon_core.package_identification:_identify(src/motor_interface) by extension 'ros'
[0.798s] DEBUG:colcon.colcon_core.package_identification:Package 'src/motor_interface' with type 'ros.ament_cmake' and name 'motor_interface'
[0.798s] Level 1:colcon.colcon_core.package_identification:_identify(src/test) by extensions ['ignore', 'ignore_ament_install']
[0.799s] Level 1:colcon.colcon_core.package_identification:_identify(src/test) by extension 'ignore'
[0.799s] Level 1:colcon.colcon_core.package_identification:_identify(src/test) by extension 'ignore_ament_install'
[0.799s] Level 1:colcon.colcon_core.package_identification:_identify(src/test) by extensions ['colcon_pkg']
[0.799s] Level 1:colcon.colcon_core.package_identification:_identify(src/test) by extension 'colcon_pkg'
[0.799s] Level 1:colcon.colcon_core.package_identification:_identify(src/test) by extensions ['colcon_meta']
[0.799s] Level 1:colcon.colcon_core.package_identification:_identify(src/test) by extension 'colcon_meta'
[0.799s] Level 1:colcon.colcon_core.package_identification:_identify(src/test) by extensions ['ros']
[0.799s] Level 1:colcon.colcon_core.package_identification:_identify(src/test) by extension 'ros'
[0.799s] DEBUG:colcon.colcon_core.package_identification:Package 'src/test' with type 'ros.ament_cmake' and name 'test'
[0.799s] Level 1:colcon.colcon_core.package_discovery:discover_packages(recursive) using defaults
[0.799s] Level 1:colcon.colcon_core.package_discovery:discover_packages(ignore) discover
[0.799s] Level 1:colcon.colcon_core.package_discovery:discover_packages(ignore) using defaults
[0.799s] Level 1:colcon.colcon_core.package_discovery:discover_packages(path) discover
[0.799s] Level 1:colcon.colcon_core.package_discovery:discover_packages(path) using defaults
[0.865s] Level 1:colcon.colcon_core.package_discovery:discover_packages(prefix_path) check parameters
[0.865s] Level 1:colcon.colcon_core.package_discovery:discover_packages(prefix_path) discover
[0.887s] DEBUG:colcon.colcon_installed_package_information.package_discovery:Found 3 installed packages in /home/yuan/rm/code/Ros/my_ros2_control/install
[0.898s] DEBUG:colcon.colcon_installed_package_information.package_discovery:Found 334 installed packages in /opt/ros/humble
[0.899s] Level 1:colcon.colcon_core.package_discovery:discover_packages(prefix_path) using defaults
[0.971s] Level 5:colcon.colcon_core.verb:set package 'gimbal_controller' build argument 'cmake_args' from command line to '['-DCMAKE_EXPORT_COMPILE_COMMANDS=1']'
[0.972s] Level 5:colcon.colcon_core.verb:set package 'gimbal_controller' build argument 'cmake_target' from command line to 'None'
[0.972s] Level 5:colcon.colcon_core.verb:set package 'gimbal_controller' build argument 'cmake_target_skip_unavailable' from command line to 'False'
[0.972s] Level 5:colcon.colcon_core.verb:set package 'gimbal_controller' build argument 'cmake_clean_cache' from command line to 'False'
[0.972s] Level 5:colcon.colcon_core.verb:set package 'gimbal_controller' build argument 'cmake_clean_first' from command line to 'False'
[0.972s] Level 5:colcon.colcon_core.verb:set package 'gimbal_controller' build argument 'cmake_force_configure' from command line to 'False'
[0.972s] Level 5:colcon.colcon_core.verb:set package 'gimbal_controller' build argument 'ament_cmake_args' from command line to 'None'
[0.972s] Level 5:colcon.colcon_core.verb:set package 'gimbal_controller' build argument 'catkin_cmake_args' from command line to 'None'
[0.972s] Level 5:colcon.colcon_core.verb:set package 'gimbal_controller' build argument 'catkin_skip_building_tests' from command line to 'False'
[0.972s] DEBUG:colcon.colcon_core.verb:Building package 'gimbal_controller' with the following arguments: {'ament_cmake_args': None, 'build_base': '/home/yuan/rm/code/Ros/my_ros2_control/build/gimbal_controller', 'catkin_cmake_args': None, 'catkin_skip_building_tests': False, 'cmake_args': ['-DCMAKE_EXPORT_COMPILE_COMMANDS=1'], 'cmake_clean_cache': False, 'cmake_clean_first': False, 'cmake_force_configure': False, 'cmake_target': None, 'cmake_target_skip_unavailable': False, 'install_base': '/home/yuan/rm/code/Ros/my_ros2_control/install/gimbal_controller', 'merge_install': False, 'path': '/home/yuan/rm/code/Ros/my_ros2_control/src/gimbal_controller', 'symlink_install': True, 'test_result_base': None}
[0.982s] Level 5:colcon.colcon_core.verb:set package 'motor_interface' build argument 'cmake_args' from command line to '['-DCMAKE_EXPORT_COMPILE_COMMANDS=1']'
[0.982s] Level 5:colcon.colcon_core.verb:set package 'motor_interface' build argument 'cmake_target' from command line to 'None'
[0.982s] Level 5:colcon.colcon_core.verb:set package 'motor_interface' build argument 'cmake_target_skip_unavailable' from command line to 'False'
[0.982s] Level 5:colcon.colcon_core.verb:set package 'motor_interface' build argument 'cmake_clean_cache' from command line to 'False'
[0.982s] Level 5:colcon.colcon_core.verb:set package 'motor_interface' build argument 'cmake_clean_first' from command line to 'False'
[0.982s] Level 5:colcon.colcon_core.verb:set package 'motor_interface' build argument 'cmake_force_configure' from command line to 'False'
[0.982s] Level 5:colcon.colcon_core.verb:set package 'motor_interface' build argument 'ament_cmake_args' from command line to 'None'
[0.982s] Level 5:colcon.colcon_core.verb:set package 'motor_interface' build argument 'catkin_cmake_args' from command line to 'None'
[0.982s] Level 5:colcon.colcon_core.verb:set package 'motor_interface' build argument 'catkin_skip_building_tests' from command line to 'False'
[0.982s] DEBUG:colcon.colcon_core.verb:Building package 'motor_interface' with the following arguments: {'ament_cmake_args': None, 'build_base': '/home/yuan/rm/code/Ros/my_ros2_control/build/motor_interface', 'catkin_cmake_args': None, 'catkin_skip_building_tests': False, 'cmake_args': ['-DCMAKE_EXPORT_COMPILE_COMMANDS=1'], 'cmake_clean_cache': False, 'cmake_clean_first': False, 'cmake_force_configure': False, 'cmake_target': None, 'cmake_target_skip_unavailable': False, 'install_base': '/home/yuan/rm/code/Ros/my_ros2_control/install/motor_interface', 'merge_install': False, 'path': '/home/yuan/rm/code/Ros/my_ros2_control/src/motor_interface', 'symlink_install': True, 'test_result_base': None}
[0.994s] Level 5:colcon.colcon_core.verb:set package 'test' build argument 'cmake_args' from command line to '['-DCMAKE_EXPORT_COMPILE_COMMANDS=1']'
[0.994s] Level 5:colcon.colcon_core.verb:set package 'test' build argument 'cmake_target' from command line to 'None'
[0.994s] Level 5:colcon.colcon_core.verb:set package 'test' build argument 'cmake_target_skip_unavailable' from command line to 'False'
[0.994s] Level 5:colcon.colcon_core.verb:set package 'test' build argument 'cmake_clean_cache' from command line to 'False'
[0.994s] Level 5:colcon.colcon_core.verb:set package 'test' build argument 'cmake_clean_first' from command line to 'False'
[0.994s] Level 5:colcon.colcon_core.verb:set package 'test' build argument 'cmake_force_configure' from command line to 'False'
[0.994s] Level 5:colcon.colcon_core.verb:set package 'test' build argument 'ament_cmake_args' from command line to 'None'
[0.994s] Level 5:colcon.colcon_core.verb:set package 'test' build argument 'catkin_cmake_args' from command line to 'None'
[0.994s] Level 5:colcon.colcon_core.verb:set package 'test' build argument 'catkin_skip_building_tests' from command line to 'False'
[0.994s] DEBUG:colcon.colcon_core.verb:Building package 'test' with the following arguments: {'ament_cmake_args': None, 'build_base': '/home/yuan/rm/code/Ros/my_ros2_control/build/test', 'catkin_cmake_args': None, 'catkin_skip_building_tests': False, 'cmake_args': ['-DCMAKE_EXPORT_COMPILE_COMMANDS=1'], 'cmake_clean_cache': False, 'cmake_clean_first': False, 'cmake_force_configure': False, 'cmake_target': None, 'cmake_target_skip_unavailable': False, 'install_base': '/home/yuan/rm/code/Ros/my_ros2_control/install/test', 'merge_install': False, 'path': '/home/yuan/rm/code/Ros/my_ros2_control/src/test', 'symlink_install': True, 'test_result_base': None}
[1.005s] INFO:colcon.colcon_core.executor:Executing jobs using 'parallel' executor
[1.016s] DEBUG:colcon.colcon_parallel_executor.executor.parallel:run_until_complete
[1.016s] INFO:colcon.colcon_ros.task.ament_cmake.build:Building ROS package in '/home/yuan/rm/code/Ros/my_ros2_control/src/gimbal_controller' with build type 'ament_cmake'
[1.016s] INFO:colcon.colcon_cmake.task.cmake.build:Building CMake package in '/home/yuan/rm/code/Ros/my_ros2_control/src/gimbal_controller'
[1.029s] INFO:colcon.colcon_core.plugin_system:Skipping extension 'colcon_core.shell.bat': Not used on non-Windows systems
[1.029s] INFO:colcon.colcon_core.shell:Skip shell extension 'powershell' for command environment: Not usable outside of PowerShell
[1.029s] DEBUG:colcon.colcon_core.shell:Skip shell extension 'dsv' for command environment
[1.068s] INFO:colcon.colcon_ros.task.ament_cmake.build:Building ROS package in '/home/yuan/rm/code/Ros/my_ros2_control/src/motor_interface' with build type 'ament_cmake'
[1.068s] INFO:colcon.colcon_cmake.task.cmake.build:Building CMake package in '/home/yuan/rm/code/Ros/my_ros2_control/src/motor_interface'
[1.079s] INFO:colcon.colcon_core.shell:Skip shell extension 'powershell' for command environment: Not usable outside of PowerShell
[1.079s] DEBUG:colcon.colcon_core.shell:Skip shell extension 'dsv' for command environment
[1.115s] INFO:colcon.colcon_ros.task.ament_cmake.build:Building ROS package in '/home/yuan/rm/code/Ros/my_ros2_control/src/test' with build type 'ament_cmake'
[1.115s] INFO:colcon.colcon_cmake.task.cmake.build:Building CMake package in '/home/yuan/rm/code/Ros/my_ros2_control/src/test'
[1.126s] INFO:colcon.colcon_core.shell:Skip shell extension 'powershell' for command environment: Not usable outside of PowerShell
[1.126s] DEBUG:colcon.colcon_core.shell:Skip shell extension 'dsv' for command environment
[1.167s] DEBUG:colcon.colcon_core.event_handler.log_command:Invoking command in '/home/yuan/rm/code/Ros/my_ros2_control/build/gimbal_controller': CMAKE_PREFIX_PATH=${CMAKE_PREFIX_PATH}:/opt/ros/humble /usr/bin/cmake --build /home/yuan/rm/code/Ros/my_ros2_control/build/gimbal_controller -- -j16 -l16
[1.171s] DEBUG:colcon.colcon_core.event_handler.log_command:Invoking command in '/home/yuan/rm/code/Ros/my_ros2_control/build/motor_interface': CMAKE_PREFIX_PATH=${CMAKE_PREFIX_PATH}:/opt/ros/humble /usr/bin/cmake --build /home/yuan/rm/code/Ros/my_ros2_control/build/motor_interface -- -j16 -l16
[1.173s] DEBUG:colcon.colcon_core.event_handler.log_command:Invoking command in '/home/yuan/rm/code/Ros/my_ros2_control/build/test': CMAKE_PREFIX_PATH=${CMAKE_PREFIX_PATH}:/opt/ros/humble /usr/bin/cmake /home/yuan/rm/code/Ros/my_ros2_control/src/test -DCMAKE_EXPORT_COMPILE_COMMANDS=1 -DAMENT_CMAKE_SYMLINK_INSTALL=1 -DCMAKE_INSTALL_PREFIX=/home/yuan/rm/code/Ros/my_ros2_control/install/test
[1.185s] DEBUG:colcon.colcon_core.event_handler.log_command:Invoked command in '/home/yuan/rm/code/Ros/my_ros2_control/build/test' returned '1': CMAKE_PREFIX_PATH=${CMAKE_PREFIX_PATH}:/opt/ros/humble /usr/bin/cmake /home/yuan/rm/code/Ros/my_ros2_control/src/test -DCMAKE_EXPORT_COMPILE_COMMANDS=1 -DAMENT_CMAKE_SYMLINK_INSTALL=1 -DCMAKE_INSTALL_PREFIX=/home/yuan/rm/code/Ros/my_ros2_control/install/test
[1.197s] Level 1:colcon.colcon_core.environment:create_environment_scripts_only(test)
[1.222s] Level 1:colcon.colcon_core.environment:checking '/home/yuan/rm/code/Ros/my_ros2_control/install/test' for CMake module files
[1.223s] Level 1:colcon.colcon_core.environment:checking '/home/yuan/rm/code/Ros/my_ros2_control/install/test' for CMake config files
[1.223s] Level 1:colcon.colcon_core.shell:create_environment_hook('test', 'cmake_prefix_path')
[1.234s] INFO:colcon.colcon_core.shell:Creating environment hook '/home/yuan/rm/code/Ros/my_ros2_control/install/test/share/test/hook/cmake_prefix_path.ps1'
[1.234s] INFO:colcon.colcon_core.shell:Creating environment descriptor '/home/yuan/rm/code/Ros/my_ros2_control/install/test/share/test/hook/cmake_prefix_path.dsv'
[1.234s] INFO:colcon.colcon_core.shell:Creating environment hook '/home/yuan/rm/code/Ros/my_ros2_control/install/test/share/test/hook/cmake_prefix_path.sh'
[1.235s] Level 1:colcon.colcon_core.environment:checking '/home/yuan/rm/code/Ros/my_ros2_control/install/test/bin'
[1.235s] Level 1:colcon.colcon_core.environment:checking '/home/yuan/rm/code/Ros/my_ros2_control/install/test/lib/pkgconfig/test.pc'
[1.235s] Level 1:colcon.colcon_core.environment:checking '/home/yuan/rm/code/Ros/my_ros2_control/install/test/lib/python3.10/site-packages'
[1.235s] Level 1:colcon.colcon_core.environment:checking '/home/yuan/rm/code/Ros/my_ros2_control/install/test/bin'
[1.246s] INFO:colcon.colcon_core.shell:Creating package script '/home/yuan/rm/code/Ros/my_ros2_control/install/test/share/test/package.ps1'
[1.247s] INFO:colcon.colcon_core.shell:Creating package descriptor '/home/yuan/rm/code/Ros/my_ros2_control/install/test/share/test/package.dsv'
[1.248s] INFO:colcon.colcon_core.shell:Creating package script '/home/yuan/rm/code/Ros/my_ros2_control/install/test/share/test/package.sh'
[1.248s] INFO:colcon.colcon_core.shell:Creating package script '/home/yuan/rm/code/Ros/my_ros2_control/install/test/share/test/package.bash'
[1.249s] INFO:colcon.colcon_core.shell:Creating package script '/home/yuan/rm/code/Ros/my_ros2_control/install/test/share/test/package.zsh'
[1.249s] Level 1:colcon.colcon_core.environment:create_file_with_runtime_dependencies(/home/yuan/rm/code/Ros/my_ros2_control/install/test/share/colcon-core/packages/test)
[1.262s] DEBUG:colcon.colcon_parallel_executor.executor.parallel:closing loop
[1.263s] DEBUG:colcon.colcon_parallel_executor.executor.parallel:loop closed
[1.263s] DEBUG:colcon.colcon_parallel_executor.executor.parallel:run_until_complete finished with '1'
[1.263s] DEBUG:colcon.colcon_core.event_reactor:joining thread
[1.277s] INFO:colcon.colcon_core.plugin_system:Skipping extension 'colcon_notification.desktop_notification.terminal_notifier': Not used on non-Darwin systems
[1.277s] INFO:colcon.colcon_core.plugin_system:Skipping extension 'colcon_notification.desktop_notification.win32': Not used on non-Windows systems
[1.277s] INFO:colcon.colcon_notification.desktop_notification:Sending desktop notification using 'notify2'
[1.281s] DEBUG:colcon.colcon_core.event_reactor:joined thread
[1.292s] INFO:colcon.colcon_core.shell:Creating prefix script '/home/yuan/rm/code/Ros/my_ros2_control/install/local_setup.ps1'
[1.292s] INFO:colcon.colcon_core.shell:Creating prefix util module '/home/yuan/rm/code/Ros/my_ros2_control/install/_local_setup_util_ps1.py'
[1.293s] INFO:colcon.colcon_core.shell:Creating prefix chain script '/home/yuan/rm/code/Ros/my_ros2_control/install/setup.ps1'
[1.305s] INFO:colcon.colcon_core.shell:Creating prefix script '/home/yuan/rm/code/Ros/my_ros2_control/install/local_setup.sh'
[1.305s] INFO:colcon.colcon_core.shell:Creating prefix util module '/home/yuan/rm/code/Ros/my_ros2_control/install/_local_setup_util_sh.py'
[1.305s] INFO:colcon.colcon_core.shell:Creating prefix chain script '/home/yuan/rm/code/Ros/my_ros2_control/install/setup.sh'
[1.316s] INFO:colcon.colcon_core.shell:Creating prefix script '/home/yuan/rm/code/Ros/my_ros2_control/install/local_setup.bash'
[1.317s] INFO:colcon.colcon_core.shell:Creating prefix chain script '/home/yuan/rm/code/Ros/my_ros2_control/install/setup.bash'
[1.328s] INFO:colcon.colcon_core.shell:Creating prefix script '/home/yuan/rm/code/Ros/my_ros2_control/install/local_setup.zsh'
[1.329s] INFO:colcon.colcon_core.shell:Creating prefix chain script '/home/yuan/rm/code/Ros/my_ros2_control/install/setup.zsh'
