[0.000000] (-) TimerEvent: {}
[0.000476] (tool_pid) JobQueued: {'identifier': 'tool_pid', 'dependencies': OrderedDict()}
[0.000527] (gimbal_controller) JobQueued: {'identifier': 'gimbal_controller', 'dependencies': OrderedDict([('tool_pid', '/home/yuan/rm/code/Ros/my_ros2_control/install/tool_pid')])}
[0.000558] (motor_interface) JobQueued: {'identifier': 'motor_interface', 'dependencies': OrderedDict([('tool_pid', '/home/yuan/rm/code/Ros/my_ros2_control/install/tool_pid'), ('gimbal_controller', '/home/yuan/rm/code/Ros/my_ros2_control/install/gimbal_controller')])}
[0.000586] (tool_pid) JobStarted: {'identifier': 'tool_pid'}
[0.047384] (tool_pid) JobProgress: {'identifier': 'tool_pid', 'progress': 'cmake'}
[0.047863] (tool_pid) JobProgress: {'identifier': 'tool_pid', 'progress': 'build'}
[0.048307] (tool_pid) Command: {'cmd': ['/usr/bin/cmake', '--build', '/home/yuan/rm/code/Ros/my_ros2_control/build/tool_pid', '--', '-j16', '-l16'], 'cwd': '/home/yuan/rm/code/Ros/my_ros2_control/build/tool_pid', 'env': OrderedDict([('RAW_TERMINAL_COLOR_LIGHT_CYAN', '\x1b[1;36m'), ('LESSOPEN', '| /usr/bin/lesspipe %s'), ('LANGUAGE', 'zh_CN:zh'), ('USER', 'yuan'), ('XDG_SEAT', 'seat0'), ('TERMINAL_COLOR_USER_INPUT_DECISION', '\\e[0;35m'), ('SSH_AGENT_PID', '1211'), ('XDG_SESSION_TYPE', 'x11'), ('GIT_ASKPASS', '/usr/share/code/resources/app/extensions/git/dist/askpass.sh'), ('STM32CubeMX_PATH', '/home/yuan/app/stm32cubemx/software'), ('TERMINAL_COLOR_GREEN', '\\e[0;32m'), ('RAW_TERMINAL_COLOR_WHITE', '\x1b[1;37m'), ('RAW_TERMINAL_COLOR_GRAY', '\x1b[1;30m'), ('SHLVL', '1'), ('LD_LIBRARY_PATH', '/home/yuan/rm/code/Ros/my_ros2_control/install/motor_interface/lib:/home/yuan/rm/code/Ros/my_ros2_control/install/gimbal_controller/lib:/home/yuan/rm/code/Ros/my_ros2_control/install/tool_pid/lib:/opt/ros/humble/opt/rviz_ogre_vendor/lib:/opt/ros/humble/lib/x86_64-linux-gnu:/opt/ros/humble/lib'), ('HOME', '/home/yuan'), ('CHROME_DESKTOP', 'code-url-handler.desktop'), ('ROS_WS_CACHE_SOURCED_TIME', '0'), ('OLDPWD', '/home/yuan/rm/code/Ros/my_ros2_control'), ('TERM_PROGRAM_VERSION', '1.83.1'), ('DESKTOP_SESSION', 'xfce'), ('TERMINAL_COLOR_LIGHT_GREEN', '\\e[1;32m'), ('RAW_TERMINAL_COLOR_BLACK', '\x1b[0;30m'), ('RAW_TERMINAL_COLOR_LIGHT_GRAY', '\x1b[0;37m'), ('GIO_LAUNCHED_DESKTOP_FILE', '/usr/share/applications/code.desktop'), ('ROS_PYTHON_VERSION', '3'), ('XDG_SEAT_PATH', '/org/freedesktop/DisplayManager/Seat0'), ('TERMINAL_COLOR_BLUE', '\\e[0;34m'), ('VSCODE_GIT_ASKPASS_MAIN', '/usr/share/code/resources/app/extensions/git/dist/askpass-main.js'), ('TERMINAL_COLOR_RED', '\\e[0;31m'), ('VSCODE_GIT_ASKPASS_NODE', '/usr/share/code/code'), ('DBUS_SESSION_BUS_ADDRESS', 'unix:path=/run/user/1000/bus'), ('COLORTERM', 'truecolor'), ('TERMINAL_COLOR_LIGHT_BLUE', '\\e[1;34m'), ('TERMINAL_COLOR_CYAN', '\\e[0;36m'), ('RAW_TERMINAL_COLOR_BROWN', '\x1b[0;33m'), ('GIO_LAUNCHED_DESKTOP_FILE_PID', '3354'), ('TERMINAL_COLOR_LIGHT_RED', '\\e[1;31m'), ('RAW_TERMINAL_COLOR_PURPLE', '\x1b[0;35m'), ('COLCON_PREFIX_PATH', '/home/yuan/rm/code/Ros/my_ros2_control/install'), ('ROS_DISTRO', 'humble'), ('TERMINAL_COLOR_NC', '\\e[0m'), ('GTK_IM_MODULE', 'fcitx'), ('TERMINAL_COLOR_LIGHT_CYAN', '\\e[1;36m'), ('LOGNAME', 'yuan'), ('_', '/usr/bin/colcon'), ('ROS_VERSION', '2'), ('XDG_SESSION_CLASS', 'user'), ('RAW_TERMINAL_COLOR_LIGHT_PURPLE', '\x1b[1;35m'), ('RAW_TERMINAL_COLOR_YELLOW', '\x1b[1;33m'), ('TERMINAL_COLOR_USER_CONFIRMATION', '\\e[0;34m'), ('TERM', 'xterm-256color'), ('XDG_SESSION_ID', 'c1'), ('ROS_LOCALHOST_ONLY', '0'), ('TERMINAL_COLOR_WHITE', '\\e[1;37m'), ('TERMINAL_COLOR_GRAY', '\\e[1;30m'), ('PATH', '/home/yuan/rm/arm-gnu-toolchain-12.3.rel1-x86_64-arm-none-eabi/bin:/opt/ros/humble/bin:/usr/local/sbin:/usr/local/bin:/usr/sbin:/usr/bin:/sbin:/bin:/usr/games:/usr/local/games:/snap/bin:/home/yuan/.dotnet/tools:/home/yuan/.fzf/bin'), ('SESSION_MANAGER', 'local/yuan:@/tmp/.ICE-unix/1039,unix/yuan:/tmp/.ICE-unix/1039'), ('GDM_LANG', 'zh_CN'), ('XDG_SESSION_PATH', '/org/freedesktop/DisplayManager/Session0'), ('XDG_MENU_PREFIX', 'xfce-'), ('XDG_RUNTIME_DIR', '/run/user/1000'), ('GDK_BACKEND', 'x11'), ('RTW_COLOR_NOTIFY_USER', '\\e[1;33m'), ('TERMINAL_COLOR_LIGHT_GRAY', '\\e[0;37m'), ('TERMINAL_COLOR_BLACK', '\\e[0;30m'), ('DISPLAY', ':0.0'), ('LANG', 'zh_CN.UTF-8'), ('XDG_CURRENT_DESKTOP', 'XFCE'), ('DOTNET_BUNDLE_EXTRACT_BASE_DIR', '/home/yuan/.cache/dotnet_bundle_extract'), ('XMODIFIERS', '@im=fcitx'), ('XDG_SESSION_DESKTOP', 'xfce'), ('XAUTHORITY', '/home/yuan/.Xauthority'), ('LS_COLORS', ''), ('VSCODE_GIT_IPC_HANDLE', '/run/user/1000/vscode-git-be293a297e.sock'), ('TERM_PROGRAM', 'vscode'), ('SSH_AUTH_SOCK', '/tmp/ssh-XXXXXXJCTISs/agent.1210'), ('GSETTINGS_SCHEMA_DIR', '/home/yuan/data'), ('XDG_GREETER_DATA_DIR', '/var/lib/lightdm-data/yuan'), ('AMENT_PREFIX_PATH', '/home/yuan/rm/code/Ros/my_ros2_control/install/motor_interface:/home/yuan/rm/code/Ros/my_ros2_control/install/gimbal_controller:/home/yuan/rm/code/Ros/my_ros2_control/install/tool_pid:/opt/ros/humble'), ('ORIGINAL_XDG_CURRENT_DESKTOP', 'XFCE'), ('SHELL', '/bin/bash'), ('TERMINAL_COLOR_BROWN', '\\e[0;33m'), ('QT_ACCESSIBILITY', '1'), ('RAW_TERMINAL_COLOR_GREEN', '\x1b[0;32m'), ('GDMSESSION', 'xfce'), ('LESSCLOSE', '/usr/bin/lesspipe %s %s'), ('TERMINAL_COLOR_PURPLE', '\\e[0;35m'), ('RAW_TERMINAL_COLOR_LIGHT_GREEN', '\x1b[1;32m'), ('TERMINAL_COLOR_USER_NOTICE', '\\e[1;33m'), ('VSCODE_GIT_ASKPASS_EXTRA_ARGS', '--ms-enable-electron-run-as-node'), ('QT_IM_MODULE', 'fcitx'), ('XDG_VTNR', '7'), ('TERMINAL_COLOR_LIGHT_PURPLE', '\\e[1;35m'), ('TERMINAL_COLOR_YELLOW', '\\e[1;33m'), ('PWD', '/home/yuan/rm/code/Ros/my_ros2_control/build/tool_pid'), ('RAW_TERMINAL_COLOR_BLUE', '\x1b[0;34m'), ('XDG_CONFIG_DIRS', '/etc/xdg/xdg-xfce:/etc/xdg:/etc/xdg'), ('RAW_TERMINAL_COLOR_RED', '\x1b[0;31m'), ('CLUTTER_IM_MODULE', 'xim'), ('XDG_DATA_DIRS', '/usr/share/xfce4:/usr/local/share:/usr/share:/var/lib/snapd/desktop:/usr/share'), ('PYTHONPATH', '/opt/ros/humble/lib/python3.10/site-packages:/opt/ros/humble/local/lib/python3.10/dist-packages'), ('RAW_TERMINAL_COLOR_CYAN', '\x1b[0;36m'), ('RAW_TERMINAL_COLOR_LIGHT_BLUE', '\x1b[1;34m'), ('RTW_COLOR_ERROR', '\\e[0;31m'), ('COLCON', '1'), ('RAW_TERMINAL_COLOR_LIGHT_RED', '\x1b[1;31m'), ('CMAKE_PREFIX_PATH', '/home/yuan/rm/code/Ros/my_ros2_control/install/motor_interface:/home/yuan/rm/code/Ros/my_ros2_control/install/gimbal_controller:/home/yuan/rm/code/Ros/my_ros2_control/install/tool_pid:/home/yuan/rm/code/Ros/my_ros2_control/install/test:/opt/ros/humble'), ('RAW_TERMINAL_COLOR_NC', '\x1b[0m')]), 'shell': False}
[0.097629] (tool_pid) StdoutLine: {'line': b'[100%] Built target PROJECT_NAME\n'}
[0.099647] (-) TimerEvent: {}
[0.110364] (tool_pid) CommandEnded: {'returncode': 0}
[0.136894] (tool_pid) JobProgress: {'identifier': 'tool_pid', 'progress': 'install'}
[0.145395] (tool_pid) Command: {'cmd': ['/usr/bin/cmake', '--install', '/home/yuan/rm/code/Ros/my_ros2_control/build/tool_pid'], 'cwd': '/home/yuan/rm/code/Ros/my_ros2_control/build/tool_pid', 'env': OrderedDict([('RAW_TERMINAL_COLOR_LIGHT_CYAN', '\x1b[1;36m'), ('LESSOPEN', '| /usr/bin/lesspipe %s'), ('LANGUAGE', 'zh_CN:zh'), ('USER', 'yuan'), ('XDG_SEAT', 'seat0'), ('TERMINAL_COLOR_USER_INPUT_DECISION', '\\e[0;35m'), ('SSH_AGENT_PID', '1211'), ('XDG_SESSION_TYPE', 'x11'), ('GIT_ASKPASS', '/usr/share/code/resources/app/extensions/git/dist/askpass.sh'), ('STM32CubeMX_PATH', '/home/yuan/app/stm32cubemx/software'), ('TERMINAL_COLOR_GREEN', '\\e[0;32m'), ('RAW_TERMINAL_COLOR_WHITE', '\x1b[1;37m'), ('RAW_TERMINAL_COLOR_GRAY', '\x1b[1;30m'), ('SHLVL', '1'), ('LD_LIBRARY_PATH', '/home/yuan/rm/code/Ros/my_ros2_control/install/motor_interface/lib:/home/yuan/rm/code/Ros/my_ros2_control/install/gimbal_controller/lib:/home/yuan/rm/code/Ros/my_ros2_control/install/tool_pid/lib:/opt/ros/humble/opt/rviz_ogre_vendor/lib:/opt/ros/humble/lib/x86_64-linux-gnu:/opt/ros/humble/lib'), ('HOME', '/home/yuan'), ('CHROME_DESKTOP', 'code-url-handler.desktop'), ('ROS_WS_CACHE_SOURCED_TIME', '0'), ('OLDPWD', '/home/yuan/rm/code/Ros/my_ros2_control'), ('TERM_PROGRAM_VERSION', '1.83.1'), ('DESKTOP_SESSION', 'xfce'), ('TERMINAL_COLOR_LIGHT_GREEN', '\\e[1;32m'), ('RAW_TERMINAL_COLOR_BLACK', '\x1b[0;30m'), ('RAW_TERMINAL_COLOR_LIGHT_GRAY', '\x1b[0;37m'), ('GIO_LAUNCHED_DESKTOP_FILE', '/usr/share/applications/code.desktop'), ('ROS_PYTHON_VERSION', '3'), ('XDG_SEAT_PATH', '/org/freedesktop/DisplayManager/Seat0'), ('TERMINAL_COLOR_BLUE', '\\e[0;34m'), ('VSCODE_GIT_ASKPASS_MAIN', '/usr/share/code/resources/app/extensions/git/dist/askpass-main.js'), ('TERMINAL_COLOR_RED', '\\e[0;31m'), ('VSCODE_GIT_ASKPASS_NODE', '/usr/share/code/code'), ('DBUS_SESSION_BUS_ADDRESS', 'unix:path=/run/user/1000/bus'), ('COLORTERM', 'truecolor'), ('TERMINAL_COLOR_LIGHT_BLUE', '\\e[1;34m'), ('TERMINAL_COLOR_CYAN', '\\e[0;36m'), ('RAW_TERMINAL_COLOR_BROWN', '\x1b[0;33m'), ('GIO_LAUNCHED_DESKTOP_FILE_PID', '3354'), ('TERMINAL_COLOR_LIGHT_RED', '\\e[1;31m'), ('RAW_TERMINAL_COLOR_PURPLE', '\x1b[0;35m'), ('COLCON_PREFIX_PATH', '/home/yuan/rm/code/Ros/my_ros2_control/install'), ('ROS_DISTRO', 'humble'), ('TERMINAL_COLOR_NC', '\\e[0m'), ('GTK_IM_MODULE', 'fcitx'), ('TERMINAL_COLOR_LIGHT_CYAN', '\\e[1;36m'), ('LOGNAME', 'yuan'), ('_', '/usr/bin/colcon'), ('ROS_VERSION', '2'), ('XDG_SESSION_CLASS', 'user'), ('RAW_TERMINAL_COLOR_LIGHT_PURPLE', '\x1b[1;35m'), ('RAW_TERMINAL_COLOR_YELLOW', '\x1b[1;33m'), ('TERMINAL_COLOR_USER_CONFIRMATION', '\\e[0;34m'), ('TERM', 'xterm-256color'), ('XDG_SESSION_ID', 'c1'), ('ROS_LOCALHOST_ONLY', '0'), ('TERMINAL_COLOR_WHITE', '\\e[1;37m'), ('TERMINAL_COLOR_GRAY', '\\e[1;30m'), ('PATH', '/home/yuan/rm/arm-gnu-toolchain-12.3.rel1-x86_64-arm-none-eabi/bin:/opt/ros/humble/bin:/usr/local/sbin:/usr/local/bin:/usr/sbin:/usr/bin:/sbin:/bin:/usr/games:/usr/local/games:/snap/bin:/home/yuan/.dotnet/tools:/home/yuan/.fzf/bin'), ('SESSION_MANAGER', 'local/yuan:@/tmp/.ICE-unix/1039,unix/yuan:/tmp/.ICE-unix/1039'), ('GDM_LANG', 'zh_CN'), ('XDG_SESSION_PATH', '/org/freedesktop/DisplayManager/Session0'), ('XDG_MENU_PREFIX', 'xfce-'), ('XDG_RUNTIME_DIR', '/run/user/1000'), ('GDK_BACKEND', 'x11'), ('RTW_COLOR_NOTIFY_USER', '\\e[1;33m'), ('TERMINAL_COLOR_LIGHT_GRAY', '\\e[0;37m'), ('TERMINAL_COLOR_BLACK', '\\e[0;30m'), ('DISPLAY', ':0.0'), ('LANG', 'zh_CN.UTF-8'), ('XDG_CURRENT_DESKTOP', 'XFCE'), ('DOTNET_BUNDLE_EXTRACT_BASE_DIR', '/home/yuan/.cache/dotnet_bundle_extract'), ('XMODIFIERS', '@im=fcitx'), ('XDG_SESSION_DESKTOP', 'xfce'), ('XAUTHORITY', '/home/yuan/.Xauthority'), ('LS_COLORS', ''), ('VSCODE_GIT_IPC_HANDLE', '/run/user/1000/vscode-git-be293a297e.sock'), ('TERM_PROGRAM', 'vscode'), ('SSH_AUTH_SOCK', '/tmp/ssh-XXXXXXJCTISs/agent.1210'), ('GSETTINGS_SCHEMA_DIR', '/home/yuan/data'), ('XDG_GREETER_DATA_DIR', '/var/lib/lightdm-data/yuan'), ('AMENT_PREFIX_PATH', '/home/yuan/rm/code/Ros/my_ros2_control/install/motor_interface:/home/yuan/rm/code/Ros/my_ros2_control/install/gimbal_controller:/home/yuan/rm/code/Ros/my_ros2_control/install/tool_pid:/opt/ros/humble'), ('ORIGINAL_XDG_CURRENT_DESKTOP', 'XFCE'), ('SHELL', '/bin/bash'), ('TERMINAL_COLOR_BROWN', '\\e[0;33m'), ('QT_ACCESSIBILITY', '1'), ('RAW_TERMINAL_COLOR_GREEN', '\x1b[0;32m'), ('GDMSESSION', 'xfce'), ('LESSCLOSE', '/usr/bin/lesspipe %s %s'), ('TERMINAL_COLOR_PURPLE', '\\e[0;35m'), ('RAW_TERMINAL_COLOR_LIGHT_GREEN', '\x1b[1;32m'), ('TERMINAL_COLOR_USER_NOTICE', '\\e[1;33m'), ('VSCODE_GIT_ASKPASS_EXTRA_ARGS', '--ms-enable-electron-run-as-node'), ('QT_IM_MODULE', 'fcitx'), ('XDG_VTNR', '7'), ('TERMINAL_COLOR_LIGHT_PURPLE', '\\e[1;35m'), ('TERMINAL_COLOR_YELLOW', '\\e[1;33m'), ('PWD', '/home/yuan/rm/code/Ros/my_ros2_control/build/tool_pid'), ('RAW_TERMINAL_COLOR_BLUE', '\x1b[0;34m'), ('XDG_CONFIG_DIRS', '/etc/xdg/xdg-xfce:/etc/xdg:/etc/xdg'), ('RAW_TERMINAL_COLOR_RED', '\x1b[0;31m'), ('CLUTTER_IM_MODULE', 'xim'), ('XDG_DATA_DIRS', '/usr/share/xfce4:/usr/local/share:/usr/share:/var/lib/snapd/desktop:/usr/share'), ('PYTHONPATH', '/opt/ros/humble/lib/python3.10/site-packages:/opt/ros/humble/local/lib/python3.10/dist-packages'), ('RAW_TERMINAL_COLOR_CYAN', '\x1b[0;36m'), ('RAW_TERMINAL_COLOR_LIGHT_BLUE', '\x1b[1;34m'), ('RTW_COLOR_ERROR', '\\e[0;31m'), ('COLCON', '1'), ('RAW_TERMINAL_COLOR_LIGHT_RED', '\x1b[1;31m'), ('CMAKE_PREFIX_PATH', '/home/yuan/rm/code/Ros/my_ros2_control/install/motor_interface:/home/yuan/rm/code/Ros/my_ros2_control/install/gimbal_controller:/home/yuan/rm/code/Ros/my_ros2_control/install/tool_pid:/home/yuan/rm/code/Ros/my_ros2_control/install/test:/opt/ros/humble'), ('RAW_TERMINAL_COLOR_NC', '\x1b[0m')]), 'shell': False}
[0.153104] (tool_pid) StdoutLine: {'line': b'-- Install configuration: ""\n'}
[0.153464] (tool_pid) StdoutLine: {'line': b'-- Execute custom install script\n'}
[0.153713] (tool_pid) StdoutLine: {'line': b'-- Up-to-date symlink: /home/yuan/rm/code/Ros/my_ros2_control/install/tool_pid/lib/libPROJECT_NAME.so\n'}
[0.153983] (tool_pid) StdoutLine: {'line': b'-- Up-to-date symlink: /home/yuan/rm/code/Ros/my_ros2_control/install/tool_pid/include/tool_pid/tool_pid/pid.hpp\n'}
[0.154140] (tool_pid) StdoutLine: {'line': b'-- Up-to-date symlink: /home/yuan/rm/code/Ros/my_ros2_control/install/tool_pid/share/ament_index/resource_index/package_run_dependencies/tool_pid\n'}
[0.154298] (tool_pid) StdoutLine: {'line': b'-- Up-to-date symlink: /home/yuan/rm/code/Ros/my_ros2_control/install/tool_pid/share/ament_index/resource_index/parent_prefix_path/tool_pid\n'}
[0.154415] (tool_pid) StdoutLine: {'line': b'-- Up-to-date symlink: /home/yuan/rm/code/Ros/my_ros2_control/install/tool_pid/share/tool_pid/environment/ament_prefix_path.sh\n'}
[0.154544] (tool_pid) StdoutLine: {'line': b'-- Up-to-date symlink: /home/yuan/rm/code/Ros/my_ros2_control/install/tool_pid/share/tool_pid/environment/ament_prefix_path.dsv\n'}
[0.154665] (tool_pid) StdoutLine: {'line': b'-- Up-to-date symlink: /home/yuan/rm/code/Ros/my_ros2_control/install/tool_pid/share/tool_pid/environment/path.sh\n'}
[0.154978] (tool_pid) StdoutLine: {'line': b'-- Up-to-date symlink: /home/yuan/rm/code/Ros/my_ros2_control/install/tool_pid/share/tool_pid/environment/path.dsv\n'}
[0.155044] (tool_pid) StdoutLine: {'line': b'-- Up-to-date symlink: /home/yuan/rm/code/Ros/my_ros2_control/install/tool_pid/share/tool_pid/local_setup.bash\n'}
[0.155120] (tool_pid) StdoutLine: {'line': b'-- Up-to-date symlink: /home/yuan/rm/code/Ros/my_ros2_control/install/tool_pid/share/tool_pid/local_setup.sh\n'}
[0.155199] (tool_pid) StdoutLine: {'line': b'-- Up-to-date symlink: /home/yuan/rm/code/Ros/my_ros2_control/install/tool_pid/share/tool_pid/local_setup.zsh\n'}
[0.155321] (tool_pid) StdoutLine: {'line': b'-- Up-to-date symlink: /home/yuan/rm/code/Ros/my_ros2_control/install/tool_pid/share/tool_pid/local_setup.dsv\n'}
[0.155398] (tool_pid) StdoutLine: {'line': b'-- Symlinking: /home/yuan/rm/code/Ros/my_ros2_control/install/tool_pid/share/tool_pid/package.dsv\n'}
[0.164463] (tool_pid) StdoutLine: {'line': b'-- Up-to-date symlink: /home/yuan/rm/code/Ros/my_ros2_control/install/tool_pid/share/ament_index/resource_index/packages/tool_pid\n'}
[0.164661] (tool_pid) StdoutLine: {'line': b'-- Up-to-date symlink: /home/yuan/rm/code/Ros/my_ros2_control/install/tool_pid/share/tool_pid/cmake/tool_pidConfig.cmake\n'}
[0.164781] (tool_pid) StdoutLine: {'line': b'-- Up-to-date symlink: /home/yuan/rm/code/Ros/my_ros2_control/install/tool_pid/share/tool_pid/cmake/tool_pidConfig-version.cmake\n'}
[0.164886] (tool_pid) StdoutLine: {'line': b'-- Up-to-date symlink: /home/yuan/rm/code/Ros/my_ros2_control/install/tool_pid/share/tool_pid/package.xml\n'}
[0.166757] (tool_pid) CommandEnded: {'returncode': 0}
[0.199811] (-) TimerEvent: {}
[0.302347] (-) TimerEvent: {}
[0.309442] (tool_pid) JobEnded: {'identifier': 'tool_pid', 'rc': 0}
[0.310364] (gimbal_controller) JobStarted: {'identifier': 'gimbal_controller'}
[0.362433] (gimbal_controller) JobProgress: {'identifier': 'gimbal_controller', 'progress': 'cmake'}
[0.363186] (gimbal_controller) JobProgress: {'identifier': 'gimbal_controller', 'progress': 'build'}
[0.363444] (gimbal_controller) Command: {'cmd': ['/usr/bin/cmake', '--build', '/home/yuan/rm/code/Ros/my_ros2_control/build/gimbal_controller', '--', '-j16', '-l16'], 'cwd': '/home/yuan/rm/code/Ros/my_ros2_control/build/gimbal_controller', 'env': OrderedDict([('RAW_TERMINAL_COLOR_LIGHT_CYAN', '\x1b[1;36m'), ('LESSOPEN', '| /usr/bin/lesspipe %s'), ('LANGUAGE', 'zh_CN:zh'), ('USER', 'yuan'), ('XDG_SEAT', 'seat0'), ('TERMINAL_COLOR_USER_INPUT_DECISION', '\\e[0;35m'), ('SSH_AGENT_PID', '1211'), ('XDG_SESSION_TYPE', 'x11'), ('GIT_ASKPASS', '/usr/share/code/resources/app/extensions/git/dist/askpass.sh'), ('STM32CubeMX_PATH', '/home/yuan/app/stm32cubemx/software'), ('TERMINAL_COLOR_GREEN', '\\e[0;32m'), ('RAW_TERMINAL_COLOR_WHITE', '\x1b[1;37m'), ('RAW_TERMINAL_COLOR_GRAY', '\x1b[1;30m'), ('SHLVL', '1'), ('LD_LIBRARY_PATH', '/home/yuan/rm/code/Ros/my_ros2_control/install/tool_pid/lib:/home/yuan/rm/code/Ros/my_ros2_control/install/motor_interface/lib:/home/yuan/rm/code/Ros/my_ros2_control/install/gimbal_controller/lib:/opt/ros/humble/opt/rviz_ogre_vendor/lib:/opt/ros/humble/lib/x86_64-linux-gnu:/opt/ros/humble/lib'), ('HOME', '/home/yuan'), ('CHROME_DESKTOP', 'code-url-handler.desktop'), ('ROS_WS_CACHE_SOURCED_TIME', '0'), ('OLDPWD', '/home/yuan/rm/code/Ros/my_ros2_control'), ('TERM_PROGRAM_VERSION', '1.83.1'), ('DESKTOP_SESSION', 'xfce'), ('TERMINAL_COLOR_LIGHT_GREEN', '\\e[1;32m'), ('RAW_TERMINAL_COLOR_BLACK', '\x1b[0;30m'), ('RAW_TERMINAL_COLOR_LIGHT_GRAY', '\x1b[0;37m'), ('GIO_LAUNCHED_DESKTOP_FILE', '/usr/share/applications/code.desktop'), ('ROS_PYTHON_VERSION', '3'), ('XDG_SEAT_PATH', '/org/freedesktop/DisplayManager/Seat0'), ('TERMINAL_COLOR_BLUE', '\\e[0;34m'), ('VSCODE_GIT_ASKPASS_MAIN', '/usr/share/code/resources/app/extensions/git/dist/askpass-main.js'), ('TERMINAL_COLOR_RED', '\\e[0;31m'), ('VSCODE_GIT_ASKPASS_NODE', '/usr/share/code/code'), ('DBUS_SESSION_BUS_ADDRESS', 'unix:path=/run/user/1000/bus'), ('COLORTERM', 'truecolor'), ('TERMINAL_COLOR_LIGHT_BLUE', '\\e[1;34m'), ('TERMINAL_COLOR_CYAN', '\\e[0;36m'), ('RAW_TERMINAL_COLOR_BROWN', '\x1b[0;33m'), ('GIO_LAUNCHED_DESKTOP_FILE_PID', '3354'), ('TERMINAL_COLOR_LIGHT_RED', '\\e[1;31m'), ('RAW_TERMINAL_COLOR_PURPLE', '\x1b[0;35m'), ('COLCON_PREFIX_PATH', '/home/yuan/rm/code/Ros/my_ros2_control/install'), ('ROS_DISTRO', 'humble'), ('TERMINAL_COLOR_NC', '\\e[0m'), ('GTK_IM_MODULE', 'fcitx'), ('TERMINAL_COLOR_LIGHT_CYAN', '\\e[1;36m'), ('LOGNAME', 'yuan'), ('_', '/usr/bin/colcon'), ('ROS_VERSION', '2'), ('XDG_SESSION_CLASS', 'user'), ('RAW_TERMINAL_COLOR_LIGHT_PURPLE', '\x1b[1;35m'), ('RAW_TERMINAL_COLOR_YELLOW', '\x1b[1;33m'), ('TERMINAL_COLOR_USER_CONFIRMATION', '\\e[0;34m'), ('TERM', 'xterm-256color'), ('XDG_SESSION_ID', 'c1'), ('ROS_LOCALHOST_ONLY', '0'), ('TERMINAL_COLOR_WHITE', '\\e[1;37m'), ('TERMINAL_COLOR_GRAY', '\\e[1;30m'), ('PATH', '/home/yuan/rm/arm-gnu-toolchain-12.3.rel1-x86_64-arm-none-eabi/bin:/opt/ros/humble/bin:/usr/local/sbin:/usr/local/bin:/usr/sbin:/usr/bin:/sbin:/bin:/usr/games:/usr/local/games:/snap/bin:/home/yuan/.dotnet/tools:/home/yuan/.fzf/bin'), ('SESSION_MANAGER', 'local/yuan:@/tmp/.ICE-unix/1039,unix/yuan:/tmp/.ICE-unix/1039'), ('GDM_LANG', 'zh_CN'), ('XDG_SESSION_PATH', '/org/freedesktop/DisplayManager/Session0'), ('XDG_MENU_PREFIX', 'xfce-'), ('XDG_RUNTIME_DIR', '/run/user/1000'), ('GDK_BACKEND', 'x11'), ('RTW_COLOR_NOTIFY_USER', '\\e[1;33m'), ('TERMINAL_COLOR_LIGHT_GRAY', '\\e[0;37m'), ('TERMINAL_COLOR_BLACK', '\\e[0;30m'), ('DISPLAY', ':0.0'), ('LANG', 'zh_CN.UTF-8'), ('XDG_CURRENT_DESKTOP', 'XFCE'), ('DOTNET_BUNDLE_EXTRACT_BASE_DIR', '/home/yuan/.cache/dotnet_bundle_extract'), ('XMODIFIERS', '@im=fcitx'), ('XDG_SESSION_DESKTOP', 'xfce'), ('XAUTHORITY', '/home/yuan/.Xauthority'), ('LS_COLORS', ''), ('VSCODE_GIT_IPC_HANDLE', '/run/user/1000/vscode-git-be293a297e.sock'), ('TERM_PROGRAM', 'vscode'), ('SSH_AUTH_SOCK', '/tmp/ssh-XXXXXXJCTISs/agent.1210'), ('GSETTINGS_SCHEMA_DIR', '/home/yuan/data'), ('XDG_GREETER_DATA_DIR', '/var/lib/lightdm-data/yuan'), ('AMENT_PREFIX_PATH', '/home/yuan/rm/code/Ros/my_ros2_control/install/motor_interface:/home/yuan/rm/code/Ros/my_ros2_control/install/gimbal_controller:/home/yuan/rm/code/Ros/my_ros2_control/install/tool_pid:/opt/ros/humble'), ('ORIGINAL_XDG_CURRENT_DESKTOP', 'XFCE'), ('SHELL', '/bin/bash'), ('TERMINAL_COLOR_BROWN', '\\e[0;33m'), ('QT_ACCESSIBILITY', '1'), ('RAW_TERMINAL_COLOR_GREEN', '\x1b[0;32m'), ('GDMSESSION', 'xfce'), ('LESSCLOSE', '/usr/bin/lesspipe %s %s'), ('TERMINAL_COLOR_PURPLE', '\\e[0;35m'), ('RAW_TERMINAL_COLOR_LIGHT_GREEN', '\x1b[1;32m'), ('TERMINAL_COLOR_USER_NOTICE', '\\e[1;33m'), ('VSCODE_GIT_ASKPASS_EXTRA_ARGS', '--ms-enable-electron-run-as-node'), ('QT_IM_MODULE', 'fcitx'), ('XDG_VTNR', '7'), ('TERMINAL_COLOR_LIGHT_PURPLE', '\\e[1;35m'), ('TERMINAL_COLOR_YELLOW', '\\e[1;33m'), ('PWD', '/home/yuan/rm/code/Ros/my_ros2_control/build/gimbal_controller'), ('RAW_TERMINAL_COLOR_BLUE', '\x1b[0;34m'), ('XDG_CONFIG_DIRS', '/etc/xdg/xdg-xfce:/etc/xdg:/etc/xdg'), ('RAW_TERMINAL_COLOR_RED', '\x1b[0;31m'), ('CLUTTER_IM_MODULE', 'xim'), ('XDG_DATA_DIRS', '/usr/share/xfce4:/usr/local/share:/usr/share:/var/lib/snapd/desktop:/usr/share'), ('PYTHONPATH', '/opt/ros/humble/lib/python3.10/site-packages:/opt/ros/humble/local/lib/python3.10/dist-packages'), ('RAW_TERMINAL_COLOR_CYAN', '\x1b[0;36m'), ('RAW_TERMINAL_COLOR_LIGHT_BLUE', '\x1b[1;34m'), ('RTW_COLOR_ERROR', '\\e[0;31m'), ('COLCON', '1'), ('RAW_TERMINAL_COLOR_LIGHT_RED', '\x1b[1;31m'), ('CMAKE_PREFIX_PATH', '/home/yuan/rm/code/Ros/my_ros2_control/install/tool_pid:/home/yuan/rm/code/Ros/my_ros2_control/install/motor_interface:/home/yuan/rm/code/Ros/my_ros2_control/install/gimbal_controller:/home/yuan/rm/code/Ros/my_ros2_control/install/test:/opt/ros/humble'), ('RAW_TERMINAL_COLOR_NC', '\x1b[0m')]), 'shell': False}
[0.391325] (gimbal_controller) StdoutLine: {'line': b'-- Found ament_cmake: 1.3.5 (/opt/ros/humble/share/ament_cmake/cmake)\n'}
[0.402444] (-) TimerEvent: {}
[0.497796] (gimbal_controller) StdoutLine: {'line': b'-- Override CMake install command with custom implementation using symlinks instead of copying resources\n'}
[0.502520] (-) TimerEvent: {}
[0.503894] (gimbal_controller) StdoutLine: {'line': b'-- Found generate_parameter_library: 0.3.6 (/opt/ros/humble/share/generate_parameter_library/cmake)\n'}
[0.504579] (gimbal_controller) StdoutLine: {'line': b'-- Found parameter_traits: 0.3.6 (/opt/ros/humble/share/parameter_traits/cmake)\n'}
[0.531114] (gimbal_controller) StdoutLine: {'line': b'-- Found rosidl_generator_c: 3.1.5 (/opt/ros/humble/share/rosidl_generator_c/cmake)\n'}
[0.533262] (gimbal_controller) StdoutLine: {'line': b'-- Found rosidl_adapter: 3.1.5 (/opt/ros/humble/share/rosidl_adapter/cmake)\n'}
[0.538179] (gimbal_controller) StdoutLine: {'line': b'-- Found rosidl_generator_cpp: 3.1.5 (/opt/ros/humble/share/rosidl_generator_cpp/cmake)\n'}
[0.547405] (gimbal_controller) StdoutLine: {'line': b'-- Using all available rosidl_typesupport_c: rosidl_typesupport_fastrtps_c;rosidl_typesupport_introspection_c\n'}
[0.560034] (gimbal_controller) StdoutLine: {'line': b'-- Using all available rosidl_typesupport_cpp: rosidl_typesupport_fastrtps_cpp;rosidl_typesupport_introspection_cpp\n'}
[0.602645] (-) TimerEvent: {}
[0.605614] (gimbal_controller) StdoutLine: {'line': b'-- Found rmw_implementation_cmake: 6.1.1 (/opt/ros/humble/share/rmw_implementation_cmake/cmake)\n'}
[0.606662] (gimbal_controller) StdoutLine: {'line': b'-- Found rmw_fastrtps_cpp: 6.2.4 (/opt/ros/humble/share/rmw_fastrtps_cpp/cmake)\n'}
[0.702768] (-) TimerEvent: {}
[0.720357] (gimbal_controller) StdoutLine: {'line': b"-- Using RMW implementation 'rmw_fastrtps_cpp' as default\n"}
[0.802872] (-) TimerEvent: {}
[0.859868] (gimbal_controller) StdoutLine: {'line': b'-- Found rclcpp_lifecycle: 16.0.6 (/opt/ros/humble/share/rclcpp_lifecycle/cmake)\n'}
[0.889510] (gimbal_controller) StdoutLine: {'line': b'-- Found control_msgs: 4.4.0 (/opt/ros/humble/share/control_msgs/cmake)\n'}
[0.902965] (-) TimerEvent: {}
[1.003223] (-) TimerEvent: {}
[1.103510] (-) TimerEvent: {}
[1.203814] (-) TimerEvent: {}
[1.256768] (gimbal_controller) StdoutLine: {'line': b'-- Found controller_interface: 2.32.0 (/opt/ros/humble/share/controller_interface/cmake)\n'}
[1.303923] (-) TimerEvent: {}
[1.324426] (gimbal_controller) StdoutLine: {'line': b'-- Found realtime_tools: 2.5.0 (/opt/ros/humble/share/realtime_tools/cmake)\n'}
[1.353222] (gimbal_controller) StdoutLine: {'line': b'-- Found std_srvs: 4.2.3 (/opt/ros/humble/share/std_srvs/cmake)\n'}
[1.366054] (gimbal_controller) StdoutLine: {'line': b'-- Found tool_pid: 0.0.0 (/home/yuan/rm/code/Ros/my_ros2_control/install/tool_pid/share/tool_pid/cmake)\n'}
[1.404020] (-) TimerEvent: {}
[1.499341] (gimbal_controller) StdoutLine: {'line': b'-- Configuring done\n'}
[1.504100] (-) TimerEvent: {}
[1.506423] (gimbal_controller) StderrLine: {'line': b'\x1b[31mCMake Error at /opt/ros/humble/share/ament_cmake_core/cmake/symlink_install/ament_cmake_symlink_install_targets.cmake:102 (file):\n'}
[1.506612] (gimbal_controller) StderrLine: {'line': b'  Error evaluating generator expression:\n'}
[1.506688] (gimbal_controller) StderrLine: {'line': b'\n'}
[1.506786] (gimbal_controller) StderrLine: {'line': b'    $<TARGET_FILE:gimbal_controller_parameters>\n'}
[1.506863] (gimbal_controller) StderrLine: {'line': b'\n'}
[1.506928] (gimbal_controller) StderrLine: {'line': b'  Target "gimbal_controller_parameters" is not an executable or library.\n'}
[1.506992] (gimbal_controller) StderrLine: {'line': b'Call Stack (most recent call first):\n'}
[1.507065] (gimbal_controller) StderrLine: {'line': b'  /opt/ros/humble/share/ament_cmake_core/cmake/symlink_install/install.cmake:37 (ament_cmake_symlink_install_targets)\n'}
[1.507130] (gimbal_controller) StderrLine: {'line': b'  CMakeLists.txt:56 (install)\n'}
[1.507191] (gimbal_controller) StderrLine: {'line': b'\n'}
[1.507251] (gimbal_controller) StderrLine: {'line': b'\x1b[0m\n'}
[1.507325] (gimbal_controller) StderrLine: {'line': b'\x1b[31mCMake Error at /opt/ros/humble/share/ament_cmake_core/cmake/symlink_install/ament_cmake_symlink_install_targets.cmake:102 (file):\n'}
[1.507388] (gimbal_controller) StderrLine: {'line': b'  Error evaluating generator expression:\n'}
[1.507449] (gimbal_controller) StderrLine: {'line': b'\n'}
[1.507509] (gimbal_controller) StderrLine: {'line': b'    $<TARGET_FILE:gimbal_controller_parameters>\n'}
[1.507572] (gimbal_controller) StderrLine: {'line': b'\n'}
[1.507647] (gimbal_controller) StderrLine: {'line': b'  Target "gimbal_controller_parameters" is not an executable or library.\n'}
[1.507711] (gimbal_controller) StderrLine: {'line': b'Call Stack (most recent call first):\n'}
[1.507772] (gimbal_controller) StderrLine: {'line': b'  /opt/ros/humble/share/ament_cmake_core/cmake/symlink_install/install.cmake:37 (ament_cmake_symlink_install_targets)\n'}
[1.507831] (gimbal_controller) StderrLine: {'line': b'  CMakeLists.txt:56 (install)\n'}
[1.507903] (gimbal_controller) StderrLine: {'line': b'\n'}
[1.507974] (gimbal_controller) StderrLine: {'line': b'\x1b[0m\n'}
[1.517332] (gimbal_controller) StdoutLine: {'line': b'-- Generating done\n'}
[1.518908] (gimbal_controller) StderrLine: {'line': b'\x1b[0mCMake Generate step failed.  Build files cannot be regenerated correctly.\x1b[0m\n'}
[1.526570] (gimbal_controller) StderrLine: {'line': b'gmake: *** [Makefile:281\xef\xbc\x9acmake_check_build_system] \xe9\x94\x99\xe8\xaf\xaf 1\n'}
[1.528622] (gimbal_controller) CommandEnded: {'returncode': 2}
[1.604196] (-) TimerEvent: {}
[1.612001] (gimbal_controller) JobEnded: {'identifier': 'gimbal_controller', 'rc': 2}
[1.622453] (motor_interface) JobSkipped: {'identifier': 'motor_interface'}
[1.622534] (-) EventReactorShutdown: {}
