[0.055s] Invoking command in '/home/yuan/rm/code/Ros/my_ros2_control/build/motor_interface': CMAKE_PREFIX_PATH=${CMAKE_PREFIX_PATH}:/opt/ros/humble /usr/bin/cmake --build /home/yuan/rm/code/Ros/my_ros2_control/build/motor_interface -- -j16 -l16
[0.079s] -- Found ament_cmake: 1.3.5 (/opt/ros/humble/share/ament_cmake/cmake)
[0.190s] -- Override CMake install command with custom implementation using symlinks instead of copying resources
[0.202s] -- Found hardware_interface: 2.31.0 (/opt/ros/humble/share/hardware_interface/cmake)
[0.232s] -- Found rosidl_generator_c: 3.1.5 (/opt/ros/humble/share/rosidl_generator_c/cmake)
[0.235s] -- Found rosidl_adapter: 3.1.5 (/opt/ros/humble/share/rosidl_adapter/cmake)
[0.241s] -- Found rosidl_generator_cpp: 3.1.5 (/opt/ros/humble/share/rosidl_generator_cpp/cmake)
[0.252s] -- Using all available rosidl_typesupport_c: rosidl_typesupport_fastrtps_c;rosidl_typesupport_introspection_c
[0.267s] -- Using all available rosidl_typesupport_cpp: rosidl_typesupport_fastrtps_cpp;rosidl_typesupport_introspection_cpp
[0.786s] -- Found rmw_implementation_cmake: 6.1.1 (/opt/ros/humble/share/rmw_implementation_cmake/cmake)
[0.788s] -- Found rmw_fastrtps_cpp: 6.2.4 (/opt/ros/humble/share/rmw_fastrtps_cpp/cmake)
[0.918s] -- Using RMW implementation 'rmw_fastrtps_cpp' as default
[1.128s] -- Found ament_lint_auto: 0.12.8 (/opt/ros/humble/share/ament_lint_auto/cmake)
[1.185s] -- Found gmock sources under '/opt/ros/humble/src/gmock_vendor': C++ tests using 'Google Mock' will be built
[1.187s] -- Found ament_cmake_gtest: 1.3.5 (/opt/ros/humble/share/ament_cmake_gtest/cmake)
[1.188s] -- Found gtest sources under '/opt/ros/humble/src/gtest_vendor': C++ tests using 'Google Test' will be built
[1.238s] -- Added test 'cppcheck' to perform static code analysis on C / C++ code
[1.238s] -- Configured cppcheck include dirs: /home/yuan/rm/code/Ros/my_ros2_control/src/motor_interface/include/motor_interface;/home/yuan/rm/code/Ros/my_ros2_control/src/motor_interface/include
[1.238s] -- Configured cppcheck exclude dirs and/or files: 
[1.238s] -- Added test 'flake8' to check Python code syntax and style conventions
[1.239s] -- Added test 'lint_cmake' to check CMake code style
[1.239s] -- Added test 'pep257' to check Python code against some of the docstring style conventions in PEP 257
[1.241s] -- Added test 'uncrustify' to check C / C++ code style
[1.241s] -- Configured uncrustify additional arguments: 
[1.241s] -- Added test 'xmllint' to check XML markup files
[1.244s] -- Configuring done
[1.288s] -- Generating done
[1.291s] -- Build files have been written to: /home/yuan/rm/code/Ros/my_ros2_control/build/motor_interface
[1.317s] [35m[1mConsolidate compiler generated dependencies of target gmock_main[0m
[1.318s] [35m[1mConsolidate compiler generated dependencies of target gmock[0m
[1.319s] [35m[1mConsolidate compiler generated dependencies of target motor_interface[0m
[1.334s] [ 45%] Built target gmock
[1.334s] [ 45%] Built target gmock_main
[1.345s] [35m[1mConsolidate compiler generated dependencies of target test_motor[0m
[1.350s] [ 81%] Built target motor_interface
[1.363s] [100%] Built target test_motor
[1.374s] Invoked command in '/home/yuan/rm/code/Ros/my_ros2_control/build/motor_interface' returned '0': CMAKE_PREFIX_PATH=${CMAKE_PREFIX_PATH}:/opt/ros/humble /usr/bin/cmake --build /home/yuan/rm/code/Ros/my_ros2_control/build/motor_interface -- -j16 -l16
[1.419s] Invoking command in '/home/yuan/rm/code/Ros/my_ros2_control/build/motor_interface': CMAKE_PREFIX_PATH=${CMAKE_PREFIX_PATH}:/opt/ros/humble /usr/bin/cmake --install /home/yuan/rm/code/Ros/my_ros2_control/build/motor_interface
[1.426s] -- Install configuration: "Debug"
[1.426s] -- Execute custom install script
[1.427s] -- Up-to-date symlink: /home/yuan/rm/code/Ros/my_ros2_control/install/motor_interface/share/motor_interface//motor_interface.xml
[1.427s] [31mCMake Error at ament_cmake_symlink_install/ament_cmake_symlink_install.cmake:100 (message):
[1.427s]   ament_cmake_symlink_install_directory() can't find
[1.427s]   '/home/yuan/rm/code/Ros/my_ros2_control/src/motor_interface/hardware/include/'
[1.427s] Call Stack (most recent call first):
[1.427s]   ament_cmake_symlink_install/ament_cmake_symlink_install.cmake:317 (ament_cmake_symlink_install_directory)
[1.427s]   cmake_install.cmake:46 (include)
[1.427s] 
[1.427s] [0m
[1.428s] Invoked command in '/home/yuan/rm/code/Ros/my_ros2_control/build/motor_interface' returned '1': CMAKE_PREFIX_PATH=${CMAKE_PREFIX_PATH}:/opt/ros/humble /usr/bin/cmake --install /home/yuan/rm/code/Ros/my_ros2_control/build/motor_interface
