[0.000000] (-) TimerEvent: {}
[0.000280] (gimbal_controller) JobQueued: {'identifier': 'gimbal_controller', 'dependencies': OrderedDict()}
[0.000311] (motor_interface) JobQueued: {'identifier': 'motor_interface', 'dependencies': OrderedDict()}
[0.000343] (gimbal_controller) JobStarted: {'identifier': 'gimbal_controller'}
[0.045331] (motor_interface) JobStarted: {'identifier': 'motor_interface'}
[0.090534] (gimbal_controller) JobProgress: {'identifier': 'gimbal_controller', 'progress': 'cmake'}
[0.091154] (gimbal_controller) JobProgress: {'identifier': 'gimbal_controller', 'progress': 'build'}
[0.091889] (gimbal_controller) Command: {'cmd': ['/usr/bin/cmake', '--build', '/home/yuan/rm/code/Ros/my_ros2_control/build/gimbal_controller', '--', '-j16', '-l16'], 'cwd': '/home/yuan/rm/code/Ros/my_ros2_control/build/gimbal_controller', 'env': OrderedDict([('RAW_TERMINAL_COLOR_LIGHT_CYAN', '\x1b[1;36m'), ('LESSOPEN', '| /usr/bin/lesspipe %s'), ('LANGUAGE', 'zh_CN:zh'), ('USER', 'yuan'), ('XDG_SEAT', 'seat0'), ('TERMINAL_COLOR_USER_INPUT_DECISION', '\\e[0;35m'), ('SSH_AGENT_PID', '1225'), ('XDG_SESSION_TYPE', 'x11'), ('GIT_ASKPASS', '/usr/share/code/resources/app/extensions/git/dist/askpass.sh'), ('STM32CubeMX_PATH', '/home/yuan/app/stm32cubemx/software'), ('TERMINAL_COLOR_GREEN', '\\e[0;32m'), ('RAW_TERMINAL_COLOR_WHITE', '\x1b[1;37m'), ('RAW_TERMINAL_COLOR_GRAY', '\x1b[1;30m'), ('SHLVL', '1'), ('LD_LIBRARY_PATH', '/home/yuan/rm/code/Ros/my_ros2_control/install/motor_interface/lib:/home/yuan/rm/code/Ros/my_ros2_control/install/gimbal_controller/lib:/opt/ros/humble/opt/rviz_ogre_vendor/lib:/opt/ros/humble/lib/x86_64-linux-gnu:/opt/ros/humble/lib'), ('HOME', '/home/yuan'), ('CHROME_DESKTOP', 'code-url-handler.desktop'), ('ROS_WS_CACHE_SOURCED_TIME', '0'), ('OLDPWD', '/home/yuan/rm/code/Ros/my_ros2_control'), ('TERM_PROGRAM_VERSION', '1.83.1'), ('DESKTOP_SESSION', 'xfce'), ('TERMINAL_COLOR_LIGHT_GREEN', '\\e[1;32m'), ('RAW_TERMINAL_COLOR_BLACK', '\x1b[0;30m'), ('RAW_TERMINAL_COLOR_LIGHT_GRAY', '\x1b[0;37m'), ('GIO_LAUNCHED_DESKTOP_FILE', '/usr/share/applications/code.desktop'), ('ROS_PYTHON_VERSION', '3'), ('XDG_SEAT_PATH', '/org/freedesktop/DisplayManager/Seat0'), ('TERMINAL_COLOR_BLUE', '\\e[0;34m'), ('VSCODE_GIT_ASKPASS_MAIN', '/usr/share/code/resources/app/extensions/git/dist/askpass-main.js'), ('TERMINAL_COLOR_RED', '\\e[0;31m'), ('VSCODE_GIT_ASKPASS_NODE', '/usr/share/code/code'), ('DBUS_SESSION_BUS_ADDRESS', 'unix:path=/run/user/1000/bus'), ('COLORTERM', 'truecolor'), ('TERMINAL_COLOR_LIGHT_BLUE', '\\e[1;34m'), ('TERMINAL_COLOR_CYAN', '\\e[0;36m'), ('RAW_TERMINAL_COLOR_BROWN', '\x1b[0;33m'), ('GIO_LAUNCHED_DESKTOP_FILE_PID', '2914'), ('TERMINAL_COLOR_LIGHT_RED', '\\e[1;31m'), ('RAW_TERMINAL_COLOR_PURPLE', '\x1b[0;35m'), ('COLCON_PREFIX_PATH', '/home/yuan/rm/code/Ros/my_ros2_control/install'), ('ROS_DISTRO', 'humble'), ('TERMINAL_COLOR_NC', '\\e[0m'), ('GTK_IM_MODULE', 'fcitx'), ('TERMINAL_COLOR_LIGHT_CYAN', '\\e[1;36m'), ('LOGNAME', 'yuan'), ('_', '/usr/bin/colcon'), ('ROS_VERSION', '2'), ('XDG_SESSION_CLASS', 'user'), ('RAW_TERMINAL_COLOR_LIGHT_PURPLE', '\x1b[1;35m'), ('RAW_TERMINAL_COLOR_YELLOW', '\x1b[1;33m'), ('TERMINAL_COLOR_USER_CONFIRMATION', '\\e[0;34m'), ('TERM', 'xterm-256color'), ('XDG_SESSION_ID', 'c1'), ('ROS_LOCALHOST_ONLY', '0'), ('TERMINAL_COLOR_WHITE', '\\e[1;37m'), ('TERMINAL_COLOR_GRAY', '\\e[1;30m'), ('PATH', '/home/yuan/rm/arm-gnu-toolchain-12.3.rel1-x86_64-arm-none-eabi/bin:/opt/ros/humble/bin:/usr/local/sbin:/usr/local/bin:/usr/sbin:/usr/bin:/sbin:/bin:/usr/games:/usr/local/games:/snap/bin:/home/yuan/.dotnet/tools:/home/yuan/.fzf/bin'), ('SESSION_MANAGER', 'local/yuan:@/tmp/.ICE-unix/1053,unix/yuan:/tmp/.ICE-unix/1053'), ('GDM_LANG', 'zh_CN'), ('XDG_SESSION_PATH', '/org/freedesktop/DisplayManager/Session0'), ('XDG_MENU_PREFIX', 'xfce-'), ('XDG_RUNTIME_DIR', '/run/user/1000'), ('GDK_BACKEND', 'x11'), ('RTW_COLOR_NOTIFY_USER', '\\e[1;33m'), ('TERMINAL_COLOR_LIGHT_GRAY', '\\e[0;37m'), ('TERMINAL_COLOR_BLACK', '\\e[0;30m'), ('DISPLAY', ':0.0'), ('LANG', 'zh_CN.UTF-8'), ('XDG_CURRENT_DESKTOP', 'XFCE'), ('DOTNET_BUNDLE_EXTRACT_BASE_DIR', '/home/yuan/.cache/dotnet_bundle_extract'), ('XMODIFIERS', '@im=fcitx'), ('XDG_SESSION_DESKTOP', 'xfce'), ('XAUTHORITY', '/home/yuan/.Xauthority'), ('LS_COLORS', ''), ('VSCODE_GIT_IPC_HANDLE', '/run/user/1000/vscode-git-be293a297e.sock'), ('TERM_PROGRAM', 'vscode'), ('SSH_AUTH_SOCK', '/tmp/ssh-XXXXXXEQuJH2/agent.1224'), ('GSETTINGS_SCHEMA_DIR', '/home/yuan/data'), ('XDG_GREETER_DATA_DIR', '/var/lib/lightdm-data/yuan'), ('AMENT_PREFIX_PATH', '/home/yuan/rm/code/Ros/my_ros2_control/install/motor_interface:/home/yuan/rm/code/Ros/my_ros2_control/install/gimbal_controller:/opt/ros/humble'), ('ORIGINAL_XDG_CURRENT_DESKTOP', 'XFCE'), ('SHELL', '/bin/bash'), ('TERMINAL_COLOR_BROWN', '\\e[0;33m'), ('QT_ACCESSIBILITY', '1'), ('RAW_TERMINAL_COLOR_GREEN', '\x1b[0;32m'), ('GDMSESSION', 'xfce'), ('LESSCLOSE', '/usr/bin/lesspipe %s %s'), ('TERMINAL_COLOR_PURPLE', '\\e[0;35m'), ('RAW_TERMINAL_COLOR_LIGHT_GREEN', '\x1b[1;32m'), ('TERMINAL_COLOR_USER_NOTICE', '\\e[1;33m'), ('VSCODE_GIT_ASKPASS_EXTRA_ARGS', '--ms-enable-electron-run-as-node'), ('QT_IM_MODULE', 'fcitx'), ('XDG_VTNR', '7'), ('TERMINAL_COLOR_LIGHT_PURPLE', '\\e[1;35m'), ('TERMINAL_COLOR_YELLOW', '\\e[1;33m'), ('PWD', '/home/yuan/rm/code/Ros/my_ros2_control/build/gimbal_controller'), ('RAW_TERMINAL_COLOR_BLUE', '\x1b[0;34m'), ('XDG_CONFIG_DIRS', '/etc/xdg/xdg-xfce:/etc/xdg:/etc/xdg'), ('RAW_TERMINAL_COLOR_RED', '\x1b[0;31m'), ('CLUTTER_IM_MODULE', 'xim'), ('XDG_DATA_DIRS', '/usr/share/xfce4:/usr/local/share:/usr/share:/var/lib/snapd/desktop:/usr/share'), ('PYTHONPATH', '/opt/ros/humble/lib/python3.10/site-packages:/opt/ros/humble/local/lib/python3.10/dist-packages'), ('RAW_TERMINAL_COLOR_CYAN', '\x1b[0;36m'), ('RAW_TERMINAL_COLOR_LIGHT_BLUE', '\x1b[1;34m'), ('RTW_COLOR_ERROR', '\\e[0;31m'), ('COLCON', '1'), ('RAW_TERMINAL_COLOR_LIGHT_RED', '\x1b[1;31m'), ('CMAKE_PREFIX_PATH', '/home/yuan/rm/code/Ros/my_ros2_control/install/motor_interface:/home/yuan/rm/code/Ros/my_ros2_control/install/gimbal_controller:/opt/ros/humble'), ('RAW_TERMINAL_COLOR_NC', '\x1b[0m')]), 'shell': False}
[0.094714] (motor_interface) JobProgress: {'identifier': 'motor_interface', 'progress': 'cmake'}
[0.095162] (motor_interface) JobProgress: {'identifier': 'motor_interface', 'progress': 'build'}
[0.095359] (motor_interface) Command: {'cmd': ['/usr/bin/cmake', '--build', '/home/yuan/rm/code/Ros/my_ros2_control/build/motor_interface', '--', '-j16', '-l16'], 'cwd': '/home/yuan/rm/code/Ros/my_ros2_control/build/motor_interface', 'env': OrderedDict([('RAW_TERMINAL_COLOR_LIGHT_CYAN', '\x1b[1;36m'), ('LESSOPEN', '| /usr/bin/lesspipe %s'), ('LANGUAGE', 'zh_CN:zh'), ('USER', 'yuan'), ('XDG_SEAT', 'seat0'), ('TERMINAL_COLOR_USER_INPUT_DECISION', '\\e[0;35m'), ('SSH_AGENT_PID', '1225'), ('XDG_SESSION_TYPE', 'x11'), ('GIT_ASKPASS', '/usr/share/code/resources/app/extensions/git/dist/askpass.sh'), ('STM32CubeMX_PATH', '/home/yuan/app/stm32cubemx/software'), ('TERMINAL_COLOR_GREEN', '\\e[0;32m'), ('RAW_TERMINAL_COLOR_WHITE', '\x1b[1;37m'), ('RAW_TERMINAL_COLOR_GRAY', '\x1b[1;30m'), ('SHLVL', '1'), ('LD_LIBRARY_PATH', '/home/yuan/rm/code/Ros/my_ros2_control/install/motor_interface/lib:/home/yuan/rm/code/Ros/my_ros2_control/install/gimbal_controller/lib:/opt/ros/humble/opt/rviz_ogre_vendor/lib:/opt/ros/humble/lib/x86_64-linux-gnu:/opt/ros/humble/lib'), ('HOME', '/home/yuan'), ('CHROME_DESKTOP', 'code-url-handler.desktop'), ('ROS_WS_CACHE_SOURCED_TIME', '0'), ('OLDPWD', '/home/yuan/rm/code/Ros/my_ros2_control'), ('TERM_PROGRAM_VERSION', '1.83.1'), ('DESKTOP_SESSION', 'xfce'), ('TERMINAL_COLOR_LIGHT_GREEN', '\\e[1;32m'), ('RAW_TERMINAL_COLOR_BLACK', '\x1b[0;30m'), ('RAW_TERMINAL_COLOR_LIGHT_GRAY', '\x1b[0;37m'), ('GIO_LAUNCHED_DESKTOP_FILE', '/usr/share/applications/code.desktop'), ('ROS_PYTHON_VERSION', '3'), ('XDG_SEAT_PATH', '/org/freedesktop/DisplayManager/Seat0'), ('TERMINAL_COLOR_BLUE', '\\e[0;34m'), ('VSCODE_GIT_ASKPASS_MAIN', '/usr/share/code/resources/app/extensions/git/dist/askpass-main.js'), ('TERMINAL_COLOR_RED', '\\e[0;31m'), ('VSCODE_GIT_ASKPASS_NODE', '/usr/share/code/code'), ('DBUS_SESSION_BUS_ADDRESS', 'unix:path=/run/user/1000/bus'), ('COLORTERM', 'truecolor'), ('TERMINAL_COLOR_LIGHT_BLUE', '\\e[1;34m'), ('TERMINAL_COLOR_CYAN', '\\e[0;36m'), ('RAW_TERMINAL_COLOR_BROWN', '\x1b[0;33m'), ('GIO_LAUNCHED_DESKTOP_FILE_PID', '2914'), ('TERMINAL_COLOR_LIGHT_RED', '\\e[1;31m'), ('RAW_TERMINAL_COLOR_PURPLE', '\x1b[0;35m'), ('COLCON_PREFIX_PATH', '/home/yuan/rm/code/Ros/my_ros2_control/install'), ('ROS_DISTRO', 'humble'), ('TERMINAL_COLOR_NC', '\\e[0m'), ('GTK_IM_MODULE', 'fcitx'), ('TERMINAL_COLOR_LIGHT_CYAN', '\\e[1;36m'), ('LOGNAME', 'yuan'), ('_', '/usr/bin/colcon'), ('ROS_VERSION', '2'), ('XDG_SESSION_CLASS', 'user'), ('RAW_TERMINAL_COLOR_LIGHT_PURPLE', '\x1b[1;35m'), ('RAW_TERMINAL_COLOR_YELLOW', '\x1b[1;33m'), ('TERMINAL_COLOR_USER_CONFIRMATION', '\\e[0;34m'), ('TERM', 'xterm-256color'), ('XDG_SESSION_ID', 'c1'), ('ROS_LOCALHOST_ONLY', '0'), ('TERMINAL_COLOR_WHITE', '\\e[1;37m'), ('TERMINAL_COLOR_GRAY', '\\e[1;30m'), ('PATH', '/home/yuan/rm/arm-gnu-toolchain-12.3.rel1-x86_64-arm-none-eabi/bin:/opt/ros/humble/bin:/usr/local/sbin:/usr/local/bin:/usr/sbin:/usr/bin:/sbin:/bin:/usr/games:/usr/local/games:/snap/bin:/home/yuan/.dotnet/tools:/home/yuan/.fzf/bin'), ('SESSION_MANAGER', 'local/yuan:@/tmp/.ICE-unix/1053,unix/yuan:/tmp/.ICE-unix/1053'), ('GDM_LANG', 'zh_CN'), ('XDG_SESSION_PATH', '/org/freedesktop/DisplayManager/Session0'), ('XDG_MENU_PREFIX', 'xfce-'), ('XDG_RUNTIME_DIR', '/run/user/1000'), ('GDK_BACKEND', 'x11'), ('RTW_COLOR_NOTIFY_USER', '\\e[1;33m'), ('TERMINAL_COLOR_LIGHT_GRAY', '\\e[0;37m'), ('TERMINAL_COLOR_BLACK', '\\e[0;30m'), ('DISPLAY', ':0.0'), ('LANG', 'zh_CN.UTF-8'), ('XDG_CURRENT_DESKTOP', 'XFCE'), ('DOTNET_BUNDLE_EXTRACT_BASE_DIR', '/home/yuan/.cache/dotnet_bundle_extract'), ('XMODIFIERS', '@im=fcitx'), ('XDG_SESSION_DESKTOP', 'xfce'), ('XAUTHORITY', '/home/yuan/.Xauthority'), ('LS_COLORS', ''), ('VSCODE_GIT_IPC_HANDLE', '/run/user/1000/vscode-git-be293a297e.sock'), ('TERM_PROGRAM', 'vscode'), ('SSH_AUTH_SOCK', '/tmp/ssh-XXXXXXEQuJH2/agent.1224'), ('GSETTINGS_SCHEMA_DIR', '/home/yuan/data'), ('XDG_GREETER_DATA_DIR', '/var/lib/lightdm-data/yuan'), ('AMENT_PREFIX_PATH', '/home/yuan/rm/code/Ros/my_ros2_control/install/motor_interface:/home/yuan/rm/code/Ros/my_ros2_control/install/gimbal_controller:/opt/ros/humble'), ('ORIGINAL_XDG_CURRENT_DESKTOP', 'XFCE'), ('SHELL', '/bin/bash'), ('TERMINAL_COLOR_BROWN', '\\e[0;33m'), ('QT_ACCESSIBILITY', '1'), ('RAW_TERMINAL_COLOR_GREEN', '\x1b[0;32m'), ('GDMSESSION', 'xfce'), ('LESSCLOSE', '/usr/bin/lesspipe %s %s'), ('TERMINAL_COLOR_PURPLE', '\\e[0;35m'), ('RAW_TERMINAL_COLOR_LIGHT_GREEN', '\x1b[1;32m'), ('TERMINAL_COLOR_USER_NOTICE', '\\e[1;33m'), ('VSCODE_GIT_ASKPASS_EXTRA_ARGS', '--ms-enable-electron-run-as-node'), ('QT_IM_MODULE', 'fcitx'), ('XDG_VTNR', '7'), ('TERMINAL_COLOR_LIGHT_PURPLE', '\\e[1;35m'), ('TERMINAL_COLOR_YELLOW', '\\e[1;33m'), ('PWD', '/home/yuan/rm/code/Ros/my_ros2_control/build/motor_interface'), ('RAW_TERMINAL_COLOR_BLUE', '\x1b[0;34m'), ('XDG_CONFIG_DIRS', '/etc/xdg/xdg-xfce:/etc/xdg:/etc/xdg'), ('RAW_TERMINAL_COLOR_RED', '\x1b[0;31m'), ('CLUTTER_IM_MODULE', 'xim'), ('XDG_DATA_DIRS', '/usr/share/xfce4:/usr/local/share:/usr/share:/var/lib/snapd/desktop:/usr/share'), ('PYTHONPATH', '/opt/ros/humble/lib/python3.10/site-packages:/opt/ros/humble/local/lib/python3.10/dist-packages'), ('RAW_TERMINAL_COLOR_CYAN', '\x1b[0;36m'), ('RAW_TERMINAL_COLOR_LIGHT_BLUE', '\x1b[1;34m'), ('RTW_COLOR_ERROR', '\\e[0;31m'), ('COLCON', '1'), ('RAW_TERMINAL_COLOR_LIGHT_RED', '\x1b[1;31m'), ('CMAKE_PREFIX_PATH', '/home/yuan/rm/code/Ros/my_ros2_control/install/motor_interface:/home/yuan/rm/code/Ros/my_ros2_control/install/gimbal_controller:/opt/ros/humble'), ('RAW_TERMINAL_COLOR_NC', '\x1b[0m')]), 'shell': False}
[0.099236] (-) TimerEvent: {}
[0.140918] (gimbal_controller) StdoutLine: {'line': b'[ 50%] Built target gimbal_controller_parameters\n'}
[0.144529] (motor_interface) StdoutLine: {'line': b'[ 45%] Built target gmock_main\n'}
[0.144709] (motor_interface) StdoutLine: {'line': b'[ 45%] Built target gmock\n'}
[0.151636] (motor_interface) StdoutLine: {'line': b'[ 81%] Built target motor_interface\n'}
[0.152505] (gimbal_controller) StdoutLine: {'line': b'\x1b[35m\x1b[1mConsolidate compiler generated dependencies of target gimbal_controller\x1b[0m\n'}
[0.168080] (motor_interface) StdoutLine: {'line': b'[100%] Built target test_motor\n'}
[0.173656] (gimbal_controller) StdoutLine: {'line': b'[ 75%] \x1b[32mBuilding CXX object CMakeFiles/gimbal_controller.dir/src/gimbal_controller.cpp.o\x1b[0m\n'}
[0.178964] (motor_interface) CommandEnded: {'returncode': 0}
[0.199339] (-) TimerEvent: {}
[0.217352] (motor_interface) JobProgress: {'identifier': 'motor_interface', 'progress': 'install'}
[0.227334] (motor_interface) Command: {'cmd': ['/usr/bin/cmake', '--install', '/home/yuan/rm/code/Ros/my_ros2_control/build/motor_interface'], 'cwd': '/home/yuan/rm/code/Ros/my_ros2_control/build/motor_interface', 'env': OrderedDict([('RAW_TERMINAL_COLOR_LIGHT_CYAN', '\x1b[1;36m'), ('LESSOPEN', '| /usr/bin/lesspipe %s'), ('LANGUAGE', 'zh_CN:zh'), ('USER', 'yuan'), ('XDG_SEAT', 'seat0'), ('TERMINAL_COLOR_USER_INPUT_DECISION', '\\e[0;35m'), ('SSH_AGENT_PID', '1225'), ('XDG_SESSION_TYPE', 'x11'), ('GIT_ASKPASS', '/usr/share/code/resources/app/extensions/git/dist/askpass.sh'), ('STM32CubeMX_PATH', '/home/yuan/app/stm32cubemx/software'), ('TERMINAL_COLOR_GREEN', '\\e[0;32m'), ('RAW_TERMINAL_COLOR_WHITE', '\x1b[1;37m'), ('RAW_TERMINAL_COLOR_GRAY', '\x1b[1;30m'), ('SHLVL', '1'), ('LD_LIBRARY_PATH', '/home/yuan/rm/code/Ros/my_ros2_control/install/motor_interface/lib:/home/yuan/rm/code/Ros/my_ros2_control/install/gimbal_controller/lib:/opt/ros/humble/opt/rviz_ogre_vendor/lib:/opt/ros/humble/lib/x86_64-linux-gnu:/opt/ros/humble/lib'), ('HOME', '/home/yuan'), ('CHROME_DESKTOP', 'code-url-handler.desktop'), ('ROS_WS_CACHE_SOURCED_TIME', '0'), ('OLDPWD', '/home/yuan/rm/code/Ros/my_ros2_control'), ('TERM_PROGRAM_VERSION', '1.83.1'), ('DESKTOP_SESSION', 'xfce'), ('TERMINAL_COLOR_LIGHT_GREEN', '\\e[1;32m'), ('RAW_TERMINAL_COLOR_BLACK', '\x1b[0;30m'), ('RAW_TERMINAL_COLOR_LIGHT_GRAY', '\x1b[0;37m'), ('GIO_LAUNCHED_DESKTOP_FILE', '/usr/share/applications/code.desktop'), ('ROS_PYTHON_VERSION', '3'), ('XDG_SEAT_PATH', '/org/freedesktop/DisplayManager/Seat0'), ('TERMINAL_COLOR_BLUE', '\\e[0;34m'), ('VSCODE_GIT_ASKPASS_MAIN', '/usr/share/code/resources/app/extensions/git/dist/askpass-main.js'), ('TERMINAL_COLOR_RED', '\\e[0;31m'), ('VSCODE_GIT_ASKPASS_NODE', '/usr/share/code/code'), ('DBUS_SESSION_BUS_ADDRESS', 'unix:path=/run/user/1000/bus'), ('COLORTERM', 'truecolor'), ('TERMINAL_COLOR_LIGHT_BLUE', '\\e[1;34m'), ('TERMINAL_COLOR_CYAN', '\\e[0;36m'), ('RAW_TERMINAL_COLOR_BROWN', '\x1b[0;33m'), ('GIO_LAUNCHED_DESKTOP_FILE_PID', '2914'), ('TERMINAL_COLOR_LIGHT_RED', '\\e[1;31m'), ('RAW_TERMINAL_COLOR_PURPLE', '\x1b[0;35m'), ('COLCON_PREFIX_PATH', '/home/yuan/rm/code/Ros/my_ros2_control/install'), ('ROS_DISTRO', 'humble'), ('TERMINAL_COLOR_NC', '\\e[0m'), ('GTK_IM_MODULE', 'fcitx'), ('TERMINAL_COLOR_LIGHT_CYAN', '\\e[1;36m'), ('LOGNAME', 'yuan'), ('_', '/usr/bin/colcon'), ('ROS_VERSION', '2'), ('XDG_SESSION_CLASS', 'user'), ('RAW_TERMINAL_COLOR_LIGHT_PURPLE', '\x1b[1;35m'), ('RAW_TERMINAL_COLOR_YELLOW', '\x1b[1;33m'), ('TERMINAL_COLOR_USER_CONFIRMATION', '\\e[0;34m'), ('TERM', 'xterm-256color'), ('XDG_SESSION_ID', 'c1'), ('ROS_LOCALHOST_ONLY', '0'), ('TERMINAL_COLOR_WHITE', '\\e[1;37m'), ('TERMINAL_COLOR_GRAY', '\\e[1;30m'), ('PATH', '/home/yuan/rm/arm-gnu-toolchain-12.3.rel1-x86_64-arm-none-eabi/bin:/opt/ros/humble/bin:/usr/local/sbin:/usr/local/bin:/usr/sbin:/usr/bin:/sbin:/bin:/usr/games:/usr/local/games:/snap/bin:/home/yuan/.dotnet/tools:/home/yuan/.fzf/bin'), ('SESSION_MANAGER', 'local/yuan:@/tmp/.ICE-unix/1053,unix/yuan:/tmp/.ICE-unix/1053'), ('GDM_LANG', 'zh_CN'), ('XDG_SESSION_PATH', '/org/freedesktop/DisplayManager/Session0'), ('XDG_MENU_PREFIX', 'xfce-'), ('XDG_RUNTIME_DIR', '/run/user/1000'), ('GDK_BACKEND', 'x11'), ('RTW_COLOR_NOTIFY_USER', '\\e[1;33m'), ('TERMINAL_COLOR_LIGHT_GRAY', '\\e[0;37m'), ('TERMINAL_COLOR_BLACK', '\\e[0;30m'), ('DISPLAY', ':0.0'), ('LANG', 'zh_CN.UTF-8'), ('XDG_CURRENT_DESKTOP', 'XFCE'), ('DOTNET_BUNDLE_EXTRACT_BASE_DIR', '/home/yuan/.cache/dotnet_bundle_extract'), ('XMODIFIERS', '@im=fcitx'), ('XDG_SESSION_DESKTOP', 'xfce'), ('XAUTHORITY', '/home/yuan/.Xauthority'), ('LS_COLORS', ''), ('VSCODE_GIT_IPC_HANDLE', '/run/user/1000/vscode-git-be293a297e.sock'), ('TERM_PROGRAM', 'vscode'), ('SSH_AUTH_SOCK', '/tmp/ssh-XXXXXXEQuJH2/agent.1224'), ('GSETTINGS_SCHEMA_DIR', '/home/yuan/data'), ('XDG_GREETER_DATA_DIR', '/var/lib/lightdm-data/yuan'), ('AMENT_PREFIX_PATH', '/home/yuan/rm/code/Ros/my_ros2_control/install/motor_interface:/home/yuan/rm/code/Ros/my_ros2_control/install/gimbal_controller:/opt/ros/humble'), ('ORIGINAL_XDG_CURRENT_DESKTOP', 'XFCE'), ('SHELL', '/bin/bash'), ('TERMINAL_COLOR_BROWN', '\\e[0;33m'), ('QT_ACCESSIBILITY', '1'), ('RAW_TERMINAL_COLOR_GREEN', '\x1b[0;32m'), ('GDMSESSION', 'xfce'), ('LESSCLOSE', '/usr/bin/lesspipe %s %s'), ('TERMINAL_COLOR_PURPLE', '\\e[0;35m'), ('RAW_TERMINAL_COLOR_LIGHT_GREEN', '\x1b[1;32m'), ('TERMINAL_COLOR_USER_NOTICE', '\\e[1;33m'), ('VSCODE_GIT_ASKPASS_EXTRA_ARGS', '--ms-enable-electron-run-as-node'), ('QT_IM_MODULE', 'fcitx'), ('XDG_VTNR', '7'), ('TERMINAL_COLOR_LIGHT_PURPLE', '\\e[1;35m'), ('TERMINAL_COLOR_YELLOW', '\\e[1;33m'), ('PWD', '/home/yuan/rm/code/Ros/my_ros2_control/build/motor_interface'), ('RAW_TERMINAL_COLOR_BLUE', '\x1b[0;34m'), ('XDG_CONFIG_DIRS', '/etc/xdg/xdg-xfce:/etc/xdg:/etc/xdg'), ('RAW_TERMINAL_COLOR_RED', '\x1b[0;31m'), ('CLUTTER_IM_MODULE', 'xim'), ('XDG_DATA_DIRS', '/usr/share/xfce4:/usr/local/share:/usr/share:/var/lib/snapd/desktop:/usr/share'), ('PYTHONPATH', '/opt/ros/humble/lib/python3.10/site-packages:/opt/ros/humble/local/lib/python3.10/dist-packages'), ('RAW_TERMINAL_COLOR_CYAN', '\x1b[0;36m'), ('RAW_TERMINAL_COLOR_LIGHT_BLUE', '\x1b[1;34m'), ('RTW_COLOR_ERROR', '\\e[0;31m'), ('COLCON', '1'), ('RAW_TERMINAL_COLOR_LIGHT_RED', '\x1b[1;31m'), ('CMAKE_PREFIX_PATH', '/home/yuan/rm/code/Ros/my_ros2_control/install/motor_interface:/home/yuan/rm/code/Ros/my_ros2_control/install/gimbal_controller:/opt/ros/humble'), ('RAW_TERMINAL_COLOR_NC', '\x1b[0m')]), 'shell': False}
[0.234379] (motor_interface) StdoutLine: {'line': b'-- Install configuration: "Debug"\n'}
[0.234786] (motor_interface) StdoutLine: {'line': b'-- Execute custom install script\n'}
[0.234973] (motor_interface) StdoutLine: {'line': b'-- Up-to-date symlink: /home/yuan/rm/code/Ros/my_ros2_control/install/motor_interface/share/motor_interface//motor_interface.xml\n'}
[0.235347] (motor_interface) StdoutLine: {'line': b'-- Up-to-date symlink: /home/yuan/rm/code/Ros/my_ros2_control/install/motor_interface/include/motor_interface/include/motor_interface/can_instance.hpp\n'}
[0.235468] (motor_interface) StdoutLine: {'line': b'-- Up-to-date symlink: /home/yuan/rm/code/Ros/my_ros2_control/install/motor_interface/include/motor_interface/include/motor_interface/motor.hpp\n'}
[0.235574] (motor_interface) StdoutLine: {'line': b'-- Up-to-date symlink: /home/yuan/rm/code/Ros/my_ros2_control/install/motor_interface/include/motor_interface/include/motor_interface/motor_instance.hpp\n'}
[0.235668] (motor_interface) StdoutLine: {'line': b'-- Up-to-date symlink: /home/yuan/rm/code/Ros/my_ros2_control/install/motor_interface/include/motor_interface/include/motor_interface/visibility_control.h\n'}
[0.235953] (motor_interface) StdoutLine: {'line': b'-- Up-to-date symlink: /home/yuan/rm/code/Ros/my_ros2_control/install/motor_interface/share/motor_interface/ros2_control/motor.ros2_control.xacro\n'}
[0.236125] (motor_interface) StdoutLine: {'line': b'-- Up-to-date symlink: /home/yuan/rm/code/Ros/my_ros2_control/install/motor_interface/share/motor_interface/urdf/motor.urdf.xacro\n'}
[0.236351] (motor_interface) StdoutLine: {'line': b'-- Up-to-date symlink: /home/yuan/rm/code/Ros/my_ros2_control/install/motor_interface/share/motor_interface/launch/gimbal.launch.py\n'}
[0.236563] (motor_interface) StdoutLine: {'line': b'-- Up-to-date symlink: /home/yuan/rm/code/Ros/my_ros2_control/install/motor_interface/share/motor_interface/config/gimbal_controller.yaml\n'}
[0.236717] (motor_interface) StdoutLine: {'line': b'-- Up-to-date symlink: /home/yuan/rm/code/Ros/my_ros2_control/install/motor_interface/share/motor_interface/environment/library_path.sh\n'}
[0.236899] (motor_interface) StdoutLine: {'line': b'-- Up-to-date symlink: /home/yuan/rm/code/Ros/my_ros2_control/install/motor_interface/share/motor_interface/environment/library_path.dsv\n'}
[0.237075] (motor_interface) StdoutLine: {'line': b'-- Up-to-date symlink: /home/yuan/rm/code/Ros/my_ros2_control/install/motor_interface/share/ament_index/resource_index/package_run_dependencies/motor_interface\n'}
[0.237226] (motor_interface) StdoutLine: {'line': b'-- Up-to-date symlink: /home/yuan/rm/code/Ros/my_ros2_control/install/motor_interface/share/ament_index/resource_index/parent_prefix_path/motor_interface\n'}
[0.237441] (motor_interface) StdoutLine: {'line': b'-- Up-to-date symlink: /home/yuan/rm/code/Ros/my_ros2_control/install/motor_interface/share/motor_interface/environment/ament_prefix_path.sh\n'}
[0.237533] (motor_interface) StdoutLine: {'line': b'-- Up-to-date symlink: /home/yuan/rm/code/Ros/my_ros2_control/install/motor_interface/share/motor_interface/environment/ament_prefix_path.dsv\n'}
[0.237621] (motor_interface) StdoutLine: {'line': b'-- Up-to-date symlink: /home/yuan/rm/code/Ros/my_ros2_control/install/motor_interface/share/motor_interface/environment/path.sh\n'}
[0.237751] (motor_interface) StdoutLine: {'line': b'-- Up-to-date symlink: /home/yuan/rm/code/Ros/my_ros2_control/install/motor_interface/share/motor_interface/environment/path.dsv\n'}
[0.237878] (motor_interface) StdoutLine: {'line': b'-- Up-to-date symlink: /home/yuan/rm/code/Ros/my_ros2_control/install/motor_interface/share/motor_interface/local_setup.bash\n'}
[0.238001] (motor_interface) StdoutLine: {'line': b'-- Up-to-date symlink: /home/yuan/rm/code/Ros/my_ros2_control/install/motor_interface/share/motor_interface/local_setup.sh\n'}
[0.238128] (motor_interface) StdoutLine: {'line': b'-- Up-to-date symlink: /home/yuan/rm/code/Ros/my_ros2_control/install/motor_interface/share/motor_interface/local_setup.zsh\n'}
[0.238257] (motor_interface) StdoutLine: {'line': b'-- Up-to-date symlink: /home/yuan/rm/code/Ros/my_ros2_control/install/motor_interface/share/motor_interface/local_setup.dsv\n'}
[0.238357] (motor_interface) StdoutLine: {'line': b'-- Symlinking: /home/yuan/rm/code/Ros/my_ros2_control/install/motor_interface/share/motor_interface/package.dsv\n'}
[0.247587] (motor_interface) StdoutLine: {'line': b'-- Up-to-date symlink: /home/yuan/rm/code/Ros/my_ros2_control/install/motor_interface/share/ament_index/resource_index/packages/motor_interface\n'}
[0.247782] (motor_interface) StdoutLine: {'line': b'-- Up-to-date symlink: /home/yuan/rm/code/Ros/my_ros2_control/install/motor_interface/share/ament_index/resource_index/hardware_interface__pluginlib__plugin/motor_interface\n'}
[0.247893] (motor_interface) StdoutLine: {'line': b'-- Up-to-date symlink: /home/yuan/rm/code/Ros/my_ros2_control/install/motor_interface/share/motor_interface/cmake/ament_cmake_export_include_directories-extras.cmake\n'}
[0.248010] (motor_interface) StdoutLine: {'line': b'-- Up-to-date symlink: /home/yuan/rm/code/Ros/my_ros2_control/install/motor_interface/share/motor_interface/cmake/ament_cmake_export_libraries-extras.cmake\n'}
[0.248139] (motor_interface) StdoutLine: {'line': b'-- Up-to-date symlink: /home/yuan/rm/code/Ros/my_ros2_control/install/motor_interface/share/motor_interface/cmake/ament_cmake_export_dependencies-extras.cmake\n'}
[0.248271] (motor_interface) StdoutLine: {'line': b'-- Up-to-date symlink: /home/yuan/rm/code/Ros/my_ros2_control/install/motor_interface/share/motor_interface/cmake/motor_interfaceConfig.cmake\n'}
[0.248387] (motor_interface) StdoutLine: {'line': b'-- Up-to-date symlink: /home/yuan/rm/code/Ros/my_ros2_control/install/motor_interface/share/motor_interface/cmake/motor_interfaceConfig-version.cmake\n'}
[0.248504] (motor_interface) StdoutLine: {'line': b'-- Up-to-date symlink: /home/yuan/rm/code/Ros/my_ros2_control/install/motor_interface/share/motor_interface/package.xml\n'}
[0.250558] (motor_interface) CommandEnded: {'returncode': 0}
[0.299511] (-) TimerEvent: {}
[0.400225] (-) TimerEvent: {}
[0.424015] (motor_interface) JobEnded: {'identifier': 'motor_interface', 'rc': 0}
[0.500352] (-) TimerEvent: {}
[0.600693] (-) TimerEvent: {}
[0.701057] (-) TimerEvent: {}
[0.801409] (-) TimerEvent: {}
[0.901800] (-) TimerEvent: {}
[1.002148] (-) TimerEvent: {}
[1.102505] (-) TimerEvent: {}
[1.202849] (-) TimerEvent: {}
[1.303196] (-) TimerEvent: {}
[1.403566] (-) TimerEvent: {}
[1.503914] (-) TimerEvent: {}
[1.604208] (-) TimerEvent: {}
[1.704445] (-) TimerEvent: {}
[1.804749] (-) TimerEvent: {}
[1.905051] (-) TimerEvent: {}
[2.005351] (-) TimerEvent: {}
[2.105702] (-) TimerEvent: {}
[2.206010] (-) TimerEvent: {}
[2.306323] (-) TimerEvent: {}
[2.332393] (gimbal_controller) StderrLine: {'line': b'In file included from \x1b[01m\x1b[K/home/yuan/rm/code/Ros/my_ros2_control/build/gimbal_controller/gimbal_controller_parameters/include/gimbal_controller_parameters.hpp:29\x1b[m\x1b[K,\n'}
[2.332623] (gimbal_controller) StderrLine: {'line': b'                 from \x1b[01m\x1b[K/home/yuan/rm/code/Ros/my_ros2_control/src/gimbal_controller/include/gimbal_controller/gimbal_controller.hpp:24\x1b[m\x1b[K,\n'}
[2.332742] (gimbal_controller) StderrLine: {'line': b'                 from \x1b[01m\x1b[K/home/yuan/rm/code/Ros/my_ros2_control/src/gimbal_controller/src/gimbal_controller.cpp:15\x1b[m\x1b[K:\n'}
[2.332835] (gimbal_controller) StderrLine: {'line': b'\x1b[01m\x1b[K/home/yuan/rm/code/Ros/my_ros2_control/build/gimbal_controller/gimbal_controller_parameters/include/validate_gimbal_controller_parameters.hpp:24:75:\x1b[m\x1b[K \x1b[01;35m\x1b[Kwarning: \x1b[m\x1b[K\xe2\x80\x98\x1b[01m\x1b[Kusing Result = class tl::expected<void, std::__cxx11::basic_string<char> >\x1b[m\x1b[K\xe2\x80\x99 is deprecated: Use tl::expected<void, std::string> for return instead. `#include <tl_expected/expected.hpp>`. [\x1b[01;35m\x1b[K\x1b]8;;https://gcc.gnu.org/onlinedocs/gcc/Warning-Options.html#index-Wdeprecated-declarations\x07-Wdeprecated-declarations\x1b]8;;\x07\x1b[m\x1b[K]\n'}
[2.332931] (gimbal_controller) StderrLine: {'line': b'   24 | Result forbidden_interface_name_prefix(rclcpp::Parameter const & parameter\x1b[01;35m\x1b[K)\x1b[m\x1b[K\n'}
[2.333018] (gimbal_controller) StderrLine: {'line': b'      |                                                                           \x1b[01;35m\x1b[K^\x1b[m\x1b[K\n'}
[2.333109] (gimbal_controller) StderrLine: {'line': b'In file included from \x1b[01m\x1b[K/home/yuan/rm/code/Ros/my_ros2_control/build/gimbal_controller/gimbal_controller_parameters/include/gimbal_controller_parameters.hpp:23\x1b[m\x1b[K,\n'}
[2.333343] (gimbal_controller) StderrLine: {'line': b'                 from \x1b[01m\x1b[K/home/yuan/rm/code/Ros/my_ros2_control/src/gimbal_controller/include/gimbal_controller/gimbal_controller.hpp:24\x1b[m\x1b[K,\n'}
[2.333438] (gimbal_controller) StderrLine: {'line': b'                 from \x1b[01m\x1b[K/home/yuan/rm/code/Ros/my_ros2_control/src/gimbal_controller/src/gimbal_controller.cpp:15\x1b[m\x1b[K:\n'}
[2.333549] (gimbal_controller) StderrLine: {'line': b'\x1b[01m\x1b[K/opt/ros/humble/include/parameter_traits/parameter_traits/parameter_traits.hpp:37:7:\x1b[m\x1b[K \x1b[01;36m\x1b[Knote: \x1b[m\x1b[Kdeclared here\n'}
[2.333638] (gimbal_controller) StderrLine: {'line': b'   37 | using \x1b[01;36m\x1b[KResult\x1b[m\x1b[K\n'}
[2.333723] (gimbal_controller) StderrLine: {'line': b'      |       \x1b[01;36m\x1b[K^~~~~~\x1b[m\x1b[K\n'}
[2.333806] (gimbal_controller) StderrLine: {'line': b'In file included from \x1b[01m\x1b[K/home/yuan/rm/code/Ros/my_ros2_control/build/gimbal_controller/gimbal_controller_parameters/include/gimbal_controller_parameters.hpp:29\x1b[m\x1b[K,\n'}
[2.333891] (gimbal_controller) StderrLine: {'line': b'                 from \x1b[01m\x1b[K/home/yuan/rm/code/Ros/my_ros2_control/src/gimbal_controller/include/gimbal_controller/gimbal_controller.hpp:24\x1b[m\x1b[K,\n'}
[2.333974] (gimbal_controller) StderrLine: {'line': b'                 from \x1b[01m\x1b[K/home/yuan/rm/code/Ros/my_ros2_control/src/gimbal_controller/src/gimbal_controller.cpp:15\x1b[m\x1b[K:\n'}
[2.334068] (gimbal_controller) StderrLine: {'line': b'\x1b[01m\x1b[K/home/yuan/rm/code/Ros/my_ros2_control/build/gimbal_controller/gimbal_controller_parameters/include/validate_gimbal_controller_parameters.hpp:\x1b[m\x1b[K In function \xe2\x80\x98\x1b[01m\x1b[Kparameter_traits::Result parameter_traits::forbidden_interface_name_prefix(const rclcpp::Parameter&)\x1b[m\x1b[K\xe2\x80\x99:\n'}
[2.334156] (gimbal_controller) StderrLine: {'line': b'\x1b[01m\x1b[K/home/yuan/rm/code/Ros/my_ros2_control/build/gimbal_controller/gimbal_controller_parameters/include/validate_gimbal_controller_parameters.hpp:30:17:\x1b[m\x1b[K \x1b[01;35m\x1b[Kwarning: \x1b[m\x1b[K\xe2\x80\x98\x1b[01m\x1b[Ktl::expected<void, std::__cxx11::basic_string<char> > parameter_traits::ERROR(const string&, Args ...) [with Args = {}; std::string = std::__cxx11::basic_string<char>]\x1b[m\x1b[K\xe2\x80\x99 is deprecated: When returning tl::expected<void, std::string> you can call fmt::format directly. [\x1b[01;35m\x1b[K\x1b]8;;https://gcc.gnu.org/onlinedocs/gcc/Warning-Options.html#index-Wdeprecated-declarations\x07-Wdeprecated-declarations\x1b]8;;\x07\x1b[m\x1b[K]\n'}
[2.334247] (gimbal_controller) StderrLine: {'line': b'   30 |     return \x1b[01;35m\x1b[KERROR("\'interface_name\' parameter can not start with \'blup_\'")\x1b[m\x1b[K;\n'}
[2.334361] (gimbal_controller) StderrLine: {'line': b'      |            \x1b[01;35m\x1b[K~~~~~^~~~~~~~~~~~~~~~~~~~~~~~~~~~~~~~~~~~~~~~~~~~~~~~~~~~~~~~~\x1b[m\x1b[K\n'}
[2.334446] (gimbal_controller) StderrLine: {'line': b'In file included from \x1b[01m\x1b[K/home/yuan/rm/code/Ros/my_ros2_control/build/gimbal_controller/gimbal_controller_parameters/include/gimbal_controller_parameters.hpp:23\x1b[m\x1b[K,\n'}
[2.334541] (gimbal_controller) StderrLine: {'line': b'                 from \x1b[01m\x1b[K/home/yuan/rm/code/Ros/my_ros2_control/src/gimbal_controller/include/gimbal_controller/gimbal_controller.hpp:24\x1b[m\x1b[K,\n'}
[2.334629] (gimbal_controller) StderrLine: {'line': b'                 from \x1b[01m\x1b[K/home/yuan/rm/code/Ros/my_ros2_control/src/gimbal_controller/src/gimbal_controller.cpp:15\x1b[m\x1b[K:\n'}
[2.334715] (gimbal_controller) StderrLine: {'line': b'\x1b[01m\x1b[K/opt/ros/humble/include/parameter_traits/parameter_traits/parameter_traits.hpp:46:1:\x1b[m\x1b[K \x1b[01;36m\x1b[Knote: \x1b[m\x1b[Kdeclared here\n'}
[2.334808] (gimbal_controller) StderrLine: {'line': b'   46 | \x1b[01;36m\x1b[KERROR\x1b[m\x1b[K(const std::string& format, Args... args)\n'}
[2.334893] (gimbal_controller) StderrLine: {'line': b'      | \x1b[01;36m\x1b[K^~~~~\x1b[m\x1b[K\n'}
[2.334978] (gimbal_controller) StderrLine: {'line': b'In file included from \x1b[01m\x1b[K/home/yuan/rm/code/Ros/my_ros2_control/build/gimbal_controller/gimbal_controller_parameters/include/gimbal_controller_parameters.hpp:29\x1b[m\x1b[K,\n'}
[2.335078] (gimbal_controller) StderrLine: {'line': b'                 from \x1b[01m\x1b[K/home/yuan/rm/code/Ros/my_ros2_control/src/gimbal_controller/include/gimbal_controller/gimbal_controller.hpp:24\x1b[m\x1b[K,\n'}
[2.335171] (gimbal_controller) StderrLine: {'line': b'                 from \x1b[01m\x1b[K/home/yuan/rm/code/Ros/my_ros2_control/src/gimbal_controller/src/gimbal_controller.cpp:15\x1b[m\x1b[K:\n'}
[2.335263] (gimbal_controller) StderrLine: {'line': b'\x1b[01m\x1b[K/home/yuan/rm/code/Ros/my_ros2_control/build/gimbal_controller/gimbal_controller_parameters/include/validate_gimbal_controller_parameters.hpp:33:10:\x1b[m\x1b[K \x1b[01;35m\x1b[Kwarning: \x1b[m\x1b[K\xe2\x80\x98\x1b[01m\x1b[Kparameter_traits::OK\x1b[m\x1b[K\xe2\x80\x99 is deprecated: When returning tl::expected<void, std::string> default construct for OK with `{}`. [\x1b[01;35m\x1b[K\x1b]8;;https://gcc.gnu.org/onlinedocs/gcc/Warning-Options.html#index-Wdeprecated-declarations\x07-Wdeprecated-declarations\x1b]8;;\x07\x1b[m\x1b[K]\n'}
[2.335351] (gimbal_controller) StderrLine: {'line': b'   33 |   return \x1b[01;35m\x1b[KOK\x1b[m\x1b[K;\n'}
[2.335436] (gimbal_controller) StderrLine: {'line': b'      |          \x1b[01;35m\x1b[K^~\x1b[m\x1b[K\n'}
[2.335527] (gimbal_controller) StderrLine: {'line': b'In file included from \x1b[01m\x1b[K/home/yuan/rm/code/Ros/my_ros2_control/build/gimbal_controller/gimbal_controller_parameters/include/gimbal_controller_parameters.hpp:23\x1b[m\x1b[K,\n'}
[2.335610] (gimbal_controller) StderrLine: {'line': b'                 from \x1b[01m\x1b[K/home/yuan/rm/code/Ros/my_ros2_control/src/gimbal_controller/include/gimbal_controller/gimbal_controller.hpp:24\x1b[m\x1b[K,\n'}
[2.335694] (gimbal_controller) StderrLine: {'line': b'                 from \x1b[01m\x1b[K/home/yuan/rm/code/Ros/my_ros2_control/src/gimbal_controller/src/gimbal_controller.cpp:15\x1b[m\x1b[K:\n'}
[2.335782] (gimbal_controller) StderrLine: {'line': b'\x1b[01m\x1b[K/opt/ros/humble/include/parameter_traits/parameter_traits/parameter_traits.hpp:51:13:\x1b[m\x1b[K \x1b[01;36m\x1b[Knote: \x1b[m\x1b[Kdeclared here\n'}
[2.335871] (gimbal_controller) StderrLine: {'line': b'   51 | auto static \x1b[01;36m\x1b[KOK\x1b[m\x1b[K\n'}
[2.335953] (gimbal_controller) StderrLine: {'line': b'      |             \x1b[01;36m\x1b[K^~\x1b[m\x1b[K\n'}
[2.406435] (-) TimerEvent: {}
[2.506752] (-) TimerEvent: {}
[2.607042] (-) TimerEvent: {}
[2.707345] (-) TimerEvent: {}
[2.736348] (gimbal_controller) StderrLine: {'line': b'In file included from \x1b[01m\x1b[K/opt/ros/humble/include/rclcpp/rclcpp/logging.hpp:24\x1b[m\x1b[K,\n'}
[2.736574] (gimbal_controller) StderrLine: {'line': b'                 from \x1b[01m\x1b[K/opt/ros/humble/include/rclcpp/rclcpp/client.hpp:40\x1b[m\x1b[K,\n'}
[2.736781] (gimbal_controller) StderrLine: {'line': b'                 from \x1b[01m\x1b[K/opt/ros/humble/include/rclcpp/rclcpp/callback_group.hpp:24\x1b[m\x1b[K,\n'}
[2.736880] (gimbal_controller) StderrLine: {'line': b'                 from \x1b[01m\x1b[K/opt/ros/humble/include/rclcpp/rclcpp/any_executable.hpp:20\x1b[m\x1b[K,\n'}
[2.736975] (gimbal_controller) StderrLine: {'line': b'                 from \x1b[01m\x1b[K/opt/ros/humble/include/rclcpp/rclcpp/memory_strategy.hpp:25\x1b[m\x1b[K,\n'}
[2.737069] (gimbal_controller) StderrLine: {'line': b'                 from \x1b[01m\x1b[K/opt/ros/humble/include/rclcpp/rclcpp/memory_strategies.hpp:18\x1b[m\x1b[K,\n'}
[2.737160] (gimbal_controller) StderrLine: {'line': b'                 from \x1b[01m\x1b[K/opt/ros/humble/include/rclcpp/rclcpp/executor_options.hpp:20\x1b[m\x1b[K,\n'}
[2.737250] (gimbal_controller) StderrLine: {'line': b'                 from \x1b[01m\x1b[K/opt/ros/humble/include/rclcpp/rclcpp/executor.hpp:37\x1b[m\x1b[K,\n'}
[2.737340] (gimbal_controller) StderrLine: {'line': b'                 from \x1b[01m\x1b[K/opt/ros/humble/include/rclcpp/rclcpp/executors/multi_threaded_executor.hpp:25\x1b[m\x1b[K,\n'}
[2.737432] (gimbal_controller) StderrLine: {'line': b'                 from \x1b[01m\x1b[K/opt/ros/humble/include/rclcpp/rclcpp/executors.hpp:21\x1b[m\x1b[K,\n'}
[2.737523] (gimbal_controller) StderrLine: {'line': b'                 from \x1b[01m\x1b[K/opt/ros/humble/include/rclcpp/rclcpp/rclcpp.hpp:155\x1b[m\x1b[K,\n'}
[2.737613] (gimbal_controller) StderrLine: {'line': b'                 from \x1b[01m\x1b[K/opt/ros/humble/include/controller_interface/controller_interface_base.hpp:28\x1b[m\x1b[K,\n'}
[2.737701] (gimbal_controller) StderrLine: {'line': b'                 from \x1b[01m\x1b[K/opt/ros/humble/include/controller_interface/controller_interface.hpp:22\x1b[m\x1b[K,\n'}
[2.737789] (gimbal_controller) StderrLine: {'line': b'                 from \x1b[01m\x1b[K/home/yuan/rm/code/Ros/my_ros2_control/src/gimbal_controller/include/gimbal_controller/gimbal_controller.hpp:23\x1b[m\x1b[K,\n'}
[2.737880] (gimbal_controller) StderrLine: {'line': b'                 from \x1b[01m\x1b[K/home/yuan/rm/code/Ros/my_ros2_control/src/gimbal_controller/src/gimbal_controller.cpp:15\x1b[m\x1b[K:\n'}
[2.738037] (gimbal_controller) StderrLine: {'line': b'\x1b[01m\x1b[K/home/yuan/rm/code/Ros/my_ros2_control/src/gimbal_controller/src/gimbal_controller.cpp:\x1b[m\x1b[K In member function \xe2\x80\x98\x1b[01m\x1b[Kvirtual controller_interface::return_type gimbal_controller::GimbalController::update(const rclcpp::Time&, const rclcpp::Duration&)\x1b[m\x1b[K\xe2\x80\x99:\n'}
[2.738147] (gimbal_controller) StderrLine: {'line': b'\x1b[01m\x1b[K/home/yuan/rm/code/Ros/my_ros2_control/src/gimbal_controller/src/gimbal_controller.cpp:200:37:\x1b[m\x1b[K \x1b[01;35m\x1b[Kwarning: \x1b[m\x1b[Kformat \xe2\x80\x98\x1b[01m\x1b[K%ld\x1b[m\x1b[K\xe2\x80\x99 expects argument of type \xe2\x80\x98\x1b[01m\x1b[Klong int\x1b[m\x1b[K\xe2\x80\x99, but argument 6 has type \xe2\x80\x98\x1b[01m\x1b[Kdouble\x1b[m\x1b[K\xe2\x80\x99 [\x1b[01;35m\x1b[K\x1b]8;;https://gcc.gnu.org/onlinedocs/gcc/Warning-Options.html#index-Wformat=\x07-Wformat=\x1b]8;;\x07\x1b[m\x1b[K]\n'}
[2.738258] (gimbal_controller) StderrLine: {'line': b'  200 |           get_node()->get_logger(), \x1b[01;35m\x1b[K"%s get velocity feedback is : %ld \\n"\x1b[m\x1b[K, params_.joints[i].c_str(), \x1b[32m\x1b[Kgimbal_state_cmd_data_[i].feedback_velocity.get().get_value()\x1b[m\x1b[K);\n'}
[2.738360] (gimbal_controller) StderrLine: {'line': b'      |                                     \x1b[01;35m\x1b[K^~~~~~~~~~~~~~~~~~~~~~~~~~~~~~~~~~~~~~\x1b[m\x1b[K                             \x1b[32m\x1b[K~~~~~~~~~~~~~~~~~~~~~~~~~~~~~~~~~~~~~~~~~~~~~~~~~~~~~~~~~~~~~\x1b[m\x1b[K\n'}
[2.738455] (gimbal_controller) StderrLine: {'line': b'      |                                                                                                                                                                   \x1b[32m\x1b[K|\x1b[m\x1b[K\n'}
[2.738540] (gimbal_controller) StderrLine: {'line': b'      |                                                                                                                                                                   \x1b[32m\x1b[Kdouble\x1b[m\x1b[K\n'}
[2.738625] (gimbal_controller) StderrLine: {'line': b'\x1b[01m\x1b[K/home/yuan/rm/code/Ros/my_ros2_control/src/gimbal_controller/src/gimbal_controller.cpp:200:70:\x1b[m\x1b[K \x1b[01;36m\x1b[Knote: \x1b[m\x1b[Kformat string is defined here\n'}
[2.738709] (gimbal_controller) StderrLine: {'line': b'  200 |           get_node()->get_logger(), "%s get velocity feedback is : \x1b[01;36m\x1b[K%ld\x1b[m\x1b[K \\n", params_.joints[i].c_str(), gimbal_state_cmd_data_[i].feedback_velocity.get().get_value());\n'}
[2.738793] (gimbal_controller) StderrLine: {'line': b'      |                                                                    \x1b[01;36m\x1b[K~~^\x1b[m\x1b[K\n'}
[2.738880] (gimbal_controller) StderrLine: {'line': b'      |                                                                      \x1b[01;36m\x1b[K|\x1b[m\x1b[K\n'}
[2.738967] (gimbal_controller) StderrLine: {'line': b'      |                                                                      \x1b[01;36m\x1b[Klong int\x1b[m\x1b[K\n'}
[2.739052] (gimbal_controller) StderrLine: {'line': b'      |                                                                    \x1b[32m\x1b[K%f\x1b[m\x1b[K\n'}
[2.739149] (gimbal_controller) StderrLine: {'line': b'In file included from \x1b[01m\x1b[K/opt/ros/humble/include/rclcpp/rclcpp/logging.hpp:24\x1b[m\x1b[K,\n'}
[2.739233] (gimbal_controller) StderrLine: {'line': b'                 from \x1b[01m\x1b[K/opt/ros/humble/include/rclcpp/rclcpp/client.hpp:40\x1b[m\x1b[K,\n'}
[2.739317] (gimbal_controller) StderrLine: {'line': b'                 from \x1b[01m\x1b[K/opt/ros/humble/include/rclcpp/rclcpp/callback_group.hpp:24\x1b[m\x1b[K,\n'}
[2.739402] (gimbal_controller) StderrLine: {'line': b'                 from \x1b[01m\x1b[K/opt/ros/humble/include/rclcpp/rclcpp/any_executable.hpp:20\x1b[m\x1b[K,\n'}
[2.739483] (gimbal_controller) StderrLine: {'line': b'                 from \x1b[01m\x1b[K/opt/ros/humble/include/rclcpp/rclcpp/memory_strategy.hpp:25\x1b[m\x1b[K,\n'}
[2.739571] (gimbal_controller) StderrLine: {'line': b'                 from \x1b[01m\x1b[K/opt/ros/humble/include/rclcpp/rclcpp/memory_strategies.hpp:18\x1b[m\x1b[K,\n'}
[2.739654] (gimbal_controller) StderrLine: {'line': b'                 from \x1b[01m\x1b[K/opt/ros/humble/include/rclcpp/rclcpp/executor_options.hpp:20\x1b[m\x1b[K,\n'}
[2.739757] (gimbal_controller) StderrLine: {'line': b'                 from \x1b[01m\x1b[K/opt/ros/humble/include/rclcpp/rclcpp/executor.hpp:37\x1b[m\x1b[K,\n'}
[2.739854] (gimbal_controller) StderrLine: {'line': b'                 from \x1b[01m\x1b[K/opt/ros/humble/include/rclcpp/rclcpp/executors/multi_threaded_executor.hpp:25\x1b[m\x1b[K,\n'}
[2.739937] (gimbal_controller) StderrLine: {'line': b'                 from \x1b[01m\x1b[K/opt/ros/humble/include/rclcpp/rclcpp/executors.hpp:21\x1b[m\x1b[K,\n'}
[2.740018] (gimbal_controller) StderrLine: {'line': b'                 from \x1b[01m\x1b[K/opt/ros/humble/include/rclcpp/rclcpp/rclcpp.hpp:155\x1b[m\x1b[K,\n'}
[2.740102] (gimbal_controller) StderrLine: {'line': b'                 from \x1b[01m\x1b[K/opt/ros/humble/include/controller_interface/controller_interface_base.hpp:28\x1b[m\x1b[K,\n'}
[2.740184] (gimbal_controller) StderrLine: {'line': b'                 from \x1b[01m\x1b[K/opt/ros/humble/include/controller_interface/controller_interface.hpp:22\x1b[m\x1b[K,\n'}
[2.740267] (gimbal_controller) StderrLine: {'line': b'                 from \x1b[01m\x1b[K/home/yuan/rm/code/Ros/my_ros2_control/src/gimbal_controller/include/gimbal_controller/gimbal_controller.hpp:23\x1b[m\x1b[K,\n'}
[2.740349] (gimbal_controller) StderrLine: {'line': b'                 from \x1b[01m\x1b[K/home/yuan/rm/code/Ros/my_ros2_control/src/gimbal_controller/src/gimbal_controller.cpp:15\x1b[m\x1b[K:\n'}
[2.740432] (gimbal_controller) StderrLine: {'line': b'\x1b[01m\x1b[K/home/yuan/rm/code/Ros/my_ros2_control/src/gimbal_controller/src/gimbal_controller.cpp:203:37:\x1b[m\x1b[K \x1b[01;35m\x1b[Kwarning: \x1b[m\x1b[Kformat \xe2\x80\x98\x1b[01m\x1b[K%ld\x1b[m\x1b[K\xe2\x80\x99 expects argument of type \xe2\x80\x98\x1b[01m\x1b[Klong int\x1b[m\x1b[K\xe2\x80\x99, but argument 6 has type \xe2\x80\x98\x1b[01m\x1b[Kdouble\x1b[m\x1b[K\xe2\x80\x99 [\x1b[01;35m\x1b[K\x1b]8;;https://gcc.gnu.org/onlinedocs/gcc/Warning-Options.html#index-Wformat=\x07-Wformat=\x1b]8;;\x07\x1b[m\x1b[K]\n'}
[2.740526] (gimbal_controller) StderrLine: {'line': b'  203 |           get_node()->get_logger(), \x1b[01;35m\x1b[K"%s get position feedback is : %ld \\n"\x1b[m\x1b[K, params_.joints[i].c_str(), \x1b[32m\x1b[Kgimbal_state_cmd_data_[i].feedback_position.get().get_value()\x1b[m\x1b[K);\n'}
[2.740611] (gimbal_controller) StderrLine: {'line': b'      |                                     \x1b[01;35m\x1b[K^~~~~~~~~~~~~~~~~~~~~~~~~~~~~~~~~~~~~~\x1b[m\x1b[K                             \x1b[32m\x1b[K~~~~~~~~~~~~~~~~~~~~~~~~~~~~~~~~~~~~~~~~~~~~~~~~~~~~~~~~~~~~~\x1b[m\x1b[K\n'}
[2.740695] (gimbal_controller) StderrLine: {'line': b'      |                                                                                                                                                                   \x1b[32m\x1b[K|\x1b[m\x1b[K\n'}
[2.740777] (gimbal_controller) StderrLine: {'line': b'      |                                                                                                                                                                   \x1b[32m\x1b[Kdouble\x1b[m\x1b[K\n'}
[2.740868] (gimbal_controller) StderrLine: {'line': b'\x1b[01m\x1b[K/home/yuan/rm/code/Ros/my_ros2_control/src/gimbal_controller/src/gimbal_controller.cpp:203:70:\x1b[m\x1b[K \x1b[01;36m\x1b[Knote: \x1b[m\x1b[Kformat string is defined here\n'}
[2.740958] (gimbal_controller) StderrLine: {'line': b'  203 |           get_node()->get_logger(), "%s get position feedback is : \x1b[01;36m\x1b[K%ld\x1b[m\x1b[K \\n", params_.joints[i].c_str(), gimbal_state_cmd_data_[i].feedback_position.get().get_value());\n'}
[2.741042] (gimbal_controller) StderrLine: {'line': b'      |                                                                    \x1b[01;36m\x1b[K~~^\x1b[m\x1b[K\n'}
[2.741125] (gimbal_controller) StderrLine: {'line': b'      |                                                                      \x1b[01;36m\x1b[K|\x1b[m\x1b[K\n'}
[2.741209] (gimbal_controller) StderrLine: {'line': b'      |                                                                      \x1b[01;36m\x1b[Klong int\x1b[m\x1b[K\n'}
[2.741298] (gimbal_controller) StderrLine: {'line': b'      |                                                                    \x1b[32m\x1b[K%f\x1b[m\x1b[K\n'}
[2.741381] (gimbal_controller) StderrLine: {'line': b'\x1b[01m\x1b[K/home/yuan/rm/code/Ros/my_ros2_control/src/gimbal_controller/src/gimbal_controller.cpp:188:27:\x1b[m\x1b[K \x1b[01;35m\x1b[Kwarning: \x1b[m\x1b[Kunused parameter \xe2\x80\x98\x1b[01m\x1b[Ktime\x1b[m\x1b[K\xe2\x80\x99 [\x1b[01;35m\x1b[K\x1b]8;;https://gcc.gnu.org/onlinedocs/gcc/Warning-Options.html#index-Wunused-parameter\x07-Wunused-parameter\x1b]8;;\x07\x1b[m\x1b[K]\n'}
[2.741467] (gimbal_controller) StderrLine: {'line': b'  188 |       \x1b[01;35m\x1b[Kconst rclcpp::Time &time\x1b[m\x1b[K, const rclcpp::Duration &period /*period*/)\n'}
[2.741549] (gimbal_controller) StderrLine: {'line': b'      |       \x1b[01;35m\x1b[K~~~~~~~~~~~~~~~~~~~~^~~~\x1b[m\x1b[K\n'}
[2.741631] (gimbal_controller) StderrLine: {'line': b'\x1b[01m\x1b[K/home/yuan/rm/code/Ros/my_ros2_control/src/gimbal_controller/src/gimbal_controller.cpp:\x1b[m\x1b[K In member function \xe2\x80\x98\x1b[01m\x1b[Kvirtual controller_interface::CallbackReturn gimbal_controller::GimbalController::on_cleanup(const rclcpp_lifecycle::State&)\x1b[m\x1b[K\xe2\x80\x99:\n'}
[2.741746] (gimbal_controller) StderrLine: {'line': b'\x1b[01m\x1b[K/home/yuan/rm/code/Ros/my_ros2_control/src/gimbal_controller/src/gimbal_controller.cpp:219:38:\x1b[m\x1b[K \x1b[01;35m\x1b[Kwarning: \x1b[m\x1b[Kunused parameter \xe2\x80\x98\x1b[01m\x1b[Kprevious_state\x1b[m\x1b[K\xe2\x80\x99 [\x1b[01;35m\x1b[K\x1b]8;;https://gcc.gnu.org/onlinedocs/gcc/Warning-Options.html#index-Wunused-parameter\x07-Wunused-parameter\x1b]8;;\x07\x1b[m\x1b[K]\n'}
[2.741847] (gimbal_controller) StderrLine: {'line': b'  219 |       \x1b[01;35m\x1b[Kconst rclcpp_lifecycle::State &previous_state\x1b[m\x1b[K)\n'}
[2.741929] (gimbal_controller) StderrLine: {'line': b'      |       \x1b[01;35m\x1b[K~~~~~~~~~~~~~~~~~~~~~~~~~~~~~~~^~~~~~~~~~~~~~\x1b[m\x1b[K\n'}
[2.742012] (gimbal_controller) StderrLine: {'line': b'\x1b[01m\x1b[K/home/yuan/rm/code/Ros/my_ros2_control/src/gimbal_controller/src/gimbal_controller.cpp:\x1b[m\x1b[K In member function \xe2\x80\x98\x1b[01m\x1b[Kvirtual controller_interface::CallbackReturn gimbal_controller::GimbalController::on_error(const rclcpp_lifecycle::State&)\x1b[m\x1b[K\xe2\x80\x99:\n'}
[2.742095] (gimbal_controller) StderrLine: {'line': b'\x1b[01m\x1b[K/home/yuan/rm/code/Ros/my_ros2_control/src/gimbal_controller/src/gimbal_controller.cpp:229:38:\x1b[m\x1b[K \x1b[01;35m\x1b[Kwarning: \x1b[m\x1b[Kunused parameter \xe2\x80\x98\x1b[01m\x1b[Kprevious_state\x1b[m\x1b[K\xe2\x80\x99 [\x1b[01;35m\x1b[K\x1b]8;;https://gcc.gnu.org/onlinedocs/gcc/Warning-Options.html#index-Wunused-parameter\x07-Wunused-parameter\x1b]8;;\x07\x1b[m\x1b[K]\n'}
[2.742191] (gimbal_controller) StderrLine: {'line': b'  229 |       \x1b[01;35m\x1b[Kconst rclcpp_lifecycle::State &previous_state\x1b[m\x1b[K)\n'}
[2.742304] (gimbal_controller) StderrLine: {'line': b'      |       \x1b[01;35m\x1b[K~~~~~~~~~~~~~~~~~~~~~~~~~~~~~~~^~~~~~~~~~~~~~\x1b[m\x1b[K\n'}
[2.742393] (gimbal_controller) StderrLine: {'line': b'\x1b[01m\x1b[K/home/yuan/rm/code/Ros/my_ros2_control/src/gimbal_controller/src/gimbal_controller.cpp:\x1b[m\x1b[K In member function \xe2\x80\x98\x1b[01m\x1b[Kvirtual controller_interface::CallbackReturn gimbal_controller::GimbalController::on_shutdown(const rclcpp_lifecycle::State&)\x1b[m\x1b[K\xe2\x80\x99:\n'}
[2.742493] (gimbal_controller) StderrLine: {'line': b'\x1b[01m\x1b[K/home/yuan/rm/code/Ros/my_ros2_control/src/gimbal_controller/src/gimbal_controller.cpp:240:38:\x1b[m\x1b[K \x1b[01;35m\x1b[Kwarning: \x1b[m\x1b[Kunused parameter \xe2\x80\x98\x1b[01m\x1b[Kprevious_state\x1b[m\x1b[K\xe2\x80\x99 [\x1b[01;35m\x1b[K\x1b]8;;https://gcc.gnu.org/onlinedocs/gcc/Warning-Options.html#index-Wunused-parameter\x07-Wunused-parameter\x1b]8;;\x07\x1b[m\x1b[K]\n'}
[2.742584] (gimbal_controller) StderrLine: {'line': b'  240 |       \x1b[01;35m\x1b[Kconst rclcpp_lifecycle::State &previous_state\x1b[m\x1b[K)\n'}
[2.742677] (gimbal_controller) StderrLine: {'line': b'      |       \x1b[01;35m\x1b[K~~~~~~~~~~~~~~~~~~~~~~~~~~~~~~~^~~~~~~~~~~~~~\x1b[m\x1b[K\n'}
[2.807467] (-) TimerEvent: {}
[2.907784] (-) TimerEvent: {}
[3.008096] (-) TimerEvent: {}
[3.108397] (-) TimerEvent: {}
[3.208696] (-) TimerEvent: {}
[3.309007] (-) TimerEvent: {}
[3.409331] (-) TimerEvent: {}
[3.509675] (-) TimerEvent: {}
[3.610006] (-) TimerEvent: {}
[3.710318] (-) TimerEvent: {}
[3.810632] (-) TimerEvent: {}
[3.910952] (-) TimerEvent: {}
[4.011265] (-) TimerEvent: {}
[4.111571] (-) TimerEvent: {}
[4.211907] (-) TimerEvent: {}
[4.312217] (-) TimerEvent: {}
[4.412567] (-) TimerEvent: {}
[4.512906] (-) TimerEvent: {}
[4.613217] (-) TimerEvent: {}
[4.713520] (-) TimerEvent: {}
[4.813827] (-) TimerEvent: {}
[4.914136] (-) TimerEvent: {}
[5.014449] (-) TimerEvent: {}
[5.114755] (-) TimerEvent: {}
[5.215064] (-) TimerEvent: {}
[5.315378] (-) TimerEvent: {}
[5.415728] (-) TimerEvent: {}
[5.516092] (-) TimerEvent: {}
[5.616401] (-) TimerEvent: {}
[5.716731] (-) TimerEvent: {}
[5.817038] (-) TimerEvent: {}
[5.917341] (-) TimerEvent: {}
[6.017645] (-) TimerEvent: {}
[6.117955] (-) TimerEvent: {}
[6.218297] (-) TimerEvent: {}
[6.318882] (-) TimerEvent: {}
[6.419219] (-) TimerEvent: {}
[6.519564] (-) TimerEvent: {}
[6.619872] (-) TimerEvent: {}
[6.720179] (-) TimerEvent: {}
[6.820467] (-) TimerEvent: {}
[6.920769] (-) TimerEvent: {}
[7.021074] (-) TimerEvent: {}
[7.121378] (-) TimerEvent: {}
[7.221686] (-) TimerEvent: {}
[7.321988] (-) TimerEvent: {}
[7.422307] (-) TimerEvent: {}
[7.522612] (-) TimerEvent: {}
[7.622913] (-) TimerEvent: {}
[7.723216] (-) TimerEvent: {}
[7.823523] (-) TimerEvent: {}
[7.923851] (-) TimerEvent: {}
[8.024149] (-) TimerEvent: {}
[8.124461] (-) TimerEvent: {}
[8.224779] (-) TimerEvent: {}
[8.325097] (-) TimerEvent: {}
[8.425418] (-) TimerEvent: {}
[8.525734] (-) TimerEvent: {}
[8.626063] (-) TimerEvent: {}
[8.726400] (-) TimerEvent: {}
[8.746174] (gimbal_controller) StdoutLine: {'line': b'[100%] \x1b[32m\x1b[1mLinking CXX shared library libgimbal_controller.so\x1b[0m\n'}
[8.826768] (-) TimerEvent: {}
[8.927092] (-) TimerEvent: {}
[9.027410] (-) TimerEvent: {}
[9.127712] (-) TimerEvent: {}
[9.178094] (gimbal_controller) StdoutLine: {'line': b'[100%] Built target gimbal_controller\n'}
[9.190840] (gimbal_controller) CommandEnded: {'returncode': 0}
[9.217680] (gimbal_controller) JobProgress: {'identifier': 'gimbal_controller', 'progress': 'install'}
[9.217974] (gimbal_controller) Command: {'cmd': ['/usr/bin/cmake', '--install', '/home/yuan/rm/code/Ros/my_ros2_control/build/gimbal_controller'], 'cwd': '/home/yuan/rm/code/Ros/my_ros2_control/build/gimbal_controller', 'env': OrderedDict([('RAW_TERMINAL_COLOR_LIGHT_CYAN', '\x1b[1;36m'), ('LESSOPEN', '| /usr/bin/lesspipe %s'), ('LANGUAGE', 'zh_CN:zh'), ('USER', 'yuan'), ('XDG_SEAT', 'seat0'), ('TERMINAL_COLOR_USER_INPUT_DECISION', '\\e[0;35m'), ('SSH_AGENT_PID', '1225'), ('XDG_SESSION_TYPE', 'x11'), ('GIT_ASKPASS', '/usr/share/code/resources/app/extensions/git/dist/askpass.sh'), ('STM32CubeMX_PATH', '/home/yuan/app/stm32cubemx/software'), ('TERMINAL_COLOR_GREEN', '\\e[0;32m'), ('RAW_TERMINAL_COLOR_WHITE', '\x1b[1;37m'), ('RAW_TERMINAL_COLOR_GRAY', '\x1b[1;30m'), ('SHLVL', '1'), ('LD_LIBRARY_PATH', '/home/yuan/rm/code/Ros/my_ros2_control/install/motor_interface/lib:/home/yuan/rm/code/Ros/my_ros2_control/install/gimbal_controller/lib:/opt/ros/humble/opt/rviz_ogre_vendor/lib:/opt/ros/humble/lib/x86_64-linux-gnu:/opt/ros/humble/lib'), ('HOME', '/home/yuan'), ('CHROME_DESKTOP', 'code-url-handler.desktop'), ('ROS_WS_CACHE_SOURCED_TIME', '0'), ('OLDPWD', '/home/yuan/rm/code/Ros/my_ros2_control'), ('TERM_PROGRAM_VERSION', '1.83.1'), ('DESKTOP_SESSION', 'xfce'), ('TERMINAL_COLOR_LIGHT_GREEN', '\\e[1;32m'), ('RAW_TERMINAL_COLOR_BLACK', '\x1b[0;30m'), ('RAW_TERMINAL_COLOR_LIGHT_GRAY', '\x1b[0;37m'), ('GIO_LAUNCHED_DESKTOP_FILE', '/usr/share/applications/code.desktop'), ('ROS_PYTHON_VERSION', '3'), ('XDG_SEAT_PATH', '/org/freedesktop/DisplayManager/Seat0'), ('TERMINAL_COLOR_BLUE', '\\e[0;34m'), ('VSCODE_GIT_ASKPASS_MAIN', '/usr/share/code/resources/app/extensions/git/dist/askpass-main.js'), ('TERMINAL_COLOR_RED', '\\e[0;31m'), ('VSCODE_GIT_ASKPASS_NODE', '/usr/share/code/code'), ('DBUS_SESSION_BUS_ADDRESS', 'unix:path=/run/user/1000/bus'), ('COLORTERM', 'truecolor'), ('TERMINAL_COLOR_LIGHT_BLUE', '\\e[1;34m'), ('TERMINAL_COLOR_CYAN', '\\e[0;36m'), ('RAW_TERMINAL_COLOR_BROWN', '\x1b[0;33m'), ('GIO_LAUNCHED_DESKTOP_FILE_PID', '2914'), ('TERMINAL_COLOR_LIGHT_RED', '\\e[1;31m'), ('RAW_TERMINAL_COLOR_PURPLE', '\x1b[0;35m'), ('COLCON_PREFIX_PATH', '/home/yuan/rm/code/Ros/my_ros2_control/install'), ('ROS_DISTRO', 'humble'), ('TERMINAL_COLOR_NC', '\\e[0m'), ('GTK_IM_MODULE', 'fcitx'), ('TERMINAL_COLOR_LIGHT_CYAN', '\\e[1;36m'), ('LOGNAME', 'yuan'), ('_', '/usr/bin/colcon'), ('ROS_VERSION', '2'), ('XDG_SESSION_CLASS', 'user'), ('RAW_TERMINAL_COLOR_LIGHT_PURPLE', '\x1b[1;35m'), ('RAW_TERMINAL_COLOR_YELLOW', '\x1b[1;33m'), ('TERMINAL_COLOR_USER_CONFIRMATION', '\\e[0;34m'), ('TERM', 'xterm-256color'), ('XDG_SESSION_ID', 'c1'), ('ROS_LOCALHOST_ONLY', '0'), ('TERMINAL_COLOR_WHITE', '\\e[1;37m'), ('TERMINAL_COLOR_GRAY', '\\e[1;30m'), ('PATH', '/home/yuan/rm/arm-gnu-toolchain-12.3.rel1-x86_64-arm-none-eabi/bin:/opt/ros/humble/bin:/usr/local/sbin:/usr/local/bin:/usr/sbin:/usr/bin:/sbin:/bin:/usr/games:/usr/local/games:/snap/bin:/home/yuan/.dotnet/tools:/home/yuan/.fzf/bin'), ('SESSION_MANAGER', 'local/yuan:@/tmp/.ICE-unix/1053,unix/yuan:/tmp/.ICE-unix/1053'), ('GDM_LANG', 'zh_CN'), ('XDG_SESSION_PATH', '/org/freedesktop/DisplayManager/Session0'), ('XDG_MENU_PREFIX', 'xfce-'), ('XDG_RUNTIME_DIR', '/run/user/1000'), ('GDK_BACKEND', 'x11'), ('RTW_COLOR_NOTIFY_USER', '\\e[1;33m'), ('TERMINAL_COLOR_LIGHT_GRAY', '\\e[0;37m'), ('TERMINAL_COLOR_BLACK', '\\e[0;30m'), ('DISPLAY', ':0.0'), ('LANG', 'zh_CN.UTF-8'), ('XDG_CURRENT_DESKTOP', 'XFCE'), ('DOTNET_BUNDLE_EXTRACT_BASE_DIR', '/home/yuan/.cache/dotnet_bundle_extract'), ('XMODIFIERS', '@im=fcitx'), ('XDG_SESSION_DESKTOP', 'xfce'), ('XAUTHORITY', '/home/yuan/.Xauthority'), ('LS_COLORS', ''), ('VSCODE_GIT_IPC_HANDLE', '/run/user/1000/vscode-git-be293a297e.sock'), ('TERM_PROGRAM', 'vscode'), ('SSH_AUTH_SOCK', '/tmp/ssh-XXXXXXEQuJH2/agent.1224'), ('GSETTINGS_SCHEMA_DIR', '/home/yuan/data'), ('XDG_GREETER_DATA_DIR', '/var/lib/lightdm-data/yuan'), ('AMENT_PREFIX_PATH', '/home/yuan/rm/code/Ros/my_ros2_control/install/motor_interface:/home/yuan/rm/code/Ros/my_ros2_control/install/gimbal_controller:/opt/ros/humble'), ('ORIGINAL_XDG_CURRENT_DESKTOP', 'XFCE'), ('SHELL', '/bin/bash'), ('TERMINAL_COLOR_BROWN', '\\e[0;33m'), ('QT_ACCESSIBILITY', '1'), ('RAW_TERMINAL_COLOR_GREEN', '\x1b[0;32m'), ('GDMSESSION', 'xfce'), ('LESSCLOSE', '/usr/bin/lesspipe %s %s'), ('TERMINAL_COLOR_PURPLE', '\\e[0;35m'), ('RAW_TERMINAL_COLOR_LIGHT_GREEN', '\x1b[1;32m'), ('TERMINAL_COLOR_USER_NOTICE', '\\e[1;33m'), ('VSCODE_GIT_ASKPASS_EXTRA_ARGS', '--ms-enable-electron-run-as-node'), ('QT_IM_MODULE', 'fcitx'), ('XDG_VTNR', '7'), ('TERMINAL_COLOR_LIGHT_PURPLE', '\\e[1;35m'), ('TERMINAL_COLOR_YELLOW', '\\e[1;33m'), ('PWD', '/home/yuan/rm/code/Ros/my_ros2_control/build/gimbal_controller'), ('RAW_TERMINAL_COLOR_BLUE', '\x1b[0;34m'), ('XDG_CONFIG_DIRS', '/etc/xdg/xdg-xfce:/etc/xdg:/etc/xdg'), ('RAW_TERMINAL_COLOR_RED', '\x1b[0;31m'), ('CLUTTER_IM_MODULE', 'xim'), ('XDG_DATA_DIRS', '/usr/share/xfce4:/usr/local/share:/usr/share:/var/lib/snapd/desktop:/usr/share'), ('PYTHONPATH', '/opt/ros/humble/lib/python3.10/site-packages:/opt/ros/humble/local/lib/python3.10/dist-packages'), ('RAW_TERMINAL_COLOR_CYAN', '\x1b[0;36m'), ('RAW_TERMINAL_COLOR_LIGHT_BLUE', '\x1b[1;34m'), ('RTW_COLOR_ERROR', '\\e[0;31m'), ('COLCON', '1'), ('RAW_TERMINAL_COLOR_LIGHT_RED', '\x1b[1;31m'), ('CMAKE_PREFIX_PATH', '/home/yuan/rm/code/Ros/my_ros2_control/install/motor_interface:/home/yuan/rm/code/Ros/my_ros2_control/install/gimbal_controller:/opt/ros/humble'), ('RAW_TERMINAL_COLOR_NC', '\x1b[0m')]), 'shell': False}
[9.225745] (gimbal_controller) StdoutLine: {'line': b'-- Install configuration: "Debug"\n'}
[9.226255] (gimbal_controller) StdoutLine: {'line': b'-- Execute custom install script\n'}
[9.226704] (gimbal_controller) StdoutLine: {'line': b'-- Up-to-date symlink: /home/yuan/rm/code/Ros/my_ros2_control/install/gimbal_controller/include/gimbal_controller_parameters/gimbal_controller_parameters.hpp\n'}
[9.226842] (gimbal_controller) StdoutLine: {'line': b'-- Up-to-date symlink: /home/yuan/rm/code/Ros/my_ros2_control/install/gimbal_controller/include/gimbal_controller_parameters/validate_gimbal_controller_parameters.hpp\n'}
[9.227041] (gimbal_controller) StdoutLine: {'line': b'-- Up-to-date symlink: /home/yuan/rm/code/Ros/my_ros2_control/install/gimbal_controller/share/gimbal_controller//gimbal_controller.xml\n'}
[9.227404] (gimbal_controller) StdoutLine: {'line': b'-- Up-to-date symlink: /home/yuan/rm/code/Ros/my_ros2_control/install/gimbal_controller/include/gimbal_controller/gimbal_controller/gimbal_controller.hpp\n'}
[9.227553] (gimbal_controller) StdoutLine: {'line': b'-- Up-to-date symlink: /home/yuan/rm/code/Ros/my_ros2_control/install/gimbal_controller/include/gimbal_controller/gimbal_controller/validate_gimbal_controller_parameters.hpp\n'}
[9.227701] (gimbal_controller) StdoutLine: {'line': b'-- Up-to-date symlink: /home/yuan/rm/code/Ros/my_ros2_control/install/gimbal_controller/include/gimbal_controller/gimbal_controller/visibility_control.h\n'}
[9.227785] (-) TimerEvent: {}
[9.227890] (gimbal_controller) StdoutLine: {'line': b'-- Up-to-date symlink: /home/yuan/rm/code/Ros/my_ros2_control/install/gimbal_controller/share/gimbal_controller/environment/library_path.sh\n'}
[9.228091] (gimbal_controller) StdoutLine: {'line': b'-- Up-to-date symlink: /home/yuan/rm/code/Ros/my_ros2_control/install/gimbal_controller/share/gimbal_controller/environment/library_path.dsv\n'}
[9.228296] (gimbal_controller) StdoutLine: {'line': b'-- Up-to-date symlink: /home/yuan/rm/code/Ros/my_ros2_control/install/gimbal_controller/share/ament_index/resource_index/package_run_dependencies/gimbal_controller\n'}
[9.228505] (gimbal_controller) StdoutLine: {'line': b'-- Up-to-date symlink: /home/yuan/rm/code/Ros/my_ros2_control/install/gimbal_controller/share/ament_index/resource_index/parent_prefix_path/gimbal_controller\n'}
[9.228680] (gimbal_controller) StdoutLine: {'line': b'-- Up-to-date symlink: /home/yuan/rm/code/Ros/my_ros2_control/install/gimbal_controller/share/gimbal_controller/environment/ament_prefix_path.sh\n'}
[9.228860] (gimbal_controller) StdoutLine: {'line': b'-- Up-to-date symlink: /home/yuan/rm/code/Ros/my_ros2_control/install/gimbal_controller/share/gimbal_controller/environment/ament_prefix_path.dsv\n'}
[9.229038] (gimbal_controller) StdoutLine: {'line': b'-- Up-to-date symlink: /home/yuan/rm/code/Ros/my_ros2_control/install/gimbal_controller/share/gimbal_controller/environment/path.sh\n'}
[9.229218] (gimbal_controller) StdoutLine: {'line': b'-- Up-to-date symlink: /home/yuan/rm/code/Ros/my_ros2_control/install/gimbal_controller/share/gimbal_controller/environment/path.dsv\n'}
[9.229396] (gimbal_controller) StdoutLine: {'line': b'-- Up-to-date symlink: /home/yuan/rm/code/Ros/my_ros2_control/install/gimbal_controller/share/gimbal_controller/local_setup.bash\n'}
[9.229574] (gimbal_controller) StdoutLine: {'line': b'-- Up-to-date symlink: /home/yuan/rm/code/Ros/my_ros2_control/install/gimbal_controller/share/gimbal_controller/local_setup.sh\n'}
[9.229751] (gimbal_controller) StdoutLine: {'line': b'-- Up-to-date symlink: /home/yuan/rm/code/Ros/my_ros2_control/install/gimbal_controller/share/gimbal_controller/local_setup.zsh\n'}
[9.229927] (gimbal_controller) StdoutLine: {'line': b'-- Up-to-date symlink: /home/yuan/rm/code/Ros/my_ros2_control/install/gimbal_controller/share/gimbal_controller/local_setup.dsv\n'}
[9.230043] (gimbal_controller) StdoutLine: {'line': b'-- Symlinking: /home/yuan/rm/code/Ros/my_ros2_control/install/gimbal_controller/share/gimbal_controller/package.dsv\n'}
[9.239395] (gimbal_controller) StdoutLine: {'line': b'-- Up-to-date symlink: /home/yuan/rm/code/Ros/my_ros2_control/install/gimbal_controller/share/ament_index/resource_index/packages/gimbal_controller\n'}
[9.239632] (gimbal_controller) StdoutLine: {'line': b'-- Up-to-date symlink: /home/yuan/rm/code/Ros/my_ros2_control/install/gimbal_controller/share/ament_index/resource_index/controller_interface__pluginlib__plugin/gimbal_controller\n'}
[9.239755] (gimbal_controller) StdoutLine: {'line': b'-- Up-to-date symlink: /home/yuan/rm/code/Ros/my_ros2_control/install/gimbal_controller/share/gimbal_controller/cmake/ament_cmake_export_targets-extras.cmake\n'}
[9.239902] (gimbal_controller) StdoutLine: {'line': b'-- Up-to-date symlink: /home/yuan/rm/code/Ros/my_ros2_control/install/gimbal_controller/share/gimbal_controller/cmake/ament_cmake_export_include_directories-extras.cmake\n'}
[9.240093] (gimbal_controller) StdoutLine: {'line': b'-- Up-to-date symlink: /home/yuan/rm/code/Ros/my_ros2_control/install/gimbal_controller/share/gimbal_controller/cmake/ament_cmake_export_dependencies-extras.cmake\n'}
[9.240269] (gimbal_controller) StdoutLine: {'line': b'-- Up-to-date symlink: /home/yuan/rm/code/Ros/my_ros2_control/install/gimbal_controller/share/gimbal_controller/cmake/ament_cmake_export_libraries-extras.cmake\n'}
[9.240456] (gimbal_controller) StdoutLine: {'line': b'-- Up-to-date symlink: /home/yuan/rm/code/Ros/my_ros2_control/install/gimbal_controller/share/gimbal_controller/cmake/gimbal_controllerConfig.cmake\n'}
[9.240604] (gimbal_controller) StdoutLine: {'line': b'-- Up-to-date symlink: /home/yuan/rm/code/Ros/my_ros2_control/install/gimbal_controller/share/gimbal_controller/cmake/gimbal_controllerConfig-version.cmake\n'}
[9.240786] (gimbal_controller) StdoutLine: {'line': b'-- Up-to-date symlink: /home/yuan/rm/code/Ros/my_ros2_control/install/gimbal_controller/share/gimbal_controller/package.xml\n'}
[9.241047] (gimbal_controller) StdoutLine: {'line': b'-- Up-to-date: /home/yuan/rm/code/Ros/my_ros2_control/install/gimbal_controller/share/gimbal_controller/cmake/export_gimbal_controllerExport.cmake\n'}
[9.241135] (gimbal_controller) StdoutLine: {'line': b'-- Up-to-date: /home/yuan/rm/code/Ros/my_ros2_control/install/gimbal_controller/share/gimbal_controller/cmake/export_gimbal_controllerExport-debug.cmake\n'}
[9.243586] (gimbal_controller) CommandEnded: {'returncode': 0}
[9.328111] (-) TimerEvent: {}
[9.380563] (gimbal_controller) JobEnded: {'identifier': 'gimbal_controller', 'rc': 0}
[9.381256] (-) EventReactorShutdown: {}
